[ 2016-05-14T00:03:20+08:00 ]NOTICE: Undefined index: cidE:\wamp\www\GYQ homework\5-10\blog\blog\Storage\view\compile\e83c71b54ebb5929045a43e66da8c3d5.php (33).
[ 2016-05-14T00:03:20+08:00 ]NOTICE: Undefined index: _nameE:\wamp\www\GYQ homework\5-10\blog\blog\Storage\view\compile\e83c71b54ebb5929045a43e66da8c3d5.php (33).
[ 2016-05-14T00:03:20+08:00 ]NOTICE: Undefined index: cidE:\wamp\www\GYQ homework\5-10\blog\blog\Storage\view\compile\e83c71b54ebb5929045a43e66da8c3d5.php (33).
[ 2016-05-14T00:03:20+08:00 ]NOTICE: Undefined index: _nameE:\wamp\www\GYQ homework\5-10\blog\blog\Storage\view\compile\e83c71b54ebb5929045a43e66da8c3d5.php (33).
[ 2016-05-14T00:03:20+08:00 ]NOTICE: Undefined index: cidE:\wamp\www\GYQ homework\5-10\blog\blog\Storage\view\compile\e83c71b54ebb5929045a43e66da8c3d5.php (33).
[ 2016-05-14T00:03:20+08:00 ]NOTICE: Undefined index: _nameE:\wamp\www\GYQ homework\5-10\blog\blog\Storage\view\compile\e83c71b54ebb5929045a43e66da8c3d5.php (33).
[ 2016-05-14T00:03:20+08:00 ]NOTICE: Undefined index: cidE:\wamp\www\GYQ homework\5-10\blog\blog\Storage\view\compile\e83c71b54ebb5929045a43e66da8c3d5.php (33).
[ 2016-05-14T00:03:20+08:00 ]NOTICE: Undefined index: _nameE:\wamp\www\GYQ homework\5-10\blog\blog\Storage\view\compile\e83c71b54ebb5929045a43e66da8c3d5.php (33).
[ 2016-05-14T00:03:20+08:00 ]NOTICE: Undefined index: cidE:\wamp\www\GYQ homework\5-10\blog\blog\Storage\view\compile\e83c71b54ebb5929045a43e66da8c3d5.php (33).
[ 2016-05-14T00:03:20+08:00 ]NOTICE: Undefined index: _nameE:\wamp\www\GYQ homework\5-10\blog\blog\Storage\view\compile\e83c71b54ebb5929045a43e66da8c3d5.php (33).
[ 2016-05-14T00:03:20+08:00 ]NOTICE: Undefined index: cidE:\wamp\www\GYQ homework\5-10\blog\blog\Storage\view\compile\e83c71b54ebb5929045a43e66da8c3d5.php (33).
[ 2016-05-14T00:03:20+08:00 ]NOTICE: Undefined index: _nameE:\wamp\www\GYQ homework\5-10\blog\blog\Storage\view\compile\e83c71b54ebb5929045a43e66da8c3d5.php (33).
[ 2016-05-14T00:03:20+08:00 ]NOTICE: Undefined index: cidE:\wamp\www\GYQ homework\5-10\blog\blog\Storage\view\compile\e83c71b54ebb5929045a43e66da8c3d5.php (33).
[ 2016-05-14T00:03:20+08:00 ]NOTICE: Undefined index: _nameE:\wamp\www\GYQ homework\5-10\blog\blog\Storage\view\compile\e83c71b54ebb5929045a43e66da8c3d5.php (33).
[ 2016-05-14T00:03:20+08:00 ]NOTICE: Undefined index: cidE:\wamp\www\GYQ homework\5-10\blog\blog\Storage\view\compile\e83c71b54ebb5929045a43e66da8c3d5.php (33).
[ 2016-05-14T00:03:20+08:00 ]NOTICE: Undefined index: _nameE:\wamp\www\GYQ homework\5-10\blog\blog\Storage\view\compile\e83c71b54ebb5929045a43e66da8c3d5.php (33).
[ 2016-05-14T00:03:20+08:00 ]NOTICE: Undefined index: cidE:\wamp\www\GYQ homework\5-10\blog\blog\Storage\view\compile\e83c71b54ebb5929045a43e66da8c3d5.php (33).
[ 2016-05-14T00:03:20+08:00 ]NOTICE: Undefined index: _nameE:\wamp\www\GYQ homework\5-10\blog\blog\Storage\view\compile\e83c71b54ebb5929045a43e66da8c3d5.php (33).
[ 2016-05-14T00:03:20+08:00 ]NOTICE: Undefined index: cidE:\wamp\www\GYQ homework\5-10\blog\blog\Storage\view\compile\e83c71b54ebb5929045a43e66da8c3d5.php (33).
[ 2016-05-14T00:03:20+08:00 ]NOTICE: Undefined index: _nameE:\wamp\www\GYQ homework\5-10\blog\blog\Storage\view\compile\e83c71b54ebb5929045a43e66da8c3d5.php (33).
[ 2016-05-14T00:03:20+08:00 ]NOTICE: Undefined index: cidE:\wamp\www\GYQ homework\5-10\blog\blog\Storage\view\compile\e83c71b54ebb5929045a43e66da8c3d5.php (33).
[ 2016-05-14T00:03:20+08:00 ]NOTICE: Undefined index: _nameE:\wamp\www\GYQ homework\5-10\blog\blog\Storage\view\compile\e83c71b54ebb5929045a43e66da8c3d5.php (33).
[ 2016-05-14T00:03:20+08:00 ]NOTICE: Undefined index: cidE:\wamp\www\GYQ homework\5-10\blog\blog\Storage\view\compile\e83c71b54ebb5929045a43e66da8c3d5.php (33).
[ 2016-05-14T00:03:20+08:00 ]NOTICE: Undefined index: _nameE:\wamp\www\GYQ homework\5-10\blog\blog\Storage\view\compile\e83c71b54ebb5929045a43e66da8c3d5.php (33).
[ 2016-05-14T00:03:20+08:00 ]NOTICE: Undefined index: cidE:\wamp\www\GYQ homework\5-10\blog\blog\Storage\view\compile\e83c71b54ebb5929045a43e66da8c3d5.php (33).
[ 2016-05-14T00:03:20+08:00 ]NOTICE: Undefined index: _nameE:\wamp\www\GYQ homework\5-10\blog\blog\Storage\view\compile\e83c71b54ebb5929045a43e66da8c3d5.php (33).
[ 2016-05-14T00:03:20+08:00 ]NOTICE: Undefined index: cidE:\wamp\www\GYQ homework\5-10\blog\blog\Storage\view\compile\e83c71b54ebb5929045a43e66da8c3d5.php (33).
[ 2016-05-14T00:03:20+08:00 ]NOTICE: Undefined index: _nameE:\wamp\www\GYQ homework\5-10\blog\blog\Storage\view\compile\e83c71b54ebb5929045a43e66da8c3d5.php (33).
[ 2016-05-14T00:03:20+08:00 ]NOTICE: Undefined index: cidE:\wamp\www\GYQ homework\5-10\blog\blog\Storage\view\compile\e83c71b54ebb5929045a43e66da8c3d5.php (33).
[ 2016-05-14T00:03:20+08:00 ]NOTICE: Undefined index: _nameE:\wamp\www\GYQ homework\5-10\blog\blog\Storage\view\compile\e83c71b54ebb5929045a43e66da8c3d5.php (33).
[ 2016-05-14T00:03:20+08:00 ]NOTICE: Undefined index: cidE:\wamp\www\GYQ homework\5-10\blog\blog\Storage\view\compile\e83c71b54ebb5929045a43e66da8c3d5.php (33).
[ 2016-05-14T00:03:20+08:00 ]NOTICE: Undefined index: _nameE:\wamp\www\GYQ homework\5-10\blog\blog\Storage\view\compile\e83c71b54ebb5929045a43e66da8c3d5.php (33).
[ 2016-05-14T00:03:20+08:00 ]NOTICE: Undefined index: cidE:\wamp\www\GYQ homework\5-10\blog\blog\Storage\view\compile\e83c71b54ebb5929045a43e66da8c3d5.php (33).
[ 2016-05-14T00:03:20+08:00 ]NOTICE: Undefined index: _nameE:\wamp\www\GYQ homework\5-10\blog\blog\Storage\view\compile\e83c71b54ebb5929045a43e66da8c3d5.php (33).
[ 2016-05-14T00:03:20+08:00 ]NOTICE: Undefined index: cidE:\wamp\www\GYQ homework\5-10\blog\blog\Storage\view\compile\e83c71b54ebb5929045a43e66da8c3d5.php (33).
[ 2016-05-14T00:03:20+08:00 ]NOTICE: Undefined index: _nameE:\wamp\www\GYQ homework\5-10\blog\blog\Storage\view\compile\e83c71b54ebb5929045a43e66da8c3d5.php (33).
[ 2016-05-14T00:03:20+08:00 ]NOTICE: Undefined index: cidE:\wamp\www\GYQ homework\5-10\blog\blog\Storage\view\compile\e83c71b54ebb5929045a43e66da8c3d5.php (33).
[ 2016-05-14T00:03:20+08:00 ]NOTICE: Undefined index: _nameE:\wamp\www\GYQ homework\5-10\blog\blog\Storage\view\compile\e83c71b54ebb5929045a43e66da8c3d5.php (33).
[ 2016-05-14T00:03:20+08:00 ]NOTICE: Undefined index: cidE:\wamp\www\GYQ homework\5-10\blog\blog\Storage\view\compile\e83c71b54ebb5929045a43e66da8c3d5.php (33).
[ 2016-05-14T00:03:20+08:00 ]NOTICE: Undefined index: _nameE:\wamp\www\GYQ homework\5-10\blog\blog\Storage\view\compile\e83c71b54ebb5929045a43e66da8c3d5.php (33).
[ 2016-05-14T00:03:20+08:00 ]NOTICE: Undefined index: cidE:\wamp\www\GYQ homework\5-10\blog\blog\Storage\view\compile\e83c71b54ebb5929045a43e66da8c3d5.php (33).
[ 2016-05-14T00:03:20+08:00 ]NOTICE: Undefined index: _nameE:\wamp\www\GYQ homework\5-10\blog\blog\Storage\view\compile\e83c71b54ebb5929045a43e66da8c3d5.php (33).
[ 2016-05-14T00:03:20+08:00 ]NOTICE: Undefined index: cidE:\wamp\www\GYQ homework\5-10\blog\blog\Storage\view\compile\e83c71b54ebb5929045a43e66da8c3d5.php (33).
[ 2016-05-14T00:03:20+08:00 ]NOTICE: Undefined index: _nameE:\wamp\www\GYQ homework\5-10\blog\blog\Storage\view\compile\e83c71b54ebb5929045a43e66da8c3d5.php (33).
[ 2016-05-14T00:03:20+08:00 ]NOTICE: Undefined index: cidE:\wamp\www\GYQ homework\5-10\blog\blog\Storage\view\compile\e83c71b54ebb5929045a43e66da8c3d5.php (33).
[ 2016-05-14T00:03:20+08:00 ]NOTICE: Undefined index: _nameE:\wamp\www\GYQ homework\5-10\blog\blog\Storage\view\compile\e83c71b54ebb5929045a43e66da8c3d5.php (33).
[ 2016-05-14T00:03:20+08:00 ]NOTICE: Undefined index: cidE:\wamp\www\GYQ homework\5-10\blog\blog\Storage\view\compile\e83c71b54ebb5929045a43e66da8c3d5.php (33).
[ 2016-05-14T00:03:20+08:00 ]NOTICE: Undefined index: _nameE:\wamp\www\GYQ homework\5-10\blog\blog\Storage\view\compile\e83c71b54ebb5929045a43e66da8c3d5.php (33).
[ 2016-05-14T00:03:20+08:00 ]NOTICE: Undefined index: cidE:\wamp\www\GYQ homework\5-10\blog\blog\Storage\view\compile\e83c71b54ebb5929045a43e66da8c3d5.php (33).
[ 2016-05-14T00:03:20+08:00 ]NOTICE: Undefined index: _nameE:\wamp\www\GYQ homework\5-10\blog\blog\Storage\view\compile\e83c71b54ebb5929045a43e66da8c3d5.php (33).
[ 2016-05-14T00:03:20+08:00 ]NOTICE: Undefined index: cidE:\wamp\www\GYQ homework\5-10\blog\blog\Storage\view\compile\e83c71b54ebb5929045a43e66da8c3d5.php (33).
[ 2016-05-14T00:03:20+08:00 ]NOTICE: Undefined index: _nameE:\wamp\www\GYQ homework\5-10\blog\blog\Storage\view\compile\e83c71b54ebb5929045a43e66da8c3d5.php (33).
[ 2016-05-14T00:03:20+08:00 ]NOTICE: Undefined index: cidE:\wamp\www\GYQ homework\5-10\blog\blog\Storage\view\compile\e83c71b54ebb5929045a43e66da8c3d5.php (33).
[ 2016-05-14T00:03:20+08:00 ]NOTICE: Undefined index: _nameE:\wamp\www\GYQ homework\5-10\blog\blog\Storage\view\compile\e83c71b54ebb5929045a43e66da8c3d5.php (33).
[ 2016-05-14T00:03:20+08:00 ]NOTICE: Undefined index: cidE:\wamp\www\GYQ homework\5-10\blog\blog\Storage\view\compile\e83c71b54ebb5929045a43e66da8c3d5.php (33).
[ 2016-05-14T00:03:20+08:00 ]NOTICE: Undefined index: _nameE:\wamp\www\GYQ homework\5-10\blog\blog\Storage\view\compile\e83c71b54ebb5929045a43e66da8c3d5.php (33).
[ 2016-05-14T00:03:20+08:00 ]NOTICE: Undefined index: cidE:\wamp\www\GYQ homework\5-10\blog\blog\Storage\view\compile\e83c71b54ebb5929045a43e66da8c3d5.php (33).
[ 2016-05-14T00:03:20+08:00 ]NOTICE: Undefined index: _nameE:\wamp\www\GYQ homework\5-10\blog\blog\Storage\view\compile\e83c71b54ebb5929045a43e66da8c3d5.php (33).
[ 2016-05-14T00:03:20+08:00 ]NOTICE: Undefined index: cidE:\wamp\www\GYQ homework\5-10\blog\blog\Storage\view\compile\e83c71b54ebb5929045a43e66da8c3d5.php (33).
[ 2016-05-14T00:03:20+08:00 ]NOTICE: Undefined index: _nameE:\wamp\www\GYQ homework\5-10\blog\blog\Storage\view\compile\e83c71b54ebb5929045a43e66da8c3d5.php (33).
[ 2016-05-14T00:03:20+08:00 ]NOTICE: Undefined index: cidE:\wamp\www\GYQ homework\5-10\blog\blog\Storage\view\compile\e83c71b54ebb5929045a43e66da8c3d5.php (33).
[ 2016-05-14T00:03:20+08:00 ]NOTICE: Undefined index: _nameE:\wamp\www\GYQ homework\5-10\blog\blog\Storage\view\compile\e83c71b54ebb5929045a43e66da8c3d5.php (33).
[ 2016-05-14T00:03:20+08:00 ]NOTICE: Undefined index: cidE:\wamp\www\GYQ homework\5-10\blog\blog\Storage\view\compile\e83c71b54ebb5929045a43e66da8c3d5.php (33).
[ 2016-05-14T00:03:20+08:00 ]NOTICE: Undefined index: _nameE:\wamp\www\GYQ homework\5-10\blog\blog\Storage\view\compile\e83c71b54ebb5929045a43e66da8c3d5.php (33).
[ 2016-05-14T00:03:20+08:00 ]NOTICE: Undefined index: cidE:\wamp\www\GYQ homework\5-10\blog\blog\Storage\view\compile\e83c71b54ebb5929045a43e66da8c3d5.php (33).
[ 2016-05-14T00:03:20+08:00 ]NOTICE: Undefined index: _nameE:\wamp\www\GYQ homework\5-10\blog\blog\Storage\view\compile\e83c71b54ebb5929045a43e66da8c3d5.php (33).
[ 2016-05-14T00:03:20+08:00 ]NOTICE: Undefined index: cidE:\wamp\www\GYQ homework\5-10\blog\blog\Storage\view\compile\e83c71b54ebb5929045a43e66da8c3d5.php (33).
[ 2016-05-14T00:03:20+08:00 ]NOTICE: Undefined index: _nameE:\wamp\www\GYQ homework\5-10\blog\blog\Storage\view\compile\e83c71b54ebb5929045a43e66da8c3d5.php (33).
[ 2016-05-14T00:03:20+08:00 ]NOTICE: Undefined index: cidE:\wamp\www\GYQ homework\5-10\blog\blog\Storage\view\compile\e83c71b54ebb5929045a43e66da8c3d5.php (33).
[ 2016-05-14T00:03:20+08:00 ]NOTICE: Undefined index: _nameE:\wamp\www\GYQ homework\5-10\blog\blog\Storage\view\compile\e83c71b54ebb5929045a43e66da8c3d5.php (33).
[ 2016-05-14T00:03:20+08:00 ]NOTICE: Undefined index: cidE:\wamp\www\GYQ homework\5-10\blog\blog\Storage\view\compile\e83c71b54ebb5929045a43e66da8c3d5.php (33).
[ 2016-05-14T00:03:20+08:00 ]NOTICE: Undefined index: _nameE:\wamp\www\GYQ homework\5-10\blog\blog\Storage\view\compile\e83c71b54ebb5929045a43e66da8c3d5.php (33).
[ 2016-05-14T00:03:20+08:00 ]NOTICE: Undefined index: cidE:\wamp\www\GYQ homework\5-10\blog\blog\Storage\view\compile\e83c71b54ebb5929045a43e66da8c3d5.php (33).
[ 2016-05-14T00:03:20+08:00 ]NOTICE: Undefined index: _nameE:\wamp\www\GYQ homework\5-10\blog\blog\Storage\view\compile\e83c71b54ebb5929045a43e66da8c3d5.php (33).
[ 2016-05-14T00:03:20+08:00 ]NOTICE: Undefined index: cidE:\wamp\www\GYQ homework\5-10\blog\blog\Storage\view\compile\e83c71b54ebb5929045a43e66da8c3d5.php (33).
[ 2016-05-14T00:03:20+08:00 ]NOTICE: Undefined index: _nameE:\wamp\www\GYQ homework\5-10\blog\blog\Storage\view\compile\e83c71b54ebb5929045a43e66da8c3d5.php (33).
[ 2016-05-14T00:03:20+08:00 ]NOTICE: Undefined index: cidE:\wamp\www\GYQ homework\5-10\blog\blog\Storage\view\compile\e83c71b54ebb5929045a43e66da8c3d5.php (33).
[ 2016-05-14T00:03:20+08:00 ]NOTICE: Undefined index: _nameE:\wamp\www\GYQ homework\5-10\blog\blog\Storage\view\compile\e83c71b54ebb5929045a43e66da8c3d5.php (33).
[ 2016-05-14T00:03:20+08:00 ]NOTICE: Undefined index: cidE:\wamp\www\GYQ homework\5-10\blog\blog\Storage\view\compile\e83c71b54ebb5929045a43e66da8c3d5.php (33).
[ 2016-05-14T00:03:20+08:00 ]NOTICE: Undefined index: _nameE:\wamp\www\GYQ homework\5-10\blog\blog\Storage\view\compile\e83c71b54ebb5929045a43e66da8c3d5.php (33).
[ 2016-05-14T00:03:20+08:00 ]NOTICE: Undefined index: cidE:\wamp\www\GYQ homework\5-10\blog\blog\Storage\view\compile\e83c71b54ebb5929045a43e66da8c3d5.php (33).
[ 2016-05-14T00:03:20+08:00 ]NOTICE: Undefined index: _nameE:\wamp\www\GYQ homework\5-10\blog\blog\Storage\view\compile\e83c71b54ebb5929045a43e66da8c3d5.php (33).
[ 2016-05-14T00:03:20+08:00 ]NOTICE: Undefined index: cidE:\wamp\www\GYQ homework\5-10\blog\blog\Storage\view\compile\e83c71b54ebb5929045a43e66da8c3d5.php (33).
[ 2016-05-14T00:03:20+08:00 ]NOTICE: Undefined index: _nameE:\wamp\www\GYQ homework\5-10\blog\blog\Storage\view\compile\e83c71b54ebb5929045a43e66da8c3d5.php (33).
[ 2016-05-14T00:03:20+08:00 ]NOTICE: Undefined index: cidE:\wamp\www\GYQ homework\5-10\blog\blog\Storage\view\compile\e83c71b54ebb5929045a43e66da8c3d5.php (33).
[ 2016-05-14T00:03:20+08:00 ]NOTICE: Undefined index: _nameE:\wamp\www\GYQ homework\5-10\blog\blog\Storage\view\compile\e83c71b54ebb5929045a43e66da8c3d5.php (33).
[ 2016-05-14T00:03:20+08:00 ]NOTICE: Undefined index: cidE:\wamp\www\GYQ homework\5-10\blog\blog\Storage\view\compile\e83c71b54ebb5929045a43e66da8c3d5.php (33).
[ 2016-05-14T00:03:20+08:00 ]NOTICE: Undefined index: _nameE:\wamp\www\GYQ homework\5-10\blog\blog\Storage\view\compile\e83c71b54ebb5929045a43e66da8c3d5.php (33).
[ 2016-05-14T00:03:20+08:00 ]NOTICE: Undefined index: cidE:\wamp\www\GYQ homework\5-10\blog\blog\Storage\view\compile\e83c71b54ebb5929045a43e66da8c3d5.php (33).
[ 2016-05-14T00:03:20+08:00 ]NOTICE: Undefined index: _nameE:\wamp\www\GYQ homework\5-10\blog\blog\Storage\view\compile\e83c71b54ebb5929045a43e66da8c3d5.php (33).
[ 2016-05-14T00:03:20+08:00 ]NOTICE: Undefined index: cidE:\wamp\www\GYQ homework\5-10\blog\blog\Storage\view\compile\e83c71b54ebb5929045a43e66da8c3d5.php (33).
[ 2016-05-14T00:03:20+08:00 ]NOTICE: Undefined index: _nameE:\wamp\www\GYQ homework\5-10\blog\blog\Storage\view\compile\e83c71b54ebb5929045a43e66da8c3d5.php (33).
[ 2016-05-14T00:03:20+08:00 ]NOTICE: Undefined index: cidE:\wamp\www\GYQ homework\5-10\blog\blog\Storage\view\compile\e83c71b54ebb5929045a43e66da8c3d5.php (33).
[ 2016-05-14T00:03:20+08:00 ]NOTICE: Undefined index: _nameE:\wamp\www\GYQ homework\5-10\blog\blog\Storage\view\compile\e83c71b54ebb5929045a43e66da8c3d5.php (33).
[ 2016-05-14T00:03:20+08:00 ]NOTICE: Undefined index: cidE:\wamp\www\GYQ homework\5-10\blog\blog\Storage\view\compile\e83c71b54ebb5929045a43e66da8c3d5.php (33).
[ 2016-05-14T00:03:20+08:00 ]NOTICE: Undefined index: _nameE:\wamp\www\GYQ homework\5-10\blog\blog\Storage\view\compile\e83c71b54ebb5929045a43e66da8c3d5.php (33).
[ 2016-05-14T00:03:20+08:00 ]NOTICE: Undefined index: cidE:\wamp\www\GYQ homework\5-10\blog\blog\Storage\view\compile\e83c71b54ebb5929045a43e66da8c3d5.php (33).
[ 2016-05-14T00:03:20+08:00 ]NOTICE: Undefined index: _nameE:\wamp\www\GYQ homework\5-10\blog\blog\Storage\view\compile\e83c71b54ebb5929045a43e66da8c3d5.php (33).
[ 2016-05-14T00:03:20+08:00 ]NOTICE: Undefined index: cidE:\wamp\www\GYQ homework\5-10\blog\blog\Storage\view\compile\e83c71b54ebb5929045a43e66da8c3d5.php (33).
[ 2016-05-14T00:03:20+08:00 ]NOTICE: Undefined index: _nameE:\wamp\www\GYQ homework\5-10\blog\blog\Storage\view\compile\e83c71b54ebb5929045a43e66da8c3d5.php (33).
[ 2016-05-14T00:03:20+08:00 ]NOTICE: Undefined index: cidE:\wamp\www\GYQ homework\5-10\blog\blog\Storage\view\compile\e83c71b54ebb5929045a43e66da8c3d5.php (33).
[ 2016-05-14T00:03:20+08:00 ]NOTICE: Undefined index: _nameE:\wamp\www\GYQ homework\5-10\blog\blog\Storage\view\compile\e83c71b54ebb5929045a43e66da8c3d5.php (33).
[ 2016-05-14T00:03:20+08:00 ]NOTICE: Undefined index: cidE:\wamp\www\GYQ homework\5-10\blog\blog\Storage\view\compile\e83c71b54ebb5929045a43e66da8c3d5.php (33).
[ 2016-05-14T00:03:20+08:00 ]NOTICE: Undefined index: _nameE:\wamp\www\GYQ homework\5-10\blog\blog\Storage\view\compile\e83c71b54ebb5929045a43e66da8c3d5.php (33).
[ 2016-05-14T00:03:20+08:00 ]NOTICE: Undefined index: cidE:\wamp\www\GYQ homework\5-10\blog\blog\Storage\view\compile\e83c71b54ebb5929045a43e66da8c3d5.php (33).
[ 2016-05-14T00:03:20+08:00 ]NOTICE: Undefined index: _nameE:\wamp\www\GYQ homework\5-10\blog\blog\Storage\view\compile\e83c71b54ebb5929045a43e66da8c3d5.php (33).
[ 2016-05-14T00:03:20+08:00 ]NOTICE: Undefined index: cidE:\wamp\www\GYQ homework\5-10\blog\blog\Storage\view\compile\e83c71b54ebb5929045a43e66da8c3d5.php (33).
[ 2016-05-14T00:03:20+08:00 ]NOTICE: Undefined index: _nameE:\wamp\www\GYQ homework\5-10\blog\blog\Storage\view\compile\e83c71b54ebb5929045a43e66da8c3d5.php (33).
[ 2016-05-14T00:03:20+08:00 ]NOTICE: Undefined index: cidE:\wamp\www\GYQ homework\5-10\blog\blog\Storage\view\compile\e83c71b54ebb5929045a43e66da8c3d5.php (33).
[ 2016-05-14T00:03:20+08:00 ]NOTICE: Undefined index: _nameE:\wamp\www\GYQ homework\5-10\blog\blog\Storage\view\compile\e83c71b54ebb5929045a43e66da8c3d5.php (33).
[ 2016-05-14T00:03:20+08:00 ]NOTICE: Undefined index: cidE:\wamp\www\GYQ homework\5-10\blog\blog\Storage\view\compile\e83c71b54ebb5929045a43e66da8c3d5.php (33).
[ 2016-05-14T00:03:20+08:00 ]NOTICE: Undefined index: _nameE:\wamp\www\GYQ homework\5-10\blog\blog\Storage\view\compile\e83c71b54ebb5929045a43e66da8c3d5.php (33).
[ 2016-05-14T00:03:20+08:00 ]NOTICE: Undefined index: cidE:\wamp\www\GYQ homework\5-10\blog\blog\Storage\view\compile\e83c71b54ebb5929045a43e66da8c3d5.php (33).
[ 2016-05-14T00:03:20+08:00 ]NOTICE: Undefined index: _nameE:\wamp\www\GYQ homework\5-10\blog\blog\Storage\view\compile\e83c71b54ebb5929045a43e66da8c3d5.php (33).
[ 2016-05-14T00:03:20+08:00 ]NOTICE: Undefined index: cidE:\wamp\www\GYQ homework\5-10\blog\blog\Storage\view\compile\e83c71b54ebb5929045a43e66da8c3d5.php (33).
[ 2016-05-14T00:03:20+08:00 ]NOTICE: Undefined index: _nameE:\wamp\www\GYQ homework\5-10\blog\blog\Storage\view\compile\e83c71b54ebb5929045a43e66da8c3d5.php (33).
[ 2016-05-14T00:03:20+08:00 ]NOTICE: Undefined index: cidE:\wamp\www\GYQ homework\5-10\blog\blog\Storage\view\compile\e83c71b54ebb5929045a43e66da8c3d5.php (33).
[ 2016-05-14T00:03:20+08:00 ]NOTICE: Undefined index: _nameE:\wamp\www\GYQ homework\5-10\blog\blog\Storage\view\compile\e83c71b54ebb5929045a43e66da8c3d5.php (33).
[ 2016-05-14T00:03:20+08:00 ]NOTICE: Undefined index: cidE:\wamp\www\GYQ homework\5-10\blog\blog\Storage\view\compile\e83c71b54ebb5929045a43e66da8c3d5.php (33).
[ 2016-05-14T00:03:21+08:00 ]NOTICE: Undefined index: _nameE:\wamp\www\GYQ homework\5-10\blog\blog\Storage\view\compile\e83c71b54ebb5929045a43e66da8c3d5.php (33).
[ 2016-05-14T00:03:21+08:00 ]NOTICE: Undefined index: cidE:\wamp\www\GYQ homework\5-10\blog\blog\Storage\view\compile\e83c71b54ebb5929045a43e66da8c3d5.php (33).
[ 2016-05-14T00:03:21+08:00 ]NOTICE: Undefined index: _nameE:\wamp\www\GYQ homework\5-10\blog\blog\Storage\view\compile\e83c71b54ebb5929045a43e66da8c3d5.php (33).
[ 2016-05-14T00:03:21+08:00 ]NOTICE: Undefined index: cidE:\wamp\www\GYQ homework\5-10\blog\blog\Storage\view\compile\e83c71b54ebb5929045a43e66da8c3d5.php (33).
[ 2016-05-14T00:03:21+08:00 ]NOTICE: Undefined index: _nameE:\wamp\www\GYQ homework\5-10\blog\blog\Storage\view\compile\e83c71b54ebb5929045a43e66da8c3d5.php (33).
[ 2016-05-14T00:03:21+08:00 ]NOTICE: Undefined index: cidE:\wamp\www\GYQ homework\5-10\blog\blog\Storage\view\compile\e83c71b54ebb5929045a43e66da8c3d5.php (33).
[ 2016-05-14T00:03:21+08:00 ]NOTICE: Undefined index: _nameE:\wamp\www\GYQ homework\5-10\blog\blog\Storage\view\compile\e83c71b54ebb5929045a43e66da8c3d5.php (33).
[ 2016-05-14T00:03:21+08:00 ]NOTICE: Undefined index: cidE:\wamp\www\GYQ homework\5-10\blog\blog\Storage\view\compile\e83c71b54ebb5929045a43e66da8c3d5.php (33).
[ 2016-05-14T00:03:21+08:00 ]NOTICE: Undefined index: _nameE:\wamp\www\GYQ homework\5-10\blog\blog\Storage\view\compile\e83c71b54ebb5929045a43e66da8c3d5.php (33).
[ 2016-05-14T00:03:21+08:00 ]NOTICE: Undefined index: cidE:\wamp\www\GYQ homework\5-10\blog\blog\Storage\view\compile\e83c71b54ebb5929045a43e66da8c3d5.php (33).
[ 2016-05-14T00:03:21+08:00 ]NOTICE: Undefined index: _nameE:\wamp\www\GYQ homework\5-10\blog\blog\Storage\view\compile\e83c71b54ebb5929045a43e66da8c3d5.php (33).
[ 2016-05-14T00:03:21+08:00 ]NOTICE: Undefined index: cidE:\wamp\www\GYQ homework\5-10\blog\blog\Storage\view\compile\e83c71b54ebb5929045a43e66da8c3d5.php (33).
[ 2016-05-14T00:03:21+08:00 ]NOTICE: Undefined index: _nameE:\wamp\www\GYQ homework\5-10\blog\blog\Storage\view\compile\e83c71b54ebb5929045a43e66da8c3d5.php (33).
[ 2016-05-14T00:03:21+08:00 ]NOTICE: Undefined index: cidE:\wamp\www\GYQ homework\5-10\blog\blog\Storage\view\compile\e83c71b54ebb5929045a43e66da8c3d5.php (33).
[ 2016-05-14T00:03:21+08:00 ]NOTICE: Undefined index: _nameE:\wamp\www\GYQ homework\5-10\blog\blog\Storage\view\compile\e83c71b54ebb5929045a43e66da8c3d5.php (33).
[ 2016-05-14T00:03:21+08:00 ]NOTICE: Undefined index: cidE:\wamp\www\GYQ homework\5-10\blog\blog\Storage\view\compile\e83c71b54ebb5929045a43e66da8c3d5.php (33).
[ 2016-05-14T00:03:21+08:00 ]NOTICE: Undefined index: _nameE:\wamp\www\GYQ homework\5-10\blog\blog\Storage\view\compile\e83c71b54ebb5929045a43e66da8c3d5.php (33).
[ 2016-05-14T00:03:21+08:00 ]NOTICE: Undefined index: cidE:\wamp\www\GYQ homework\5-10\blog\blog\Storage\view\compile\e83c71b54ebb5929045a43e66da8c3d5.php (33).
[ 2016-05-14T00:03:21+08:00 ]NOTICE: Undefined index: _nameE:\wamp\www\GYQ homework\5-10\blog\blog\Storage\view\compile\e83c71b54ebb5929045a43e66da8c3d5.php (33).
[ 2016-05-14T00:03:21+08:00 ]NOTICE: Undefined index: cidE:\wamp\www\GYQ homework\5-10\blog\blog\Storage\view\compile\e83c71b54ebb5929045a43e66da8c3d5.php (33).
[ 2016-05-14T00:03:21+08:00 ]NOTICE: Undefined index: _nameE:\wamp\www\GYQ homework\5-10\blog\blog\Storage\view\compile\e83c71b54ebb5929045a43e66da8c3d5.php (33).
[ 2016-05-14T00:03:21+08:00 ]NOTICE: Undefined index: cidE:\wamp\www\GYQ homework\5-10\blog\blog\Storage\view\compile\e83c71b54ebb5929045a43e66da8c3d5.php (33).
[ 2016-05-14T00:03:21+08:00 ]NOTICE: Undefined index: _nameE:\wamp\www\GYQ homework\5-10\blog\blog\Storage\view\compile\e83c71b54ebb5929045a43e66da8c3d5.php (33).
[ 2016-05-14T00:03:21+08:00 ]NOTICE: Undefined index: cidE:\wamp\www\GYQ homework\5-10\blog\blog\Storage\view\compile\e83c71b54ebb5929045a43e66da8c3d5.php (33).
[ 2016-05-14T00:03:21+08:00 ]NOTICE: Undefined index: _nameE:\wamp\www\GYQ homework\5-10\blog\blog\Storage\view\compile\e83c71b54ebb5929045a43e66da8c3d5.php (33).
[ 2016-05-14T00:03:21+08:00 ]NOTICE: Undefined index: cidE:\wamp\www\GYQ homework\5-10\blog\blog\Storage\view\compile\e83c71b54ebb5929045a43e66da8c3d5.php (33).
[ 2016-05-14T00:03:21+08:00 ]NOTICE: Undefined index: _nameE:\wamp\www\GYQ homework\5-10\blog\blog\Storage\view\compile\e83c71b54ebb5929045a43e66da8c3d5.php (33).
[ 2016-05-14T00:03:21+08:00 ]NOTICE: Undefined index: cidE:\wamp\www\GYQ homework\5-10\blog\blog\Storage\view\compile\e83c71b54ebb5929045a43e66da8c3d5.php (33).
[ 2016-05-14T00:03:21+08:00 ]NOTICE: Undefined index: _nameE:\wamp\www\GYQ homework\5-10\blog\blog\Storage\view\compile\e83c71b54ebb5929045a43e66da8c3d5.php (33).
[ 2016-05-14T00:03:21+08:00 ]NOTICE: Undefined index: cidE:\wamp\www\GYQ homework\5-10\blog\blog\Storage\view\compile\e83c71b54ebb5929045a43e66da8c3d5.php (33).
[ 2016-05-14T00:03:21+08:00 ]NOTICE: Undefined index: _nameE:\wamp\www\GYQ homework\5-10\blog\blog\Storage\view\compile\e83c71b54ebb5929045a43e66da8c3d5.php (33).
[ 2016-05-14T00:03:21+08:00 ]NOTICE: Undefined index: cidE:\wamp\www\GYQ homework\5-10\blog\blog\Storage\view\compile\e83c71b54ebb5929045a43e66da8c3d5.php (33).
[ 2016-05-14T00:03:21+08:00 ]NOTICE: Undefined index: _nameE:\wamp\www\GYQ homework\5-10\blog\blog\Storage\view\compile\e83c71b54ebb5929045a43e66da8c3d5.php (33).
[ 2016-05-14T00:03:21+08:00 ]NOTICE: Undefined index: cidE:\wamp\www\GYQ homework\5-10\blog\blog\Storage\view\compile\e83c71b54ebb5929045a43e66da8c3d5.php (33).
[ 2016-05-14T00:03:21+08:00 ]NOTICE: Undefined index: _nameE:\wamp\www\GYQ homework\5-10\blog\blog\Storage\view\compile\e83c71b54ebb5929045a43e66da8c3d5.php (33).
[ 2016-05-14T00:03:21+08:00 ]NOTICE: Undefined index: cidE:\wamp\www\GYQ homework\5-10\blog\blog\Storage\view\compile\e83c71b54ebb5929045a43e66da8c3d5.php (33).
[ 2016-05-14T00:03:21+08:00 ]NOTICE: Undefined index: _nameE:\wamp\www\GYQ homework\5-10\blog\blog\Storage\view\compile\e83c71b54ebb5929045a43e66da8c3d5.php (33).
[ 2016-05-14T00:03:21+08:00 ]NOTICE: Undefined index: cidE:\wamp\www\GYQ homework\5-10\blog\blog\Storage\view\compile\e83c71b54ebb5929045a43e66da8c3d5.php (33).
[ 2016-05-14T00:03:21+08:00 ]NOTICE: Undefined index: _nameE:\wamp\www\GYQ homework\5-10\blog\blog\Storage\view\compile\e83c71b54ebb5929045a43e66da8c3d5.php (33).
[ 2016-05-14T00:03:21+08:00 ]NOTICE: Undefined index: cidE:\wamp\www\GYQ homework\5-10\blog\blog\Storage\view\compile\e83c71b54ebb5929045a43e66da8c3d5.php (33).
[ 2016-05-14T00:03:21+08:00 ]NOTICE: Undefined index: _nameE:\wamp\www\GYQ homework\5-10\blog\blog\Storage\view\compile\e83c71b54ebb5929045a43e66da8c3d5.php (33).
[ 2016-05-14T00:04:02+08:00 ]NOTICE: Undefined index: tidE:\wamp\www\GYQ homework\5-10\blog\blog\Storage\view\compile\e83c71b54ebb5929045a43e66da8c3d5.php (33).
[ 2016-05-14T00:04:02+08:00 ]NOTICE: Undefined index: tidE:\wamp\www\GYQ homework\5-10\blog\blog\Storage\view\compile\e83c71b54ebb5929045a43e66da8c3d5.php (33).
[ 2016-05-14T00:04:02+08:00 ]NOTICE: Undefined index: tidE:\wamp\www\GYQ homework\5-10\blog\blog\Storage\view\compile\e83c71b54ebb5929045a43e66da8c3d5.php (33).
[ 2016-05-14T00:04:02+08:00 ]NOTICE: Undefined index: tidE:\wamp\www\GYQ homework\5-10\blog\blog\Storage\view\compile\e83c71b54ebb5929045a43e66da8c3d5.php (33).
[ 2016-05-14T00:04:02+08:00 ]NOTICE: Undefined index: tidE:\wamp\www\GYQ homework\5-10\blog\blog\Storage\view\compile\e83c71b54ebb5929045a43e66da8c3d5.php (33).
[ 2016-05-14T00:04:02+08:00 ]NOTICE: Undefined index: tidE:\wamp\www\GYQ homework\5-10\blog\blog\Storage\view\compile\e83c71b54ebb5929045a43e66da8c3d5.php (33).
[ 2016-05-14T00:04:02+08:00 ]NOTICE: Undefined index: tidE:\wamp\www\GYQ homework\5-10\blog\blog\Storage\view\compile\e83c71b54ebb5929045a43e66da8c3d5.php (33).
[ 2016-05-14T00:04:02+08:00 ]NOTICE: Undefined index: tidE:\wamp\www\GYQ homework\5-10\blog\blog\Storage\view\compile\e83c71b54ebb5929045a43e66da8c3d5.php (33).
[ 2016-05-14T00:04:02+08:00 ]NOTICE: Undefined index: tidE:\wamp\www\GYQ homework\5-10\blog\blog\Storage\view\compile\e83c71b54ebb5929045a43e66da8c3d5.php (33).
[ 2016-05-14T00:04:02+08:00 ]NOTICE: Undefined index: tidE:\wamp\www\GYQ homework\5-10\blog\blog\Storage\view\compile\e83c71b54ebb5929045a43e66da8c3d5.php (33).
[ 2016-05-14T00:04:02+08:00 ]NOTICE: Undefined index: tidE:\wamp\www\GYQ homework\5-10\blog\blog\Storage\view\compile\e83c71b54ebb5929045a43e66da8c3d5.php (33).
[ 2016-05-14T00:04:02+08:00 ]NOTICE: Undefined index: tidE:\wamp\www\GYQ homework\5-10\blog\blog\Storage\view\compile\e83c71b54ebb5929045a43e66da8c3d5.php (33).
[ 2016-05-14T00:04:02+08:00 ]NOTICE: Undefined index: tidE:\wamp\www\GYQ homework\5-10\blog\blog\Storage\view\compile\e83c71b54ebb5929045a43e66da8c3d5.php (33).
[ 2016-05-14T00:04:02+08:00 ]NOTICE: Undefined index: tidE:\wamp\www\GYQ homework\5-10\blog\blog\Storage\view\compile\e83c71b54ebb5929045a43e66da8c3d5.php (33).
[ 2016-05-14T00:04:02+08:00 ]NOTICE: Undefined index: tidE:\wamp\www\GYQ homework\5-10\blog\blog\Storage\view\compile\e83c71b54ebb5929045a43e66da8c3d5.php (33).
[ 2016-05-14T00:04:02+08:00 ]NOTICE: Undefined index: tidE:\wamp\www\GYQ homework\5-10\blog\blog\Storage\view\compile\e83c71b54ebb5929045a43e66da8c3d5.php (33).
[ 2016-05-14T00:04:02+08:00 ]NOTICE: Undefined index: tidE:\wamp\www\GYQ homework\5-10\blog\blog\Storage\view\compile\e83c71b54ebb5929045a43e66da8c3d5.php (33).
[ 2016-05-14T00:04:02+08:00 ]NOTICE: Undefined index: tidE:\wamp\www\GYQ homework\5-10\blog\blog\Storage\view\compile\e83c71b54ebb5929045a43e66da8c3d5.php (33).
[ 2016-05-14T00:04:02+08:00 ]NOTICE: Undefined index: tidE:\wamp\www\GYQ homework\5-10\blog\blog\Storage\view\compile\e83c71b54ebb5929045a43e66da8c3d5.php (33).
[ 2016-05-14T00:04:02+08:00 ]NOTICE: Undefined index: tidE:\wamp\www\GYQ homework\5-10\blog\blog\Storage\view\compile\e83c71b54ebb5929045a43e66da8c3d5.php (33).
[ 2016-05-14T00:04:02+08:00 ]NOTICE: Undefined index: tidE:\wamp\www\GYQ homework\5-10\blog\blog\Storage\view\compile\e83c71b54ebb5929045a43e66da8c3d5.php (33).
[ 2016-05-14T00:04:02+08:00 ]NOTICE: Undefined index: tidE:\wamp\www\GYQ homework\5-10\blog\blog\Storage\view\compile\e83c71b54ebb5929045a43e66da8c3d5.php (33).
[ 2016-05-14T00:04:02+08:00 ]NOTICE: Undefined index: tidE:\wamp\www\GYQ homework\5-10\blog\blog\Storage\view\compile\e83c71b54ebb5929045a43e66da8c3d5.php (33).
[ 2016-05-14T00:04:02+08:00 ]NOTICE: Undefined index: tidE:\wamp\www\GYQ homework\5-10\blog\blog\Storage\view\compile\e83c71b54ebb5929045a43e66da8c3d5.php (33).
[ 2016-05-14T00:04:02+08:00 ]NOTICE: Undefined index: tidE:\wamp\www\GYQ homework\5-10\blog\blog\Storage\view\compile\e83c71b54ebb5929045a43e66da8c3d5.php (33).
[ 2016-05-14T00:04:02+08:00 ]NOTICE: Undefined index: tidE:\wamp\www\GYQ homework\5-10\blog\blog\Storage\view\compile\e83c71b54ebb5929045a43e66da8c3d5.php (33).
[ 2016-05-14T00:04:02+08:00 ]NOTICE: Undefined index: tidE:\wamp\www\GYQ homework\5-10\blog\blog\Storage\view\compile\e83c71b54ebb5929045a43e66da8c3d5.php (33).
[ 2016-05-14T00:04:02+08:00 ]NOTICE: Undefined index: tidE:\wamp\www\GYQ homework\5-10\blog\blog\Storage\view\compile\e83c71b54ebb5929045a43e66da8c3d5.php (33).
[ 2016-05-14T00:04:02+08:00 ]NOTICE: Undefined index: tidE:\wamp\www\GYQ homework\5-10\blog\blog\Storage\view\compile\e83c71b54ebb5929045a43e66da8c3d5.php (33).
[ 2016-05-14T00:04:02+08:00 ]NOTICE: Undefined index: tidE:\wamp\www\GYQ homework\5-10\blog\blog\Storage\view\compile\e83c71b54ebb5929045a43e66da8c3d5.php (33).
[ 2016-05-14T00:04:02+08:00 ]NOTICE: Undefined index: tidE:\wamp\www\GYQ homework\5-10\blog\blog\Storage\view\compile\e83c71b54ebb5929045a43e66da8c3d5.php (33).
[ 2016-05-14T00:04:02+08:00 ]NOTICE: Undefined index: tidE:\wamp\www\GYQ homework\5-10\blog\blog\Storage\view\compile\e83c71b54ebb5929045a43e66da8c3d5.php (33).
[ 2016-05-14T00:04:02+08:00 ]NOTICE: Undefined index: tidE:\wamp\www\GYQ homework\5-10\blog\blog\Storage\view\compile\e83c71b54ebb5929045a43e66da8c3d5.php (33).
[ 2016-05-14T00:04:02+08:00 ]NOTICE: Undefined index: tidE:\wamp\www\GYQ homework\5-10\blog\blog\Storage\view\compile\e83c71b54ebb5929045a43e66da8c3d5.php (33).
[ 2016-05-14T00:04:02+08:00 ]NOTICE: Undefined index: tidE:\wamp\www\GYQ homework\5-10\blog\blog\Storage\view\compile\e83c71b54ebb5929045a43e66da8c3d5.php (33).
[ 2016-05-14T00:04:02+08:00 ]NOTICE: Undefined index: tidE:\wamp\www\GYQ homework\5-10\blog\blog\Storage\view\compile\e83c71b54ebb5929045a43e66da8c3d5.php (33).
[ 2016-05-14T00:04:02+08:00 ]NOTICE: Undefined index: tidE:\wamp\www\GYQ homework\5-10\blog\blog\Storage\view\compile\e83c71b54ebb5929045a43e66da8c3d5.php (33).
[ 2016-05-14T00:04:02+08:00 ]NOTICE: Undefined index: tidE:\wamp\www\GYQ homework\5-10\blog\blog\Storage\view\compile\e83c71b54ebb5929045a43e66da8c3d5.php (33).
[ 2016-05-14T00:04:02+08:00 ]NOTICE: Undefined index: tidE:\wamp\www\GYQ homework\5-10\blog\blog\Storage\view\compile\e83c71b54ebb5929045a43e66da8c3d5.php (33).
[ 2016-05-14T00:04:02+08:00 ]NOTICE: Undefined index: tidE:\wamp\www\GYQ homework\5-10\blog\blog\Storage\view\compile\e83c71b54ebb5929045a43e66da8c3d5.php (33).
[ 2016-05-14T00:04:02+08:00 ]NOTICE: Undefined index: tidE:\wamp\www\GYQ homework\5-10\blog\blog\Storage\view\compile\e83c71b54ebb5929045a43e66da8c3d5.php (33).
[ 2016-05-14T00:04:02+08:00 ]NOTICE: Undefined index: tidE:\wamp\www\GYQ homework\5-10\blog\blog\Storage\view\compile\e83c71b54ebb5929045a43e66da8c3d5.php (33).
[ 2016-05-14T00:04:02+08:00 ]NOTICE: Undefined index: tidE:\wamp\www\GYQ homework\5-10\blog\blog\Storage\view\compile\e83c71b54ebb5929045a43e66da8c3d5.php (33).
[ 2016-05-14T00:04:02+08:00 ]NOTICE: Undefined index: tidE:\wamp\www\GYQ homework\5-10\blog\blog\Storage\view\compile\e83c71b54ebb5929045a43e66da8c3d5.php (33).
[ 2016-05-14T00:04:02+08:00 ]NOTICE: Undefined index: tidE:\wamp\www\GYQ homework\5-10\blog\blog\Storage\view\compile\e83c71b54ebb5929045a43e66da8c3d5.php (33).
[ 2016-05-14T00:04:02+08:00 ]NOTICE: Undefined index: tidE:\wamp\www\GYQ homework\5-10\blog\blog\Storage\view\compile\e83c71b54ebb5929045a43e66da8c3d5.php (33).
[ 2016-05-14T00:04:02+08:00 ]NOTICE: Undefined index: tidE:\wamp\www\GYQ homework\5-10\blog\blog\Storage\view\compile\e83c71b54ebb5929045a43e66da8c3d5.php (33).
[ 2016-05-14T00:04:02+08:00 ]NOTICE: Undefined index: tidE:\wamp\www\GYQ homework\5-10\blog\blog\Storage\view\compile\e83c71b54ebb5929045a43e66da8c3d5.php (33).
[ 2016-05-14T00:04:02+08:00 ]NOTICE: Undefined index: tidE:\wamp\www\GYQ homework\5-10\blog\blog\Storage\view\compile\e83c71b54ebb5929045a43e66da8c3d5.php (33).
[ 2016-05-14T00:04:02+08:00 ]NOTICE: Undefined index: tidE:\wamp\www\GYQ homework\5-10\blog\blog\Storage\view\compile\e83c71b54ebb5929045a43e66da8c3d5.php (33).
[ 2016-05-14T00:04:02+08:00 ]NOTICE: Undefined index: tidE:\wamp\www\GYQ homework\5-10\blog\blog\Storage\view\compile\e83c71b54ebb5929045a43e66da8c3d5.php (33).
[ 2016-05-14T00:04:02+08:00 ]NOTICE: Undefined index: tidE:\wamp\www\GYQ homework\5-10\blog\blog\Storage\view\compile\e83c71b54ebb5929045a43e66da8c3d5.php (33).
[ 2016-05-14T00:04:02+08:00 ]NOTICE: Undefined index: tidE:\wamp\www\GYQ homework\5-10\blog\blog\Storage\view\compile\e83c71b54ebb5929045a43e66da8c3d5.php (33).
[ 2016-05-14T00:04:02+08:00 ]NOTICE: Undefined index: tidE:\wamp\www\GYQ homework\5-10\blog\blog\Storage\view\compile\e83c71b54ebb5929045a43e66da8c3d5.php (33).
[ 2016-05-14T00:04:02+08:00 ]NOTICE: Undefined index: tidE:\wamp\www\GYQ homework\5-10\blog\blog\Storage\view\compile\e83c71b54ebb5929045a43e66da8c3d5.php (33).
[ 2016-05-14T00:04:02+08:00 ]NOTICE: Undefined index: tidE:\wamp\www\GYQ homework\5-10\blog\blog\Storage\view\compile\e83c71b54ebb5929045a43e66da8c3d5.php (33).
[ 2016-05-14T00:04:02+08:00 ]NOTICE: Undefined index: tidE:\wamp\www\GYQ homework\5-10\blog\blog\Storage\view\compile\e83c71b54ebb5929045a43e66da8c3d5.php (33).
[ 2016-05-14T00:04:02+08:00 ]NOTICE: Undefined index: tidE:\wamp\www\GYQ homework\5-10\blog\blog\Storage\view\compile\e83c71b54ebb5929045a43e66da8c3d5.php (33).
[ 2016-05-14T00:04:02+08:00 ]NOTICE: Undefined index: tidE:\wamp\www\GYQ homework\5-10\blog\blog\Storage\view\compile\e83c71b54ebb5929045a43e66da8c3d5.php (33).
[ 2016-05-14T00:04:02+08:00 ]NOTICE: Undefined index: tidE:\wamp\www\GYQ homework\5-10\blog\blog\Storage\view\compile\e83c71b54ebb5929045a43e66da8c3d5.php (33).
[ 2016-05-14T00:04:02+08:00 ]NOTICE: Undefined index: tidE:\wamp\www\GYQ homework\5-10\blog\blog\Storage\view\compile\e83c71b54ebb5929045a43e66da8c3d5.php (33).
[ 2016-05-14T00:04:02+08:00 ]NOTICE: Undefined index: tidE:\wamp\www\GYQ homework\5-10\blog\blog\Storage\view\compile\e83c71b54ebb5929045a43e66da8c3d5.php (33).
[ 2016-05-14T00:04:02+08:00 ]NOTICE: Undefined index: tidE:\wamp\www\GYQ homework\5-10\blog\blog\Storage\view\compile\e83c71b54ebb5929045a43e66da8c3d5.php (33).
[ 2016-05-14T00:04:02+08:00 ]NOTICE: Undefined index: tidE:\wamp\www\GYQ homework\5-10\blog\blog\Storage\view\compile\e83c71b54ebb5929045a43e66da8c3d5.php (33).
[ 2016-05-14T00:04:02+08:00 ]NOTICE: Undefined index: tidE:\wamp\www\GYQ homework\5-10\blog\blog\Storage\view\compile\e83c71b54ebb5929045a43e66da8c3d5.php (33).
[ 2016-05-14T00:04:02+08:00 ]NOTICE: Undefined index: tidE:\wamp\www\GYQ homework\5-10\blog\blog\Storage\view\compile\e83c71b54ebb5929045a43e66da8c3d5.php (33).
[ 2016-05-14T00:04:02+08:00 ]NOTICE: Undefined index: tidE:\wamp\www\GYQ homework\5-10\blog\blog\Storage\view\compile\e83c71b54ebb5929045a43e66da8c3d5.php (33).
[ 2016-05-14T00:04:02+08:00 ]NOTICE: Undefined index: tidE:\wamp\www\GYQ homework\5-10\blog\blog\Storage\view\compile\e83c71b54ebb5929045a43e66da8c3d5.php (33).
[ 2016-05-14T00:04:02+08:00 ]NOTICE: Undefined index: tidE:\wamp\www\GYQ homework\5-10\blog\blog\Storage\view\compile\e83c71b54ebb5929045a43e66da8c3d5.php (33).
[ 2016-05-14T00:04:03+08:00 ]NOTICE: Undefined index: tidE:\wamp\www\GYQ homework\5-10\blog\blog\Storage\view\compile\e83c71b54ebb5929045a43e66da8c3d5.php (33).
[ 2016-05-14T00:04:03+08:00 ]NOTICE: Undefined index: tidE:\wamp\www\GYQ homework\5-10\blog\blog\Storage\view\compile\e83c71b54ebb5929045a43e66da8c3d5.php (33).
[ 2016-05-14T00:04:03+08:00 ]NOTICE: Undefined index: tidE:\wamp\www\GYQ homework\5-10\blog\blog\Storage\view\compile\e83c71b54ebb5929045a43e66da8c3d5.php (33).
[ 2016-05-14T00:04:03+08:00 ]NOTICE: Undefined index: tidE:\wamp\www\GYQ homework\5-10\blog\blog\Storage\view\compile\e83c71b54ebb5929045a43e66da8c3d5.php (33).
[ 2016-05-14T00:04:03+08:00 ]NOTICE: Undefined index: tidE:\wamp\www\GYQ homework\5-10\blog\blog\Storage\view\compile\e83c71b54ebb5929045a43e66da8c3d5.php (33).
[ 2016-05-14T00:04:03+08:00 ]NOTICE: Undefined index: tidE:\wamp\www\GYQ homework\5-10\blog\blog\Storage\view\compile\e83c71b54ebb5929045a43e66da8c3d5.php (33).
[ 2016-05-14T00:04:03+08:00 ]NOTICE: Undefined index: tidE:\wamp\www\GYQ homework\5-10\blog\blog\Storage\view\compile\e83c71b54ebb5929045a43e66da8c3d5.php (33).
[ 2016-05-14T00:04:03+08:00 ]NOTICE: Undefined index: tidE:\wamp\www\GYQ homework\5-10\blog\blog\Storage\view\compile\e83c71b54ebb5929045a43e66da8c3d5.php (33).
[ 2016-05-14T00:04:03+08:00 ]NOTICE: Undefined index: tidE:\wamp\www\GYQ homework\5-10\blog\blog\Storage\view\compile\e83c71b54ebb5929045a43e66da8c3d5.php (33).
[ 2016-05-14T00:04:03+08:00 ]NOTICE: Undefined index: tidE:\wamp\www\GYQ homework\5-10\blog\blog\Storage\view\compile\e83c71b54ebb5929045a43e66da8c3d5.php (33).
[ 2016-05-14T00:04:03+08:00 ]NOTICE: Undefined index: tidE:\wamp\www\GYQ homework\5-10\blog\blog\Storage\view\compile\e83c71b54ebb5929045a43e66da8c3d5.php (33).
[ 2016-05-14T12:13:07+08:00 ]NOTICE: Undefined index: cnameE:\wamp\www\GYQ homework\5-10\blog\blog\Storage\view\compile\e83c71b54ebb5929045a43e66da8c3d5.php (31).
[ 2016-05-14T12:13:07+08:00 ]NOTICE: Undefined index: cnameE:\wamp\www\GYQ homework\5-10\blog\blog\Storage\view\compile\e83c71b54ebb5929045a43e66da8c3d5.php (31).
[ 2016-05-14T12:13:07+08:00 ]NOTICE: Undefined index: cnameE:\wamp\www\GYQ homework\5-10\blog\blog\Storage\view\compile\e83c71b54ebb5929045a43e66da8c3d5.php (31).
[ 2016-05-14T12:13:07+08:00 ]NOTICE: Undefined index: cnameE:\wamp\www\GYQ homework\5-10\blog\blog\Storage\view\compile\e83c71b54ebb5929045a43e66da8c3d5.php (31).
[ 2016-05-14T12:13:07+08:00 ]NOTICE: Undefined index: cnameE:\wamp\www\GYQ homework\5-10\blog\blog\Storage\view\compile\e83c71b54ebb5929045a43e66da8c3d5.php (31).
[ 2016-05-14T12:13:07+08:00 ]NOTICE: Undefined index: cnameE:\wamp\www\GYQ homework\5-10\blog\blog\Storage\view\compile\e83c71b54ebb5929045a43e66da8c3d5.php (31).
[ 2016-05-14T12:13:07+08:00 ]NOTICE: Undefined index: cnameE:\wamp\www\GYQ homework\5-10\blog\blog\Storage\view\compile\e83c71b54ebb5929045a43e66da8c3d5.php (31).
[ 2016-05-14T12:13:07+08:00 ]NOTICE: Undefined index: cnameE:\wamp\www\GYQ homework\5-10\blog\blog\Storage\view\compile\e83c71b54ebb5929045a43e66da8c3d5.php (31).
[ 2016-05-14T12:13:07+08:00 ]NOTICE: Undefined index: cnameE:\wamp\www\GYQ homework\5-10\blog\blog\Storage\view\compile\e83c71b54ebb5929045a43e66da8c3d5.php (31).
[ 2016-05-14T14:58:42+08:00 ]NOTICE: Undefined index: valueE:\wamp\www\GYQ homework\5-10\blog\blog\Hdphp\View\HdphpTag.php (154).
[ 2016-05-14T14:59:12+08:00 ]NOTICE: Undefined index: valueE:\wamp\www\GYQ homework\5-10\blog\blog\Hdphp\View\HdphpTag.php (154).
[ 2016-05-14T15:00:26+08:00 ]NOTICE: Undefined variable: oldDataE:\wamp\www\GYQ homework\5-10\blog\blog\Storage\view\compile\2b059842649e4d4969b063e856fa33e1.php (37).
[ 2016-05-14T15:00:26+08:00 ]NOTICE: Undefined variable: oldDataE:\wamp\www\GYQ homework\5-10\blog\blog\Storage\view\compile\2b059842649e4d4969b063e856fa33e1.php (41).
[ 2016-05-14T15:00:26+08:00 ]NOTICE: Undefined variable: cateDataE:\wamp\www\GYQ homework\5-10\blog\blog\Storage\view\compile\2b059842649e4d4969b063e856fa33e1.php (47).
[ 2016-05-14T15:00:26+08:00 ]NOTICE: Invalid argument supplied for foreach()E:\wamp\www\GYQ homework\5-10\blog\blog\Storage\view\compile\2b059842649e4d4969b063e856fa33e1.php (47).
[ 2016-05-14T15:00:26+08:00 ]NOTICE: Undefined variable: oldDataE:\wamp\www\GYQ homework\5-10\blog\blog\Storage\view\compile\2b059842649e4d4969b063e856fa33e1.php (58).
[ 2016-05-14T15:00:26+08:00 ]NOTICE: Undefined variable: tagDataE:\wamp\www\GYQ homework\5-10\blog\blog\Storage\view\compile\2b059842649e4d4969b063e856fa33e1.php (74).
[ 2016-05-14T15:00:26+08:00 ]NOTICE: Invalid argument supplied for foreach()E:\wamp\www\GYQ homework\5-10\blog\blog\Storage\view\compile\2b059842649e4d4969b063e856fa33e1.php (74).
[ 2016-05-14T15:00:26+08:00 ]NOTICE: Undefined variable: oldDataE:\wamp\www\GYQ homework\5-10\blog\blog\Storage\view\compile\2b059842649e4d4969b063e856fa33e1.php (90).
[ 2016-05-14T15:00:26+08:00 ]NOTICE: Undefined variable: oldDataE:\wamp\www\GYQ homework\5-10\blog\blog\Storage\view\compile\2b059842649e4d4969b063e856fa33e1.php (94).
[ 2016-05-14T15:00:26+08:00 ]NOTICE: Undefined variable: oldDataE:\wamp\www\GYQ homework\5-10\blog\blog\Storage\view\compile\2b059842649e4d4969b063e856fa33e1.php (98).
[ 2016-05-14T15:00:26+08:00 ]NOTICE: Undefined variable: oldDataE:\wamp\www\GYQ homework\5-10\blog\blog\Storage\view\compile\2b059842649e4d4969b063e856fa33e1.php (103).
[ 2016-05-14T15:01:20+08:00 ]NOTICE: Undefined variable: cateDataE:\wamp\www\GYQ homework\5-10\blog\blog\App\Admin\Controller\ArcController.php (64).
[ 2016-05-14T15:01:20+08:00 ]NOTICE: Undefined index: E:\wamp\www\GYQ homework\5-10\blog\blog\Hdphp\Data\Data.php (115).
[ 2016-05-14T15:01:20+08:00 ]NOTICE: Undefined index: E:\wamp\www\GYQ homework\5-10\blog\blog\Hdphp\Data\Data.php (115).
[ 2016-05-14T15:01:20+08:00 ]NOTICE: Undefined index: E:\wamp\www\GYQ homework\5-10\blog\blog\Hdphp\Data\Data.php (115).
[ 2016-05-14T15:01:20+08:00 ]NOTICE: Undefined index: E:\wamp\www\GYQ homework\5-10\blog\blog\Hdphp\Data\Data.php (115).
[ 2016-05-14T15:01:20+08:00 ]NOTICE: Undefined index: E:\wamp\www\GYQ homework\5-10\blog\blog\Hdphp\Data\Data.php (115).
[ 2016-05-14T15:01:20+08:00 ]NOTICE: Undefined index: E:\wamp\www\GYQ homework\5-10\blog\blog\Hdphp\Data\Data.php (115).
[ 2016-05-14T15:01:20+08:00 ]EXCEPTION: SELECT  *  FROM article INNER JOIN article ON aid = article_aid WHERE aid=5 ;BindParams:array (
)42000;1066;Not unique table/alias: 'article'
[ 2016-05-14T15:05:29+08:00 ]NOTICE: Undefined index: cnameE:\wamp\www\GYQ homework\5-10\blog\blog\Storage\view\compile\e83c71b54ebb5929045a43e66da8c3d5.php (31).
[ 2016-05-14T15:05:29+08:00 ]NOTICE: Undefined index: cnameE:\wamp\www\GYQ homework\5-10\blog\blog\Storage\view\compile\e83c71b54ebb5929045a43e66da8c3d5.php (31).
[ 2016-05-14T15:05:29+08:00 ]NOTICE: Undefined index: cnameE:\wamp\www\GYQ homework\5-10\blog\blog\Storage\view\compile\e83c71b54ebb5929045a43e66da8c3d5.php (31).
[ 2016-05-14T15:05:29+08:00 ]NOTICE: Undefined index: cnameE:\wamp\www\GYQ homework\5-10\blog\blog\Storage\view\compile\e83c71b54ebb5929045a43e66da8c3d5.php (31).
[ 2016-05-14T15:05:29+08:00 ]NOTICE: Undefined index: cnameE:\wamp\www\GYQ homework\5-10\blog\blog\Storage\view\compile\e83c71b54ebb5929045a43e66da8c3d5.php (31).
[ 2016-05-14T15:05:29+08:00 ]NOTICE: Undefined index: cnameE:\wamp\www\GYQ homework\5-10\blog\blog\Storage\view\compile\e83c71b54ebb5929045a43e66da8c3d5.php (31).
[ 2016-05-14T15:05:29+08:00 ]NOTICE: Undefined index: cnameE:\wamp\www\GYQ homework\5-10\blog\blog\Storage\view\compile\e83c71b54ebb5929045a43e66da8c3d5.php (31).
[ 2016-05-14T15:05:29+08:00 ]NOTICE: Undefined index: cnameE:\wamp\www\GYQ homework\5-10\blog\blog\Storage\view\compile\e83c71b54ebb5929045a43e66da8c3d5.php (31).
[ 2016-05-14T15:05:29+08:00 ]NOTICE: Undefined index: cnameE:\wamp\www\GYQ homework\5-10\blog\blog\Storage\view\compile\e83c71b54ebb5929045a43e66da8c3d5.php (31).
[ 2016-05-14T15:05:29+08:00 ]NOTICE: Undefined variable: pageE:\wamp\www\GYQ homework\5-10\blog\blog\Storage\view\compile\e83c71b54ebb5929045a43e66da8c3d5.php (41).
[ 2016-05-14T15:07:26+08:00 ]NOTICE: Undefined variable: pageE:\wamp\www\GYQ homework\5-10\blog\blog\Storage\view\compile\e83c71b54ebb5929045a43e66da8c3d5.php (41).
[ 2016-05-14T15:33:21+08:00 ]NOTICE: Undefined variable: pageE:\wamp\www\GYQ homework\5-10\blog\blog\App\Admin\Controller\ArcController.php (50).
[ 2016-05-14T15:50:47+08:00 ]NOTICE: Undefined variable: dataE:\wamp\www\GYQ homework\5-10\blog\blog\Storage\view\compile\796a2d67ceaae4b6bc5655476aaff41b.php (27).
[ 2016-05-14T15:50:47+08:00 ]NOTICE: Invalid argument supplied for foreach()E:\wamp\www\GYQ homework\5-10\blog\blog\Storage\view\compile\796a2d67ceaae4b6bc5655476aaff41b.php (27).
[ 2016-05-14T15:50:47+08:00 ]NOTICE: Undefined variable: pageE:\wamp\www\GYQ homework\5-10\blog\blog\Storage\view\compile\796a2d67ceaae4b6bc5655476aaff41b.php (41).
[ 2016-05-14T16:09:36+08:00 ]EXCEPTION: DELETE FROM article_tag WHERE article_aid5 ;BindParams:array (
)42S22;1054;Unknown column 'article_aid5' in 'where clause'
[ 2016-05-14T16:20:11+08:00 ]EXCEPTION: Method Admin\Controller\ArcController::edit() does not exist
[ 2016-05-14T16:31:15+08:00 ]NOTICE: Undefined offset: 0E:\wamp\www\GYQ homework\5-10\blog\blog\App\Admin\Controller\ArcController.php (57).
[ 2016-05-14T17:15:40+08:00 ]NOTICE: Undefined offset: 0E:\wamp\www\GYQ homework\5-10\blog\blog\App\Admin\Controller\ArcController.php (75).
[ 2016-05-14T17:15:40+08:00 ]EXCEPTION: 模板不存在:App/Admin/View/Arc/edit.php
[ 2016-05-14T17:38:15+08:00 ]NOTICE: Undefined offset: 0E:\wamp\www\GYQ homework\5-10\blog\blog\App\Admin\Controller\ArcController.php (75).
[ 2016-05-14T17:38:15+08:00 ]NOTICE: Undefined index: valueE:\wamp\www\GYQ homework\5-10\blog\blog\Hdphp\View\HdphpTag.php (154).
[ 2016-05-14T17:40:06+08:00 ]NOTICE: Undefined index: valueE:\wamp\www\GYQ homework\5-10\blog\blog\Hdphp\View\HdphpTag.php (154).
[ 2016-05-14T17:43:12+08:00 ]NOTICE: Undefined offset: 0E:\wamp\www\GYQ homework\5-10\blog\blog\App\Admin\Controller\ArcController.php (75).
[ 2016-05-14T17:48:22+08:00 ]NOTICE: Undefined offset: 0E:\wamp\www\GYQ homework\5-10\blog\blog\App\Admin\Controller\ArcController.php (75).
[ 2016-05-14T17:51:25+08:00 ]NOTICE: Undefined offset: 0E:\wamp\www\GYQ homework\5-10\blog\blog\App\Admin\Controller\ArcController.php (75).
[ 2016-05-14T17:54:52+08:00 ]NOTICE: Undefined offset: 0E:\wamp\www\GYQ homework\5-10\blog\blog\App\Admin\Controller\ArcController.php (74).
[ 2016-05-14T17:55:54+08:00 ]NOTICE: Undefined offset: 0E:\wamp\www\GYQ homework\5-10\blog\blog\App\Admin\Controller\ArcController.php (76).
[ 2016-05-14T17:56:23+08:00 ]NOTICE: Undefined offset: 0E:\wamp\www\GYQ homework\5-10\blog\blog\App\Admin\Controller\ArcController.php (76).
[ 2016-05-14T17:56:28+08:00 ]NOTICE: Undefined offset: 0E:\wamp\www\GYQ homework\5-10\blog\blog\App\Admin\Controller\ArcController.php (76).
[ 2016-05-14T19:13:26+08:00 ]EXCEPTION: Method Admin\Controller\ArcController::del() does not exist
[ 2016-05-14T19:34:54+08:00 ]EXCEPTION: 模板不存在:App/Admin/View/Arc/blogroll.php
[ 2016-05-14T22:54:55+08:00 ]NOTICE: Undefined index: thumbE:\wamp\www\GYQ homework\5-10\blog\blog\Storage\view\compile\be5c1cc6f7322bad3173147d39b426f9.php (46).
[ 2016-05-14T23:10:50+08:00 ]EXCEPTION: Method Admin\Controller\ArcController::del() does not exist
[ 2016-05-14T23:37:08+08:00 ]EXCEPTION: UPDATE article SET `is_cycle`=?  WHERE aid=12 ;BindParams:array (
  'is_cycle' => 1,
)42S22;1054;Unknown column 'is_cycle' in 'field list'
[ 2016-05-14T23:45:44+08:00 ]NOTICE: Undefined index: is_recycleE:\wamp\www\GYQ homework\5-10\blog\blog\Storage\view\compile\e83c71b54ebb5929045a43e66da8c3d5.php (30).
[ 2016-05-14T23:47:17+08:00 ]NOTICE: Undefined index: valueE:\wamp\www\GYQ homework\5-10\blog\blog\Hdphp\View\HdphpTag.php (154).
[ 2016-05-14T23:48:33+08:00 ]NOTICE: Undefined index: is_recycleE:\wamp\www\GYQ homework\5-10\blog\blog\Storage\view\compile\e83c71b54ebb5929045a43e66da8c3d5.php (30).
[ 2016-05-14T23:51:24+08:00 ]NOTICE: Undefined index: is_recycleE:\wamp\www\GYQ homework\5-10\blog\blog\Storage\view\compile\796a2d67ceaae4b6bc5655476aaff41b.php (30).
