[ 2016-05-16T14:11:20+08:00 ]EXCEPTION: Admin\Controller\WebSetController 不存在
[ 2016-05-16T14:11:38+08:00 ]EXCEPTION: Admin\Controller\WebSetController 不存在
[ 2016-05-16T14:11:40+08:00 ]EXCEPTION: Admin\Controller\WebSetController 不存在
[ 2016-05-16T14:11:45+08:00 ]EXCEPTION: Admin\Controller\WebSetController 不存在
[ 2016-05-16T14:12:21+08:00 ]EXCEPTION: Admin\Controller\WebSetController 不存在
[ 2016-05-16T14:12:27+08:00 ]EXCEPTION: Admin\Controller\WebSetController 不存在
[ 2016-05-16T14:12:53+08:00 ]EXCEPTION: Admin\Controller\WebSetController 不存在
[ 2016-05-16T14:26:07+08:00 ]NOTICE: Undefined variable: phpCodeE:\wamp\www\GYQ homework\5-10\blog\blog\App\Admin\Controller\WebSetController.php (32).
[ 2016-05-16T14:27:08+08:00 ]NOTICE: Undefined variable: dataE:\wamp\www\GYQ homework\5-10\blog\blog\App\Admin\Controller\WebSetController.php (32).
[ 2016-05-16T14:32:43+08:00 ]NOTICE: Undefined variable: dataE:\wamp\www\GYQ homework\5-10\blog\blog\App\Admin\Controller\WebSetController.php (32).
[ 2016-05-16T15:59:25+08:00 ]NOTICE: Division by zeroE:\wamp\www\GYQ homework\5-10\blog\blog\Hdphp\Code\Code.php (154).
[ 2016-05-16T15:59:25+08:00 ]NOTICE: Undefined variable: fontColorE:\wamp\www\GYQ homework\5-10\blog\blog\Hdphp\Code\Code.php (161).
[ 2016-05-16T16:42:19+08:00 ]NOTICE: Use of undefined constant Index - assumed 'Index'E:\wamp\www\GYQ homework\5-10\blog\blog\Storage\view\compile\6b525946d8170654f945fdfb52b21038.php (43).
[ 2016-05-16T16:42:55+08:00 ]NOTICE: Use of undefined constant Index - assumed 'Index'E:\wamp\www\GYQ homework\5-10\blog\blog\Storage\view\compile\6b525946d8170654f945fdfb52b21038.php (43).
[ 2016-05-16T16:42:58+08:00 ]NOTICE: Use of undefined constant Index - assumed 'Index'E:\wamp\www\GYQ homework\5-10\blog\blog\Storage\view\compile\6b525946d8170654f945fdfb52b21038.php (43).
[ 2016-05-16T16:49:47+08:00 ]NOTICE: Use of undefined constant Index - assumed 'Index'E:\wamp\www\GYQ homework\5-10\blog\blog\Storage\view\compile\6b525946d8170654f945fdfb52b21038.php (43).
[ 2016-05-16T16:51:17+08:00 ]EXCEPTION: Home\Controller\ListController 不存在
[ 2016-05-16T16:51:22+08:00 ]EXCEPTION: Home\Controller\ListController 不存在
[ 2016-05-16T17:13:20+08:00 ]EXCEPTION: SELECT  *  FROM category WHERE cid={$cid} LIMIT 1 ;BindParams:array (
)42000;1064;You have an error in your SQL syntax; check the manual that corresponds to your MySQL server version for the right syntax to use near '} LIMIT 1' at line 1
[ 2016-05-16T17:13:58+08:00 ]EXCEPTION: 模板不存在:App/Home/View/List/index.php
[ 2016-05-16T17:42:16+08:00 ]NOTICE: Undefined index: fromE:\wamp\www\GYQ homework\5-10\blog\blog\Hdphp\View\HdphpTag.php (134).
[ 2016-05-16T17:53:39+08:00 ]EXCEPTION: SELECT  *  FROM category WHERE cid={$cid} LIMIT 1 ;BindParams:array (
)42000;1064;You have an error in your SQL syntax; check the manual that corresponds to your MySQL server version for the right syntax to use near '} LIMIT 1' at line 1
[ 2016-05-16T17:56:11+08:00 ]EXCEPTION: SELECT  *  FROM category WHERE cid={$cid} LIMIT 1 ;BindParams:array (
)42000;1064;You have an error in your SQL syntax; check the manual that corresponds to your MySQL server version for the right syntax to use near '} LIMIT 1' at line 1
[ 2016-05-16T17:56:34+08:00 ]EXCEPTION: SELECT  *  FROM category WHERE cid={$cid} LIMIT 1 ;BindParams:array (
)42000;1064;You have an error in your SQL syntax; check the manual that corresponds to your MySQL server version for the right syntax to use near '} LIMIT 1' at line 1
[ 2016-05-16T17:56:40+08:00 ]EXCEPTION: SELECT  *  FROM category WHERE cid={$cid} LIMIT 1 ;BindParams:array (
)42000;1064;You have an error in your SQL syntax; check the manual that corresponds to your MySQL server version for the right syntax to use near '} LIMIT 1' at line 1
[ 2016-05-16T17:56:41+08:00 ]EXCEPTION: SELECT  *  FROM category WHERE cid={$cid} LIMIT 1 ;BindParams:array (
)42000;1064;You have an error in your SQL syntax; check the manual that corresponds to your MySQL server version for the right syntax to use near '} LIMIT 1' at line 1
[ 2016-05-16T17:56:51+08:00 ]EXCEPTION: SELECT  *  FROM category WHERE cid={$cid} LIMIT 1 ;BindParams:array (
)42000;1064;You have an error in your SQL syntax; check the manual that corresponds to your MySQL server version for the right syntax to use near '} LIMIT 1' at line 1
[ 2016-05-16T17:58:15+08:00 ]EXCEPTION: SELECT  *  FROM category WHERE cid={$cid} LIMIT 1 ;BindParams:array (
)42000;1064;You have an error in your SQL syntax; check the manual that corresponds to your MySQL server version for the right syntax to use near '} LIMIT 1' at line 1
[ 2016-05-16T17:58:44+08:00 ]EXCEPTION: SELECT  *  FROM category WHERE cid={$cid} LIMIT 1 ;BindParams:array (
)42000;1064;You have an error in your SQL syntax; check the manual that corresponds to your MySQL server version for the right syntax to use near '} LIMIT 1' at line 1
[ 2016-05-16T17:58:48+08:00 ]EXCEPTION: SELECT  *  FROM category WHERE cid={$cid} LIMIT 1 ;BindParams:array (
)42000;1064;You have an error in your SQL syntax; check the manual that corresponds to your MySQL server version for the right syntax to use near '} LIMIT 1' at line 1
[ 2016-05-16T17:59:42+08:00 ]EXCEPTION: SELECT  *  FROM category WHERE cid={$cid} LIMIT 1 ;BindParams:array (
)42000;1064;You have an error in your SQL syntax; check the manual that corresponds to your MySQL server version for the right syntax to use near '} LIMIT 1' at line 1
[ 2016-05-16T18:00:45+08:00 ]NOTICE: Undefined index: fromE:\wamp\www\GYQ homework\5-10\blog\blog\Hdphp\View\HdphpTag.php (134).
[ 2016-05-16T18:08:08+08:00 ]NOTICE: Invalid argument supplied for foreach()E:\wamp\www\GYQ homework\5-10\blog\blog\Storage\view\compile\9c5abaaa6f02cf73c9209d43230d6294.php (79).
[ 2016-05-16T18:19:36+08:00 ]NOTICE: Invalid argument supplied for foreach()E:\wamp\www\GYQ homework\5-10\blog\blog\Storage\view\compile\9c5abaaa6f02cf73c9209d43230d6294.php (79).
[ 2016-05-16T18:20:54+08:00 ]NOTICE: Invalid argument supplied for foreach()E:\wamp\www\GYQ homework\5-10\blog\blog\Storage\view\compile\9c5abaaa6f02cf73c9209d43230d6294.php (79).
[ 2016-05-16T20:21:47+08:00 ]NOTICE: Undefined index: tnameE:\wamp\www\GYQ homework\5-10\blog\blog\Storage\view\compile\def213796d3ea98e9ec2b01ad7347732.php (31).
[ 2016-05-16T20:21:47+08:00 ]NOTICE: Undefined index: tnameE:\wamp\www\GYQ homework\5-10\blog\blog\Storage\view\compile\def213796d3ea98e9ec2b01ad7347732.php (31).
[ 2016-05-16T20:21:47+08:00 ]NOTICE: Undefined index: tnameE:\wamp\www\GYQ homework\5-10\blog\blog\Storage\view\compile\def213796d3ea98e9ec2b01ad7347732.php (31).
[ 2016-05-16T20:21:47+08:00 ]NOTICE: Undefined index: tnameE:\wamp\www\GYQ homework\5-10\blog\blog\Storage\view\compile\def213796d3ea98e9ec2b01ad7347732.php (31).
[ 2016-05-16T20:21:47+08:00 ]NOTICE: Undefined index: tnameE:\wamp\www\GYQ homework\5-10\blog\blog\Storage\view\compile\def213796d3ea98e9ec2b01ad7347732.php (31).
[ 2016-05-16T20:21:47+08:00 ]NOTICE: Undefined index: tnameE:\wamp\www\GYQ homework\5-10\blog\blog\Storage\view\compile\def213796d3ea98e9ec2b01ad7347732.php (31).
[ 2016-05-16T20:21:47+08:00 ]NOTICE: Undefined index: tnameE:\wamp\www\GYQ homework\5-10\blog\blog\Storage\view\compile\def213796d3ea98e9ec2b01ad7347732.php (31).
[ 2016-05-16T20:21:47+08:00 ]NOTICE: Undefined index: tnameE:\wamp\www\GYQ homework\5-10\blog\blog\Storage\view\compile\def213796d3ea98e9ec2b01ad7347732.php (31).
[ 2016-05-16T20:21:47+08:00 ]NOTICE: Undefined index: tnameE:\wamp\www\GYQ homework\5-10\blog\blog\Storage\view\compile\def213796d3ea98e9ec2b01ad7347732.php (31).
[ 2016-05-16T20:40:59+08:00 ]NOTICE: Undefined variable: nameE:\wamp\www\GYQ homework\5-10\blog\blog\App\Home\Controller\ListController.php (49).
[ 2016-05-16T20:40:59+08:00 ]NOTICE: Undefined variable: valueE:\wamp\www\GYQ homework\5-10\blog\blog\App\Home\Controller\ListController.php (50).
[ 2016-05-16T20:40:59+08:00 ]NOTICE: Undefined variable: countE:\wamp\www\GYQ homework\5-10\blog\blog\App\Home\Controller\ListController.php (51).
[ 2016-05-16T20:40:59+08:00 ]NOTICE: Undefined variable: dataE:\wamp\www\GYQ homework\5-10\blog\blog\App\Home\Controller\ListController.php (52).
[ 2016-05-16T20:40:59+08:00 ]NOTICE: Invalid argument supplied for foreach()E:\wamp\www\GYQ homework\5-10\blog\blog\Storage\view\compile\9c5abaaa6f02cf73c9209d43230d6294.php (77).
[ 2016-05-16T20:41:56+08:00 ]NOTICE: Undefined variable: nameE:\wamp\www\GYQ homework\5-10\blog\blog\App\Home\Controller\ListController.php (49).
[ 2016-05-16T20:41:56+08:00 ]NOTICE: Undefined variable: valueE:\wamp\www\GYQ homework\5-10\blog\blog\App\Home\Controller\ListController.php (50).
[ 2016-05-16T20:41:56+08:00 ]NOTICE: Undefined variable: countE:\wamp\www\GYQ homework\5-10\blog\blog\App\Home\Controller\ListController.php (51).
[ 2016-05-16T20:41:56+08:00 ]NOTICE: Undefined variable: dataE:\wamp\www\GYQ homework\5-10\blog\blog\App\Home\Controller\ListController.php (52).
[ 2016-05-16T20:41:56+08:00 ]NOTICE: Invalid argument supplied for foreach()E:\wamp\www\GYQ homework\5-10\blog\blog\Storage\view\compile\9c5abaaa6f02cf73c9209d43230d6294.php (77).
[ 2016-05-16T20:42:15+08:00 ]NOTICE: Undefined variable: nameE:\wamp\www\GYQ homework\5-10\blog\blog\App\Home\Controller\ListController.php (49).
[ 2016-05-16T20:42:15+08:00 ]NOTICE: Undefined variable: valueE:\wamp\www\GYQ homework\5-10\blog\blog\App\Home\Controller\ListController.php (50).
[ 2016-05-16T20:42:15+08:00 ]NOTICE: Undefined variable: countE:\wamp\www\GYQ homework\5-10\blog\blog\App\Home\Controller\ListController.php (51).
[ 2016-05-16T20:42:15+08:00 ]NOTICE: Undefined variable: dataE:\wamp\www\GYQ homework\5-10\blog\blog\App\Home\Controller\ListController.php (52).
[ 2016-05-16T20:42:15+08:00 ]NOTICE: Invalid argument supplied for foreach()E:\wamp\www\GYQ homework\5-10\blog\blog\Storage\view\compile\9c5abaaa6f02cf73c9209d43230d6294.php (77).
[ 2016-05-16T20:43:35+08:00 ]NOTICE: Undefined variable: nameE:\wamp\www\GYQ homework\5-10\blog\blog\App\Home\Controller\ListController.php (49).
[ 2016-05-16T20:43:35+08:00 ]NOTICE: Undefined variable: valueE:\wamp\www\GYQ homework\5-10\blog\blog\App\Home\Controller\ListController.php (50).
[ 2016-05-16T20:43:35+08:00 ]NOTICE: Undefined variable: countE:\wamp\www\GYQ homework\5-10\blog\blog\App\Home\Controller\ListController.php (51).
[ 2016-05-16T20:43:35+08:00 ]NOTICE: Undefined variable: dataE:\wamp\www\GYQ homework\5-10\blog\blog\App\Home\Controller\ListController.php (52).
[ 2016-05-16T20:43:35+08:00 ]NOTICE: Invalid argument supplied for foreach()E:\wamp\www\GYQ homework\5-10\blog\blog\Storage\view\compile\9c5abaaa6f02cf73c9209d43230d6294.php (77).
[ 2016-05-16T21:04:32+08:00 ]EXCEPTION: List\Controller\IndexController 不存在
[ 2016-05-16T21:04:43+08:00 ]EXCEPTION: List\Controller\IndexController 不存在
[ 2016-05-16T21:05:05+08:00 ]EXCEPTION: List\Controller\IndexController 不存在
[ 2016-05-16T21:07:58+08:00 ]EXCEPTION: List\Controller\IndexController 不存在
[ 2016-05-16T21:08:16+08:00 ]EXCEPTION: List\Controller\IndexController 不存在
[ 2016-05-16T21:08:23+08:00 ]EXCEPTION: List\Controller\IndexController 不存在
[ 2016-05-16T21:08:32+08:00 ]EXCEPTION: List\Controller\IndexController 不存在
[ 2016-05-16T21:08:51+08:00 ]EXCEPTION: List\Controller\IndexController 不存在
[ 2016-05-16T21:09:19+08:00 ]EXCEPTION: List\Controller\IndexController 不存在
