[ 2016-05-17T10:06:26+08:00 ]NOTICE: Use of undefined constant index - assumed 'index'E:\wamp\www\GYQ homework\5-10\blog\blog\Storage\view\compile\952b50a9ab9ea38508f506e7f6256b59.php (45).
[ 2016-05-17T10:24:57+08:00 ]NOTICE: Undefined index: tidE:\wamp\www\GYQ homework\5-10\blog\blog\Storage\view\compile\5ae8f8c3aa1a93e050446c9592b27cf0.php (50).
[ 2016-05-17T10:24:57+08:00 ]NOTICE: Undefined index: tidE:\wamp\www\GYQ homework\5-10\blog\blog\Storage\view\compile\5ae8f8c3aa1a93e050446c9592b27cf0.php (50).
[ 2016-05-17T10:24:57+08:00 ]NOTICE: Undefined index: tidE:\wamp\www\GYQ homework\5-10\blog\blog\Storage\view\compile\5ae8f8c3aa1a93e050446c9592b27cf0.php (50).
[ 2016-05-17T10:24:57+08:00 ]NOTICE: Undefined index: tidE:\wamp\www\GYQ homework\5-10\blog\blog\Storage\view\compile\5ae8f8c3aa1a93e050446c9592b27cf0.php (50).
[ 2016-05-17T10:24:57+08:00 ]NOTICE: Undefined index: tidE:\wamp\www\GYQ homework\5-10\blog\blog\Storage\view\compile\5ae8f8c3aa1a93e050446c9592b27cf0.php (50).
[ 2016-05-17T10:24:57+08:00 ]NOTICE: Undefined index: tidE:\wamp\www\GYQ homework\5-10\blog\blog\Storage\view\compile\5ae8f8c3aa1a93e050446c9592b27cf0.php (50).
[ 2016-05-17T10:24:57+08:00 ]NOTICE: Undefined index: tidE:\wamp\www\GYQ homework\5-10\blog\blog\Storage\view\compile\5ae8f8c3aa1a93e050446c9592b27cf0.php (50).
[ 2016-05-17T10:24:57+08:00 ]NOTICE: Undefined index: tidE:\wamp\www\GYQ homework\5-10\blog\blog\Storage\view\compile\5ae8f8c3aa1a93e050446c9592b27cf0.php (50).
[ 2016-05-17T10:24:57+08:00 ]NOTICE: Undefined index: tidE:\wamp\www\GYQ homework\5-10\blog\blog\Storage\view\compile\5ae8f8c3aa1a93e050446c9592b27cf0.php (50).
[ 2016-05-17T10:24:57+08:00 ]NOTICE: Undefined index: tidE:\wamp\www\GYQ homework\5-10\blog\blog\Storage\view\compile\5ae8f8c3aa1a93e050446c9592b27cf0.php (50).
[ 2016-05-17T10:24:57+08:00 ]NOTICE: Undefined index: tidE:\wamp\www\GYQ homework\5-10\blog\blog\Storage\view\compile\5ae8f8c3aa1a93e050446c9592b27cf0.php (50).
[ 2016-05-17T10:24:57+08:00 ]NOTICE: Undefined index: tidE:\wamp\www\GYQ homework\5-10\blog\blog\Storage\view\compile\5ae8f8c3aa1a93e050446c9592b27cf0.php (50).
[ 2016-05-17T10:24:57+08:00 ]NOTICE: Undefined index: tidE:\wamp\www\GYQ homework\5-10\blog\blog\Storage\view\compile\5ae8f8c3aa1a93e050446c9592b27cf0.php (50).
[ 2016-05-17T10:25:02+08:00 ]NOTICE: Undefined index: tidE:\wamp\www\GYQ homework\5-10\blog\blog\Storage\view\compile\05ea73906a0949539f3d399eb91bc63f.php (50).
[ 2016-05-17T10:25:02+08:00 ]NOTICE: Undefined index: tidE:\wamp\www\GYQ homework\5-10\blog\blog\Storage\view\compile\05ea73906a0949539f3d399eb91bc63f.php (50).
[ 2016-05-17T10:25:02+08:00 ]NOTICE: Undefined index: tidE:\wamp\www\GYQ homework\5-10\blog\blog\Storage\view\compile\05ea73906a0949539f3d399eb91bc63f.php (50).
[ 2016-05-17T10:25:02+08:00 ]NOTICE: Undefined index: tidE:\wamp\www\GYQ homework\5-10\blog\blog\Storage\view\compile\05ea73906a0949539f3d399eb91bc63f.php (50).
[ 2016-05-17T10:25:02+08:00 ]NOTICE: Undefined index: tidE:\wamp\www\GYQ homework\5-10\blog\blog\Storage\view\compile\05ea73906a0949539f3d399eb91bc63f.php (50).
[ 2016-05-17T10:25:02+08:00 ]NOTICE: Undefined index: tidE:\wamp\www\GYQ homework\5-10\blog\blog\Storage\view\compile\05ea73906a0949539f3d399eb91bc63f.php (50).
[ 2016-05-17T10:25:02+08:00 ]NOTICE: Undefined index: tidE:\wamp\www\GYQ homework\5-10\blog\blog\Storage\view\compile\05ea73906a0949539f3d399eb91bc63f.php (50).
[ 2016-05-17T10:25:02+08:00 ]NOTICE: Undefined index: tidE:\wamp\www\GYQ homework\5-10\blog\blog\Storage\view\compile\05ea73906a0949539f3d399eb91bc63f.php (50).
[ 2016-05-17T10:25:02+08:00 ]NOTICE: Undefined index: tidE:\wamp\www\GYQ homework\5-10\blog\blog\Storage\view\compile\05ea73906a0949539f3d399eb91bc63f.php (50).
[ 2016-05-17T10:25:02+08:00 ]NOTICE: Undefined index: tidE:\wamp\www\GYQ homework\5-10\blog\blog\Storage\view\compile\05ea73906a0949539f3d399eb91bc63f.php (50).
[ 2016-05-17T10:25:02+08:00 ]NOTICE: Undefined index: tidE:\wamp\www\GYQ homework\5-10\blog\blog\Storage\view\compile\05ea73906a0949539f3d399eb91bc63f.php (50).
[ 2016-05-17T10:25:02+08:00 ]NOTICE: Undefined index: tidE:\wamp\www\GYQ homework\5-10\blog\blog\Storage\view\compile\05ea73906a0949539f3d399eb91bc63f.php (50).
[ 2016-05-17T10:25:02+08:00 ]NOTICE: Undefined index: tidE:\wamp\www\GYQ homework\5-10\blog\blog\Storage\view\compile\05ea73906a0949539f3d399eb91bc63f.php (50).
[ 2016-05-17T10:25:09+08:00 ]NOTICE: Undefined index: tidE:\wamp\www\GYQ homework\5-10\blog\blog\Storage\view\compile\05ea73906a0949539f3d399eb91bc63f.php (50).
[ 2016-05-17T10:25:09+08:00 ]NOTICE: Undefined index: tidE:\wamp\www\GYQ homework\5-10\blog\blog\Storage\view\compile\05ea73906a0949539f3d399eb91bc63f.php (50).
[ 2016-05-17T10:25:09+08:00 ]NOTICE: Undefined index: tidE:\wamp\www\GYQ homework\5-10\blog\blog\Storage\view\compile\05ea73906a0949539f3d399eb91bc63f.php (50).
[ 2016-05-17T10:25:09+08:00 ]NOTICE: Undefined index: tidE:\wamp\www\GYQ homework\5-10\blog\blog\Storage\view\compile\05ea73906a0949539f3d399eb91bc63f.php (50).
[ 2016-05-17T10:25:09+08:00 ]NOTICE: Undefined index: tidE:\wamp\www\GYQ homework\5-10\blog\blog\Storage\view\compile\05ea73906a0949539f3d399eb91bc63f.php (50).
[ 2016-05-17T10:25:09+08:00 ]NOTICE: Undefined index: tidE:\wamp\www\GYQ homework\5-10\blog\blog\Storage\view\compile\05ea73906a0949539f3d399eb91bc63f.php (50).
[ 2016-05-17T10:25:09+08:00 ]NOTICE: Undefined index: tidE:\wamp\www\GYQ homework\5-10\blog\blog\Storage\view\compile\05ea73906a0949539f3d399eb91bc63f.php (50).
[ 2016-05-17T10:25:09+08:00 ]NOTICE: Undefined index: tidE:\wamp\www\GYQ homework\5-10\blog\blog\Storage\view\compile\05ea73906a0949539f3d399eb91bc63f.php (50).
[ 2016-05-17T10:25:09+08:00 ]NOTICE: Undefined index: tidE:\wamp\www\GYQ homework\5-10\blog\blog\Storage\view\compile\05ea73906a0949539f3d399eb91bc63f.php (50).
[ 2016-05-17T10:25:09+08:00 ]NOTICE: Undefined index: tidE:\wamp\www\GYQ homework\5-10\blog\blog\Storage\view\compile\05ea73906a0949539f3d399eb91bc63f.php (50).
[ 2016-05-17T10:25:09+08:00 ]NOTICE: Undefined index: tidE:\wamp\www\GYQ homework\5-10\blog\blog\Storage\view\compile\05ea73906a0949539f3d399eb91bc63f.php (50).
[ 2016-05-17T10:25:09+08:00 ]NOTICE: Undefined index: tidE:\wamp\www\GYQ homework\5-10\blog\blog\Storage\view\compile\05ea73906a0949539f3d399eb91bc63f.php (50).
[ 2016-05-17T10:25:09+08:00 ]NOTICE: Undefined index: tidE:\wamp\www\GYQ homework\5-10\blog\blog\Storage\view\compile\05ea73906a0949539f3d399eb91bc63f.php (50).
[ 2016-05-17T10:25:11+08:00 ]NOTICE: Undefined index: tidE:\wamp\www\GYQ homework\5-10\blog\blog\Storage\view\compile\05ea73906a0949539f3d399eb91bc63f.php (50).
[ 2016-05-17T10:25:11+08:00 ]NOTICE: Undefined index: tidE:\wamp\www\GYQ homework\5-10\blog\blog\Storage\view\compile\05ea73906a0949539f3d399eb91bc63f.php (50).
[ 2016-05-17T10:25:11+08:00 ]NOTICE: Undefined index: tidE:\wamp\www\GYQ homework\5-10\blog\blog\Storage\view\compile\05ea73906a0949539f3d399eb91bc63f.php (50).
[ 2016-05-17T10:25:11+08:00 ]NOTICE: Undefined index: tidE:\wamp\www\GYQ homework\5-10\blog\blog\Storage\view\compile\05ea73906a0949539f3d399eb91bc63f.php (50).
[ 2016-05-17T10:25:11+08:00 ]NOTICE: Undefined index: tidE:\wamp\www\GYQ homework\5-10\blog\blog\Storage\view\compile\05ea73906a0949539f3d399eb91bc63f.php (50).
[ 2016-05-17T10:25:11+08:00 ]NOTICE: Undefined index: tidE:\wamp\www\GYQ homework\5-10\blog\blog\Storage\view\compile\05ea73906a0949539f3d399eb91bc63f.php (50).
[ 2016-05-17T10:25:11+08:00 ]NOTICE: Undefined index: tidE:\wamp\www\GYQ homework\5-10\blog\blog\Storage\view\compile\05ea73906a0949539f3d399eb91bc63f.php (50).
[ 2016-05-17T10:25:11+08:00 ]NOTICE: Undefined index: tidE:\wamp\www\GYQ homework\5-10\blog\blog\Storage\view\compile\05ea73906a0949539f3d399eb91bc63f.php (50).
[ 2016-05-17T10:25:11+08:00 ]NOTICE: Undefined index: tidE:\wamp\www\GYQ homework\5-10\blog\blog\Storage\view\compile\05ea73906a0949539f3d399eb91bc63f.php (50).
[ 2016-05-17T10:25:11+08:00 ]NOTICE: Undefined index: tidE:\wamp\www\GYQ homework\5-10\blog\blog\Storage\view\compile\05ea73906a0949539f3d399eb91bc63f.php (50).
[ 2016-05-17T10:25:11+08:00 ]NOTICE: Undefined index: tidE:\wamp\www\GYQ homework\5-10\blog\blog\Storage\view\compile\05ea73906a0949539f3d399eb91bc63f.php (50).
[ 2016-05-17T10:25:11+08:00 ]NOTICE: Undefined index: tidE:\wamp\www\GYQ homework\5-10\blog\blog\Storage\view\compile\05ea73906a0949539f3d399eb91bc63f.php (50).
[ 2016-05-17T10:25:11+08:00 ]NOTICE: Undefined index: tidE:\wamp\www\GYQ homework\5-10\blog\blog\Storage\view\compile\05ea73906a0949539f3d399eb91bc63f.php (50).
[ 2016-05-17T10:26:10+08:00 ]NOTICE: Undefined index: tidE:\wamp\www\GYQ homework\5-10\blog\blog\Storage\view\compile\05ea73906a0949539f3d399eb91bc63f.php (50).
[ 2016-05-17T10:26:10+08:00 ]NOTICE: Undefined index: tidE:\wamp\www\GYQ homework\5-10\blog\blog\Storage\view\compile\05ea73906a0949539f3d399eb91bc63f.php (50).
[ 2016-05-17T10:26:10+08:00 ]NOTICE: Undefined index: tidE:\wamp\www\GYQ homework\5-10\blog\blog\Storage\view\compile\05ea73906a0949539f3d399eb91bc63f.php (50).
[ 2016-05-17T10:26:10+08:00 ]NOTICE: Undefined index: tidE:\wamp\www\GYQ homework\5-10\blog\blog\Storage\view\compile\05ea73906a0949539f3d399eb91bc63f.php (50).
[ 2016-05-17T10:26:10+08:00 ]NOTICE: Undefined index: tidE:\wamp\www\GYQ homework\5-10\blog\blog\Storage\view\compile\05ea73906a0949539f3d399eb91bc63f.php (50).
[ 2016-05-17T10:26:10+08:00 ]NOTICE: Undefined index: tidE:\wamp\www\GYQ homework\5-10\blog\blog\Storage\view\compile\05ea73906a0949539f3d399eb91bc63f.php (50).
[ 2016-05-17T10:26:10+08:00 ]NOTICE: Undefined index: tidE:\wamp\www\GYQ homework\5-10\blog\blog\Storage\view\compile\05ea73906a0949539f3d399eb91bc63f.php (50).
[ 2016-05-17T10:26:10+08:00 ]NOTICE: Undefined index: tidE:\wamp\www\GYQ homework\5-10\blog\blog\Storage\view\compile\05ea73906a0949539f3d399eb91bc63f.php (50).
[ 2016-05-17T10:26:10+08:00 ]NOTICE: Undefined index: tidE:\wamp\www\GYQ homework\5-10\blog\blog\Storage\view\compile\05ea73906a0949539f3d399eb91bc63f.php (50).
[ 2016-05-17T10:26:10+08:00 ]NOTICE: Undefined index: tidE:\wamp\www\GYQ homework\5-10\blog\blog\Storage\view\compile\05ea73906a0949539f3d399eb91bc63f.php (50).
[ 2016-05-17T10:26:10+08:00 ]NOTICE: Undefined index: tidE:\wamp\www\GYQ homework\5-10\blog\blog\Storage\view\compile\05ea73906a0949539f3d399eb91bc63f.php (50).
[ 2016-05-17T10:26:10+08:00 ]NOTICE: Undefined index: tidE:\wamp\www\GYQ homework\5-10\blog\blog\Storage\view\compile\05ea73906a0949539f3d399eb91bc63f.php (50).
[ 2016-05-17T10:26:10+08:00 ]NOTICE: Undefined index: tidE:\wamp\www\GYQ homework\5-10\blog\blog\Storage\view\compile\05ea73906a0949539f3d399eb91bc63f.php (50).
[ 2016-05-17T10:26:14+08:00 ]NOTICE: Undefined index: tidE:\wamp\www\GYQ homework\5-10\blog\blog\Storage\view\compile\05ea73906a0949539f3d399eb91bc63f.php (50).
[ 2016-05-17T10:26:14+08:00 ]NOTICE: Undefined index: tidE:\wamp\www\GYQ homework\5-10\blog\blog\Storage\view\compile\05ea73906a0949539f3d399eb91bc63f.php (50).
[ 2016-05-17T10:26:14+08:00 ]NOTICE: Undefined index: tidE:\wamp\www\GYQ homework\5-10\blog\blog\Storage\view\compile\05ea73906a0949539f3d399eb91bc63f.php (50).
[ 2016-05-17T10:26:14+08:00 ]NOTICE: Undefined index: tidE:\wamp\www\GYQ homework\5-10\blog\blog\Storage\view\compile\05ea73906a0949539f3d399eb91bc63f.php (50).
[ 2016-05-17T10:26:15+08:00 ]NOTICE: Undefined index: tidE:\wamp\www\GYQ homework\5-10\blog\blog\Storage\view\compile\05ea73906a0949539f3d399eb91bc63f.php (50).
[ 2016-05-17T10:26:15+08:00 ]NOTICE: Undefined index: tidE:\wamp\www\GYQ homework\5-10\blog\blog\Storage\view\compile\05ea73906a0949539f3d399eb91bc63f.php (50).
[ 2016-05-17T10:26:15+08:00 ]NOTICE: Undefined index: tidE:\wamp\www\GYQ homework\5-10\blog\blog\Storage\view\compile\05ea73906a0949539f3d399eb91bc63f.php (50).
[ 2016-05-17T10:26:15+08:00 ]NOTICE: Undefined index: tidE:\wamp\www\GYQ homework\5-10\blog\blog\Storage\view\compile\05ea73906a0949539f3d399eb91bc63f.php (50).
[ 2016-05-17T10:26:15+08:00 ]NOTICE: Undefined index: tidE:\wamp\www\GYQ homework\5-10\blog\blog\Storage\view\compile\05ea73906a0949539f3d399eb91bc63f.php (50).
[ 2016-05-17T10:26:15+08:00 ]NOTICE: Undefined index: tidE:\wamp\www\GYQ homework\5-10\blog\blog\Storage\view\compile\05ea73906a0949539f3d399eb91bc63f.php (50).
[ 2016-05-17T10:26:15+08:00 ]NOTICE: Undefined index: tidE:\wamp\www\GYQ homework\5-10\blog\blog\Storage\view\compile\05ea73906a0949539f3d399eb91bc63f.php (50).
[ 2016-05-17T10:26:15+08:00 ]NOTICE: Undefined index: tidE:\wamp\www\GYQ homework\5-10\blog\blog\Storage\view\compile\05ea73906a0949539f3d399eb91bc63f.php (50).
[ 2016-05-17T10:26:15+08:00 ]NOTICE: Undefined index: tidE:\wamp\www\GYQ homework\5-10\blog\blog\Storage\view\compile\05ea73906a0949539f3d399eb91bc63f.php (50).
[ 2016-05-17T10:29:51+08:00 ]NOTICE: Undefined variable: cidE:\wamp\www\GYQ homework\5-10\blog\blog\Storage\view\compile\05ea73906a0949539f3d399eb91bc63f.php (42).
[ 2016-05-17T10:29:51+08:00 ]NOTICE: Undefined variable: tidE:\wamp\www\GYQ homework\5-10\blog\blog\Storage\view\compile\05ea73906a0949539f3d399eb91bc63f.php (63).
[ 2016-05-17T10:29:51+08:00 ]NOTICE: Undefined variable: tagDataE:\wamp\www\GYQ homework\5-10\blog\blog\Storage\view\compile\05ea73906a0949539f3d399eb91bc63f.php (86).
[ 2016-05-17T10:29:51+08:00 ]NOTICE: Invalid argument supplied for foreach()E:\wamp\www\GYQ homework\5-10\blog\blog\Storage\view\compile\05ea73906a0949539f3d399eb91bc63f.php (86).
[ 2016-05-17T10:34:01+08:00 ]NOTICE: Invalid argument supplied for foreach()E:\wamp\www\GYQ homework\5-10\blog\blog\Hdphp\Db\Mysql.php (582).
[ 2016-05-17T10:34:17+08:00 ]NOTICE: Invalid argument supplied for foreach()E:\wamp\www\GYQ homework\5-10\blog\blog\Hdphp\Db\Mysql.php (582).
[ 2016-05-17T10:40:08+08:00 ]NOTICE: Undefined variable: valueE:\wamp\www\GYQ homework\5-10\blog\blog\Storage\view\compile\2285f5ecd290c2ae060f2c24a56dc0d2.php (80).
[ 2016-05-17T10:40:08+08:00 ]NOTICE: Undefined variable: valueE:\wamp\www\GYQ homework\5-10\blog\blog\Storage\view\compile\2285f5ecd290c2ae060f2c24a56dc0d2.php (80).
[ 2016-05-17T10:40:08+08:00 ]NOTICE: Undefined variable: valueE:\wamp\www\GYQ homework\5-10\blog\blog\Storage\view\compile\2285f5ecd290c2ae060f2c24a56dc0d2.php (80).
[ 2016-05-17T10:42:46+08:00 ]NOTICE: Use of undefined constant aid - assumed 'aid'E:\wamp\www\GYQ homework\5-10\blog\blog\Storage\view\compile\9c5abaaa6f02cf73c9209d43230d6294.php (98).
[ 2016-05-17T10:42:46+08:00 ]NOTICE: Use of undefined constant aid - assumed 'aid'E:\wamp\www\GYQ homework\5-10\blog\blog\Storage\view\compile\9c5abaaa6f02cf73c9209d43230d6294.php (98).
[ 2016-05-17T10:43:37+08:00 ]NOTICE: Undefined variable: valueE:\wamp\www\GYQ homework\5-10\blog\blog\Storage\view\compile\2285f5ecd290c2ae060f2c24a56dc0d2.php (80).
[ 2016-05-17T10:43:37+08:00 ]NOTICE: Undefined variable: valueE:\wamp\www\GYQ homework\5-10\blog\blog\Storage\view\compile\2285f5ecd290c2ae060f2c24a56dc0d2.php (80).
[ 2016-05-17T10:43:47+08:00 ]NOTICE: Undefined variable: valueE:\wamp\www\GYQ homework\5-10\blog\blog\Storage\view\compile\2285f5ecd290c2ae060f2c24a56dc0d2.php (80).
[ 2016-05-17T10:43:47+08:00 ]NOTICE: Undefined variable: valueE:\wamp\www\GYQ homework\5-10\blog\blog\Storage\view\compile\2285f5ecd290c2ae060f2c24a56dc0d2.php (80).
[ 2016-05-17T10:43:47+08:00 ]NOTICE: Undefined variable: valueE:\wamp\www\GYQ homework\5-10\blog\blog\Storage\view\compile\2285f5ecd290c2ae060f2c24a56dc0d2.php (80).
[ 2016-05-17T10:43:47+08:00 ]NOTICE: Undefined variable: valueE:\wamp\www\GYQ homework\5-10\blog\blog\Storage\view\compile\2285f5ecd290c2ae060f2c24a56dc0d2.php (80).
[ 2016-05-17T11:22:21+08:00 ]NOTICE: Undefined index: tidE:\wamp\www\GYQ homework\5-10\blog\blog\Storage\view\compile\9c5abaaa6f02cf73c9209d43230d6294.php (103).
[ 2016-05-17T11:22:21+08:00 ]NOTICE: Undefined index: tidE:\wamp\www\GYQ homework\5-10\blog\blog\Storage\view\compile\9c5abaaa6f02cf73c9209d43230d6294.php (103).
[ 2016-05-17T11:22:21+08:00 ]NOTICE: Undefined index: tidE:\wamp\www\GYQ homework\5-10\blog\blog\Storage\view\compile\9c5abaaa6f02cf73c9209d43230d6294.php (103).
[ 2016-05-17T11:22:21+08:00 ]NOTICE: Undefined index: tidE:\wamp\www\GYQ homework\5-10\blog\blog\Storage\view\compile\9c5abaaa6f02cf73c9209d43230d6294.php (103).
[ 2016-05-17T11:22:21+08:00 ]NOTICE: Undefined index: tidE:\wamp\www\GYQ homework\5-10\blog\blog\Storage\view\compile\9c5abaaa6f02cf73c9209d43230d6294.php (103).
[ 2016-05-17T11:22:21+08:00 ]NOTICE: Undefined index: tidE:\wamp\www\GYQ homework\5-10\blog\blog\Storage\view\compile\9c5abaaa6f02cf73c9209d43230d6294.php (103).
[ 2016-05-17T11:23:58+08:00 ]NOTICE: Undefined index: tidE:\wamp\www\GYQ homework\5-10\blog\blog\Storage\view\compile\9c5abaaa6f02cf73c9209d43230d6294.php (103).
[ 2016-05-17T11:23:58+08:00 ]NOTICE: Undefined index: tidE:\wamp\www\GYQ homework\5-10\blog\blog\Storage\view\compile\9c5abaaa6f02cf73c9209d43230d6294.php (103).
[ 2016-05-17T11:23:58+08:00 ]NOTICE: Undefined index: tidE:\wamp\www\GYQ homework\5-10\blog\blog\Storage\view\compile\9c5abaaa6f02cf73c9209d43230d6294.php (103).
[ 2016-05-17T11:23:58+08:00 ]NOTICE: Undefined index: tidE:\wamp\www\GYQ homework\5-10\blog\blog\Storage\view\compile\9c5abaaa6f02cf73c9209d43230d6294.php (103).
[ 2016-05-17T11:23:58+08:00 ]NOTICE: Undefined index: tidE:\wamp\www\GYQ homework\5-10\blog\blog\Storage\view\compile\9c5abaaa6f02cf73c9209d43230d6294.php (103).
[ 2016-05-17T11:23:58+08:00 ]NOTICE: Undefined index: tidE:\wamp\www\GYQ homework\5-10\blog\blog\Storage\view\compile\9c5abaaa6f02cf73c9209d43230d6294.php (103).
[ 2016-05-17T11:24:13+08:00 ]NOTICE: Undefined index: tidE:\wamp\www\GYQ homework\5-10\blog\blog\Storage\view\compile\9c5abaaa6f02cf73c9209d43230d6294.php (103).
[ 2016-05-17T11:24:13+08:00 ]NOTICE: Undefined index: tidE:\wamp\www\GYQ homework\5-10\blog\blog\Storage\view\compile\9c5abaaa6f02cf73c9209d43230d6294.php (103).
[ 2016-05-17T11:25:51+08:00 ]NOTICE: Undefined variable: valueE:\wamp\www\GYQ homework\5-10\blog\blog\Storage\view\compile\2285f5ecd290c2ae060f2c24a56dc0d2.php (80).
[ 2016-05-17T11:25:51+08:00 ]NOTICE: Undefined variable: valueE:\wamp\www\GYQ homework\5-10\blog\blog\Storage\view\compile\2285f5ecd290c2ae060f2c24a56dc0d2.php (80).
[ 2016-05-17T11:42:16+08:00 ]NOTICE: Use of undefined constant fales - assumed 'fales'E:\wamp\www\GYQ homework\5-10\blog\blog\App\Common\Model\Cate.php (26).
[ 2016-05-17T11:51:52+08:00 ]NOTICE: Use of undefined constant fales - assumed 'fales'E:\wamp\www\GYQ homework\5-10\blog\blog\App\Common\Model\Cate.php (26).
[ 2016-05-17T11:53:20+08:00 ]NOTICE: Use of undefined constant fales - assumed 'fales'E:\wamp\www\GYQ homework\5-10\blog\blog\App\Common\Model\Cate.php (26).
[ 2016-05-17T11:54:31+08:00 ]NOTICE: Use of undefined constant fales - assumed 'fales'E:\wamp\www\GYQ homework\5-10\blog\blog\App\Common\Model\Cate.php (26).
[ 2016-05-17T12:01:41+08:00 ]NOTICE: Undefined variable: valueE:\wamp\www\GYQ homework\5-10\blog\blog\Storage\view\compile\2285f5ecd290c2ae060f2c24a56dc0d2.php (80).
[ 2016-05-17T12:01:41+08:00 ]NOTICE: Undefined variable: valueE:\wamp\www\GYQ homework\5-10\blog\blog\Storage\view\compile\2285f5ecd290c2ae060f2c24a56dc0d2.php (80).
[ 2016-05-17T12:01:41+08:00 ]NOTICE: Undefined variable: valueE:\wamp\www\GYQ homework\5-10\blog\blog\Storage\view\compile\2285f5ecd290c2ae060f2c24a56dc0d2.php (80).
[ 2016-05-17T12:01:41+08:00 ]NOTICE: Undefined variable: valueE:\wamp\www\GYQ homework\5-10\blog\blog\Storage\view\compile\2285f5ecd290c2ae060f2c24a56dc0d2.php (80).
[ 2016-05-17T12:04:48+08:00 ]NOTICE: Undefined variable: valueE:\wamp\www\GYQ homework\5-10\blog\blog\Storage\view\compile\2285f5ecd290c2ae060f2c24a56dc0d2.php (80).
[ 2016-05-17T12:04:48+08:00 ]NOTICE: Undefined variable: valueE:\wamp\www\GYQ homework\5-10\blog\blog\Storage\view\compile\2285f5ecd290c2ae060f2c24a56dc0d2.php (80).
[ 2016-05-17T12:04:48+08:00 ]NOTICE: Undefined variable: valueE:\wamp\www\GYQ homework\5-10\blog\blog\Storage\view\compile\2285f5ecd290c2ae060f2c24a56dc0d2.php (80).
[ 2016-05-17T12:04:48+08:00 ]NOTICE: Undefined variable: valueE:\wamp\www\GYQ homework\5-10\blog\blog\Storage\view\compile\2285f5ecd290c2ae060f2c24a56dc0d2.php (80).
[ 2016-05-17T12:05:32+08:00 ]NOTICE: Undefined variable: valueE:\wamp\www\GYQ homework\5-10\blog\blog\Storage\view\compile\2285f5ecd290c2ae060f2c24a56dc0d2.php (80).
[ 2016-05-17T12:05:32+08:00 ]NOTICE: Undefined variable: valueE:\wamp\www\GYQ homework\5-10\blog\blog\Storage\view\compile\2285f5ecd290c2ae060f2c24a56dc0d2.php (80).
[ 2016-05-17T12:05:32+08:00 ]NOTICE: Undefined variable: valueE:\wamp\www\GYQ homework\5-10\blog\blog\Storage\view\compile\2285f5ecd290c2ae060f2c24a56dc0d2.php (80).
[ 2016-05-17T12:09:50+08:00 ]NOTICE: Undefined variable: valueE:\wamp\www\GYQ homework\5-10\blog\blog\Storage\view\compile\2285f5ecd290c2ae060f2c24a56dc0d2.php (80).
[ 2016-05-17T12:09:50+08:00 ]NOTICE: Undefined variable: valueE:\wamp\www\GYQ homework\5-10\blog\blog\Storage\view\compile\2285f5ecd290c2ae060f2c24a56dc0d2.php (80).
[ 2016-05-17T12:09:50+08:00 ]NOTICE: Undefined variable: valueE:\wamp\www\GYQ homework\5-10\blog\blog\Storage\view\compile\2285f5ecd290c2ae060f2c24a56dc0d2.php (80).
[ 2016-05-17T12:11:04+08:00 ]NOTICE: Undefined variable: valueE:\wamp\www\GYQ homework\5-10\blog\blog\Storage\view\compile\2285f5ecd290c2ae060f2c24a56dc0d2.php (80).
[ 2016-05-17T12:11:04+08:00 ]NOTICE: Undefined variable: valueE:\wamp\www\GYQ homework\5-10\blog\blog\Storage\view\compile\2285f5ecd290c2ae060f2c24a56dc0d2.php (80).
[ 2016-05-17T12:11:04+08:00 ]NOTICE: Undefined variable: valueE:\wamp\www\GYQ homework\5-10\blog\blog\Storage\view\compile\2285f5ecd290c2ae060f2c24a56dc0d2.php (80).
[ 2016-05-17T12:16:02+08:00 ]NOTICE: Use of undefined constant fales - assumed 'fales'E:\wamp\www\GYQ homework\5-10\blog\blog\App\Common\Model\Cate.php (26).
[ 2016-05-17T12:18:48+08:00 ]NOTICE: Use of undefined constant fales - assumed 'fales'E:\wamp\www\GYQ homework\5-10\blog\blog\App\Common\Model\Cate.php (26).
[ 2016-05-17T12:30:04+08:00 ]NOTICE: Use of undefined constant fales - assumed 'fales'E:\wamp\www\GYQ homework\5-10\blog\blog\App\Common\Model\Cate.php (26).
[ 2016-05-17T14:10:15+08:00 ]NOTICE: Use of undefined constant fales - assumed 'fales'E:\wamp\www\GYQ homework\5-10\blog\blog\App\Common\Model\Cate.php (26).
[ 2016-05-17T14:27:55+08:00 ]NOTICE: Use of undefined constant fales - assumed 'fales'E:\wamp\www\GYQ homework\5-10\blog\blog\App\Common\Model\Cate.php (26).
[ 2016-05-17T14:30:29+08:00 ]NOTICE: Use of undefined constant fales - assumed 'fales'E:\wamp\www\GYQ homework\5-10\blog\blog\App\Common\Model\Cate.php (26).
[ 2016-05-17T14:31:08+08:00 ]NOTICE: Use of undefined constant fales - assumed 'fales'E:\wamp\www\GYQ homework\5-10\blog\blog\App\Common\Model\Cate.php (26).
[ 2016-05-17T14:31:27+08:00 ]NOTICE: Use of undefined constant fales - assumed 'fales'E:\wamp\www\GYQ homework\5-10\blog\blog\App\Common\Model\Cate.php (26).
[ 2016-05-17T15:33:57+08:00 ]NOTICE: Use of undefined constant Index - assumed 'Index'E:\wamp\www\selfblog\blog\Storage\view\compile\6b525946d8170654f945fdfb52b21038.php (14).
[ 2016-05-17T15:33:58+08:00 ]NOTICE: Use of undefined constant Index - assumed 'Index'E:\wamp\www\selfblog\blog\Storage\view\compile\6b525946d8170654f945fdfb52b21038.php (14).
[ 2016-05-17T15:37:47+08:00 ]NOTICE: Use of undefined constant Index - assumed 'Index'E:\wamp\www\selfblog\blog\Storage\view\compile\6b525946d8170654f945fdfb52b21038.php (20).
[ 2016-05-17T15:37:47+08:00 ]NOTICE: Use of undefined constant Index - assumed 'Index'E:\wamp\www\selfblog\blog\Storage\view\compile\6b525946d8170654f945fdfb52b21038.php (20).
[ 2016-05-17T15:37:47+08:00 ]NOTICE: Use of undefined constant Index - assumed 'Index'E:\wamp\www\selfblog\blog\Storage\view\compile\6b525946d8170654f945fdfb52b21038.php (20).
[ 2016-05-17T15:37:47+08:00 ]NOTICE: Use of undefined constant Index - assumed 'Index'E:\wamp\www\selfblog\blog\Storage\view\compile\6b525946d8170654f945fdfb52b21038.php (20).
[ 2016-05-17T15:37:48+08:00 ]NOTICE: Use of undefined constant Index - assumed 'Index'E:\wamp\www\selfblog\blog\Storage\view\compile\6b525946d8170654f945fdfb52b21038.php (20).
[ 2016-05-17T15:37:48+08:00 ]NOTICE: Use of undefined constant Index - assumed 'Index'E:\wamp\www\selfblog\blog\Storage\view\compile\6b525946d8170654f945fdfb52b21038.php (20).
[ 2016-05-17T15:37:48+08:00 ]NOTICE: Use of undefined constant Index - assumed 'Index'E:\wamp\www\selfblog\blog\Storage\view\compile\6b525946d8170654f945fdfb52b21038.php (20).
[ 2016-05-17T15:42:03+08:00 ]NOTICE: Use of undefined constant Index - assumed 'Index'E:\wamp\www\selfblog\blog\Storage\view\compile\6b525946d8170654f945fdfb52b21038.php (20).
[ 2016-05-17T15:42:03+08:00 ]NOTICE: Use of undefined constant Index - assumed 'Index'E:\wamp\www\selfblog\blog\Storage\view\compile\6b525946d8170654f945fdfb52b21038.php (20).
[ 2016-05-17T15:42:03+08:00 ]NOTICE: Use of undefined constant Index - assumed 'Index'E:\wamp\www\selfblog\blog\Storage\view\compile\6b525946d8170654f945fdfb52b21038.php (20).
[ 2016-05-17T15:42:04+08:00 ]NOTICE: Use of undefined constant Index - assumed 'Index'E:\wamp\www\selfblog\blog\Storage\view\compile\6b525946d8170654f945fdfb52b21038.php (20).
[ 2016-05-17T15:42:04+08:00 ]NOTICE: Use of undefined constant Index - assumed 'Index'E:\wamp\www\selfblog\blog\Storage\view\compile\6b525946d8170654f945fdfb52b21038.php (20).
[ 2016-05-17T15:42:05+08:00 ]NOTICE: Use of undefined constant Index - assumed 'Index'E:\wamp\www\selfblog\blog\Storage\view\compile\6b525946d8170654f945fdfb52b21038.php (20).
[ 2016-05-17T15:42:20+08:00 ]NOTICE: Use of undefined constant Index - assumed 'Index'E:\wamp\www\selfblog\blog\Storage\view\compile\6b525946d8170654f945fdfb52b21038.php (20).
[ 2016-05-17T15:42:20+08:00 ]NOTICE: Use of undefined constant Index - assumed 'Index'E:\wamp\www\selfblog\blog\Storage\view\compile\6b525946d8170654f945fdfb52b21038.php (20).
[ 2016-05-17T15:42:20+08:00 ]NOTICE: Use of undefined constant Index - assumed 'Index'E:\wamp\www\selfblog\blog\Storage\view\compile\6b525946d8170654f945fdfb52b21038.php (20).
[ 2016-05-17T15:42:20+08:00 ]NOTICE: Use of undefined constant Index - assumed 'Index'E:\wamp\www\selfblog\blog\Storage\view\compile\6b525946d8170654f945fdfb52b21038.php (20).
[ 2016-05-17T15:42:20+08:00 ]NOTICE: Use of undefined constant Index - assumed 'Index'E:\wamp\www\selfblog\blog\Storage\view\compile\6b525946d8170654f945fdfb52b21038.php (20).
[ 2016-05-17T15:42:23+08:00 ]NOTICE: Use of undefined constant Index - assumed 'Index'E:\wamp\www\selfblog\blog\Storage\view\compile\6b525946d8170654f945fdfb52b21038.php (20).
[ 2016-05-17T15:42:23+08:00 ]NOTICE: Use of undefined constant Index - assumed 'Index'E:\wamp\www\selfblog\blog\Storage\view\compile\6b525946d8170654f945fdfb52b21038.php (20).
[ 2016-05-17T15:42:24+08:00 ]NOTICE: Use of undefined constant Index - assumed 'Index'E:\wamp\www\selfblog\blog\Storage\view\compile\6b525946d8170654f945fdfb52b21038.php (20).
[ 2016-05-17T15:42:24+08:00 ]NOTICE: Use of undefined constant Index - assumed 'Index'E:\wamp\www\selfblog\blog\Storage\view\compile\6b525946d8170654f945fdfb52b21038.php (20).
[ 2016-05-17T15:42:24+08:00 ]NOTICE: Use of undefined constant Index - assumed 'Index'E:\wamp\www\selfblog\blog\Storage\view\compile\6b525946d8170654f945fdfb52b21038.php (20).
[ 2016-05-17T15:48:32+08:00 ]NOTICE: Use of undefined constant Index - assumed 'Index'E:\wamp\www\selfblog\blog\Storage\view\compile\6b525946d8170654f945fdfb52b21038.php (20).
[ 2016-05-17T15:48:32+08:00 ]NOTICE: Use of undefined constant Index - assumed 'Index'E:\wamp\www\selfblog\blog\Storage\view\compile\6b525946d8170654f945fdfb52b21038.php (20).
[ 2016-05-17T15:48:32+08:00 ]NOTICE: Use of undefined constant Index - assumed 'Index'E:\wamp\www\selfblog\blog\Storage\view\compile\6b525946d8170654f945fdfb52b21038.php (20).
[ 2016-05-17T15:48:33+08:00 ]NOTICE: Use of undefined constant Index - assumed 'Index'E:\wamp\www\selfblog\blog\Storage\view\compile\6b525946d8170654f945fdfb52b21038.php (20).
[ 2016-05-17T15:50:21+08:00 ]NOTICE: Use of undefined constant Index - assumed 'Index'E:\wamp\www\selfblog\blog\Storage\view\compile\6b525946d8170654f945fdfb52b21038.php (20).
[ 2016-05-17T15:50:21+08:00 ]NOTICE: Use of undefined constant Index - assumed 'Index'E:\wamp\www\selfblog\blog\Storage\view\compile\6b525946d8170654f945fdfb52b21038.php (20).
[ 2016-05-17T15:50:21+08:00 ]NOTICE: Use of undefined constant Index - assumed 'Index'E:\wamp\www\selfblog\blog\Storage\view\compile\6b525946d8170654f945fdfb52b21038.php (20).
[ 2016-05-17T15:50:21+08:00 ]NOTICE: Use of undefined constant Index - assumed 'Index'E:\wamp\www\selfblog\blog\Storage\view\compile\6b525946d8170654f945fdfb52b21038.php (20).
[ 2016-05-17T17:57:07+08:00 ]EXCEPTION: 模板不存在:App/Home/View/List/../Commom/head.php
[ 2016-05-17T17:58:01+08:00 ]EXCEPTION: 模板不存在:App/Home/View/List/../Commom/head.php
[ 2016-05-17T17:58:04+08:00 ]EXCEPTION: 模板不存在:App/Home/View/List/../Commom/head.php
[ 2016-05-17T19:04:28+08:00 ]NOTICE: Undefined index: cnameE:\wamp\www\selfblog\blog\Storage\view\compile\5ae8f8c3aa1a93e050446c9592b27cf0.php (14).
[ 2016-05-17T19:04:28+08:00 ]NOTICE: Undefined index: cnameE:\wamp\www\selfblog\blog\Storage\view\compile\5ae8f8c3aa1a93e050446c9592b27cf0.php (14).
[ 2016-05-17T19:04:28+08:00 ]NOTICE: Undefined index: cnameE:\wamp\www\selfblog\blog\Storage\view\compile\5ae8f8c3aa1a93e050446c9592b27cf0.php (14).
[ 2016-05-17T19:04:28+08:00 ]NOTICE: Undefined index: cnameE:\wamp\www\selfblog\blog\Storage\view\compile\5ae8f8c3aa1a93e050446c9592b27cf0.php (14).
[ 2016-05-17T19:04:28+08:00 ]NOTICE: Undefined index: cnameE:\wamp\www\selfblog\blog\Storage\view\compile\5ae8f8c3aa1a93e050446c9592b27cf0.php (14).
[ 2016-05-17T19:04:29+08:00 ]NOTICE: Undefined index: cnameE:\wamp\www\selfblog\blog\Storage\view\compile\5ae8f8c3aa1a93e050446c9592b27cf0.php (14).
[ 2016-05-17T19:04:29+08:00 ]NOTICE: Undefined index: cnameE:\wamp\www\selfblog\blog\Storage\view\compile\5ae8f8c3aa1a93e050446c9592b27cf0.php (14).
[ 2016-05-17T19:04:29+08:00 ]NOTICE: Undefined index: cnameE:\wamp\www\selfblog\blog\Storage\view\compile\5ae8f8c3aa1a93e050446c9592b27cf0.php (14).
[ 2016-05-17T19:04:29+08:00 ]NOTICE: Undefined index: cnameE:\wamp\www\selfblog\blog\Storage\view\compile\5ae8f8c3aa1a93e050446c9592b27cf0.php (14).
[ 2016-05-17T19:04:29+08:00 ]NOTICE: Undefined index: cnameE:\wamp\www\selfblog\blog\Storage\view\compile\5ae8f8c3aa1a93e050446c9592b27cf0.php (14).
[ 2016-05-17T19:14:45+08:00 ]EXCEPTION: 模板不存在:App/Home/View/Content/index.php
[ 2016-05-17T21:21:49+08:00 ]NOTICE: Undefined index: tidE:\wamp\www\selfblog\blog\Storage\view\compile\f058a91ae5761972a4be9e95ff42c015.php (28).
[ 2016-05-17T21:21:49+08:00 ]NOTICE: Undefined index: tnameE:\wamp\www\selfblog\blog\Storage\view\compile\f058a91ae5761972a4be9e95ff42c015.php (28).
[ 2016-05-17T21:21:49+08:00 ]NOTICE: Undefined index: tidE:\wamp\www\selfblog\blog\Storage\view\compile\f058a91ae5761972a4be9e95ff42c015.php (28).
[ 2016-05-17T21:21:49+08:00 ]NOTICE: Undefined index: tnameE:\wamp\www\selfblog\blog\Storage\view\compile\f058a91ae5761972a4be9e95ff42c015.php (28).
[ 2016-05-17T21:21:49+08:00 ]NOTICE: Undefined index: tidE:\wamp\www\selfblog\blog\Storage\view\compile\f058a91ae5761972a4be9e95ff42c015.php (28).
[ 2016-05-17T21:21:49+08:00 ]NOTICE: Undefined index: tnameE:\wamp\www\selfblog\blog\Storage\view\compile\f058a91ae5761972a4be9e95ff42c015.php (28).
[ 2016-05-17T21:21:49+08:00 ]NOTICE: Undefined index: urlE:\wamp\www\selfblog\blog\Storage\view\compile\f058a91ae5761972a4be9e95ff42c015.php (41).
[ 2016-05-17T21:21:49+08:00 ]NOTICE: Undefined index: lnameE:\wamp\www\selfblog\blog\Storage\view\compile\f058a91ae5761972a4be9e95ff42c015.php (41).
[ 2016-05-17T21:21:49+08:00 ]NOTICE: Undefined index: urlE:\wamp\www\selfblog\blog\Storage\view\compile\f058a91ae5761972a4be9e95ff42c015.php (41).
[ 2016-05-17T21:21:49+08:00 ]NOTICE: Undefined index: lnameE:\wamp\www\selfblog\blog\Storage\view\compile\f058a91ae5761972a4be9e95ff42c015.php (41).
[ 2016-05-17T21:21:49+08:00 ]NOTICE: Undefined index: urlE:\wamp\www\selfblog\blog\Storage\view\compile\f058a91ae5761972a4be9e95ff42c015.php (41).
[ 2016-05-17T21:21:49+08:00 ]NOTICE: Undefined index: lnameE:\wamp\www\selfblog\blog\Storage\view\compile\f058a91ae5761972a4be9e95ff42c015.php (41).
[ 2016-05-17T21:21:49+08:00 ]NOTICE: Undefined index: tidE:\wamp\www\selfblog\blog\Storage\view\compile\f058a91ae5761972a4be9e95ff42c015.php (28).
[ 2016-05-17T21:21:49+08:00 ]NOTICE: Undefined index: tnameE:\wamp\www\selfblog\blog\Storage\view\compile\f058a91ae5761972a4be9e95ff42c015.php (28).
[ 2016-05-17T21:21:49+08:00 ]NOTICE: Undefined index: tidE:\wamp\www\selfblog\blog\Storage\view\compile\f058a91ae5761972a4be9e95ff42c015.php (28).
[ 2016-05-17T21:21:49+08:00 ]NOTICE: Undefined index: tnameE:\wamp\www\selfblog\blog\Storage\view\compile\f058a91ae5761972a4be9e95ff42c015.php (28).
[ 2016-05-17T21:21:49+08:00 ]NOTICE: Undefined index: tidE:\wamp\www\selfblog\blog\Storage\view\compile\f058a91ae5761972a4be9e95ff42c015.php (28).
[ 2016-05-17T21:21:49+08:00 ]NOTICE: Undefined index: tnameE:\wamp\www\selfblog\blog\Storage\view\compile\f058a91ae5761972a4be9e95ff42c015.php (28).
[ 2016-05-17T21:21:49+08:00 ]NOTICE: Undefined index: urlE:\wamp\www\selfblog\blog\Storage\view\compile\f058a91ae5761972a4be9e95ff42c015.php (41).
[ 2016-05-17T21:21:49+08:00 ]NOTICE: Undefined index: lnameE:\wamp\www\selfblog\blog\Storage\view\compile\f058a91ae5761972a4be9e95ff42c015.php (41).
[ 2016-05-17T21:21:49+08:00 ]NOTICE: Undefined index: urlE:\wamp\www\selfblog\blog\Storage\view\compile\f058a91ae5761972a4be9e95ff42c015.php (41).
[ 2016-05-17T21:21:49+08:00 ]NOTICE: Undefined index: lnameE:\wamp\www\selfblog\blog\Storage\view\compile\f058a91ae5761972a4be9e95ff42c015.php (41).
[ 2016-05-17T21:21:49+08:00 ]NOTICE: Undefined index: urlE:\wamp\www\selfblog\blog\Storage\view\compile\f058a91ae5761972a4be9e95ff42c015.php (41).
[ 2016-05-17T21:21:49+08:00 ]NOTICE: Undefined index: lnameE:\wamp\www\selfblog\blog\Storage\view\compile\f058a91ae5761972a4be9e95ff42c015.php (41).
[ 2016-05-17T21:22:44+08:00 ]NOTICE: Undefined index: urlE:\wamp\www\selfblog\blog\Storage\view\compile\f058a91ae5761972a4be9e95ff42c015.php (41).
[ 2016-05-17T21:22:44+08:00 ]NOTICE: Undefined index: lnameE:\wamp\www\selfblog\blog\Storage\view\compile\f058a91ae5761972a4be9e95ff42c015.php (41).
[ 2016-05-17T21:22:44+08:00 ]NOTICE: Undefined index: urlE:\wamp\www\selfblog\blog\Storage\view\compile\f058a91ae5761972a4be9e95ff42c015.php (41).
[ 2016-05-17T21:22:44+08:00 ]NOTICE: Undefined index: lnameE:\wamp\www\selfblog\blog\Storage\view\compile\f058a91ae5761972a4be9e95ff42c015.php (41).
[ 2016-05-17T21:22:44+08:00 ]NOTICE: Undefined index: urlE:\wamp\www\selfblog\blog\Storage\view\compile\f058a91ae5761972a4be9e95ff42c015.php (41).
[ 2016-05-17T21:22:44+08:00 ]NOTICE: Undefined index: lnameE:\wamp\www\selfblog\blog\Storage\view\compile\f058a91ae5761972a4be9e95ff42c015.php (41).
[ 2016-05-17T21:22:44+08:00 ]NOTICE: Undefined index: urlE:\wamp\www\selfblog\blog\Storage\view\compile\f058a91ae5761972a4be9e95ff42c015.php (41).
[ 2016-05-17T21:22:44+08:00 ]NOTICE: Undefined index: lnameE:\wamp\www\selfblog\blog\Storage\view\compile\f058a91ae5761972a4be9e95ff42c015.php (41).
[ 2016-05-17T21:22:44+08:00 ]NOTICE: Undefined index: urlE:\wamp\www\selfblog\blog\Storage\view\compile\f058a91ae5761972a4be9e95ff42c015.php (41).
[ 2016-05-17T21:22:44+08:00 ]NOTICE: Undefined index: lnameE:\wamp\www\selfblog\blog\Storage\view\compile\f058a91ae5761972a4be9e95ff42c015.php (41).
[ 2016-05-17T21:22:44+08:00 ]NOTICE: Undefined index: urlE:\wamp\www\selfblog\blog\Storage\view\compile\f058a91ae5761972a4be9e95ff42c015.php (41).
[ 2016-05-17T21:22:44+08:00 ]NOTICE: Undefined index: lnameE:\wamp\www\selfblog\blog\Storage\view\compile\f058a91ae5761972a4be9e95ff42c015.php (41).
