[ 2016-05-18T01:59:41+08:00 ]NOTICE: Undefined index: desE:\wamp\www\selfblog\blog\Storage\view\compile\5ae8f8c3aa1a93e050446c9592b27cf0.php (20).
[ 2016-05-18T01:59:41+08:00 ]NOTICE: Undefined index: desE:\wamp\www\selfblog\blog\Storage\view\compile\5ae8f8c3aa1a93e050446c9592b27cf0.php (20).
[ 2016-05-18T01:59:41+08:00 ]NOTICE: Undefined index: desE:\wamp\www\selfblog\blog\Storage\view\compile\5ae8f8c3aa1a93e050446c9592b27cf0.php (20).
[ 2016-05-18T01:59:41+08:00 ]NOTICE: Undefined index: desE:\wamp\www\selfblog\blog\Storage\view\compile\5ae8f8c3aa1a93e050446c9592b27cf0.php (20).
[ 2016-05-18T01:59:41+08:00 ]NOTICE: Undefined index: desE:\wamp\www\selfblog\blog\Storage\view\compile\5ae8f8c3aa1a93e050446c9592b27cf0.php (20).
[ 2016-05-18T01:59:41+08:00 ]NOTICE: Undefined index: desE:\wamp\www\selfblog\blog\Storage\view\compile\5ae8f8c3aa1a93e050446c9592b27cf0.php (20).
[ 2016-05-18T01:59:41+08:00 ]NOTICE: Undefined index: desE:\wamp\www\selfblog\blog\Storage\view\compile\5ae8f8c3aa1a93e050446c9592b27cf0.php (20).
[ 2016-05-18T01:59:41+08:00 ]NOTICE: Undefined index: desE:\wamp\www\selfblog\blog\Storage\view\compile\5ae8f8c3aa1a93e050446c9592b27cf0.php (20).
[ 2016-05-18T01:59:41+08:00 ]NOTICE: Undefined index: desE:\wamp\www\selfblog\blog\Storage\view\compile\5ae8f8c3aa1a93e050446c9592b27cf0.php (20).
[ 2016-05-18T01:59:41+08:00 ]NOTICE: Undefined index: desE:\wamp\www\selfblog\blog\Storage\view\compile\5ae8f8c3aa1a93e050446c9592b27cf0.php (20).
[ 2016-05-18T02:02:56+08:00 ]NOTICE: Undefined index: thumbE:\wamp\www\selfblog\blog\App\Common\Model\Arc.php (40).
[ 2016-05-18T02:05:02+08:00 ]NOTICE: Undefined index: thumbE:\wamp\www\selfblog\blog\App\Common\Model\Arc.php (40).
[ 2016-05-18T02:05:48+08:00 ]NOTICE: Undefined index: thumbE:\wamp\www\selfblog\blog\App\Common\Model\Arc.php (40).
[ 2016-05-18T02:08:13+08:00 ]NOTICE: Undefined index: thumbE:\wamp\www\selfblog\blog\App\Common\Model\Arc.php (40).
[ 2016-05-18T03:23:10+08:00 ]NOTICE: Undefined index: tnameE:\wamp\www\selfblog\blog\Storage\view\compile\5ae8f8c3aa1a93e050446c9592b27cf0.php (23).
[ 2016-05-18T03:23:10+08:00 ]NOTICE: Undefined index: tnameE:\wamp\www\selfblog\blog\Storage\view\compile\5ae8f8c3aa1a93e050446c9592b27cf0.php (23).
[ 2016-05-18T03:23:10+08:00 ]NOTICE: Undefined index: tnameE:\wamp\www\selfblog\blog\Storage\view\compile\5ae8f8c3aa1a93e050446c9592b27cf0.php (23).
[ 2016-05-18T03:23:10+08:00 ]NOTICE: Undefined index: tnameE:\wamp\www\selfblog\blog\Storage\view\compile\5ae8f8c3aa1a93e050446c9592b27cf0.php (23).
[ 2016-05-18T03:23:10+08:00 ]NOTICE: Undefined index: tnameE:\wamp\www\selfblog\blog\Storage\view\compile\5ae8f8c3aa1a93e050446c9592b27cf0.php (23).
[ 2016-05-18T03:23:10+08:00 ]NOTICE: Undefined index: tnameE:\wamp\www\selfblog\blog\Storage\view\compile\5ae8f8c3aa1a93e050446c9592b27cf0.php (23).
[ 2016-05-18T03:23:10+08:00 ]NOTICE: Undefined index: tnameE:\wamp\www\selfblog\blog\Storage\view\compile\5ae8f8c3aa1a93e050446c9592b27cf0.php (23).
[ 2016-05-18T03:23:10+08:00 ]NOTICE: Undefined index: tnameE:\wamp\www\selfblog\blog\Storage\view\compile\5ae8f8c3aa1a93e050446c9592b27cf0.php (23).
[ 2016-05-18T03:23:10+08:00 ]NOTICE: Undefined index: tnameE:\wamp\www\selfblog\blog\Storage\view\compile\5ae8f8c3aa1a93e050446c9592b27cf0.php (23).
[ 2016-05-18T03:23:10+08:00 ]NOTICE: Undefined index: tnameE:\wamp\www\selfblog\blog\Storage\view\compile\5ae8f8c3aa1a93e050446c9592b27cf0.php (23).
[ 2016-05-18T03:24:37+08:00 ]NOTICE: Undefined variable: dataE:\wamp\www\selfblog\blog\Storage\view\compile\5ae8f8c3aa1a93e050446c9592b27cf0.php (8).
[ 2016-05-18T03:24:37+08:00 ]NOTICE: Invalid argument supplied for foreach()E:\wamp\www\selfblog\blog\App\Common\Model\Tag.php (39).
[ 2016-05-18T03:24:37+08:00 ]NOTICE: Undefined variable: dataE:\wamp\www\selfblog\blog\Storage\view\compile\5ae8f8c3aa1a93e050446c9592b27cf0.php (8).
[ 2016-05-18T03:24:37+08:00 ]NOTICE: Invalid argument supplied for foreach()E:\wamp\www\selfblog\blog\App\Common\Model\Tag.php (39).
[ 2016-05-18T03:25:35+08:00 ]NOTICE: Undefined variable: dataE:\wamp\www\selfblog\blog\Storage\view\compile\5ae8f8c3aa1a93e050446c9592b27cf0.php (8).
[ 2016-05-18T03:25:35+08:00 ]NOTICE: Invalid argument supplied for foreach()E:\wamp\www\selfblog\blog\App\Common\Model\Tag.php (39).
[ 2016-05-18T03:29:21+08:00 ]NOTICE: Undefined variable: arcDataE:\wamp\www\selfblog\blog\Storage\view\compile\5ae8f8c3aa1a93e050446c9592b27cf0.php (11).
[ 2016-05-18T03:29:21+08:00 ]NOTICE: Invalid argument supplied for foreach()E:\wamp\www\selfblog\blog\Storage\view\compile\5ae8f8c3aa1a93e050446c9592b27cf0.php (11).
[ 2016-05-18T03:29:21+08:00 ]NOTICE: Undefined variable: arcDataE:\wamp\www\selfblog\blog\Storage\view\compile\5ae8f8c3aa1a93e050446c9592b27cf0.php (11).
[ 2016-05-18T03:29:21+08:00 ]NOTICE: Invalid argument supplied for foreach()E:\wamp\www\selfblog\blog\Storage\view\compile\5ae8f8c3aa1a93e050446c9592b27cf0.php (11).
[ 2016-05-18T03:30:27+08:00 ]NOTICE: Undefined index: tagE:\wamp\www\selfblog\blog\Storage\view\compile\5ae8f8c3aa1a93e050446c9592b27cf0.php (11).
[ 2016-05-18T03:30:27+08:00 ]NOTICE: Invalid argument supplied for foreach()E:\wamp\www\selfblog\blog\Storage\view\compile\5ae8f8c3aa1a93e050446c9592b27cf0.php (11).
[ 2016-05-18T03:30:27+08:00 ]NOTICE: Undefined index: tagE:\wamp\www\selfblog\blog\Storage\view\compile\5ae8f8c3aa1a93e050446c9592b27cf0.php (11).
[ 2016-05-18T03:30:27+08:00 ]NOTICE: Invalid argument supplied for foreach()E:\wamp\www\selfblog\blog\Storage\view\compile\5ae8f8c3aa1a93e050446c9592b27cf0.php (11).
[ 2016-05-18T07:34:05+08:00 ]NOTICE: Undefined variable: dataE:\wamp\www\selfblog\blog\Storage\view\compile\5ae8f8c3aa1a93e050446c9592b27cf0.php (8).
[ 2016-05-18T07:34:05+08:00 ]NOTICE: Invalid argument supplied for foreach()E:\wamp\www\selfblog\blog\App\Common\Model\Tag.php (39).
[ 2016-05-18T07:34:12+08:00 ]NOTICE: Undefined variable: dataE:\wamp\www\selfblog\blog\Storage\view\compile\5ae8f8c3aa1a93e050446c9592b27cf0.php (8).
[ 2016-05-18T07:34:12+08:00 ]NOTICE: Invalid argument supplied for foreach()E:\wamp\www\selfblog\blog\App\Common\Model\Tag.php (39).
[ 2016-05-18T07:40:06+08:00 ]NOTICE: Undefined index: aidE:\wamp\www\selfblog\blog\App\Common\Model\Tag.php (42).
[ 2016-05-18T07:40:06+08:00 ]EXCEPTION: SELECT  *  FROM article_tag INNER JOIN tag ON tag_tid = tid WHERE article_aid= ;BindParams:array (
)42000;1064;You have an error in your SQL syntax; check the manual that corresponds to your MySQL server version for the right syntax to use near '' at line 1
[ 2016-05-18T07:41:46+08:00 ]NOTICE: Undefined index: thumbE:\wamp\www\selfblog\blog\Storage\view\compile\5ae8f8c3aa1a93e050446c9592b27cf0.php (19).
[ 2016-05-18T07:41:46+08:00 ]NOTICE: Undefined index: aidE:\wamp\www\selfblog\blog\Storage\view\compile\5ae8f8c3aa1a93e050446c9592b27cf0.php (20).
[ 2016-05-18T07:41:46+08:00 ]NOTICE: Undefined index: titleE:\wamp\www\selfblog\blog\Storage\view\compile\5ae8f8c3aa1a93e050446c9592b27cf0.php (20).
[ 2016-05-18T07:41:46+08:00 ]NOTICE: Undefined index: authorE:\wamp\www\selfblog\blog\Storage\view\compile\5ae8f8c3aa1a93e050446c9592b27cf0.php (22).
[ 2016-05-18T07:41:46+08:00 ]NOTICE: Undefined index: sendtimeE:\wamp\www\selfblog\blog\Storage\view\compile\5ae8f8c3aa1a93e050446c9592b27cf0.php (23).
[ 2016-05-18T07:41:46+08:00 ]NOTICE: Undefined index: cidE:\wamp\www\selfblog\blog\Storage\view\compile\5ae8f8c3aa1a93e050446c9592b27cf0.php (24).
[ 2016-05-18T07:41:46+08:00 ]NOTICE: Undefined index: cnameE:\wamp\www\selfblog\blog\Storage\view\compile\5ae8f8c3aa1a93e050446c9592b27cf0.php (24).
[ 2016-05-18T07:41:46+08:00 ]NOTICE: Undefined index: digestE:\wamp\www\selfblog\blog\Storage\view\compile\5ae8f8c3aa1a93e050446c9592b27cf0.php (26).
[ 2016-05-18T07:41:46+08:00 ]NOTICE: Undefined index: tagsE:\wamp\www\selfblog\blog\Storage\view\compile\5ae8f8c3aa1a93e050446c9592b27cf0.php (28).
[ 2016-05-18T07:41:46+08:00 ]NOTICE: Invalid argument supplied for foreach()E:\wamp\www\selfblog\blog\Storage\view\compile\5ae8f8c3aa1a93e050446c9592b27cf0.php (28).
[ 2016-05-18T07:41:46+08:00 ]NOTICE: Undefined index: thumbE:\wamp\www\selfblog\blog\Storage\view\compile\5ae8f8c3aa1a93e050446c9592b27cf0.php (19).
[ 2016-05-18T07:41:46+08:00 ]NOTICE: Undefined index: aidE:\wamp\www\selfblog\blog\Storage\view\compile\5ae8f8c3aa1a93e050446c9592b27cf0.php (20).
[ 2016-05-18T07:41:46+08:00 ]NOTICE: Undefined index: titleE:\wamp\www\selfblog\blog\Storage\view\compile\5ae8f8c3aa1a93e050446c9592b27cf0.php (20).
[ 2016-05-18T07:41:46+08:00 ]NOTICE: Undefined index: authorE:\wamp\www\selfblog\blog\Storage\view\compile\5ae8f8c3aa1a93e050446c9592b27cf0.php (22).
[ 2016-05-18T07:41:46+08:00 ]NOTICE: Undefined index: sendtimeE:\wamp\www\selfblog\blog\Storage\view\compile\5ae8f8c3aa1a93e050446c9592b27cf0.php (23).
[ 2016-05-18T07:41:46+08:00 ]NOTICE: Undefined index: cidE:\wamp\www\selfblog\blog\Storage\view\compile\5ae8f8c3aa1a93e050446c9592b27cf0.php (24).
[ 2016-05-18T07:41:46+08:00 ]NOTICE: Undefined index: cnameE:\wamp\www\selfblog\blog\Storage\view\compile\5ae8f8c3aa1a93e050446c9592b27cf0.php (24).
[ 2016-05-18T07:41:46+08:00 ]NOTICE: Undefined index: digestE:\wamp\www\selfblog\blog\Storage\view\compile\5ae8f8c3aa1a93e050446c9592b27cf0.php (26).
[ 2016-05-18T07:41:46+08:00 ]NOTICE: Undefined index: tagsE:\wamp\www\selfblog\blog\Storage\view\compile\5ae8f8c3aa1a93e050446c9592b27cf0.php (28).
[ 2016-05-18T07:41:46+08:00 ]NOTICE: Invalid argument supplied for foreach()E:\wamp\www\selfblog\blog\Storage\view\compile\5ae8f8c3aa1a93e050446c9592b27cf0.php (28).
[ 2016-05-18T07:41:46+08:00 ]NOTICE: Undefined index: thumbE:\wamp\www\selfblog\blog\Storage\view\compile\5ae8f8c3aa1a93e050446c9592b27cf0.php (19).
[ 2016-05-18T07:41:46+08:00 ]NOTICE: Undefined index: aidE:\wamp\www\selfblog\blog\Storage\view\compile\5ae8f8c3aa1a93e050446c9592b27cf0.php (20).
[ 2016-05-18T07:41:46+08:00 ]NOTICE: Undefined index: titleE:\wamp\www\selfblog\blog\Storage\view\compile\5ae8f8c3aa1a93e050446c9592b27cf0.php (20).
[ 2016-05-18T07:41:46+08:00 ]NOTICE: Undefined index: authorE:\wamp\www\selfblog\blog\Storage\view\compile\5ae8f8c3aa1a93e050446c9592b27cf0.php (22).
[ 2016-05-18T07:41:46+08:00 ]NOTICE: Undefined index: sendtimeE:\wamp\www\selfblog\blog\Storage\view\compile\5ae8f8c3aa1a93e050446c9592b27cf0.php (23).
[ 2016-05-18T07:41:46+08:00 ]NOTICE: Undefined index: cidE:\wamp\www\selfblog\blog\Storage\view\compile\5ae8f8c3aa1a93e050446c9592b27cf0.php (24).
[ 2016-05-18T07:41:46+08:00 ]NOTICE: Undefined index: cnameE:\wamp\www\selfblog\blog\Storage\view\compile\5ae8f8c3aa1a93e050446c9592b27cf0.php (24).
[ 2016-05-18T07:41:46+08:00 ]NOTICE: Undefined index: digestE:\wamp\www\selfblog\blog\Storage\view\compile\5ae8f8c3aa1a93e050446c9592b27cf0.php (26).
[ 2016-05-18T07:41:46+08:00 ]NOTICE: Undefined index: tagsE:\wamp\www\selfblog\blog\Storage\view\compile\5ae8f8c3aa1a93e050446c9592b27cf0.php (28).
[ 2016-05-18T07:41:46+08:00 ]NOTICE: Invalid argument supplied for foreach()E:\wamp\www\selfblog\blog\Storage\view\compile\5ae8f8c3aa1a93e050446c9592b27cf0.php (28).
[ 2016-05-18T07:41:46+08:00 ]NOTICE: Undefined index: thumbE:\wamp\www\selfblog\blog\Storage\view\compile\5ae8f8c3aa1a93e050446c9592b27cf0.php (19).
[ 2016-05-18T07:41:46+08:00 ]NOTICE: Undefined index: aidE:\wamp\www\selfblog\blog\Storage\view\compile\5ae8f8c3aa1a93e050446c9592b27cf0.php (20).
[ 2016-05-18T07:41:46+08:00 ]NOTICE: Undefined index: titleE:\wamp\www\selfblog\blog\Storage\view\compile\5ae8f8c3aa1a93e050446c9592b27cf0.php (20).
[ 2016-05-18T07:41:46+08:00 ]NOTICE: Undefined index: authorE:\wamp\www\selfblog\blog\Storage\view\compile\5ae8f8c3aa1a93e050446c9592b27cf0.php (22).
[ 2016-05-18T07:41:46+08:00 ]NOTICE: Undefined index: sendtimeE:\wamp\www\selfblog\blog\Storage\view\compile\5ae8f8c3aa1a93e050446c9592b27cf0.php (23).
[ 2016-05-18T07:41:46+08:00 ]NOTICE: Undefined index: cidE:\wamp\www\selfblog\blog\Storage\view\compile\5ae8f8c3aa1a93e050446c9592b27cf0.php (24).
[ 2016-05-18T07:41:46+08:00 ]NOTICE: Undefined index: cnameE:\wamp\www\selfblog\blog\Storage\view\compile\5ae8f8c3aa1a93e050446c9592b27cf0.php (24).
[ 2016-05-18T07:41:46+08:00 ]NOTICE: Undefined index: digestE:\wamp\www\selfblog\blog\Storage\view\compile\5ae8f8c3aa1a93e050446c9592b27cf0.php (26).
[ 2016-05-18T07:41:46+08:00 ]NOTICE: Undefined index: tagsE:\wamp\www\selfblog\blog\Storage\view\compile\5ae8f8c3aa1a93e050446c9592b27cf0.php (28).
[ 2016-05-18T07:41:46+08:00 ]NOTICE: Invalid argument supplied for foreach()E:\wamp\www\selfblog\blog\Storage\view\compile\5ae8f8c3aa1a93e050446c9592b27cf0.php (28).
[ 2016-05-18T07:41:46+08:00 ]NOTICE: Undefined index: thumbE:\wamp\www\selfblog\blog\Storage\view\compile\5ae8f8c3aa1a93e050446c9592b27cf0.php (19).
[ 2016-05-18T07:41:46+08:00 ]NOTICE: Undefined index: aidE:\wamp\www\selfblog\blog\Storage\view\compile\5ae8f8c3aa1a93e050446c9592b27cf0.php (20).
[ 2016-05-18T07:41:46+08:00 ]NOTICE: Undefined index: titleE:\wamp\www\selfblog\blog\Storage\view\compile\5ae8f8c3aa1a93e050446c9592b27cf0.php (20).
[ 2016-05-18T07:41:46+08:00 ]NOTICE: Undefined index: authorE:\wamp\www\selfblog\blog\Storage\view\compile\5ae8f8c3aa1a93e050446c9592b27cf0.php (22).
[ 2016-05-18T07:41:46+08:00 ]NOTICE: Undefined index: sendtimeE:\wamp\www\selfblog\blog\Storage\view\compile\5ae8f8c3aa1a93e050446c9592b27cf0.php (23).
[ 2016-05-18T07:41:46+08:00 ]NOTICE: Undefined index: cidE:\wamp\www\selfblog\blog\Storage\view\compile\5ae8f8c3aa1a93e050446c9592b27cf0.php (24).
[ 2016-05-18T07:41:46+08:00 ]NOTICE: Undefined index: cnameE:\wamp\www\selfblog\blog\Storage\view\compile\5ae8f8c3aa1a93e050446c9592b27cf0.php (24).
[ 2016-05-18T07:41:46+08:00 ]NOTICE: Undefined index: digestE:\wamp\www\selfblog\blog\Storage\view\compile\5ae8f8c3aa1a93e050446c9592b27cf0.php (26).
[ 2016-05-18T07:41:46+08:00 ]NOTICE: Undefined index: tagsE:\wamp\www\selfblog\blog\Storage\view\compile\5ae8f8c3aa1a93e050446c9592b27cf0.php (28).
[ 2016-05-18T07:41:46+08:00 ]NOTICE: Invalid argument supplied for foreach()E:\wamp\www\selfblog\blog\Storage\view\compile\5ae8f8c3aa1a93e050446c9592b27cf0.php (28).
[ 2016-05-18T07:41:46+08:00 ]NOTICE: Undefined index: thumbE:\wamp\www\selfblog\blog\Storage\view\compile\5ae8f8c3aa1a93e050446c9592b27cf0.php (19).
[ 2016-05-18T07:41:46+08:00 ]NOTICE: Undefined index: aidE:\wamp\www\selfblog\blog\Storage\view\compile\5ae8f8c3aa1a93e050446c9592b27cf0.php (20).
[ 2016-05-18T07:41:46+08:00 ]NOTICE: Undefined index: titleE:\wamp\www\selfblog\blog\Storage\view\compile\5ae8f8c3aa1a93e050446c9592b27cf0.php (20).
[ 2016-05-18T07:41:46+08:00 ]NOTICE: Undefined index: authorE:\wamp\www\selfblog\blog\Storage\view\compile\5ae8f8c3aa1a93e050446c9592b27cf0.php (22).
[ 2016-05-18T07:41:46+08:00 ]NOTICE: Undefined index: sendtimeE:\wamp\www\selfblog\blog\Storage\view\compile\5ae8f8c3aa1a93e050446c9592b27cf0.php (23).
[ 2016-05-18T07:41:46+08:00 ]NOTICE: Undefined index: cidE:\wamp\www\selfblog\blog\Storage\view\compile\5ae8f8c3aa1a93e050446c9592b27cf0.php (24).
[ 2016-05-18T07:41:46+08:00 ]NOTICE: Undefined index: cnameE:\wamp\www\selfblog\blog\Storage\view\compile\5ae8f8c3aa1a93e050446c9592b27cf0.php (24).
[ 2016-05-18T07:41:46+08:00 ]NOTICE: Undefined index: digestE:\wamp\www\selfblog\blog\Storage\view\compile\5ae8f8c3aa1a93e050446c9592b27cf0.php (26).
[ 2016-05-18T07:41:46+08:00 ]NOTICE: Undefined index: tagsE:\wamp\www\selfblog\blog\Storage\view\compile\5ae8f8c3aa1a93e050446c9592b27cf0.php (28).
[ 2016-05-18T07:41:46+08:00 ]NOTICE: Invalid argument supplied for foreach()E:\wamp\www\selfblog\blog\Storage\view\compile\5ae8f8c3aa1a93e050446c9592b27cf0.php (28).
[ 2016-05-18T07:41:46+08:00 ]NOTICE: Undefined index: thumbE:\wamp\www\selfblog\blog\Storage\view\compile\5ae8f8c3aa1a93e050446c9592b27cf0.php (19).
[ 2016-05-18T07:41:46+08:00 ]NOTICE: Undefined index: aidE:\wamp\www\selfblog\blog\Storage\view\compile\5ae8f8c3aa1a93e050446c9592b27cf0.php (20).
[ 2016-05-18T07:41:46+08:00 ]NOTICE: Undefined index: titleE:\wamp\www\selfblog\blog\Storage\view\compile\5ae8f8c3aa1a93e050446c9592b27cf0.php (20).
[ 2016-05-18T07:41:46+08:00 ]NOTICE: Undefined index: authorE:\wamp\www\selfblog\blog\Storage\view\compile\5ae8f8c3aa1a93e050446c9592b27cf0.php (22).
[ 2016-05-18T07:41:46+08:00 ]NOTICE: Undefined index: sendtimeE:\wamp\www\selfblog\blog\Storage\view\compile\5ae8f8c3aa1a93e050446c9592b27cf0.php (23).
[ 2016-05-18T07:41:46+08:00 ]NOTICE: Undefined index: cidE:\wamp\www\selfblog\blog\Storage\view\compile\5ae8f8c3aa1a93e050446c9592b27cf0.php (24).
[ 2016-05-18T07:41:46+08:00 ]NOTICE: Undefined index: cnameE:\wamp\www\selfblog\blog\Storage\view\compile\5ae8f8c3aa1a93e050446c9592b27cf0.php (24).
[ 2016-05-18T07:41:46+08:00 ]NOTICE: Undefined index: digestE:\wamp\www\selfblog\blog\Storage\view\compile\5ae8f8c3aa1a93e050446c9592b27cf0.php (26).
[ 2016-05-18T07:41:46+08:00 ]NOTICE: Undefined index: tagsE:\wamp\www\selfblog\blog\Storage\view\compile\5ae8f8c3aa1a93e050446c9592b27cf0.php (28).
[ 2016-05-18T07:41:46+08:00 ]NOTICE: Invalid argument supplied for foreach()E:\wamp\www\selfblog\blog\Storage\view\compile\5ae8f8c3aa1a93e050446c9592b27cf0.php (28).
[ 2016-05-18T07:41:46+08:00 ]NOTICE: Undefined index: thumbE:\wamp\www\selfblog\blog\Storage\view\compile\5ae8f8c3aa1a93e050446c9592b27cf0.php (19).
[ 2016-05-18T07:41:46+08:00 ]NOTICE: Undefined index: aidE:\wamp\www\selfblog\blog\Storage\view\compile\5ae8f8c3aa1a93e050446c9592b27cf0.php (20).
[ 2016-05-18T07:41:46+08:00 ]NOTICE: Undefined index: titleE:\wamp\www\selfblog\blog\Storage\view\compile\5ae8f8c3aa1a93e050446c9592b27cf0.php (20).
[ 2016-05-18T07:41:46+08:00 ]NOTICE: Undefined index: authorE:\wamp\www\selfblog\blog\Storage\view\compile\5ae8f8c3aa1a93e050446c9592b27cf0.php (22).
[ 2016-05-18T07:41:46+08:00 ]NOTICE: Undefined index: sendtimeE:\wamp\www\selfblog\blog\Storage\view\compile\5ae8f8c3aa1a93e050446c9592b27cf0.php (23).
[ 2016-05-18T07:41:46+08:00 ]NOTICE: Undefined index: cidE:\wamp\www\selfblog\blog\Storage\view\compile\5ae8f8c3aa1a93e050446c9592b27cf0.php (24).
[ 2016-05-18T07:41:46+08:00 ]NOTICE: Undefined index: cnameE:\wamp\www\selfblog\blog\Storage\view\compile\5ae8f8c3aa1a93e050446c9592b27cf0.php (24).
[ 2016-05-18T07:41:46+08:00 ]NOTICE: Undefined index: digestE:\wamp\www\selfblog\blog\Storage\view\compile\5ae8f8c3aa1a93e050446c9592b27cf0.php (26).
[ 2016-05-18T07:41:46+08:00 ]NOTICE: Undefined index: tagsE:\wamp\www\selfblog\blog\Storage\view\compile\5ae8f8c3aa1a93e050446c9592b27cf0.php (28).
[ 2016-05-18T07:41:46+08:00 ]NOTICE: Invalid argument supplied for foreach()E:\wamp\www\selfblog\blog\Storage\view\compile\5ae8f8c3aa1a93e050446c9592b27cf0.php (28).
[ 2016-05-18T07:41:46+08:00 ]NOTICE: Undefined index: thumbE:\wamp\www\selfblog\blog\Storage\view\compile\5ae8f8c3aa1a93e050446c9592b27cf0.php (19).
[ 2016-05-18T07:41:46+08:00 ]NOTICE: Undefined index: aidE:\wamp\www\selfblog\blog\Storage\view\compile\5ae8f8c3aa1a93e050446c9592b27cf0.php (20).
[ 2016-05-18T07:41:46+08:00 ]NOTICE: Undefined index: titleE:\wamp\www\selfblog\blog\Storage\view\compile\5ae8f8c3aa1a93e050446c9592b27cf0.php (20).
[ 2016-05-18T07:41:46+08:00 ]NOTICE: Undefined index: authorE:\wamp\www\selfblog\blog\Storage\view\compile\5ae8f8c3aa1a93e050446c9592b27cf0.php (22).
[ 2016-05-18T07:41:46+08:00 ]NOTICE: Undefined index: sendtimeE:\wamp\www\selfblog\blog\Storage\view\compile\5ae8f8c3aa1a93e050446c9592b27cf0.php (23).
[ 2016-05-18T07:41:46+08:00 ]NOTICE: Undefined index: cidE:\wamp\www\selfblog\blog\Storage\view\compile\5ae8f8c3aa1a93e050446c9592b27cf0.php (24).
[ 2016-05-18T07:41:46+08:00 ]NOTICE: Undefined index: cnameE:\wamp\www\selfblog\blog\Storage\view\compile\5ae8f8c3aa1a93e050446c9592b27cf0.php (24).
[ 2016-05-18T07:41:46+08:00 ]NOTICE: Undefined index: digestE:\wamp\www\selfblog\blog\Storage\view\compile\5ae8f8c3aa1a93e050446c9592b27cf0.php (26).
[ 2016-05-18T07:41:46+08:00 ]NOTICE: Undefined index: tagsE:\wamp\www\selfblog\blog\Storage\view\compile\5ae8f8c3aa1a93e050446c9592b27cf0.php (28).
[ 2016-05-18T07:41:46+08:00 ]NOTICE: Invalid argument supplied for foreach()E:\wamp\www\selfblog\blog\Storage\view\compile\5ae8f8c3aa1a93e050446c9592b27cf0.php (28).
[ 2016-05-18T07:41:46+08:00 ]NOTICE: Undefined index: thumbE:\wamp\www\selfblog\blog\Storage\view\compile\5ae8f8c3aa1a93e050446c9592b27cf0.php (19).
[ 2016-05-18T07:41:46+08:00 ]NOTICE: Undefined index: aidE:\wamp\www\selfblog\blog\Storage\view\compile\5ae8f8c3aa1a93e050446c9592b27cf0.php (20).
[ 2016-05-18T07:41:46+08:00 ]NOTICE: Undefined index: titleE:\wamp\www\selfblog\blog\Storage\view\compile\5ae8f8c3aa1a93e050446c9592b27cf0.php (20).
[ 2016-05-18T07:41:46+08:00 ]NOTICE: Undefined index: authorE:\wamp\www\selfblog\blog\Storage\view\compile\5ae8f8c3aa1a93e050446c9592b27cf0.php (22).
[ 2016-05-18T07:41:46+08:00 ]NOTICE: Undefined index: sendtimeE:\wamp\www\selfblog\blog\Storage\view\compile\5ae8f8c3aa1a93e050446c9592b27cf0.php (23).
[ 2016-05-18T07:41:46+08:00 ]NOTICE: Undefined index: cidE:\wamp\www\selfblog\blog\Storage\view\compile\5ae8f8c3aa1a93e050446c9592b27cf0.php (24).
[ 2016-05-18T07:41:46+08:00 ]NOTICE: Undefined index: cnameE:\wamp\www\selfblog\blog\Storage\view\compile\5ae8f8c3aa1a93e050446c9592b27cf0.php (24).
[ 2016-05-18T07:41:46+08:00 ]NOTICE: Undefined index: digestE:\wamp\www\selfblog\blog\Storage\view\compile\5ae8f8c3aa1a93e050446c9592b27cf0.php (26).
[ 2016-05-18T07:41:46+08:00 ]NOTICE: Undefined index: tagsE:\wamp\www\selfblog\blog\Storage\view\compile\5ae8f8c3aa1a93e050446c9592b27cf0.php (28).
[ 2016-05-18T07:41:46+08:00 ]NOTICE: Invalid argument supplied for foreach()E:\wamp\www\selfblog\blog\Storage\view\compile\5ae8f8c3aa1a93e050446c9592b27cf0.php (28).
[ 2016-05-18T07:42:04+08:00 ]NOTICE: Undefined index: thumbE:\wamp\www\selfblog\blog\Storage\view\compile\5ae8f8c3aa1a93e050446c9592b27cf0.php (20).
[ 2016-05-18T07:42:04+08:00 ]NOTICE: Undefined index: aidE:\wamp\www\selfblog\blog\Storage\view\compile\5ae8f8c3aa1a93e050446c9592b27cf0.php (21).
[ 2016-05-18T07:42:04+08:00 ]NOTICE: Undefined index: titleE:\wamp\www\selfblog\blog\Storage\view\compile\5ae8f8c3aa1a93e050446c9592b27cf0.php (21).
[ 2016-05-18T07:42:04+08:00 ]NOTICE: Undefined index: authorE:\wamp\www\selfblog\blog\Storage\view\compile\5ae8f8c3aa1a93e050446c9592b27cf0.php (23).
[ 2016-05-18T07:42:04+08:00 ]NOTICE: Undefined index: sendtimeE:\wamp\www\selfblog\blog\Storage\view\compile\5ae8f8c3aa1a93e050446c9592b27cf0.php (24).
[ 2016-05-18T07:42:04+08:00 ]NOTICE: Undefined index: cidE:\wamp\www\selfblog\blog\Storage\view\compile\5ae8f8c3aa1a93e050446c9592b27cf0.php (25).
[ 2016-05-18T07:42:04+08:00 ]NOTICE: Undefined index: cnameE:\wamp\www\selfblog\blog\Storage\view\compile\5ae8f8c3aa1a93e050446c9592b27cf0.php (25).
[ 2016-05-18T07:42:04+08:00 ]NOTICE: Undefined index: digestE:\wamp\www\selfblog\blog\Storage\view\compile\5ae8f8c3aa1a93e050446c9592b27cf0.php (27).
[ 2016-05-18T07:42:04+08:00 ]NOTICE: Undefined index: tagsE:\wamp\www\selfblog\blog\Storage\view\compile\5ae8f8c3aa1a93e050446c9592b27cf0.php (29).
[ 2016-05-18T07:42:04+08:00 ]NOTICE: Invalid argument supplied for foreach()E:\wamp\www\selfblog\blog\Storage\view\compile\5ae8f8c3aa1a93e050446c9592b27cf0.php (29).
[ 2016-05-18T07:42:04+08:00 ]NOTICE: Undefined index: thumbE:\wamp\www\selfblog\blog\Storage\view\compile\5ae8f8c3aa1a93e050446c9592b27cf0.php (20).
[ 2016-05-18T07:42:04+08:00 ]NOTICE: Undefined index: aidE:\wamp\www\selfblog\blog\Storage\view\compile\5ae8f8c3aa1a93e050446c9592b27cf0.php (21).
[ 2016-05-18T07:42:04+08:00 ]NOTICE: Undefined index: titleE:\wamp\www\selfblog\blog\Storage\view\compile\5ae8f8c3aa1a93e050446c9592b27cf0.php (21).
[ 2016-05-18T07:42:04+08:00 ]NOTICE: Undefined index: authorE:\wamp\www\selfblog\blog\Storage\view\compile\5ae8f8c3aa1a93e050446c9592b27cf0.php (23).
[ 2016-05-18T07:42:04+08:00 ]NOTICE: Undefined index: sendtimeE:\wamp\www\selfblog\blog\Storage\view\compile\5ae8f8c3aa1a93e050446c9592b27cf0.php (24).
[ 2016-05-18T07:42:04+08:00 ]NOTICE: Undefined index: cidE:\wamp\www\selfblog\blog\Storage\view\compile\5ae8f8c3aa1a93e050446c9592b27cf0.php (25).
[ 2016-05-18T07:42:04+08:00 ]NOTICE: Undefined index: cnameE:\wamp\www\selfblog\blog\Storage\view\compile\5ae8f8c3aa1a93e050446c9592b27cf0.php (25).
[ 2016-05-18T07:42:04+08:00 ]NOTICE: Undefined index: digestE:\wamp\www\selfblog\blog\Storage\view\compile\5ae8f8c3aa1a93e050446c9592b27cf0.php (27).
[ 2016-05-18T07:42:04+08:00 ]NOTICE: Undefined index: tagsE:\wamp\www\selfblog\blog\Storage\view\compile\5ae8f8c3aa1a93e050446c9592b27cf0.php (29).
[ 2016-05-18T07:42:04+08:00 ]NOTICE: Invalid argument supplied for foreach()E:\wamp\www\selfblog\blog\Storage\view\compile\5ae8f8c3aa1a93e050446c9592b27cf0.php (29).
[ 2016-05-18T07:42:04+08:00 ]NOTICE: Undefined index: thumbE:\wamp\www\selfblog\blog\Storage\view\compile\5ae8f8c3aa1a93e050446c9592b27cf0.php (20).
[ 2016-05-18T07:42:04+08:00 ]NOTICE: Undefined index: aidE:\wamp\www\selfblog\blog\Storage\view\compile\5ae8f8c3aa1a93e050446c9592b27cf0.php (21).
[ 2016-05-18T07:42:04+08:00 ]NOTICE: Undefined index: titleE:\wamp\www\selfblog\blog\Storage\view\compile\5ae8f8c3aa1a93e050446c9592b27cf0.php (21).
[ 2016-05-18T07:42:04+08:00 ]NOTICE: Undefined index: authorE:\wamp\www\selfblog\blog\Storage\view\compile\5ae8f8c3aa1a93e050446c9592b27cf0.php (23).
[ 2016-05-18T07:42:04+08:00 ]NOTICE: Undefined index: sendtimeE:\wamp\www\selfblog\blog\Storage\view\compile\5ae8f8c3aa1a93e050446c9592b27cf0.php (24).
[ 2016-05-18T07:42:04+08:00 ]NOTICE: Undefined index: cidE:\wamp\www\selfblog\blog\Storage\view\compile\5ae8f8c3aa1a93e050446c9592b27cf0.php (25).
[ 2016-05-18T07:42:04+08:00 ]NOTICE: Undefined index: cnameE:\wamp\www\selfblog\blog\Storage\view\compile\5ae8f8c3aa1a93e050446c9592b27cf0.php (25).
[ 2016-05-18T07:42:04+08:00 ]NOTICE: Undefined index: digestE:\wamp\www\selfblog\blog\Storage\view\compile\5ae8f8c3aa1a93e050446c9592b27cf0.php (27).
[ 2016-05-18T07:42:04+08:00 ]NOTICE: Undefined index: tagsE:\wamp\www\selfblog\blog\Storage\view\compile\5ae8f8c3aa1a93e050446c9592b27cf0.php (29).
[ 2016-05-18T07:42:04+08:00 ]NOTICE: Invalid argument supplied for foreach()E:\wamp\www\selfblog\blog\Storage\view\compile\5ae8f8c3aa1a93e050446c9592b27cf0.php (29).
[ 2016-05-18T07:42:04+08:00 ]NOTICE: Undefined index: thumbE:\wamp\www\selfblog\blog\Storage\view\compile\5ae8f8c3aa1a93e050446c9592b27cf0.php (20).
[ 2016-05-18T07:42:04+08:00 ]NOTICE: Undefined index: aidE:\wamp\www\selfblog\blog\Storage\view\compile\5ae8f8c3aa1a93e050446c9592b27cf0.php (21).
[ 2016-05-18T07:42:04+08:00 ]NOTICE: Undefined index: titleE:\wamp\www\selfblog\blog\Storage\view\compile\5ae8f8c3aa1a93e050446c9592b27cf0.php (21).
[ 2016-05-18T07:42:04+08:00 ]NOTICE: Undefined index: authorE:\wamp\www\selfblog\blog\Storage\view\compile\5ae8f8c3aa1a93e050446c9592b27cf0.php (23).
[ 2016-05-18T07:42:04+08:00 ]NOTICE: Undefined index: sendtimeE:\wamp\www\selfblog\blog\Storage\view\compile\5ae8f8c3aa1a93e050446c9592b27cf0.php (24).
[ 2016-05-18T07:42:04+08:00 ]NOTICE: Undefined index: cidE:\wamp\www\selfblog\blog\Storage\view\compile\5ae8f8c3aa1a93e050446c9592b27cf0.php (25).
[ 2016-05-18T07:42:04+08:00 ]NOTICE: Undefined index: cnameE:\wamp\www\selfblog\blog\Storage\view\compile\5ae8f8c3aa1a93e050446c9592b27cf0.php (25).
[ 2016-05-18T07:42:04+08:00 ]NOTICE: Undefined index: digestE:\wamp\www\selfblog\blog\Storage\view\compile\5ae8f8c3aa1a93e050446c9592b27cf0.php (27).
[ 2016-05-18T07:42:04+08:00 ]NOTICE: Undefined index: tagsE:\wamp\www\selfblog\blog\Storage\view\compile\5ae8f8c3aa1a93e050446c9592b27cf0.php (29).
[ 2016-05-18T07:42:04+08:00 ]NOTICE: Invalid argument supplied for foreach()E:\wamp\www\selfblog\blog\Storage\view\compile\5ae8f8c3aa1a93e050446c9592b27cf0.php (29).
[ 2016-05-18T07:42:04+08:00 ]NOTICE: Undefined index: thumbE:\wamp\www\selfblog\blog\Storage\view\compile\5ae8f8c3aa1a93e050446c9592b27cf0.php (20).
[ 2016-05-18T07:42:04+08:00 ]NOTICE: Undefined index: aidE:\wamp\www\selfblog\blog\Storage\view\compile\5ae8f8c3aa1a93e050446c9592b27cf0.php (21).
[ 2016-05-18T07:42:04+08:00 ]NOTICE: Undefined index: titleE:\wamp\www\selfblog\blog\Storage\view\compile\5ae8f8c3aa1a93e050446c9592b27cf0.php (21).
[ 2016-05-18T07:42:04+08:00 ]NOTICE: Undefined index: authorE:\wamp\www\selfblog\blog\Storage\view\compile\5ae8f8c3aa1a93e050446c9592b27cf0.php (23).
[ 2016-05-18T07:42:04+08:00 ]NOTICE: Undefined index: sendtimeE:\wamp\www\selfblog\blog\Storage\view\compile\5ae8f8c3aa1a93e050446c9592b27cf0.php (24).
[ 2016-05-18T07:42:04+08:00 ]NOTICE: Undefined index: cidE:\wamp\www\selfblog\blog\Storage\view\compile\5ae8f8c3aa1a93e050446c9592b27cf0.php (25).
[ 2016-05-18T07:42:04+08:00 ]NOTICE: Undefined index: cnameE:\wamp\www\selfblog\blog\Storage\view\compile\5ae8f8c3aa1a93e050446c9592b27cf0.php (25).
[ 2016-05-18T07:42:04+08:00 ]NOTICE: Undefined index: digestE:\wamp\www\selfblog\blog\Storage\view\compile\5ae8f8c3aa1a93e050446c9592b27cf0.php (27).
[ 2016-05-18T07:42:04+08:00 ]NOTICE: Undefined index: tagsE:\wamp\www\selfblog\blog\Storage\view\compile\5ae8f8c3aa1a93e050446c9592b27cf0.php (29).
[ 2016-05-18T07:42:04+08:00 ]NOTICE: Invalid argument supplied for foreach()E:\wamp\www\selfblog\blog\Storage\view\compile\5ae8f8c3aa1a93e050446c9592b27cf0.php (29).
[ 2016-05-18T07:42:05+08:00 ]NOTICE: Undefined index: thumbE:\wamp\www\selfblog\blog\Storage\view\compile\5ae8f8c3aa1a93e050446c9592b27cf0.php (20).
[ 2016-05-18T07:42:05+08:00 ]NOTICE: Undefined index: aidE:\wamp\www\selfblog\blog\Storage\view\compile\5ae8f8c3aa1a93e050446c9592b27cf0.php (21).
[ 2016-05-18T07:42:05+08:00 ]NOTICE: Undefined index: titleE:\wamp\www\selfblog\blog\Storage\view\compile\5ae8f8c3aa1a93e050446c9592b27cf0.php (21).
[ 2016-05-18T07:42:05+08:00 ]NOTICE: Undefined index: authorE:\wamp\www\selfblog\blog\Storage\view\compile\5ae8f8c3aa1a93e050446c9592b27cf0.php (23).
[ 2016-05-18T07:42:05+08:00 ]NOTICE: Undefined index: sendtimeE:\wamp\www\selfblog\blog\Storage\view\compile\5ae8f8c3aa1a93e050446c9592b27cf0.php (24).
[ 2016-05-18T07:42:05+08:00 ]NOTICE: Undefined index: cidE:\wamp\www\selfblog\blog\Storage\view\compile\5ae8f8c3aa1a93e050446c9592b27cf0.php (25).
[ 2016-05-18T07:42:05+08:00 ]NOTICE: Undefined index: cnameE:\wamp\www\selfblog\blog\Storage\view\compile\5ae8f8c3aa1a93e050446c9592b27cf0.php (25).
[ 2016-05-18T07:42:05+08:00 ]NOTICE: Undefined index: digestE:\wamp\www\selfblog\blog\Storage\view\compile\5ae8f8c3aa1a93e050446c9592b27cf0.php (27).
[ 2016-05-18T07:42:05+08:00 ]NOTICE: Undefined index: tagsE:\wamp\www\selfblog\blog\Storage\view\compile\5ae8f8c3aa1a93e050446c9592b27cf0.php (29).
[ 2016-05-18T07:42:05+08:00 ]NOTICE: Invalid argument supplied for foreach()E:\wamp\www\selfblog\blog\Storage\view\compile\5ae8f8c3aa1a93e050446c9592b27cf0.php (29).
[ 2016-05-18T07:42:05+08:00 ]NOTICE: Undefined index: thumbE:\wamp\www\selfblog\blog\Storage\view\compile\5ae8f8c3aa1a93e050446c9592b27cf0.php (20).
[ 2016-05-18T07:42:05+08:00 ]NOTICE: Undefined index: aidE:\wamp\www\selfblog\blog\Storage\view\compile\5ae8f8c3aa1a93e050446c9592b27cf0.php (21).
[ 2016-05-18T07:42:05+08:00 ]NOTICE: Undefined index: titleE:\wamp\www\selfblog\blog\Storage\view\compile\5ae8f8c3aa1a93e050446c9592b27cf0.php (21).
[ 2016-05-18T07:42:05+08:00 ]NOTICE: Undefined index: authorE:\wamp\www\selfblog\blog\Storage\view\compile\5ae8f8c3aa1a93e050446c9592b27cf0.php (23).
[ 2016-05-18T07:42:05+08:00 ]NOTICE: Undefined index: sendtimeE:\wamp\www\selfblog\blog\Storage\view\compile\5ae8f8c3aa1a93e050446c9592b27cf0.php (24).
[ 2016-05-18T07:42:05+08:00 ]NOTICE: Undefined index: cidE:\wamp\www\selfblog\blog\Storage\view\compile\5ae8f8c3aa1a93e050446c9592b27cf0.php (25).
[ 2016-05-18T07:42:05+08:00 ]NOTICE: Undefined index: cnameE:\wamp\www\selfblog\blog\Storage\view\compile\5ae8f8c3aa1a93e050446c9592b27cf0.php (25).
[ 2016-05-18T07:42:05+08:00 ]NOTICE: Undefined index: digestE:\wamp\www\selfblog\blog\Storage\view\compile\5ae8f8c3aa1a93e050446c9592b27cf0.php (27).
[ 2016-05-18T07:42:05+08:00 ]NOTICE: Undefined index: tagsE:\wamp\www\selfblog\blog\Storage\view\compile\5ae8f8c3aa1a93e050446c9592b27cf0.php (29).
[ 2016-05-18T07:42:05+08:00 ]NOTICE: Invalid argument supplied for foreach()E:\wamp\www\selfblog\blog\Storage\view\compile\5ae8f8c3aa1a93e050446c9592b27cf0.php (29).
[ 2016-05-18T07:42:05+08:00 ]NOTICE: Undefined index: thumbE:\wamp\www\selfblog\blog\Storage\view\compile\5ae8f8c3aa1a93e050446c9592b27cf0.php (20).
[ 2016-05-18T07:42:05+08:00 ]NOTICE: Undefined index: aidE:\wamp\www\selfblog\blog\Storage\view\compile\5ae8f8c3aa1a93e050446c9592b27cf0.php (21).
[ 2016-05-18T07:42:05+08:00 ]NOTICE: Undefined index: titleE:\wamp\www\selfblog\blog\Storage\view\compile\5ae8f8c3aa1a93e050446c9592b27cf0.php (21).
[ 2016-05-18T07:42:05+08:00 ]NOTICE: Undefined index: authorE:\wamp\www\selfblog\blog\Storage\view\compile\5ae8f8c3aa1a93e050446c9592b27cf0.php (23).
[ 2016-05-18T07:42:05+08:00 ]NOTICE: Undefined index: sendtimeE:\wamp\www\selfblog\blog\Storage\view\compile\5ae8f8c3aa1a93e050446c9592b27cf0.php (24).
[ 2016-05-18T07:42:05+08:00 ]NOTICE: Undefined index: cidE:\wamp\www\selfblog\blog\Storage\view\compile\5ae8f8c3aa1a93e050446c9592b27cf0.php (25).
[ 2016-05-18T07:42:05+08:00 ]NOTICE: Undefined index: cnameE:\wamp\www\selfblog\blog\Storage\view\compile\5ae8f8c3aa1a93e050446c9592b27cf0.php (25).
[ 2016-05-18T07:42:05+08:00 ]NOTICE: Undefined index: digestE:\wamp\www\selfblog\blog\Storage\view\compile\5ae8f8c3aa1a93e050446c9592b27cf0.php (27).
[ 2016-05-18T07:42:05+08:00 ]NOTICE: Undefined index: tagsE:\wamp\www\selfblog\blog\Storage\view\compile\5ae8f8c3aa1a93e050446c9592b27cf0.php (29).
[ 2016-05-18T07:42:05+08:00 ]NOTICE: Invalid argument supplied for foreach()E:\wamp\www\selfblog\blog\Storage\view\compile\5ae8f8c3aa1a93e050446c9592b27cf0.php (29).
[ 2016-05-18T07:42:05+08:00 ]NOTICE: Undefined index: thumbE:\wamp\www\selfblog\blog\Storage\view\compile\5ae8f8c3aa1a93e050446c9592b27cf0.php (20).
[ 2016-05-18T07:42:05+08:00 ]NOTICE: Undefined index: aidE:\wamp\www\selfblog\blog\Storage\view\compile\5ae8f8c3aa1a93e050446c9592b27cf0.php (21).
[ 2016-05-18T07:42:05+08:00 ]NOTICE: Undefined index: titleE:\wamp\www\selfblog\blog\Storage\view\compile\5ae8f8c3aa1a93e050446c9592b27cf0.php (21).
[ 2016-05-18T07:42:05+08:00 ]NOTICE: Undefined index: authorE:\wamp\www\selfblog\blog\Storage\view\compile\5ae8f8c3aa1a93e050446c9592b27cf0.php (23).
[ 2016-05-18T07:42:05+08:00 ]NOTICE: Undefined index: sendtimeE:\wamp\www\selfblog\blog\Storage\view\compile\5ae8f8c3aa1a93e050446c9592b27cf0.php (24).
[ 2016-05-18T07:42:05+08:00 ]NOTICE: Undefined index: cidE:\wamp\www\selfblog\blog\Storage\view\compile\5ae8f8c3aa1a93e050446c9592b27cf0.php (25).
[ 2016-05-18T07:42:05+08:00 ]NOTICE: Undefined index: cnameE:\wamp\www\selfblog\blog\Storage\view\compile\5ae8f8c3aa1a93e050446c9592b27cf0.php (25).
[ 2016-05-18T07:42:05+08:00 ]NOTICE: Undefined index: digestE:\wamp\www\selfblog\blog\Storage\view\compile\5ae8f8c3aa1a93e050446c9592b27cf0.php (27).
[ 2016-05-18T07:42:05+08:00 ]NOTICE: Undefined index: tagsE:\wamp\www\selfblog\blog\Storage\view\compile\5ae8f8c3aa1a93e050446c9592b27cf0.php (29).
[ 2016-05-18T07:42:05+08:00 ]NOTICE: Invalid argument supplied for foreach()E:\wamp\www\selfblog\blog\Storage\view\compile\5ae8f8c3aa1a93e050446c9592b27cf0.php (29).
[ 2016-05-18T07:42:05+08:00 ]NOTICE: Undefined index: thumbE:\wamp\www\selfblog\blog\Storage\view\compile\5ae8f8c3aa1a93e050446c9592b27cf0.php (20).
[ 2016-05-18T07:42:05+08:00 ]NOTICE: Undefined index: aidE:\wamp\www\selfblog\blog\Storage\view\compile\5ae8f8c3aa1a93e050446c9592b27cf0.php (21).
[ 2016-05-18T07:42:05+08:00 ]NOTICE: Undefined index: titleE:\wamp\www\selfblog\blog\Storage\view\compile\5ae8f8c3aa1a93e050446c9592b27cf0.php (21).
[ 2016-05-18T07:42:05+08:00 ]NOTICE: Undefined index: authorE:\wamp\www\selfblog\blog\Storage\view\compile\5ae8f8c3aa1a93e050446c9592b27cf0.php (23).
[ 2016-05-18T07:42:05+08:00 ]NOTICE: Undefined index: sendtimeE:\wamp\www\selfblog\blog\Storage\view\compile\5ae8f8c3aa1a93e050446c9592b27cf0.php (24).
[ 2016-05-18T07:42:05+08:00 ]NOTICE: Undefined index: cidE:\wamp\www\selfblog\blog\Storage\view\compile\5ae8f8c3aa1a93e050446c9592b27cf0.php (25).
[ 2016-05-18T07:42:05+08:00 ]NOTICE: Undefined index: cnameE:\wamp\www\selfblog\blog\Storage\view\compile\5ae8f8c3aa1a93e050446c9592b27cf0.php (25).
[ 2016-05-18T07:42:05+08:00 ]NOTICE: Undefined index: digestE:\wamp\www\selfblog\blog\Storage\view\compile\5ae8f8c3aa1a93e050446c9592b27cf0.php (27).
[ 2016-05-18T07:42:05+08:00 ]NOTICE: Undefined index: tagsE:\wamp\www\selfblog\blog\Storage\view\compile\5ae8f8c3aa1a93e050446c9592b27cf0.php (29).
[ 2016-05-18T07:42:05+08:00 ]NOTICE: Invalid argument supplied for foreach()E:\wamp\www\selfblog\blog\Storage\view\compile\5ae8f8c3aa1a93e050446c9592b27cf0.php (29).
[ 2016-05-18T07:43:37+08:00 ]NOTICE: Undefined index: tagsE:\wamp\www\selfblog\blog\Storage\view\compile\5ae8f8c3aa1a93e050446c9592b27cf0.php (28).
[ 2016-05-18T07:43:37+08:00 ]NOTICE: Invalid argument supplied for foreach()E:\wamp\www\selfblog\blog\Storage\view\compile\5ae8f8c3aa1a93e050446c9592b27cf0.php (28).
[ 2016-05-18T07:43:37+08:00 ]NOTICE: Undefined index: tagsE:\wamp\www\selfblog\blog\Storage\view\compile\5ae8f8c3aa1a93e050446c9592b27cf0.php (28).
[ 2016-05-18T07:43:37+08:00 ]NOTICE: Invalid argument supplied for foreach()E:\wamp\www\selfblog\blog\Storage\view\compile\5ae8f8c3aa1a93e050446c9592b27cf0.php (28).
[ 2016-05-18T07:43:37+08:00 ]NOTICE: Undefined index: tagsE:\wamp\www\selfblog\blog\Storage\view\compile\5ae8f8c3aa1a93e050446c9592b27cf0.php (28).
[ 2016-05-18T07:43:37+08:00 ]NOTICE: Invalid argument supplied for foreach()E:\wamp\www\selfblog\blog\Storage\view\compile\5ae8f8c3aa1a93e050446c9592b27cf0.php (28).
[ 2016-05-18T07:43:37+08:00 ]NOTICE: Undefined index: tagsE:\wamp\www\selfblog\blog\Storage\view\compile\5ae8f8c3aa1a93e050446c9592b27cf0.php (28).
[ 2016-05-18T07:43:37+08:00 ]NOTICE: Invalid argument supplied for foreach()E:\wamp\www\selfblog\blog\Storage\view\compile\5ae8f8c3aa1a93e050446c9592b27cf0.php (28).
[ 2016-05-18T07:43:37+08:00 ]NOTICE: Undefined index: tagsE:\wamp\www\selfblog\blog\Storage\view\compile\5ae8f8c3aa1a93e050446c9592b27cf0.php (28).
[ 2016-05-18T07:43:37+08:00 ]NOTICE: Invalid argument supplied for foreach()E:\wamp\www\selfblog\blog\Storage\view\compile\5ae8f8c3aa1a93e050446c9592b27cf0.php (28).
[ 2016-05-18T07:43:38+08:00 ]NOTICE: Undefined index: tagsE:\wamp\www\selfblog\blog\Storage\view\compile\5ae8f8c3aa1a93e050446c9592b27cf0.php (28).
[ 2016-05-18T07:43:38+08:00 ]NOTICE: Invalid argument supplied for foreach()E:\wamp\www\selfblog\blog\Storage\view\compile\5ae8f8c3aa1a93e050446c9592b27cf0.php (28).
[ 2016-05-18T07:43:38+08:00 ]NOTICE: Undefined index: tagsE:\wamp\www\selfblog\blog\Storage\view\compile\5ae8f8c3aa1a93e050446c9592b27cf0.php (28).
[ 2016-05-18T07:43:38+08:00 ]NOTICE: Invalid argument supplied for foreach()E:\wamp\www\selfblog\blog\Storage\view\compile\5ae8f8c3aa1a93e050446c9592b27cf0.php (28).
[ 2016-05-18T07:43:38+08:00 ]NOTICE: Undefined index: tagsE:\wamp\www\selfblog\blog\Storage\view\compile\5ae8f8c3aa1a93e050446c9592b27cf0.php (28).
[ 2016-05-18T07:43:38+08:00 ]NOTICE: Invalid argument supplied for foreach()E:\wamp\www\selfblog\blog\Storage\view\compile\5ae8f8c3aa1a93e050446c9592b27cf0.php (28).
[ 2016-05-18T07:43:38+08:00 ]NOTICE: Undefined index: tagsE:\wamp\www\selfblog\blog\Storage\view\compile\5ae8f8c3aa1a93e050446c9592b27cf0.php (28).
[ 2016-05-18T07:43:38+08:00 ]NOTICE: Invalid argument supplied for foreach()E:\wamp\www\selfblog\blog\Storage\view\compile\5ae8f8c3aa1a93e050446c9592b27cf0.php (28).
[ 2016-05-18T07:43:38+08:00 ]NOTICE: Undefined index: tagsE:\wamp\www\selfblog\blog\Storage\view\compile\5ae8f8c3aa1a93e050446c9592b27cf0.php (28).
[ 2016-05-18T07:43:38+08:00 ]NOTICE: Invalid argument supplied for foreach()E:\wamp\www\selfblog\blog\Storage\view\compile\5ae8f8c3aa1a93e050446c9592b27cf0.php (28).
