[ 2016-09-27T00:07:48+08:00 ]NOTICE: Undefined offset: 18C:\home\ftp\c\c65_guyongqing\wwwroot\Mall\Storage\view\compile\9c5abaaa6f02cf73c9209d43230d6294.php (729).
[ 2016-09-27T00:07:48+08:00 ]NOTICE: Undefined offset: 18C:\home\ftp\c\c65_guyongqing\wwwroot\Mall\Storage\view\compile\9c5abaaa6f02cf73c9209d43230d6294.php (743).
[ 2016-09-27T00:07:48+08:00 ]NOTICE: Undefined offset: 18C:\home\ftp\c\c65_guyongqing\wwwroot\Mall\Storage\view\compile\9c5abaaa6f02cf73c9209d43230d6294.php (743).
[ 2016-09-27T00:07:48+08:00 ]NOTICE: Undefined offset: 18C:\home\ftp\c\c65_guyongqing\wwwroot\Mall\Storage\view\compile\9c5abaaa6f02cf73c9209d43230d6294.php (743).
[ 2016-09-27T00:07:48+08:00 ]NOTICE: Undefined offset: 19C:\home\ftp\c\c65_guyongqing\wwwroot\Mall\Storage\view\compile\9c5abaaa6f02cf73c9209d43230d6294.php (729).
[ 2016-09-27T00:07:48+08:00 ]NOTICE: Undefined offset: 19C:\home\ftp\c\c65_guyongqing\wwwroot\Mall\Storage\view\compile\9c5abaaa6f02cf73c9209d43230d6294.php (743).
[ 2016-09-27T00:07:48+08:00 ]NOTICE: Undefined offset: 19C:\home\ftp\c\c65_guyongqing\wwwroot\Mall\Storage\view\compile\9c5abaaa6f02cf73c9209d43230d6294.php (743).
[ 2016-09-27T00:07:48+08:00 ]NOTICE: Undefined offset: 20C:\home\ftp\c\c65_guyongqing\wwwroot\Mall\Storage\view\compile\9c5abaaa6f02cf73c9209d43230d6294.php (729).
[ 2016-09-27T00:07:48+08:00 ]NOTICE: Undefined offset: 20C:\home\ftp\c\c65_guyongqing\wwwroot\Mall\Storage\view\compile\9c5abaaa6f02cf73c9209d43230d6294.php (743).
[ 2016-09-27T00:07:48+08:00 ]NOTICE: Undefined offset: 20C:\home\ftp\c\c65_guyongqing\wwwroot\Mall\Storage\view\compile\9c5abaaa6f02cf73c9209d43230d6294.php (743).
[ 2016-09-27T00:15:20+08:00 ]NOTICE: Undefined offset: 18C:\home\ftp\c\c65_guyongqing\wwwroot\Mall\Storage\view\compile\9c5abaaa6f02cf73c9209d43230d6294.php (729).
[ 2016-09-27T00:15:20+08:00 ]NOTICE: Undefined offset: 18C:\home\ftp\c\c65_guyongqing\wwwroot\Mall\Storage\view\compile\9c5abaaa6f02cf73c9209d43230d6294.php (743).
[ 2016-09-27T00:15:20+08:00 ]NOTICE: Undefined offset: 18C:\home\ftp\c\c65_guyongqing\wwwroot\Mall\Storage\view\compile\9c5abaaa6f02cf73c9209d43230d6294.php (743).
[ 2016-09-27T00:15:20+08:00 ]NOTICE: Undefined offset: 18C:\home\ftp\c\c65_guyongqing\wwwroot\Mall\Storage\view\compile\9c5abaaa6f02cf73c9209d43230d6294.php (743).
[ 2016-09-27T00:15:20+08:00 ]NOTICE: Undefined offset: 19C:\home\ftp\c\c65_guyongqing\wwwroot\Mall\Storage\view\compile\9c5abaaa6f02cf73c9209d43230d6294.php (729).
[ 2016-09-27T00:15:20+08:00 ]NOTICE: Undefined offset: 19C:\home\ftp\c\c65_guyongqing\wwwroot\Mall\Storage\view\compile\9c5abaaa6f02cf73c9209d43230d6294.php (743).
[ 2016-09-27T00:15:20+08:00 ]NOTICE: Undefined offset: 19C:\home\ftp\c\c65_guyongqing\wwwroot\Mall\Storage\view\compile\9c5abaaa6f02cf73c9209d43230d6294.php (743).
[ 2016-09-27T00:15:20+08:00 ]NOTICE: Undefined offset: 20C:\home\ftp\c\c65_guyongqing\wwwroot\Mall\Storage\view\compile\9c5abaaa6f02cf73c9209d43230d6294.php (729).
[ 2016-09-27T00:15:20+08:00 ]NOTICE: Undefined offset: 20C:\home\ftp\c\c65_guyongqing\wwwroot\Mall\Storage\view\compile\9c5abaaa6f02cf73c9209d43230d6294.php (743).
[ 2016-09-27T00:15:20+08:00 ]NOTICE: Undefined offset: 20C:\home\ftp\c\c65_guyongqing\wwwroot\Mall\Storage\view\compile\9c5abaaa6f02cf73c9209d43230d6294.php (743).
[ 2016-09-27T00:15:45+08:00 ]NOTICE: Undefined offset: 18C:\home\ftp\c\c65_guyongqing\wwwroot\Mall\Storage\view\compile\9c5abaaa6f02cf73c9209d43230d6294.php (729).
[ 2016-09-27T00:15:45+08:00 ]NOTICE: Undefined offset: 18C:\home\ftp\c\c65_guyongqing\wwwroot\Mall\Storage\view\compile\9c5abaaa6f02cf73c9209d43230d6294.php (743).
[ 2016-09-27T00:15:45+08:00 ]NOTICE: Undefined offset: 18C:\home\ftp\c\c65_guyongqing\wwwroot\Mall\Storage\view\compile\9c5abaaa6f02cf73c9209d43230d6294.php (743).
[ 2016-09-27T00:15:45+08:00 ]NOTICE: Undefined offset: 18C:\home\ftp\c\c65_guyongqing\wwwroot\Mall\Storage\view\compile\9c5abaaa6f02cf73c9209d43230d6294.php (743).
[ 2016-09-27T00:15:45+08:00 ]NOTICE: Undefined offset: 19C:\home\ftp\c\c65_guyongqing\wwwroot\Mall\Storage\view\compile\9c5abaaa6f02cf73c9209d43230d6294.php (729).
[ 2016-09-27T00:15:45+08:00 ]NOTICE: Undefined offset: 19C:\home\ftp\c\c65_guyongqing\wwwroot\Mall\Storage\view\compile\9c5abaaa6f02cf73c9209d43230d6294.php (743).
[ 2016-09-27T00:15:45+08:00 ]NOTICE: Undefined offset: 19C:\home\ftp\c\c65_guyongqing\wwwroot\Mall\Storage\view\compile\9c5abaaa6f02cf73c9209d43230d6294.php (743).
[ 2016-09-27T00:15:45+08:00 ]NOTICE: Undefined offset: 20C:\home\ftp\c\c65_guyongqing\wwwroot\Mall\Storage\view\compile\9c5abaaa6f02cf73c9209d43230d6294.php (729).
[ 2016-09-27T00:15:45+08:00 ]NOTICE: Undefined offset: 20C:\home\ftp\c\c65_guyongqing\wwwroot\Mall\Storage\view\compile\9c5abaaa6f02cf73c9209d43230d6294.php (743).
[ 2016-09-27T00:15:45+08:00 ]NOTICE: Undefined offset: 20C:\home\ftp\c\c65_guyongqing\wwwroot\Mall\Storage\view\compile\9c5abaaa6f02cf73c9209d43230d6294.php (743).
[ 2016-09-27T00:16:10+08:00 ]NOTICE: Undefined offset: 18C:\home\ftp\c\c65_guyongqing\wwwroot\Mall\Storage\view\compile\9c5abaaa6f02cf73c9209d43230d6294.php (729).
[ 2016-09-27T00:16:10+08:00 ]NOTICE: Undefined offset: 18C:\home\ftp\c\c65_guyongqing\wwwroot\Mall\Storage\view\compile\9c5abaaa6f02cf73c9209d43230d6294.php (743).
[ 2016-09-27T00:16:10+08:00 ]NOTICE: Undefined offset: 18C:\home\ftp\c\c65_guyongqing\wwwroot\Mall\Storage\view\compile\9c5abaaa6f02cf73c9209d43230d6294.php (743).
[ 2016-09-27T00:16:10+08:00 ]NOTICE: Undefined offset: 18C:\home\ftp\c\c65_guyongqing\wwwroot\Mall\Storage\view\compile\9c5abaaa6f02cf73c9209d43230d6294.php (743).
[ 2016-09-27T00:16:10+08:00 ]NOTICE: Undefined offset: 19C:\home\ftp\c\c65_guyongqing\wwwroot\Mall\Storage\view\compile\9c5abaaa6f02cf73c9209d43230d6294.php (729).
[ 2016-09-27T00:16:10+08:00 ]NOTICE: Undefined offset: 19C:\home\ftp\c\c65_guyongqing\wwwroot\Mall\Storage\view\compile\9c5abaaa6f02cf73c9209d43230d6294.php (743).
[ 2016-09-27T00:16:10+08:00 ]NOTICE: Undefined offset: 19C:\home\ftp\c\c65_guyongqing\wwwroot\Mall\Storage\view\compile\9c5abaaa6f02cf73c9209d43230d6294.php (743).
[ 2016-09-27T00:16:10+08:00 ]NOTICE: Undefined offset: 20C:\home\ftp\c\c65_guyongqing\wwwroot\Mall\Storage\view\compile\9c5abaaa6f02cf73c9209d43230d6294.php (729).
[ 2016-09-27T00:16:10+08:00 ]NOTICE: Undefined offset: 20C:\home\ftp\c\c65_guyongqing\wwwroot\Mall\Storage\view\compile\9c5abaaa6f02cf73c9209d43230d6294.php (743).
[ 2016-09-27T00:16:10+08:00 ]NOTICE: Undefined offset: 20C:\home\ftp\c\c65_guyongqing\wwwroot\Mall\Storage\view\compile\9c5abaaa6f02cf73c9209d43230d6294.php (743).
[ 2016-09-27T00:16:36+08:00 ]NOTICE: Undefined offset: 19C:\home\ftp\c\c65_guyongqing\wwwroot\Mall\Storage\view\compile\9c5abaaa6f02cf73c9209d43230d6294.php (729).
[ 2016-09-27T00:16:36+08:00 ]NOTICE: Undefined offset: 19C:\home\ftp\c\c65_guyongqing\wwwroot\Mall\Storage\view\compile\9c5abaaa6f02cf73c9209d43230d6294.php (743).
[ 2016-09-27T00:16:36+08:00 ]NOTICE: Undefined offset: 19C:\home\ftp\c\c65_guyongqing\wwwroot\Mall\Storage\view\compile\9c5abaaa6f02cf73c9209d43230d6294.php (743).
[ 2016-09-27T00:16:36+08:00 ]NOTICE: Undefined offset: 20C:\home\ftp\c\c65_guyongqing\wwwroot\Mall\Storage\view\compile\9c5abaaa6f02cf73c9209d43230d6294.php (729).
[ 2016-09-27T00:16:36+08:00 ]NOTICE: Undefined offset: 20C:\home\ftp\c\c65_guyongqing\wwwroot\Mall\Storage\view\compile\9c5abaaa6f02cf73c9209d43230d6294.php (743).
[ 2016-09-27T00:16:36+08:00 ]NOTICE: Undefined offset: 20C:\home\ftp\c\c65_guyongqing\wwwroot\Mall\Storage\view\compile\9c5abaaa6f02cf73c9209d43230d6294.php (743).
[ 2016-09-27T06:32:47+08:00 ]NOTICE: Undefined offset: 18C:\home\ftp\c\c65_guyongqing\wwwroot\Mall\Storage\view\compile\9c5abaaa6f02cf73c9209d43230d6294.php (729).
[ 2016-09-27T06:32:47+08:00 ]NOTICE: Undefined offset: 18C:\home\ftp\c\c65_guyongqing\wwwroot\Mall\Storage\view\compile\9c5abaaa6f02cf73c9209d43230d6294.php (743).
[ 2016-09-27T06:32:47+08:00 ]NOTICE: Undefined offset: 18C:\home\ftp\c\c65_guyongqing\wwwroot\Mall\Storage\view\compile\9c5abaaa6f02cf73c9209d43230d6294.php (743).
[ 2016-09-27T06:32:47+08:00 ]NOTICE: Undefined offset: 18C:\home\ftp\c\c65_guyongqing\wwwroot\Mall\Storage\view\compile\9c5abaaa6f02cf73c9209d43230d6294.php (743).
[ 2016-09-27T06:32:47+08:00 ]NOTICE: Undefined offset: 19C:\home\ftp\c\c65_guyongqing\wwwroot\Mall\Storage\view\compile\9c5abaaa6f02cf73c9209d43230d6294.php (729).
[ 2016-09-27T06:32:47+08:00 ]NOTICE: Undefined offset: 19C:\home\ftp\c\c65_guyongqing\wwwroot\Mall\Storage\view\compile\9c5abaaa6f02cf73c9209d43230d6294.php (743).
[ 2016-09-27T06:32:47+08:00 ]NOTICE: Undefined offset: 19C:\home\ftp\c\c65_guyongqing\wwwroot\Mall\Storage\view\compile\9c5abaaa6f02cf73c9209d43230d6294.php (743).
[ 2016-09-27T06:32:47+08:00 ]NOTICE: Undefined offset: 20C:\home\ftp\c\c65_guyongqing\wwwroot\Mall\Storage\view\compile\9c5abaaa6f02cf73c9209d43230d6294.php (729).
[ 2016-09-27T06:32:47+08:00 ]NOTICE: Undefined offset: 20C:\home\ftp\c\c65_guyongqing\wwwroot\Mall\Storage\view\compile\9c5abaaa6f02cf73c9209d43230d6294.php (743).
[ 2016-09-27T06:32:47+08:00 ]NOTICE: Undefined offset: 20C:\home\ftp\c\c65_guyongqing\wwwroot\Mall\Storage\view\compile\9c5abaaa6f02cf73c9209d43230d6294.php (743).
[ 2016-09-27T06:39:20+08:00 ]NOTICE: Undefined offset: 18C:\home\ftp\c\c65_guyongqing\wwwroot\Mall\Storage\view\compile\9c5abaaa6f02cf73c9209d43230d6294.php (729).
[ 2016-09-27T06:39:20+08:00 ]NOTICE: Undefined offset: 18C:\home\ftp\c\c65_guyongqing\wwwroot\Mall\Storage\view\compile\9c5abaaa6f02cf73c9209d43230d6294.php (743).
[ 2016-09-27T06:39:20+08:00 ]NOTICE: Undefined offset: 18C:\home\ftp\c\c65_guyongqing\wwwroot\Mall\Storage\view\compile\9c5abaaa6f02cf73c9209d43230d6294.php (743).
[ 2016-09-27T06:39:20+08:00 ]NOTICE: Undefined offset: 18C:\home\ftp\c\c65_guyongqing\wwwroot\Mall\Storage\view\compile\9c5abaaa6f02cf73c9209d43230d6294.php (743).
[ 2016-09-27T06:39:20+08:00 ]NOTICE: Undefined offset: 19C:\home\ftp\c\c65_guyongqing\wwwroot\Mall\Storage\view\compile\9c5abaaa6f02cf73c9209d43230d6294.php (729).
[ 2016-09-27T06:39:20+08:00 ]NOTICE: Undefined offset: 19C:\home\ftp\c\c65_guyongqing\wwwroot\Mall\Storage\view\compile\9c5abaaa6f02cf73c9209d43230d6294.php (743).
[ 2016-09-27T06:39:20+08:00 ]NOTICE: Undefined offset: 19C:\home\ftp\c\c65_guyongqing\wwwroot\Mall\Storage\view\compile\9c5abaaa6f02cf73c9209d43230d6294.php (743).
[ 2016-09-27T06:39:20+08:00 ]NOTICE: Undefined offset: 20C:\home\ftp\c\c65_guyongqing\wwwroot\Mall\Storage\view\compile\9c5abaaa6f02cf73c9209d43230d6294.php (729).
[ 2016-09-27T06:39:20+08:00 ]NOTICE: Undefined offset: 20C:\home\ftp\c\c65_guyongqing\wwwroot\Mall\Storage\view\compile\9c5abaaa6f02cf73c9209d43230d6294.php (743).
[ 2016-09-27T06:39:20+08:00 ]NOTICE: Undefined offset: 20C:\home\ftp\c\c65_guyongqing\wwwroot\Mall\Storage\view\compile\9c5abaaa6f02cf73c9209d43230d6294.php (743).
[ 2016-09-27T06:39:48+08:00 ]NOTICE: Undefined offset: 18C:\home\ftp\c\c65_guyongqing\wwwroot\Mall\Storage\view\compile\9c5abaaa6f02cf73c9209d43230d6294.php (729).
[ 2016-09-27T06:39:48+08:00 ]NOTICE: Undefined offset: 18C:\home\ftp\c\c65_guyongqing\wwwroot\Mall\Storage\view\compile\9c5abaaa6f02cf73c9209d43230d6294.php (743).
[ 2016-09-27T06:39:48+08:00 ]NOTICE: Undefined offset: 18C:\home\ftp\c\c65_guyongqing\wwwroot\Mall\Storage\view\compile\9c5abaaa6f02cf73c9209d43230d6294.php (743).
[ 2016-09-27T06:39:48+08:00 ]NOTICE: Undefined offset: 18C:\home\ftp\c\c65_guyongqing\wwwroot\Mall\Storage\view\compile\9c5abaaa6f02cf73c9209d43230d6294.php (743).
[ 2016-09-27T06:39:48+08:00 ]NOTICE: Undefined offset: 19C:\home\ftp\c\c65_guyongqing\wwwroot\Mall\Storage\view\compile\9c5abaaa6f02cf73c9209d43230d6294.php (729).
[ 2016-09-27T06:39:48+08:00 ]NOTICE: Undefined offset: 19C:\home\ftp\c\c65_guyongqing\wwwroot\Mall\Storage\view\compile\9c5abaaa6f02cf73c9209d43230d6294.php (743).
[ 2016-09-27T06:39:48+08:00 ]NOTICE: Undefined offset: 19C:\home\ftp\c\c65_guyongqing\wwwroot\Mall\Storage\view\compile\9c5abaaa6f02cf73c9209d43230d6294.php (743).
[ 2016-09-27T06:39:48+08:00 ]NOTICE: Undefined offset: 20C:\home\ftp\c\c65_guyongqing\wwwroot\Mall\Storage\view\compile\9c5abaaa6f02cf73c9209d43230d6294.php (729).
[ 2016-09-27T06:39:48+08:00 ]NOTICE: Undefined offset: 20C:\home\ftp\c\c65_guyongqing\wwwroot\Mall\Storage\view\compile\9c5abaaa6f02cf73c9209d43230d6294.php (743).
[ 2016-09-27T06:39:48+08:00 ]NOTICE: Undefined offset: 20C:\home\ftp\c\c65_guyongqing\wwwroot\Mall\Storage\view\compile\9c5abaaa6f02cf73c9209d43230d6294.php (743).
[ 2016-09-27T06:40:31+08:00 ]NOTICE: Undefined offset: 18C:\home\ftp\c\c65_guyongqing\wwwroot\Mall\Storage\view\compile\9c5abaaa6f02cf73c9209d43230d6294.php (729).
[ 2016-09-27T06:40:31+08:00 ]NOTICE: Undefined offset: 18C:\home\ftp\c\c65_guyongqing\wwwroot\Mall\Storage\view\compile\9c5abaaa6f02cf73c9209d43230d6294.php (743).
[ 2016-09-27T06:40:31+08:00 ]NOTICE: Undefined offset: 18C:\home\ftp\c\c65_guyongqing\wwwroot\Mall\Storage\view\compile\9c5abaaa6f02cf73c9209d43230d6294.php (743).
[ 2016-09-27T06:40:31+08:00 ]NOTICE: Undefined offset: 18C:\home\ftp\c\c65_guyongqing\wwwroot\Mall\Storage\view\compile\9c5abaaa6f02cf73c9209d43230d6294.php (743).
[ 2016-09-27T06:40:31+08:00 ]NOTICE: Undefined offset: 19C:\home\ftp\c\c65_guyongqing\wwwroot\Mall\Storage\view\compile\9c5abaaa6f02cf73c9209d43230d6294.php (729).
[ 2016-09-27T06:40:31+08:00 ]NOTICE: Undefined offset: 19C:\home\ftp\c\c65_guyongqing\wwwroot\Mall\Storage\view\compile\9c5abaaa6f02cf73c9209d43230d6294.php (743).
[ 2016-09-27T06:40:31+08:00 ]NOTICE: Undefined offset: 19C:\home\ftp\c\c65_guyongqing\wwwroot\Mall\Storage\view\compile\9c5abaaa6f02cf73c9209d43230d6294.php (743).
[ 2016-09-27T06:40:31+08:00 ]NOTICE: Undefined offset: 20C:\home\ftp\c\c65_guyongqing\wwwroot\Mall\Storage\view\compile\9c5abaaa6f02cf73c9209d43230d6294.php (729).
[ 2016-09-27T06:40:31+08:00 ]NOTICE: Undefined offset: 20C:\home\ftp\c\c65_guyongqing\wwwroot\Mall\Storage\view\compile\9c5abaaa6f02cf73c9209d43230d6294.php (743).
[ 2016-09-27T06:40:31+08:00 ]NOTICE: Undefined offset: 20C:\home\ftp\c\c65_guyongqing\wwwroot\Mall\Storage\view\compile\9c5abaaa6f02cf73c9209d43230d6294.php (743).
[ 2016-09-27T06:41:11+08:00 ]NOTICE: Undefined offset: 18C:\home\ftp\c\c65_guyongqing\wwwroot\Mall\Storage\view\compile\9c5abaaa6f02cf73c9209d43230d6294.php (729).
[ 2016-09-27T06:41:11+08:00 ]NOTICE: Undefined offset: 18C:\home\ftp\c\c65_guyongqing\wwwroot\Mall\Storage\view\compile\9c5abaaa6f02cf73c9209d43230d6294.php (743).
[ 2016-09-27T06:41:11+08:00 ]NOTICE: Undefined offset: 18C:\home\ftp\c\c65_guyongqing\wwwroot\Mall\Storage\view\compile\9c5abaaa6f02cf73c9209d43230d6294.php (743).
[ 2016-09-27T06:41:11+08:00 ]NOTICE: Undefined offset: 18C:\home\ftp\c\c65_guyongqing\wwwroot\Mall\Storage\view\compile\9c5abaaa6f02cf73c9209d43230d6294.php (743).
[ 2016-09-27T06:41:11+08:00 ]NOTICE: Undefined offset: 19C:\home\ftp\c\c65_guyongqing\wwwroot\Mall\Storage\view\compile\9c5abaaa6f02cf73c9209d43230d6294.php (729).
[ 2016-09-27T06:41:11+08:00 ]NOTICE: Undefined offset: 19C:\home\ftp\c\c65_guyongqing\wwwroot\Mall\Storage\view\compile\9c5abaaa6f02cf73c9209d43230d6294.php (743).
[ 2016-09-27T06:41:11+08:00 ]NOTICE: Undefined offset: 19C:\home\ftp\c\c65_guyongqing\wwwroot\Mall\Storage\view\compile\9c5abaaa6f02cf73c9209d43230d6294.php (743).
[ 2016-09-27T06:41:11+08:00 ]NOTICE: Undefined offset: 20C:\home\ftp\c\c65_guyongqing\wwwroot\Mall\Storage\view\compile\9c5abaaa6f02cf73c9209d43230d6294.php (729).
[ 2016-09-27T06:41:11+08:00 ]NOTICE: Undefined offset: 20C:\home\ftp\c\c65_guyongqing\wwwroot\Mall\Storage\view\compile\9c5abaaa6f02cf73c9209d43230d6294.php (743).
[ 2016-09-27T06:41:11+08:00 ]NOTICE: Undefined offset: 20C:\home\ftp\c\c65_guyongqing\wwwroot\Mall\Storage\view\compile\9c5abaaa6f02cf73c9209d43230d6294.php (743).
[ 2016-09-27T12:02:45+08:00 ]NOTICE: Undefined offset: 18C:\home\ftp\c\c65_guyongqing\wwwroot\Mall\Storage\view\compile\9c5abaaa6f02cf73c9209d43230d6294.php (729).
[ 2016-09-27T12:02:46+08:00 ]NOTICE: Undefined offset: 18C:\home\ftp\c\c65_guyongqing\wwwroot\Mall\Storage\view\compile\9c5abaaa6f02cf73c9209d43230d6294.php (743).
[ 2016-09-27T12:02:46+08:00 ]NOTICE: Undefined offset: 18C:\home\ftp\c\c65_guyongqing\wwwroot\Mall\Storage\view\compile\9c5abaaa6f02cf73c9209d43230d6294.php (743).
[ 2016-09-27T12:02:46+08:00 ]NOTICE: Undefined offset: 18C:\home\ftp\c\c65_guyongqing\wwwroot\Mall\Storage\view\compile\9c5abaaa6f02cf73c9209d43230d6294.php (743).
[ 2016-09-27T12:02:46+08:00 ]NOTICE: Undefined offset: 19C:\home\ftp\c\c65_guyongqing\wwwroot\Mall\Storage\view\compile\9c5abaaa6f02cf73c9209d43230d6294.php (729).
[ 2016-09-27T12:02:46+08:00 ]NOTICE: Undefined offset: 19C:\home\ftp\c\c65_guyongqing\wwwroot\Mall\Storage\view\compile\9c5abaaa6f02cf73c9209d43230d6294.php (743).
[ 2016-09-27T12:02:46+08:00 ]NOTICE: Undefined offset: 19C:\home\ftp\c\c65_guyongqing\wwwroot\Mall\Storage\view\compile\9c5abaaa6f02cf73c9209d43230d6294.php (743).
[ 2016-09-27T12:02:46+08:00 ]NOTICE: Undefined offset: 20C:\home\ftp\c\c65_guyongqing\wwwroot\Mall\Storage\view\compile\9c5abaaa6f02cf73c9209d43230d6294.php (729).
[ 2016-09-27T12:02:46+08:00 ]NOTICE: Undefined offset: 20C:\home\ftp\c\c65_guyongqing\wwwroot\Mall\Storage\view\compile\9c5abaaa6f02cf73c9209d43230d6294.php (743).
[ 2016-09-27T12:02:46+08:00 ]NOTICE: Undefined offset: 20C:\home\ftp\c\c65_guyongqing\wwwroot\Mall\Storage\view\compile\9c5abaaa6f02cf73c9209d43230d6294.php (743).
[ 2016-09-27T12:09:00+08:00 ]NOTICE: Undefined offset: 18C:\home\ftp\c\c65_guyongqing\wwwroot\Mall\Storage\view\compile\9c5abaaa6f02cf73c9209d43230d6294.php (729).
[ 2016-09-27T12:09:00+08:00 ]NOTICE: Undefined offset: 18C:\home\ftp\c\c65_guyongqing\wwwroot\Mall\Storage\view\compile\9c5abaaa6f02cf73c9209d43230d6294.php (743).
[ 2016-09-27T12:09:00+08:00 ]NOTICE: Undefined offset: 18C:\home\ftp\c\c65_guyongqing\wwwroot\Mall\Storage\view\compile\9c5abaaa6f02cf73c9209d43230d6294.php (743).
[ 2016-09-27T12:09:00+08:00 ]NOTICE: Undefined offset: 18C:\home\ftp\c\c65_guyongqing\wwwroot\Mall\Storage\view\compile\9c5abaaa6f02cf73c9209d43230d6294.php (743).
[ 2016-09-27T12:09:00+08:00 ]NOTICE: Undefined offset: 19C:\home\ftp\c\c65_guyongqing\wwwroot\Mall\Storage\view\compile\9c5abaaa6f02cf73c9209d43230d6294.php (729).
[ 2016-09-27T12:09:00+08:00 ]NOTICE: Undefined offset: 19C:\home\ftp\c\c65_guyongqing\wwwroot\Mall\Storage\view\compile\9c5abaaa6f02cf73c9209d43230d6294.php (743).
[ 2016-09-27T12:09:00+08:00 ]NOTICE: Undefined offset: 19C:\home\ftp\c\c65_guyongqing\wwwroot\Mall\Storage\view\compile\9c5abaaa6f02cf73c9209d43230d6294.php (743).
[ 2016-09-27T12:09:00+08:00 ]NOTICE: Undefined offset: 20C:\home\ftp\c\c65_guyongqing\wwwroot\Mall\Storage\view\compile\9c5abaaa6f02cf73c9209d43230d6294.php (729).
[ 2016-09-27T12:09:00+08:00 ]NOTICE: Undefined offset: 20C:\home\ftp\c\c65_guyongqing\wwwroot\Mall\Storage\view\compile\9c5abaaa6f02cf73c9209d43230d6294.php (743).
[ 2016-09-27T12:09:00+08:00 ]NOTICE: Undefined offset: 20C:\home\ftp\c\c65_guyongqing\wwwroot\Mall\Storage\view\compile\9c5abaaa6f02cf73c9209d43230d6294.php (743).
[ 2016-09-27T12:09:46+08:00 ]NOTICE: Undefined offset: 18C:\home\ftp\c\c65_guyongqing\wwwroot\Mall\Storage\view\compile\9c5abaaa6f02cf73c9209d43230d6294.php (729).
[ 2016-09-27T12:09:46+08:00 ]NOTICE: Undefined offset: 18C:\home\ftp\c\c65_guyongqing\wwwroot\Mall\Storage\view\compile\9c5abaaa6f02cf73c9209d43230d6294.php (743).
[ 2016-09-27T12:09:46+08:00 ]NOTICE: Undefined offset: 18C:\home\ftp\c\c65_guyongqing\wwwroot\Mall\Storage\view\compile\9c5abaaa6f02cf73c9209d43230d6294.php (743).
[ 2016-09-27T12:09:46+08:00 ]NOTICE: Undefined offset: 18C:\home\ftp\c\c65_guyongqing\wwwroot\Mall\Storage\view\compile\9c5abaaa6f02cf73c9209d43230d6294.php (743).
[ 2016-09-27T12:09:46+08:00 ]NOTICE: Undefined offset: 19C:\home\ftp\c\c65_guyongqing\wwwroot\Mall\Storage\view\compile\9c5abaaa6f02cf73c9209d43230d6294.php (729).
[ 2016-09-27T12:09:46+08:00 ]NOTICE: Undefined offset: 19C:\home\ftp\c\c65_guyongqing\wwwroot\Mall\Storage\view\compile\9c5abaaa6f02cf73c9209d43230d6294.php (743).
[ 2016-09-27T12:09:46+08:00 ]NOTICE: Undefined offset: 19C:\home\ftp\c\c65_guyongqing\wwwroot\Mall\Storage\view\compile\9c5abaaa6f02cf73c9209d43230d6294.php (743).
[ 2016-09-27T12:09:46+08:00 ]NOTICE: Undefined offset: 20C:\home\ftp\c\c65_guyongqing\wwwroot\Mall\Storage\view\compile\9c5abaaa6f02cf73c9209d43230d6294.php (729).
[ 2016-09-27T12:09:46+08:00 ]NOTICE: Undefined offset: 20C:\home\ftp\c\c65_guyongqing\wwwroot\Mall\Storage\view\compile\9c5abaaa6f02cf73c9209d43230d6294.php (743).
[ 2016-09-27T12:09:46+08:00 ]NOTICE: Undefined offset: 20C:\home\ftp\c\c65_guyongqing\wwwroot\Mall\Storage\view\compile\9c5abaaa6f02cf73c9209d43230d6294.php (743).
[ 2016-09-27T12:10:49+08:00 ]NOTICE: Undefined offset: 18C:\home\ftp\c\c65_guyongqing\wwwroot\Mall\Storage\view\compile\9c5abaaa6f02cf73c9209d43230d6294.php (729).
[ 2016-09-27T12:10:49+08:00 ]NOTICE: Undefined offset: 18C:\home\ftp\c\c65_guyongqing\wwwroot\Mall\Storage\view\compile\9c5abaaa6f02cf73c9209d43230d6294.php (743).
[ 2016-09-27T12:10:49+08:00 ]NOTICE: Undefined offset: 18C:\home\ftp\c\c65_guyongqing\wwwroot\Mall\Storage\view\compile\9c5abaaa6f02cf73c9209d43230d6294.php (743).
[ 2016-09-27T12:10:49+08:00 ]NOTICE: Undefined offset: 18C:\home\ftp\c\c65_guyongqing\wwwroot\Mall\Storage\view\compile\9c5abaaa6f02cf73c9209d43230d6294.php (743).
[ 2016-09-27T12:10:49+08:00 ]NOTICE: Undefined offset: 19C:\home\ftp\c\c65_guyongqing\wwwroot\Mall\Storage\view\compile\9c5abaaa6f02cf73c9209d43230d6294.php (729).
[ 2016-09-27T12:10:49+08:00 ]NOTICE: Undefined offset: 19C:\home\ftp\c\c65_guyongqing\wwwroot\Mall\Storage\view\compile\9c5abaaa6f02cf73c9209d43230d6294.php (743).
[ 2016-09-27T12:10:49+08:00 ]NOTICE: Undefined offset: 19C:\home\ftp\c\c65_guyongqing\wwwroot\Mall\Storage\view\compile\9c5abaaa6f02cf73c9209d43230d6294.php (743).
[ 2016-09-27T12:10:49+08:00 ]NOTICE: Undefined offset: 20C:\home\ftp\c\c65_guyongqing\wwwroot\Mall\Storage\view\compile\9c5abaaa6f02cf73c9209d43230d6294.php (729).
[ 2016-09-27T12:10:49+08:00 ]NOTICE: Undefined offset: 20C:\home\ftp\c\c65_guyongqing\wwwroot\Mall\Storage\view\compile\9c5abaaa6f02cf73c9209d43230d6294.php (743).
[ 2016-09-27T12:10:49+08:00 ]NOTICE: Undefined offset: 20C:\home\ftp\c\c65_guyongqing\wwwroot\Mall\Storage\view\compile\9c5abaaa6f02cf73c9209d43230d6294.php (743).
[ 2016-09-27T17:37:46+08:00 ]NOTICE: Undefined index: clidC:\home\ftp\c\c65_guyongqing\wwwroot\Mall\App\Home\Controller\ContentController.php (17).
[ 2016-09-27T17:38:20+08:00 ]NOTICE: Undefined index: clidC:\home\ftp\c\c65_guyongqing\wwwroot\Mall\App\Home\Controller\OrderController.php (175).
[ 2016-09-27T17:38:20+08:00 ]EXCEPTION: SELECT  *  FROM orderlist WHERE client_clid= AND order_orid=52 ORDER BY  order_orid DESC  ;BindParams:array (
)42000;1064;You have an error in your SQL syntax; check the manual that corresponds to your MySQL server version for the right syntax to use near 'AND order_orid=52 ORDER BY  order_orid DESC' at line 1
[ 2016-09-27T17:38:30+08:00 ]EXCEPTION: DELETE FROM receiptaddress WHERE rid= ;BindParams:array (
)42000;1064;You have an error in your SQL syntax; check the manual that corresponds to your MySQL server version for the right syntax to use near '' at line 1
[ 2016-09-27T17:41:03+08:00 ]NOTICE: Undefined index: clidC:\home\ftp\c\c65_guyongqing\wwwroot\Mall\App\Home\Controller\OrderController.php (175).
[ 2016-09-27T17:41:03+08:00 ]EXCEPTION: SELECT  *  FROM orderlist WHERE client_clid= AND order_orid=52 ORDER BY  order_orid DESC  ;BindParams:array (
)42000;1064;You have an error in your SQL syntax; check the manual that corresponds to your MySQL server version for the right syntax to use near 'AND order_orid=52 ORDER BY  order_orid DESC' at line 1
[ 2016-09-27T17:41:11+08:00 ]NOTICE: Undefined index: clidC:\home\ftp\c\c65_guyongqing\wwwroot\Mall\App\Home\Controller\OrderController.php (175).
[ 2016-09-27T17:41:11+08:00 ]EXCEPTION: SELECT  *  FROM orderlist WHERE client_clid= AND order_orid=52 ORDER BY  order_orid DESC  ;BindParams:array (
)42000;1064;You have an error in your SQL syntax; check the manual that corresponds to your MySQL server version for the right syntax to use near 'AND order_orid=52 ORDER BY  order_orid DESC' at line 1
[ 2016-09-27T17:41:13+08:00 ]NOTICE: Undefined index: clidC:\home\ftp\c\c65_guyongqing\wwwroot\Mall\App\Home\Controller\OrderController.php (175).
[ 2016-09-27T17:41:13+08:00 ]EXCEPTION: SELECT  *  FROM orderlist WHERE client_clid= AND order_orid=52 ORDER BY  order_orid DESC  ;BindParams:array (
)42000;1064;You have an error in your SQL syntax; check the manual that corresponds to your MySQL server version for the right syntax to use near 'AND order_orid=52 ORDER BY  order_orid DESC' at line 1
[ 2016-09-27T18:42:42+08:00 ]NOTICE: Undefined offset: 18C:\home\ftp\c\c65_guyongqing\wwwroot\Mall\Storage\view\compile\9c5abaaa6f02cf73c9209d43230d6294.php (729).
[ 2016-09-27T18:42:42+08:00 ]NOTICE: Undefined offset: 18C:\home\ftp\c\c65_guyongqing\wwwroot\Mall\Storage\view\compile\9c5abaaa6f02cf73c9209d43230d6294.php (743).
[ 2016-09-27T18:42:42+08:00 ]NOTICE: Undefined offset: 18C:\home\ftp\c\c65_guyongqing\wwwroot\Mall\Storage\view\compile\9c5abaaa6f02cf73c9209d43230d6294.php (743).
[ 2016-09-27T18:42:42+08:00 ]NOTICE: Undefined offset: 18C:\home\ftp\c\c65_guyongqing\wwwroot\Mall\Storage\view\compile\9c5abaaa6f02cf73c9209d43230d6294.php (743).
[ 2016-09-27T18:42:42+08:00 ]NOTICE: Undefined offset: 19C:\home\ftp\c\c65_guyongqing\wwwroot\Mall\Storage\view\compile\9c5abaaa6f02cf73c9209d43230d6294.php (729).
[ 2016-09-27T18:42:42+08:00 ]NOTICE: Undefined offset: 19C:\home\ftp\c\c65_guyongqing\wwwroot\Mall\Storage\view\compile\9c5abaaa6f02cf73c9209d43230d6294.php (743).
[ 2016-09-27T18:42:42+08:00 ]NOTICE: Undefined offset: 19C:\home\ftp\c\c65_guyongqing\wwwroot\Mall\Storage\view\compile\9c5abaaa6f02cf73c9209d43230d6294.php (743).
[ 2016-09-27T18:42:42+08:00 ]NOTICE: Undefined offset: 20C:\home\ftp\c\c65_guyongqing\wwwroot\Mall\Storage\view\compile\9c5abaaa6f02cf73c9209d43230d6294.php (729).
[ 2016-09-27T18:42:42+08:00 ]NOTICE: Undefined offset: 20C:\home\ftp\c\c65_guyongqing\wwwroot\Mall\Storage\view\compile\9c5abaaa6f02cf73c9209d43230d6294.php (743).
[ 2016-09-27T18:42:42+08:00 ]NOTICE: Undefined offset: 20C:\home\ftp\c\c65_guyongqing\wwwroot\Mall\Storage\view\compile\9c5abaaa6f02cf73c9209d43230d6294.php (743).
[ 2016-09-27T18:49:34+08:00 ]NOTICE: Undefined offset: 18C:\home\ftp\c\c65_guyongqing\wwwroot\Mall\Storage\view\compile\9c5abaaa6f02cf73c9209d43230d6294.php (729).
[ 2016-09-27T18:49:34+08:00 ]NOTICE: Undefined offset: 18C:\home\ftp\c\c65_guyongqing\wwwroot\Mall\Storage\view\compile\9c5abaaa6f02cf73c9209d43230d6294.php (743).
[ 2016-09-27T18:49:34+08:00 ]NOTICE: Undefined offset: 18C:\home\ftp\c\c65_guyongqing\wwwroot\Mall\Storage\view\compile\9c5abaaa6f02cf73c9209d43230d6294.php (743).
[ 2016-09-27T18:49:34+08:00 ]NOTICE: Undefined offset: 18C:\home\ftp\c\c65_guyongqing\wwwroot\Mall\Storage\view\compile\9c5abaaa6f02cf73c9209d43230d6294.php (743).
[ 2016-09-27T18:49:34+08:00 ]NOTICE: Undefined offset: 19C:\home\ftp\c\c65_guyongqing\wwwroot\Mall\Storage\view\compile\9c5abaaa6f02cf73c9209d43230d6294.php (729).
[ 2016-09-27T18:49:34+08:00 ]NOTICE: Undefined offset: 19C:\home\ftp\c\c65_guyongqing\wwwroot\Mall\Storage\view\compile\9c5abaaa6f02cf73c9209d43230d6294.php (743).
[ 2016-09-27T18:49:34+08:00 ]NOTICE: Undefined offset: 19C:\home\ftp\c\c65_guyongqing\wwwroot\Mall\Storage\view\compile\9c5abaaa6f02cf73c9209d43230d6294.php (743).
[ 2016-09-27T18:49:34+08:00 ]NOTICE: Undefined offset: 20C:\home\ftp\c\c65_guyongqing\wwwroot\Mall\Storage\view\compile\9c5abaaa6f02cf73c9209d43230d6294.php (729).
[ 2016-09-27T18:49:34+08:00 ]NOTICE: Undefined offset: 20C:\home\ftp\c\c65_guyongqing\wwwroot\Mall\Storage\view\compile\9c5abaaa6f02cf73c9209d43230d6294.php (743).
[ 2016-09-27T18:49:34+08:00 ]NOTICE: Undefined offset: 20C:\home\ftp\c\c65_guyongqing\wwwroot\Mall\Storage\view\compile\9c5abaaa6f02cf73c9209d43230d6294.php (743).
[ 2016-09-27T18:49:58+08:00 ]NOTICE: Undefined offset: 18C:\home\ftp\c\c65_guyongqing\wwwroot\Mall\Storage\view\compile\9c5abaaa6f02cf73c9209d43230d6294.php (729).
[ 2016-09-27T18:49:58+08:00 ]NOTICE: Undefined offset: 18C:\home\ftp\c\c65_guyongqing\wwwroot\Mall\Storage\view\compile\9c5abaaa6f02cf73c9209d43230d6294.php (743).
[ 2016-09-27T18:49:58+08:00 ]NOTICE: Undefined offset: 18C:\home\ftp\c\c65_guyongqing\wwwroot\Mall\Storage\view\compile\9c5abaaa6f02cf73c9209d43230d6294.php (743).
[ 2016-09-27T18:49:58+08:00 ]NOTICE: Undefined offset: 18C:\home\ftp\c\c65_guyongqing\wwwroot\Mall\Storage\view\compile\9c5abaaa6f02cf73c9209d43230d6294.php (743).
[ 2016-09-27T18:49:58+08:00 ]NOTICE: Undefined offset: 19C:\home\ftp\c\c65_guyongqing\wwwroot\Mall\Storage\view\compile\9c5abaaa6f02cf73c9209d43230d6294.php (729).
[ 2016-09-27T18:49:58+08:00 ]NOTICE: Undefined offset: 19C:\home\ftp\c\c65_guyongqing\wwwroot\Mall\Storage\view\compile\9c5abaaa6f02cf73c9209d43230d6294.php (743).
[ 2016-09-27T18:49:58+08:00 ]NOTICE: Undefined offset: 19C:\home\ftp\c\c65_guyongqing\wwwroot\Mall\Storage\view\compile\9c5abaaa6f02cf73c9209d43230d6294.php (743).
[ 2016-09-27T18:49:58+08:00 ]NOTICE: Undefined offset: 20C:\home\ftp\c\c65_guyongqing\wwwroot\Mall\Storage\view\compile\9c5abaaa6f02cf73c9209d43230d6294.php (729).
[ 2016-09-27T18:49:58+08:00 ]NOTICE: Undefined offset: 20C:\home\ftp\c\c65_guyongqing\wwwroot\Mall\Storage\view\compile\9c5abaaa6f02cf73c9209d43230d6294.php (743).
[ 2016-09-27T18:49:58+08:00 ]NOTICE: Undefined offset: 20C:\home\ftp\c\c65_guyongqing\wwwroot\Mall\Storage\view\compile\9c5abaaa6f02cf73c9209d43230d6294.php (743).
[ 2016-09-27T18:50:44+08:00 ]NOTICE: Undefined offset: 18C:\home\ftp\c\c65_guyongqing\wwwroot\Mall\Storage\view\compile\9c5abaaa6f02cf73c9209d43230d6294.php (729).
[ 2016-09-27T18:50:44+08:00 ]NOTICE: Undefined offset: 18C:\home\ftp\c\c65_guyongqing\wwwroot\Mall\Storage\view\compile\9c5abaaa6f02cf73c9209d43230d6294.php (743).
[ 2016-09-27T18:50:44+08:00 ]NOTICE: Undefined offset: 18C:\home\ftp\c\c65_guyongqing\wwwroot\Mall\Storage\view\compile\9c5abaaa6f02cf73c9209d43230d6294.php (743).
[ 2016-09-27T18:50:44+08:00 ]NOTICE: Undefined offset: 18C:\home\ftp\c\c65_guyongqing\wwwroot\Mall\Storage\view\compile\9c5abaaa6f02cf73c9209d43230d6294.php (743).
[ 2016-09-27T18:50:44+08:00 ]NOTICE: Undefined offset: 19C:\home\ftp\c\c65_guyongqing\wwwroot\Mall\Storage\view\compile\9c5abaaa6f02cf73c9209d43230d6294.php (729).
[ 2016-09-27T18:50:44+08:00 ]NOTICE: Undefined offset: 19C:\home\ftp\c\c65_guyongqing\wwwroot\Mall\Storage\view\compile\9c5abaaa6f02cf73c9209d43230d6294.php (743).
[ 2016-09-27T18:50:44+08:00 ]NOTICE: Undefined offset: 19C:\home\ftp\c\c65_guyongqing\wwwroot\Mall\Storage\view\compile\9c5abaaa6f02cf73c9209d43230d6294.php (743).
[ 2016-09-27T18:50:44+08:00 ]NOTICE: Undefined offset: 20C:\home\ftp\c\c65_guyongqing\wwwroot\Mall\Storage\view\compile\9c5abaaa6f02cf73c9209d43230d6294.php (729).
[ 2016-09-27T18:50:44+08:00 ]NOTICE: Undefined offset: 20C:\home\ftp\c\c65_guyongqing\wwwroot\Mall\Storage\view\compile\9c5abaaa6f02cf73c9209d43230d6294.php (743).
[ 2016-09-27T18:50:44+08:00 ]NOTICE: Undefined offset: 20C:\home\ftp\c\c65_guyongqing\wwwroot\Mall\Storage\view\compile\9c5abaaa6f02cf73c9209d43230d6294.php (743).
[ 2016-09-27T18:51:20+08:00 ]NOTICE: Undefined offset: 18C:\home\ftp\c\c65_guyongqing\wwwroot\Mall\Storage\view\compile\9c5abaaa6f02cf73c9209d43230d6294.php (729).
[ 2016-09-27T18:51:20+08:00 ]NOTICE: Undefined offset: 18C:\home\ftp\c\c65_guyongqing\wwwroot\Mall\Storage\view\compile\9c5abaaa6f02cf73c9209d43230d6294.php (743).
[ 2016-09-27T18:51:20+08:00 ]NOTICE: Undefined offset: 18C:\home\ftp\c\c65_guyongqing\wwwroot\Mall\Storage\view\compile\9c5abaaa6f02cf73c9209d43230d6294.php (743).
[ 2016-09-27T18:51:20+08:00 ]NOTICE: Undefined offset: 18C:\home\ftp\c\c65_guyongqing\wwwroot\Mall\Storage\view\compile\9c5abaaa6f02cf73c9209d43230d6294.php (743).
[ 2016-09-27T18:51:20+08:00 ]NOTICE: Undefined offset: 19C:\home\ftp\c\c65_guyongqing\wwwroot\Mall\Storage\view\compile\9c5abaaa6f02cf73c9209d43230d6294.php (729).
[ 2016-09-27T18:51:20+08:00 ]NOTICE: Undefined offset: 19C:\home\ftp\c\c65_guyongqing\wwwroot\Mall\Storage\view\compile\9c5abaaa6f02cf73c9209d43230d6294.php (743).
[ 2016-09-27T18:51:20+08:00 ]NOTICE: Undefined offset: 19C:\home\ftp\c\c65_guyongqing\wwwroot\Mall\Storage\view\compile\9c5abaaa6f02cf73c9209d43230d6294.php (743).
[ 2016-09-27T18:51:20+08:00 ]NOTICE: Undefined offset: 20C:\home\ftp\c\c65_guyongqing\wwwroot\Mall\Storage\view\compile\9c5abaaa6f02cf73c9209d43230d6294.php (729).
[ 2016-09-27T18:51:20+08:00 ]NOTICE: Undefined offset: 20C:\home\ftp\c\c65_guyongqing\wwwroot\Mall\Storage\view\compile\9c5abaaa6f02cf73c9209d43230d6294.php (743).
[ 2016-09-27T18:51:20+08:00 ]NOTICE: Undefined offset: 20C:\home\ftp\c\c65_guyongqing\wwwroot\Mall\Storage\view\compile\9c5abaaa6f02cf73c9209d43230d6294.php (743).
[ 2016-09-27T18:52:09+08:00 ]NOTICE: Undefined offset: 18C:\home\ftp\c\c65_guyongqing\wwwroot\Mall\Storage\view\compile\9c5abaaa6f02cf73c9209d43230d6294.php (729).
[ 2016-09-27T18:52:09+08:00 ]NOTICE: Undefined offset: 18C:\home\ftp\c\c65_guyongqing\wwwroot\Mall\Storage\view\compile\9c5abaaa6f02cf73c9209d43230d6294.php (743).
[ 2016-09-27T18:52:09+08:00 ]NOTICE: Undefined offset: 18C:\home\ftp\c\c65_guyongqing\wwwroot\Mall\Storage\view\compile\9c5abaaa6f02cf73c9209d43230d6294.php (743).
[ 2016-09-27T18:52:09+08:00 ]NOTICE: Undefined offset: 18C:\home\ftp\c\c65_guyongqing\wwwroot\Mall\Storage\view\compile\9c5abaaa6f02cf73c9209d43230d6294.php (743).
[ 2016-09-27T18:52:09+08:00 ]NOTICE: Undefined offset: 19C:\home\ftp\c\c65_guyongqing\wwwroot\Mall\Storage\view\compile\9c5abaaa6f02cf73c9209d43230d6294.php (729).
[ 2016-09-27T18:52:09+08:00 ]NOTICE: Undefined offset: 19C:\home\ftp\c\c65_guyongqing\wwwroot\Mall\Storage\view\compile\9c5abaaa6f02cf73c9209d43230d6294.php (743).
[ 2016-09-27T18:52:09+08:00 ]NOTICE: Undefined offset: 19C:\home\ftp\c\c65_guyongqing\wwwroot\Mall\Storage\view\compile\9c5abaaa6f02cf73c9209d43230d6294.php (743).
[ 2016-09-27T18:52:09+08:00 ]NOTICE: Undefined offset: 20C:\home\ftp\c\c65_guyongqing\wwwroot\Mall\Storage\view\compile\9c5abaaa6f02cf73c9209d43230d6294.php (729).
[ 2016-09-27T18:52:09+08:00 ]NOTICE: Undefined offset: 20C:\home\ftp\c\c65_guyongqing\wwwroot\Mall\Storage\view\compile\9c5abaaa6f02cf73c9209d43230d6294.php (743).
[ 2016-09-27T18:52:09+08:00 ]NOTICE: Undefined offset: 20C:\home\ftp\c\c65_guyongqing\wwwroot\Mall\Storage\view\compile\9c5abaaa6f02cf73c9209d43230d6294.php (743).
