[ 2016-07-01T17:52:35+08:00 ]NOTICE: Undefined index: clidE:\wamp\www\git-test\gyq_mall\Mall\App\Home\Controller\ContentController.php (17).
[ 2016-07-01T17:53:50+08:00 ]NOTICE: Invalid argument supplied for foreach()E:\wamp\www\git-test\gyq_mall\Mall\Hdphp\Cart\Cart.php (147).
[ 2016-07-01T20:22:48+08:00 ]EXCEPTION: INSERT INTO receiptaddress (`rid`,`consignee`,`order_orid`,`province`,`city`,`area`,`FullAddress`,`rphone`,`rfixphone`,`client_clid`)VALUES(?,?,?,?,?,?,?,?,?,?) ;BindParams:array (
  0 => '227',
  1 => '',
  2 => '56',
  3 => '河北',
  4 => '石家庄',
  5 => '新华区',
  6 => '',
  7 => '',
  8 => '',
  9 => '4',
)23000;1062;Duplicate entry '227' for key 'PRIMARY'
[ 2016-07-01T20:22:53+08:00 ]EXCEPTION: INSERT INTO receiptaddress (`rid`,`consignee`,`order_orid`,`province`,`city`,`area`,`FullAddress`,`rphone`,`rfixphone`,`client_clid`)VALUES(?,?,?,?,?,?,?,?,?,?) ;BindParams:array (
  0 => '227',
  1 => '',
  2 => '56',
  3 => '河北',
  4 => '石家庄',
  5 => '新华区',
  6 => '',
  7 => '',
  8 => '',
  9 => '4',
)23000;1062;Duplicate entry '227' for key 'PRIMARY'
[ 2016-07-01T20:23:01+08:00 ]EXCEPTION: INSERT INTO receiptaddress (`rid`,`consignee`,`order_orid`,`province`,`city`,`area`,`FullAddress`,`rphone`,`rfixphone`,`client_clid`)VALUES(?,?,?,?,?,?,?,?,?,?) ;BindParams:array (
  0 => '227',
  1 => '',
  2 => '56',
  3 => '河北',
  4 => '石家庄',
  5 => '新华区',
  6 => '',
  7 => '',
  8 => '',
  9 => '4',
)23000;1062;Duplicate entry '227' for key 'PRIMARY'
[ 2016-07-01T20:25:02+08:00 ]EXCEPTION: DELETE FROM receiptaddress WHERE rid= ;BindParams:array (
)42000;1064;You have an error in your SQL syntax; check the manual that corresponds to your MySQL server version for the right syntax to use near '' at line 1
[ 2016-07-01T20:27:19+08:00 ]EXCEPTION: INSERT INTO receiptaddress (`rid`,`consignee`,`order_orid`,`province`,`city`,`area`,`FullAddress`,`rphone`,`rfixphone`,`client_clid`)VALUES(?,?,?,?,?,?,?,?,?,?) ;BindParams:array (
  0 => '227',
  1 => '11111',
  2 => '56',
  3 => '北京市',
  4 => '沧州',
  5 => '裕华区',
  6 => '11111',
  7 => '',
  8 => '',
  9 => '4',
)23000;1062;Duplicate entry '227' for key 'PRIMARY'
[ 2016-07-01T20:30:53+08:00 ]EXCEPTION: INSERT INTO receiptaddress (`rid`,`consignee`,`order_orid`,`province`,`city`,`area`,`FullAddress`,`rphone`,`rfixphone`,`client_clid`)VALUES(?,?,?,?,?,?,?,?,?,?) ;BindParams:array (
  0 => '229',
  1 => '',
  2 => '56',
  3 => '河北',
  4 => '石家庄',
  5 => '新华区',
  6 => '',
  7 => '',
  8 => '',
  9 => '4',
)23000;1062;Duplicate entry '229' for key 'PRIMARY'
[ 2016-07-01T20:32:40+08:00 ]EXCEPTION: DELETE FROM receiptaddress WHERE rid= ;BindParams:array (
)42000;1064;You have an error in your SQL syntax; check the manual that corresponds to your MySQL server version for the right syntax to use near '' at line 1
[ 2016-07-01T20:32:40+08:00 ]EXCEPTION: DELETE FROM receiptaddress WHERE rid= ;BindParams:array (
)42000;1064;You have an error in your SQL syntax; check the manual that corresponds to your MySQL server version for the right syntax to use near '' at line 1
[ 2016-07-01T20:32:52+08:00 ]EXCEPTION: DELETE FROM receiptaddress WHERE rid= ;BindParams:array (
)42000;1064;You have an error in your SQL syntax; check the manual that corresponds to your MySQL server version for the right syntax to use near '' at line 1
[ 2016-07-01T20:32:52+08:00 ]EXCEPTION: DELETE FROM receiptaddress WHERE rid= ;BindParams:array (
)42000;1064;You have an error in your SQL syntax; check the manual that corresponds to your MySQL server version for the right syntax to use near '' at line 1
[ 2016-07-01T20:36:34+08:00 ]EXCEPTION: INSERT INTO receiptaddress (`rid`,`consignee`,`order_orid`,`province`,`city`,`area`,`FullAddress`,`rphone`,`rfixphone`,`client_clid`)VALUES(?,?,?,?,?,?,?,?,?,?) ;BindParams:array (
  0 => '233',
  1 => '',
  2 => '56',
  3 => '河北',
  4 => '石家庄',
  5 => '新华区',
  6 => '',
  7 => '',
  8 => '',
  9 => '4',
)23000;1062;Duplicate entry '233' for key 'PRIMARY'
[ 2016-07-01T20:39:22+08:00 ]EXCEPTION: DELETE FROM receiptaddress WHERE rid= ;BindParams:array (
)42000;1064;You have an error in your SQL syntax; check the manual that corresponds to your MySQL server version for the right syntax to use near '' at line 1
[ 2016-07-01T20:42:42+08:00 ]EXCEPTION: INSERT INTO receiptaddress (`consignee`,`province`,`city`,`area`,`FullAddress`,`rfixphone`,`rphone`,`rid`)VALUES(?,?,?,?,?,?,?,?) ;BindParams:array (
  0 => '谷永庆656',
  1 => '河北',
  2 => '石家庄',
  3 => '新华区',
  4 => '肖家营新区 6-1-1003',
  5 => '87734342',
  6 => '15832033212',
  7 => '175',
)23000;1062;Duplicate entry '175' for key 'PRIMARY'
[ 2016-07-01T20:42:44+08:00 ]EXCEPTION: INSERT INTO receiptaddress (`consignee`,`province`,`city`,`area`,`FullAddress`,`rfixphone`,`rphone`,`rid`)VALUES(?,?,?,?,?,?,?,?) ;BindParams:array (
  0 => '谷永庆656',
  1 => '河北',
  2 => '石家庄',
  3 => '新华区',
  4 => '肖家营新区 6-1-1003',
  5 => '87734342',
  6 => '15832033212',
  7 => '175',
)23000;1062;Duplicate entry '175' for key 'PRIMARY'
[ 2016-07-01T20:42:49+08:00 ]EXCEPTION: INSERT INTO receiptaddress (`consignee`,`province`,`city`,`area`,`FullAddress`,`rfixphone`,`rphone`,`rid`)VALUES(?,?,?,?,?,?,?,?) ;BindParams:array (
  0 => '谷永庆656',
  1 => '河北',
  2 => '石家庄',
  3 => '新华区',
  4 => '肖家营新区 6-1-1003',
  5 => '87734342',
  6 => '15832033212',
  7 => '175',
)23000;1062;Duplicate entry '175' for key 'PRIMARY'
[ 2016-07-01T20:43:05+08:00 ]EXCEPTION: INSERT INTO receiptaddress (`consignee`,`province`,`city`,`area`,`FullAddress`,`rfixphone`,`rphone`,`rid`)VALUES(?,?,?,?,?,?,?,?) ;BindParams:array (
  0 => '谷永庆656',
  1 => '河北',
  2 => '石家庄',
  3 => '新华区',
  4 => '肖家营新区 6-1-1003',
  5 => '87734342',
  6 => '15832033212',
  7 => '175',
)23000;1062;Duplicate entry '175' for key 'PRIMARY'
[ 2016-07-01T20:43:18+08:00 ]EXCEPTION: INSERT INTO receiptaddress (`consignee`,`province`,`city`,`area`,`FullAddress`,`rfixphone`,`rphone`,`rid`)VALUES(?,?,?,?,?,?,?,?) ;BindParams:array (
  0 => '656',
  1 => '福建',
  2 => '福州',
  3 => '鼓楼区',
  4 => 'trt',
  5 => 'dtd',
  6 => '',
  7 => '234',
)23000;1062;Duplicate entry '234' for key 'PRIMARY'
[ 2016-07-01T20:43:18+08:00 ]EXCEPTION: INSERT INTO receiptaddress (`consignee`,`province`,`city`,`area`,`FullAddress`,`rfixphone`,`rphone`,`rid`)VALUES(?,?,?,?,?,?,?,?) ;BindParams:array (
  0 => '656',
  1 => '福建',
  2 => '福州',
  3 => '鼓楼区',
  4 => 'trt',
  5 => 'dtd',
  6 => '',
  7 => '234',
)23000;1062;Duplicate entry '234' for key 'PRIMARY'
[ 2016-07-01T20:43:19+08:00 ]EXCEPTION: INSERT INTO receiptaddress (`consignee`,`province`,`city`,`area`,`FullAddress`,`rfixphone`,`rphone`,`rid`)VALUES(?,?,?,?,?,?,?,?) ;BindParams:array (
  0 => '656',
  1 => '福建',
  2 => '福州',
  3 => '鼓楼区',
  4 => 'trt',
  5 => 'dtd',
  6 => '',
  7 => '234',
)23000;1062;Duplicate entry '234' for key 'PRIMARY'
[ 2016-07-01T20:43:19+08:00 ]EXCEPTION: INSERT INTO receiptaddress (`consignee`,`province`,`city`,`area`,`FullAddress`,`rfixphone`,`rphone`,`rid`)VALUES(?,?,?,?,?,?,?,?) ;BindParams:array (
  0 => '656',
  1 => '福建',
  2 => '福州',
  3 => '鼓楼区',
  4 => 'trt',
  5 => 'dtd',
  6 => '',
  7 => '234',
)23000;1062;Duplicate entry '234' for key 'PRIMARY'
[ 2016-07-01T20:43:20+08:00 ]EXCEPTION: INSERT INTO receiptaddress (`consignee`,`province`,`city`,`area`,`FullAddress`,`rfixphone`,`rphone`,`rid`)VALUES(?,?,?,?,?,?,?,?) ;BindParams:array (
  0 => '656',
  1 => '福建',
  2 => '福州',
  3 => '鼓楼区',
  4 => 'trt',
  5 => 'dtd',
  6 => '',
  7 => '234',
)23000;1062;Duplicate entry '234' for key 'PRIMARY'
[ 2016-07-01T20:43:20+08:00 ]EXCEPTION: INSERT INTO receiptaddress (`consignee`,`province`,`city`,`area`,`FullAddress`,`rfixphone`,`rphone`,`rid`)VALUES(?,?,?,?,?,?,?,?) ;BindParams:array (
  0 => '656',
  1 => '福建',
  2 => '福州',
  3 => '鼓楼区',
  4 => 'trt',
  5 => 'dtd',
  6 => '',
  7 => '234',
)23000;1062;Duplicate entry '234' for key 'PRIMARY'
[ 2016-07-01T20:43:20+08:00 ]EXCEPTION: INSERT INTO receiptaddress (`consignee`,`province`,`city`,`area`,`FullAddress`,`rfixphone`,`rphone`,`rid`)VALUES(?,?,?,?,?,?,?,?) ;BindParams:array (
  0 => '656',
  1 => '福建',
  2 => '福州',
  3 => '鼓楼区',
  4 => 'trt',
  5 => 'dtd',
  6 => '',
  7 => '234',
)23000;1062;Duplicate entry '234' for key 'PRIMARY'
[ 2016-07-01T20:43:20+08:00 ]EXCEPTION: INSERT INTO receiptaddress (`consignee`,`province`,`city`,`area`,`FullAddress`,`rfixphone`,`rphone`,`rid`)VALUES(?,?,?,?,?,?,?,?) ;BindParams:array (
  0 => '656',
  1 => '福建',
  2 => '福州',
  3 => '鼓楼区',
  4 => 'trt',
  5 => 'dtd',
  6 => '',
  7 => '234',
)23000;1062;Duplicate entry '234' for key 'PRIMARY'
[ 2016-07-01T20:43:32+08:00 ]EXCEPTION: INSERT INTO receiptaddress (`consignee`,`province`,`city`,`area`,`FullAddress`,`rfixphone`,`rphone`,`rid`)VALUES(?,?,?,?,?,?,?,?) ;BindParams:array (
  0 => '656',
  1 => '福建',
  2 => '福州',
  3 => '鼓楼区',
  4 => 'trt',
  5 => 'dtd',
  6 => '',
  7 => '234',
)23000;1062;Duplicate entry '234' for key 'PRIMARY'
[ 2016-07-01T20:43:32+08:00 ]EXCEPTION: INSERT INTO receiptaddress (`consignee`,`province`,`city`,`area`,`FullAddress`,`rfixphone`,`rphone`,`rid`)VALUES(?,?,?,?,?,?,?,?) ;BindParams:array (
  0 => '656',
  1 => '福建',
  2 => '福州',
  3 => '鼓楼区',
  4 => 'trt',
  5 => 'dtd',
  6 => '',
  7 => '234',
)23000;1062;Duplicate entry '234' for key 'PRIMARY'
