[ 2016-07-02T09:47:17+08:00 ]EXCEPTION: INSERT INTO receiptaddress (`rid`,`consignee`,`order_orid`,`province`,`city`,`area`,`FullAddress`,`rphone`,`rfixphone`,`client_clid`)VALUES(?,?,?,?,?,?,?,?,?,?) ;BindParams:array (
  0 => '171',
  1 => '刘瑞静',
  2 => '56',
  3 => '河北',
  4 => '石家庄',
  5 => '新华区',
  6 => '肖家营新区 6-1-1003',
  7 => '15830112603',
  8 => '87734342',
  9 => '1',
)23000;1062;Duplicate entry '171' for key 'PRIMARY'
[ 2016-07-02T10:28:36+08:00 ]NOTICE: Invalid argument supplied for foreach()E:\wamp\www\git-test\gyq_mall\Mall\Hdphp\Cart\Cart.php (147).
[ 2016-07-02T10:50:01+08:00 ]EXCEPTION: INSERT INTO receiptaddress (`rid`,`consignee`,`order_orid`,`FullAddress`,`rphone`,`rfixphone`,`province`,`city`,`area`,`client_clid`)VALUES(?,?,?,?,?,?,?,?,?,?) ;BindParams:array (
  0 => '171',
  1 => '',
  2 => '56',
  3 => '',
  4 => '',
  5 => '',
  6 => '广西',
  7 => '南宁',
  8 => '邕宁区',
  9 => '1',
)23000;1062;Duplicate entry '171' for key 'PRIMARY'
[ 2016-07-02T10:50:12+08:00 ]EXCEPTION: INSERT INTO receiptaddress (`rid`,`consignee`,`order_orid`,`FullAddress`,`rphone`,`rfixphone`,`province`,`city`,`area`,`client_clid`)VALUES(?,?,?,?,?,?,?,?,?,?) ;BindParams:array (
  0 => '171',
  1 => '谷永庆',
  2 => '56',
  3 => '裕华区恒大华府7-1-1803',
  4 => '',
  5 => '',
  6 => '河北',
  7 => '南宁',
  8 => '邕宁区',
  9 => '1',
)23000;1062;Duplicate entry '171' for key 'PRIMARY'
[ 2016-07-02T10:59:09+08:00 ]EXCEPTION: DELETE FROM receiptaddress WHERE rid= ;BindParams:array (
)42000;1064;You have an error in your SQL syntax; check the manual that corresponds to your MySQL server version for the right syntax to use near '' at line 1
[ 2016-07-02T10:59:19+08:00 ]EXCEPTION: DELETE FROM receiptaddress WHERE rid= ;BindParams:array (
)42000;1064;You have an error in your SQL syntax; check the manual that corresponds to your MySQL server version for the right syntax to use near '' at line 1
[ 2016-07-02T10:59:51+08:00 ]EXCEPTION: DELETE FROM receiptaddress WHERE rid= ;BindParams:array (
)42000;1064;You have an error in your SQL syntax; check the manual that corresponds to your MySQL server version for the right syntax to use near '' at line 1
[ 2016-07-02T11:00:16+08:00 ]EXCEPTION: DELETE FROM receiptaddress WHERE rid= ;BindParams:array (
)42000;1064;You have an error in your SQL syntax; check the manual that corresponds to your MySQL server version for the right syntax to use near '' at line 1
[ 2016-07-02T11:01:18+08:00 ]EXCEPTION: INSERT INTO receiptaddress (`rid`,`consignee`,`order_orid`,`FullAddress`,`rphone`,`rfixphone`,`province`,`city`,`area`,`client_clid`)VALUES(?,?,?,?,?,?,?,?,?,?) ;BindParams:array (
  0 => '171',
  1 => '景甜',
  2 => '56',
  3 => '天之涯小区90-09-1902',
  4 => '15233302133',
  5 => '87724753',
  6 => '福建',
  7 => '福州',
  8 => '鼓楼区',
  9 => '1',
)23000;1062;Duplicate entry '171' for key 'PRIMARY'
[ 2016-07-02T11:01:34+08:00 ]EXCEPTION: INSERT INTO receiptaddress (`rid`,`consignee`,`order_orid`,`FullAddress`,`rphone`,`rfixphone`,`province`,`city`,`area`,`client_clid`)VALUES(?,?,?,?,?,?,?,?,?,?) ;BindParams:array (
  0 => '171',
  1 => '景甜',
  2 => '56',
  3 => '',
  4 => '',
  5 => '',
  6 => '河北',
  7 => '福州',
  8 => '鼓楼区',
  9 => '1',
)23000;1062;Duplicate entry '171' for key 'PRIMARY'
[ 2016-07-02T11:02:23+08:00 ]EXCEPTION: DELETE FROM receiptaddress WHERE rid= ;BindParams:array (
)42000;1064;You have an error in your SQL syntax; check the manual that corresponds to your MySQL server version for the right syntax to use near '' at line 1
[ 2016-07-02T16:51:24+08:00 ]NOTICE: Undefined index: clidE:\wamp\www\git-test\gyq_mall\Mall\App\Home\Controller\OrderController.php (168).
[ 2016-07-02T16:51:24+08:00 ]EXCEPTION: SELECT  *  FROM orderlist WHERE client_clid= ORDER BY  order_orid DESC  ;BindParams:array (
)42000;1064;You have an error in your SQL syntax; check the manual that corresponds to your MySQL server version for the right syntax to use near 'ORDER BY  order_orid DESC' at line 1
[ 2016-07-02T17:07:49+08:00 ]EXCEPTION: INSERT INTO receiptaddress (`consignee`,`province`,`city`,`area`,`FullAddress`,`rfixphone`,`rphone`,`rid`)VALUES(?,?,?,?,?,?,?,?) ;BindParams:array (
  0 => '谷永庆',
  1 => '河北',
  2 => '石家庄',
  3 => '新华区',
  4 => '67656',
  5 => '65765',
  6 => '657657',
  7 => '226',
)23000;1062;Duplicate entry '226' for key 'PRIMARY'
[ 2016-07-02T17:08:00+08:00 ]EXCEPTION: INSERT INTO receiptaddress (`consignee`,`province`,`city`,`area`,`FullAddress`,`rfixphone`,`rphone`,`rid`)VALUES(?,?,?,?,?,?,?,?) ;BindParams:array (
  0 => '谷永庆',
  1 => '河北',
  2 => '石家庄',
  3 => '新华区',
  4 => '67656',
  5 => '65765',
  6 => '657657',
  7 => '226',
)23000;1062;Duplicate entry '226' for key 'PRIMARY'
[ 2016-07-02T17:11:45+08:00 ]EXCEPTION: INSERT INTO receiptaddress (`consignee`,`province`,`city`,`area`,`FullAddress`,`rfixphone`,`rphone`,`rid`)VALUES(?,?,?,?,?,?,?,?) ;BindParams:array (
  0 => '谷永庆',
  1 => '河北',
  2 => '石家庄',
  3 => '新华区',
  4 => '67656',
  5 => '65765',
  6 => '657657',
  7 => '226',
)23000;1062;Duplicate entry '226' for key 'PRIMARY'
[ 2016-07-02T17:14:28+08:00 ]EXCEPTION: INSERT INTO receiptaddress (`consignee`,`province`,`city`,`area`,`FullAddress`,`rfixphone`,`rphone`,`rid`)VALUES(?,?,?,?,?,?,?,?) ;BindParams:array (
  0 => '谷永庆',
  1 => '河北',
  2 => '石家庄',
  3 => '新华区',
  4 => '67656',
  5 => '65765',
  6 => '657657',
  7 => '226',
)23000;1062;Duplicate entry '226' for key 'PRIMARY'
[ 2016-07-02T17:21:38+08:00 ]EXCEPTION: INSERT INTO receiptaddress (`consignee`,`province`,`city`,`area`,`FullAddress`,`rfixphone`,`rphone`,`rid`)VALUES(?,?,?,?,?,?,?,?) ;BindParams:array (
  0 => '谷永庆',
  1 => '河北',
  2 => '石家庄',
  3 => '新华区',
  4 => '67656',
  5 => '65765',
  6 => '657657',
  7 => '226',
)23000;1062;Duplicate entry '226' for key 'PRIMARY'
[ 2016-07-02T17:23:03+08:00 ]NOTICE: Undefined variable: actionE:\wamp\www\git-test\gyq_mall\Mall\App\Common\Model\Receipt.php (31).
[ 2016-07-02T17:23:03+08:00 ]EXCEPTION: INSERT INTO receiptaddress (`consignee`,`province`,`city`,`area`,`FullAddress`,`rfixphone`,`rphone`,`rid`)VALUES(?,?,?,?,?,?,?,?) ;BindParams:array (
  0 => '谷永庆',
  1 => '河北',
  2 => '石家庄',
  3 => '新华区',
  4 => '67656',
  5 => '65765',
  6 => '657657',
  7 => '226',
)23000;1062;Duplicate entry '226' for key 'PRIMARY'
[ 2016-07-02T17:25:32+08:00 ]NOTICE: Undefined variable: actionE:\wamp\www\git-test\gyq_mall\Mall\App\Common\Model\Receipt.php (31).
[ 2016-07-02T17:25:32+08:00 ]EXCEPTION: INSERT INTO receiptaddress (`consignee`,`province`,`city`,`area`,`FullAddress`,`rfixphone`,`rphone`,`rid`)VALUES(?,?,?,?,?,?,?,?) ;BindParams:array (
  0 => '谷永庆',
  1 => '河北',
  2 => '石家庄',
  3 => '新华区',
  4 => '67656',
  5 => '65765',
  6 => '657657',
  7 => '226',
)23000;1062;Duplicate entry '226' for key 'PRIMARY'
