[ 2016-07-03T10:54:27+08:00 ]EXCEPTION: INSERT INTO receiptaddress (`rid`,`consignee`,`order_orid`,`FullAddress`,`rphone`,`rfixphone`,`province`,`city`,`area`,`client_clid`)VALUES(?,?,?,?,?,?,?,?,?,?) ;BindParams:array (
  0 => '188',
  1 => '',
  2 => '56',
  3 => '',
  4 => '',
  5 => '',
  6 => '河北',
  7 => '石家庄',
  8 => '新华区',
  9 => '5',
)23000;1062;Duplicate entry '188' for key 'PRIMARY'
[ 2016-07-03T10:54:38+08:00 ]EXCEPTION: DELETE FROM receiptaddress WHERE rid= ;BindParams:array (
)42000;1064;You have an error in your SQL syntax; check the manual that corresponds to your MySQL server version for the right syntax to use near '' at line 1
[ 2016-07-03T10:55:14+08:00 ]EXCEPTION: DELETE FROM receiptaddress WHERE rid= ;BindParams:array (
)42000;1064;You have an error in your SQL syntax; check the manual that corresponds to your MySQL server version for the right syntax to use near '' at line 1
[ 2016-07-03T14:06:49+08:00 ]EXCEPTION: SELECT  *  FROM receiptaddress WHERE rid= ;BindParams:array (
)42000;1064;You have an error in your SQL syntax; check the manual that corresponds to your MySQL server version for the right syntax to use near '' at line 1
[ 2016-07-03T14:11:56+08:00 ]EXCEPTION: SELECT  *  FROM receiptaddress WHERE rid= ;BindParams:array (
)42000;1064;You have an error in your SQL syntax; check the manual that corresponds to your MySQL server version for the right syntax to use near '' at line 1
[ 2016-07-03T14:16:18+08:00 ]EXCEPTION: SELECT  *  FROM receiptaddress WHERE rid= ;BindParams:array (
)42000;1064;You have an error in your SQL syntax; check the manual that corresponds to your MySQL server version for the right syntax to use near '' at line 1
[ 2016-07-03T14:16:25+08:00 ]EXCEPTION: SELECT  *  FROM receiptaddress WHERE rid= ;BindParams:array (
)42000;1064;You have an error in your SQL syntax; check the manual that corresponds to your MySQL server version for the right syntax to use near '' at line 1
[ 2016-07-03T14:37:00+08:00 ]EXCEPTION: Method Home\Controller\MyOrderController::last() does not exist
[ 2016-07-03T14:53:46+08:00 ]EXCEPTION: orderStatus=1 ;BindParams:array (
)42000;1064;You have an error in your SQL syntax; check the manual that corresponds to your MySQL server version for the right syntax to use near 'orderStatus=1' at line 1
[ 2016-07-03T14:56:41+08:00 ]EXCEPTION: array('orderStatus=>1') ;BindParams:array (
)42000;1064;You have an error in your SQL syntax; check the manual that corresponds to your MySQL server version for the right syntax to use near 'array('orderStatus=>1')' at line 1
[ 2016-07-03T14:58:02+08:00 ]EXCEPTION: UPDATE orders SET `0`=?  WHERE orid=7 ;BindParams:array (
  0 => 'orderStatus=>1',
)42S22;1054;Unknown column '0' in 'field list'
[ 2016-07-03T15:44:11+08:00 ]EXCEPTION: SELECT  *  FROM orders WHERE orid= LIMIT 1 ;BindParams:array (
)42000;1064;You have an error in your SQL syntax; check the manual that corresponds to your MySQL server version for the right syntax to use near 'LIMIT 1' at line 1
[ 2016-07-03T15:57:04+08:00 ]NOTICE: Undefined index: client_clidE:\wamp\www\git-test\gyq_mall\Mall\Storage\view\compile\6754ec6ae09ce74cb710e80400c253f2.php (332).
[ 2016-07-03T15:57:04+08:00 ]NOTICE: Undefined index: client_clidE:\wamp\www\git-test\gyq_mall\Mall\Storage\view\compile\6754ec6ae09ce74cb710e80400c253f2.php (332).
[ 2016-07-03T15:57:04+08:00 ]NOTICE: Undefined index: client_clidE:\wamp\www\git-test\gyq_mall\Mall\Storage\view\compile\6754ec6ae09ce74cb710e80400c253f2.php (332).
[ 2016-07-03T20:33:01+08:00 ]NOTICE: Undefined variable: oridE:\wamp\www\git-test\gyq_mall\Mall\App\Common\Model\Order.php (96).
[ 2016-07-03T20:33:01+08:00 ]NOTICE: Undefined variable: orderNumberE:\wamp\www\git-test\gyq_mall\Mall\App\Common\Model\Order.php (98).
[ 2016-07-03T20:33:01+08:00 ]NOTICE: Undefined variable: consigneeE:\wamp\www\git-test\gyq_mall\Mall\App\Common\Model\Order.php (99).
[ 2016-07-03T20:33:01+08:00 ]NOTICE: Undefined variable: recieveAddressE:\wamp\www\git-test\gyq_mall\Mall\App\Common\Model\Order.php (100).
[ 2016-07-03T20:33:01+08:00 ]NOTICE: Undefined variable: riseTimeE:\wamp\www\git-test\gyq_mall\Mall\App\Common\Model\Order.php (101).
[ 2016-07-03T20:33:01+08:00 ]NOTICE: Undefined variable: clidE:\wamp\www\git-test\gyq_mall\Mall\App\Common\Model\Order.php (102).
[ 2016-07-03T20:33:01+08:00 ]NOTICE: Undefined variable: remarkE:\wamp\www\git-test\gyq_mall\Mall\App\Common\Model\Order.php (103).
[ 2016-07-03T20:33:01+08:00 ]NOTICE: Undefined variable: priceAggregateE:\wamp\www\git-test\gyq_mall\Mall\App\Common\Model\Order.php (105).
[ 2016-07-03T20:33:47+08:00 ]NOTICE: Undefined variable: oridE:\wamp\www\git-test\gyq_mall\Mall\App\Common\Model\Order.php (96).
[ 2016-07-03T20:33:47+08:00 ]NOTICE: Undefined variable: orderNumberE:\wamp\www\git-test\gyq_mall\Mall\App\Common\Model\Order.php (98).
[ 2016-07-03T20:33:47+08:00 ]NOTICE: Undefined variable: consigneeE:\wamp\www\git-test\gyq_mall\Mall\App\Common\Model\Order.php (99).
[ 2016-07-03T20:33:47+08:00 ]NOTICE: Undefined variable: recieveAddressE:\wamp\www\git-test\gyq_mall\Mall\App\Common\Model\Order.php (100).
[ 2016-07-03T20:33:47+08:00 ]NOTICE: Undefined variable: riseTimeE:\wamp\www\git-test\gyq_mall\Mall\App\Common\Model\Order.php (101).
[ 2016-07-03T20:33:47+08:00 ]NOTICE: Undefined variable: clidE:\wamp\www\git-test\gyq_mall\Mall\App\Common\Model\Order.php (102).
[ 2016-07-03T20:33:47+08:00 ]NOTICE: Undefined variable: remarkE:\wamp\www\git-test\gyq_mall\Mall\App\Common\Model\Order.php (103).
[ 2016-07-03T20:33:47+08:00 ]NOTICE: Undefined variable: priceAggregateE:\wamp\www\git-test\gyq_mall\Mall\App\Common\Model\Order.php (105).
[ 2016-07-03T23:21:48+08:00 ]NOTICE: Undefined index: clidE:\wamp\www\git-test\gyq_mall\Mall\App\Home\Controller\ContentController.php (17).
