[ 2016-07-04T15:05:20+08:00 ]NOTICE: Missing argument 1 for Hdphp\Db\Mysql::pluck(), called in E:\wamp\www\git-test\gyq_mall\Mall\App\Home\Controller\MyOrderController.php on line 94 and definedE:\wamp\www\git-test\gyq_mall\Mall\Hdphp\Db\Mysql.php (1055).
[ 2016-07-04T15:05:20+08:00 ]NOTICE: Undefined variable: fieldE:\wamp\www\git-test\gyq_mall\Mall\Hdphp\Db\Mysql.php (1060).
[ 2016-07-04T15:05:20+08:00 ]NOTICE: Undefined index: E:\wamp\www\git-test\gyq_mall\Mall\Hdphp\Db\Mysql.php (1060).
[ 2016-07-04T15:05:20+08:00 ]NOTICE: Invalid argument supplied for foreach()E:\wamp\www\git-test\gyq_mall\Mall\Storage\view\compile\6754ec6ae09ce74cb710e80400c253f2.php (252).
[ 2016-07-04T15:05:53+08:00 ]NOTICE: Missing argument 1 for Hdphp\Db\Mysql::lists(), called in E:\wamp\www\git-test\gyq_mall\Mall\App\Home\Controller\MyOrderController.php on line 94 and definedE:\wamp\www\git-test\gyq_mall\Mall\Hdphp\Db\Mysql.php (1071).
[ 2016-07-04T15:05:53+08:00 ]NOTICE: Undefined variable: fieldE:\wamp\www\git-test\gyq_mall\Mall\Hdphp\Db\Mysql.php (1073).
[ 2016-07-04T15:05:53+08:00 ]NOTICE: Undefined variable: fieldE:\wamp\www\git-test\gyq_mall\Mall\Hdphp\Db\Mysql.php (1074).
[ 2016-07-04T15:05:53+08:00 ]NOTICE: Undefined index: E:\wamp\www\git-test\gyq_mall\Mall\Hdphp\Db\Mysql.php (1083).
[ 2016-07-04T15:05:53+08:00 ]NOTICE: Undefined index: E:\wamp\www\git-test\gyq_mall\Mall\Hdphp\Db\Mysql.php (1083).
[ 2016-07-04T15:05:53+08:00 ]EXCEPTION: SELECT  *  FROM orderlist as o INNER JOIN goods_property as gp ON o.goods_gid = gp.goods_gid  INNER JOIN property as p ON property_pid = pid WHERE gpid in() GROUP BY gpid ;BindParams:array (
)42000;1064;You have an error in your SQL syntax; check the manual that corresponds to your MySQL server version for the right syntax to use near ') GROUP BY gpid' at line 1
[ 2016-07-04T15:06:10+08:00 ]NOTICE: Missing argument 1 for Hdphp\Db\Mysql::lists(), called in E:\wamp\www\git-test\gyq_mall\Mall\App\Home\Controller\MyOrderController.php on line 94 and definedE:\wamp\www\git-test\gyq_mall\Mall\Hdphp\Db\Mysql.php (1071).
[ 2016-07-04T15:06:10+08:00 ]NOTICE: Undefined variable: fieldE:\wamp\www\git-test\gyq_mall\Mall\Hdphp\Db\Mysql.php (1073).
[ 2016-07-04T15:06:10+08:00 ]NOTICE: Undefined variable: fieldE:\wamp\www\git-test\gyq_mall\Mall\Hdphp\Db\Mysql.php (1074).
[ 2016-07-04T15:06:10+08:00 ]NOTICE: Undefined index: E:\wamp\www\git-test\gyq_mall\Mall\Hdphp\Db\Mysql.php (1083).
[ 2016-07-04T15:06:10+08:00 ]NOTICE: Undefined index: E:\wamp\www\git-test\gyq_mall\Mall\Hdphp\Db\Mysql.php (1083).
[ 2016-07-04T15:06:10+08:00 ]EXCEPTION: SELECT  *  FROM orderlist as o INNER JOIN goods_property as gp ON o.goods_gid = gp.goods_gid  INNER JOIN property as p ON property_pid = pid WHERE gpid in() GROUP BY gpid ;BindParams:array (
)42000;1064;You have an error in your SQL syntax; check the manual that corresponds to your MySQL server version for the right syntax to use near ') GROUP BY gpid' at line 1
[ 2016-07-04T16:43:58+08:00 ]NOTICE: Undefined variable: vE:\wamp\www\git-test\gyq_mall\Mall\App\Home\Controller\MyOrderController.php (99).
[ 2016-07-04T16:43:58+08:00 ]NOTICE: Undefined variable: vE:\wamp\www\git-test\gyq_mall\Mall\App\Home\Controller\MyOrderController.php (100).
[ 2016-07-04T16:43:58+08:00 ]NOTICE: Undefined variable: vE:\wamp\www\git-test\gyq_mall\Mall\App\Home\Controller\MyOrderController.php (101).
[ 2016-07-04T16:43:58+08:00 ]NOTICE: Undefined variable: vE:\wamp\www\git-test\gyq_mall\Mall\App\Home\Controller\MyOrderController.php (102).
[ 2016-07-04T16:43:58+08:00 ]NOTICE: Undefined variable: vE:\wamp\www\git-test\gyq_mall\Mall\App\Home\Controller\MyOrderController.php (103).
[ 2016-07-04T16:43:58+08:00 ]NOTICE: Undefined variable: vE:\wamp\www\git-test\gyq_mall\Mall\App\Home\Controller\MyOrderController.php (104).
[ 2016-07-04T16:43:58+08:00 ]NOTICE: Undefined variable: vE:\wamp\www\git-test\gyq_mall\Mall\App\Home\Controller\MyOrderController.php (105).
[ 2016-07-04T16:43:58+08:00 ]NOTICE: Undefined variable: vE:\wamp\www\git-test\gyq_mall\Mall\App\Home\Controller\MyOrderController.php (106).
[ 2016-07-04T16:43:58+08:00 ]NOTICE: Undefined variable: vE:\wamp\www\git-test\gyq_mall\Mall\App\Home\Controller\MyOrderController.php (107).
[ 2016-07-04T16:43:58+08:00 ]NOTICE: Undefined variable: vE:\wamp\www\git-test\gyq_mall\Mall\App\Home\Controller\MyOrderController.php (99).
[ 2016-07-04T16:43:58+08:00 ]NOTICE: Undefined variable: vE:\wamp\www\git-test\gyq_mall\Mall\App\Home\Controller\MyOrderController.php (100).
[ 2016-07-04T16:43:58+08:00 ]NOTICE: Undefined variable: vE:\wamp\www\git-test\gyq_mall\Mall\App\Home\Controller\MyOrderController.php (101).
[ 2016-07-04T16:43:58+08:00 ]NOTICE: Undefined variable: vE:\wamp\www\git-test\gyq_mall\Mall\App\Home\Controller\MyOrderController.php (102).
[ 2016-07-04T16:43:58+08:00 ]NOTICE: Undefined variable: vE:\wamp\www\git-test\gyq_mall\Mall\App\Home\Controller\MyOrderController.php (103).
[ 2016-07-04T16:43:58+08:00 ]NOTICE: Undefined variable: vE:\wamp\www\git-test\gyq_mall\Mall\App\Home\Controller\MyOrderController.php (104).
[ 2016-07-04T16:43:58+08:00 ]NOTICE: Undefined variable: vE:\wamp\www\git-test\gyq_mall\Mall\App\Home\Controller\MyOrderController.php (105).
[ 2016-07-04T16:43:58+08:00 ]NOTICE: Undefined variable: vE:\wamp\www\git-test\gyq_mall\Mall\App\Home\Controller\MyOrderController.php (106).
[ 2016-07-04T16:43:58+08:00 ]NOTICE: Undefined variable: vE:\wamp\www\git-test\gyq_mall\Mall\App\Home\Controller\MyOrderController.php (107).
[ 2016-07-04T16:46:27+08:00 ]NOTICE: Undefined index: recieveAddressE:\wamp\www\git-test\gyq_mall\Mall\Storage\view\compile\6754ec6ae09ce74cb710e80400c253f2.php (273).
[ 2016-07-04T16:46:27+08:00 ]NOTICE: Undefined index: orderStatusE:\wamp\www\git-test\gyq_mall\Mall\Storage\view\compile\6754ec6ae09ce74cb710e80400c253f2.php (273).
[ 2016-07-04T16:46:27+08:00 ]NOTICE: Undefined index: remarkE:\wamp\www\git-test\gyq_mall\Mall\Storage\view\compile\6754ec6ae09ce74cb710e80400c253f2.php (273).
[ 2016-07-04T16:46:27+08:00 ]NOTICE: Undefined index: amountE:\wamp\www\git-test\gyq_mall\Mall\Storage\view\compile\6754ec6ae09ce74cb710e80400c253f2.php (310).
[ 2016-07-04T16:46:27+08:00 ]NOTICE: Undefined index: subtotalPriceE:\wamp\www\git-test\gyq_mall\Mall\Storage\view\compile\6754ec6ae09ce74cb710e80400c253f2.php (314).
[ 2016-07-04T16:46:27+08:00 ]NOTICE: Undefined index: orderStatusE:\wamp\www\git-test\gyq_mall\Mall\Storage\view\compile\6754ec6ae09ce74cb710e80400c253f2.php (318).
[ 2016-07-04T16:46:27+08:00 ]NOTICE: Undefined index: orderStatusE:\wamp\www\git-test\gyq_mall\Mall\Storage\view\compile\6754ec6ae09ce74cb710e80400c253f2.php (319).
[ 2016-07-04T16:46:27+08:00 ]NOTICE: Undefined index: recieveAddressE:\wamp\www\git-test\gyq_mall\Mall\Storage\view\compile\6754ec6ae09ce74cb710e80400c253f2.php (334).
[ 2016-07-04T16:46:27+08:00 ]NOTICE: Undefined index: orderStatusE:\wamp\www\git-test\gyq_mall\Mall\Storage\view\compile\6754ec6ae09ce74cb710e80400c253f2.php (334).
[ 2016-07-04T16:46:27+08:00 ]NOTICE: Undefined index: remarkE:\wamp\www\git-test\gyq_mall\Mall\Storage\view\compile\6754ec6ae09ce74cb710e80400c253f2.php (334).
[ 2016-07-04T16:46:27+08:00 ]NOTICE: Undefined index: recieveAddressE:\wamp\www\git-test\gyq_mall\Mall\Storage\view\compile\6754ec6ae09ce74cb710e80400c253f2.php (273).
[ 2016-07-04T16:46:27+08:00 ]NOTICE: Undefined index: orderStatusE:\wamp\www\git-test\gyq_mall\Mall\Storage\view\compile\6754ec6ae09ce74cb710e80400c253f2.php (273).
[ 2016-07-04T16:46:27+08:00 ]NOTICE: Undefined index: remarkE:\wamp\www\git-test\gyq_mall\Mall\Storage\view\compile\6754ec6ae09ce74cb710e80400c253f2.php (273).
[ 2016-07-04T16:46:27+08:00 ]NOTICE: Undefined index: amountE:\wamp\www\git-test\gyq_mall\Mall\Storage\view\compile\6754ec6ae09ce74cb710e80400c253f2.php (310).
[ 2016-07-04T16:46:27+08:00 ]NOTICE: Undefined index: subtotalPriceE:\wamp\www\git-test\gyq_mall\Mall\Storage\view\compile\6754ec6ae09ce74cb710e80400c253f2.php (314).
[ 2016-07-04T16:46:27+08:00 ]NOTICE: Undefined index: orderStatusE:\wamp\www\git-test\gyq_mall\Mall\Storage\view\compile\6754ec6ae09ce74cb710e80400c253f2.php (318).
[ 2016-07-04T16:46:27+08:00 ]NOTICE: Undefined index: orderStatusE:\wamp\www\git-test\gyq_mall\Mall\Storage\view\compile\6754ec6ae09ce74cb710e80400c253f2.php (319).
[ 2016-07-04T16:46:27+08:00 ]NOTICE: Undefined index: recieveAddressE:\wamp\www\git-test\gyq_mall\Mall\Storage\view\compile\6754ec6ae09ce74cb710e80400c253f2.php (334).
[ 2016-07-04T16:46:27+08:00 ]NOTICE: Undefined index: orderStatusE:\wamp\www\git-test\gyq_mall\Mall\Storage\view\compile\6754ec6ae09ce74cb710e80400c253f2.php (334).
[ 2016-07-04T16:46:27+08:00 ]NOTICE: Undefined index: remarkE:\wamp\www\git-test\gyq_mall\Mall\Storage\view\compile\6754ec6ae09ce74cb710e80400c253f2.php (334).
[ 2016-07-04T16:47:36+08:00 ]NOTICE: Undefined index: recieveAddressE:\wamp\www\git-test\gyq_mall\Mall\Storage\view\compile\6754ec6ae09ce74cb710e80400c253f2.php (273).
[ 2016-07-04T16:47:36+08:00 ]NOTICE: Undefined index: orderStatusE:\wamp\www\git-test\gyq_mall\Mall\Storage\view\compile\6754ec6ae09ce74cb710e80400c253f2.php (273).
[ 2016-07-04T16:47:36+08:00 ]NOTICE: Undefined index: remarkE:\wamp\www\git-test\gyq_mall\Mall\Storage\view\compile\6754ec6ae09ce74cb710e80400c253f2.php (273).
[ 2016-07-04T16:47:36+08:00 ]NOTICE: Undefined index: amountE:\wamp\www\git-test\gyq_mall\Mall\Storage\view\compile\6754ec6ae09ce74cb710e80400c253f2.php (310).
[ 2016-07-04T16:47:36+08:00 ]NOTICE: Undefined index: subtotalPriceE:\wamp\www\git-test\gyq_mall\Mall\Storage\view\compile\6754ec6ae09ce74cb710e80400c253f2.php (314).
[ 2016-07-04T16:47:36+08:00 ]NOTICE: Undefined index: orderStatusE:\wamp\www\git-test\gyq_mall\Mall\Storage\view\compile\6754ec6ae09ce74cb710e80400c253f2.php (318).
[ 2016-07-04T16:47:36+08:00 ]NOTICE: Undefined index: orderStatusE:\wamp\www\git-test\gyq_mall\Mall\Storage\view\compile\6754ec6ae09ce74cb710e80400c253f2.php (319).
[ 2016-07-04T16:47:36+08:00 ]NOTICE: Undefined index: recieveAddressE:\wamp\www\git-test\gyq_mall\Mall\Storage\view\compile\6754ec6ae09ce74cb710e80400c253f2.php (334).
[ 2016-07-04T16:47:36+08:00 ]NOTICE: Undefined index: orderStatusE:\wamp\www\git-test\gyq_mall\Mall\Storage\view\compile\6754ec6ae09ce74cb710e80400c253f2.php (334).
[ 2016-07-04T16:47:36+08:00 ]NOTICE: Undefined index: remarkE:\wamp\www\git-test\gyq_mall\Mall\Storage\view\compile\6754ec6ae09ce74cb710e80400c253f2.php (334).
[ 2016-07-04T16:47:36+08:00 ]NOTICE: Undefined index: recieveAddressE:\wamp\www\git-test\gyq_mall\Mall\Storage\view\compile\6754ec6ae09ce74cb710e80400c253f2.php (273).
[ 2016-07-04T16:47:36+08:00 ]NOTICE: Undefined index: orderStatusE:\wamp\www\git-test\gyq_mall\Mall\Storage\view\compile\6754ec6ae09ce74cb710e80400c253f2.php (273).
[ 2016-07-04T16:47:36+08:00 ]NOTICE: Undefined index: remarkE:\wamp\www\git-test\gyq_mall\Mall\Storage\view\compile\6754ec6ae09ce74cb710e80400c253f2.php (273).
[ 2016-07-04T16:47:36+08:00 ]NOTICE: Undefined index: amountE:\wamp\www\git-test\gyq_mall\Mall\Storage\view\compile\6754ec6ae09ce74cb710e80400c253f2.php (310).
[ 2016-07-04T16:47:36+08:00 ]NOTICE: Undefined index: subtotalPriceE:\wamp\www\git-test\gyq_mall\Mall\Storage\view\compile\6754ec6ae09ce74cb710e80400c253f2.php (314).
[ 2016-07-04T16:47:36+08:00 ]NOTICE: Undefined index: orderStatusE:\wamp\www\git-test\gyq_mall\Mall\Storage\view\compile\6754ec6ae09ce74cb710e80400c253f2.php (318).
[ 2016-07-04T16:47:36+08:00 ]NOTICE: Undefined index: orderStatusE:\wamp\www\git-test\gyq_mall\Mall\Storage\view\compile\6754ec6ae09ce74cb710e80400c253f2.php (319).
[ 2016-07-04T16:47:36+08:00 ]NOTICE: Undefined index: recieveAddressE:\wamp\www\git-test\gyq_mall\Mall\Storage\view\compile\6754ec6ae09ce74cb710e80400c253f2.php (334).
[ 2016-07-04T16:47:36+08:00 ]NOTICE: Undefined index: orderStatusE:\wamp\www\git-test\gyq_mall\Mall\Storage\view\compile\6754ec6ae09ce74cb710e80400c253f2.php (334).
[ 2016-07-04T16:47:36+08:00 ]NOTICE: Undefined index: remarkE:\wamp\www\git-test\gyq_mall\Mall\Storage\view\compile\6754ec6ae09ce74cb710e80400c253f2.php (334).
[ 2016-07-04T16:49:15+08:00 ]NOTICE: Undefined index: recieveAddressE:\wamp\www\git-test\gyq_mall\Mall\Storage\view\compile\6754ec6ae09ce74cb710e80400c253f2.php (273).
[ 2016-07-04T16:49:15+08:00 ]NOTICE: Undefined index: amountE:\wamp\www\git-test\gyq_mall\Mall\Storage\view\compile\6754ec6ae09ce74cb710e80400c253f2.php (310).
[ 2016-07-04T16:49:15+08:00 ]NOTICE: Undefined index: subtotalPriceE:\wamp\www\git-test\gyq_mall\Mall\Storage\view\compile\6754ec6ae09ce74cb710e80400c253f2.php (314).
[ 2016-07-04T16:49:15+08:00 ]NOTICE: Undefined index: recieveAddressE:\wamp\www\git-test\gyq_mall\Mall\Storage\view\compile\6754ec6ae09ce74cb710e80400c253f2.php (334).
[ 2016-07-04T16:49:15+08:00 ]NOTICE: Undefined index: recieveAddressE:\wamp\www\git-test\gyq_mall\Mall\Storage\view\compile\6754ec6ae09ce74cb710e80400c253f2.php (273).
[ 2016-07-04T16:49:15+08:00 ]NOTICE: Undefined index: amountE:\wamp\www\git-test\gyq_mall\Mall\Storage\view\compile\6754ec6ae09ce74cb710e80400c253f2.php (310).
[ 2016-07-04T16:49:15+08:00 ]NOTICE: Undefined index: subtotalPriceE:\wamp\www\git-test\gyq_mall\Mall\Storage\view\compile\6754ec6ae09ce74cb710e80400c253f2.php (314).
[ 2016-07-04T16:49:15+08:00 ]NOTICE: Undefined index: recieveAddressE:\wamp\www\git-test\gyq_mall\Mall\Storage\view\compile\6754ec6ae09ce74cb710e80400c253f2.php (334).
[ 2016-07-04T16:52:45+08:00 ]NOTICE: date() expects parameter 2 to be long, string givenE:\wamp\www\git-test\gyq_mall\Mall\Storage\view\compile\6754ec6ae09ce74cb710e80400c253f2.php (261).
[ 2016-07-04T16:52:45+08:00 ]EXCEPTION: SELECT  *  FROM orderlist as o INNER JOIN goods_property as gp ON o.goods_gid = gp.goods_gid  INNER JOIN property as p ON property_pid = pid WHERE gpid in(å) GROUP BY gpid ;BindParams:array (
)42000;1064;You have an error in your SQL syntax; check the manual that corresponds to your MySQL server version for the right syntax to use near '?) GROUP BY gpid' at line 1
[ 2016-07-04T17:01:38+08:00 ]NOTICE: Undefined variable: arrE:\wamp\www\git-test\gyq_mall\Mall\App\Home\Controller\MyOrderController.php (100).
[ 2016-07-04T17:01:38+08:00 ]NOTICE: Invalid argument supplied for foreach()E:\wamp\www\git-test\gyq_mall\Mall\Storage\view\compile\6754ec6ae09ce74cb710e80400c253f2.php (252).
[ 2016-07-04T17:04:15+08:00 ]NOTICE: Undefined variable: arrE:\wamp\www\git-test\gyq_mall\Mall\App\Home\Controller\MyOrderController.php (101).
[ 2016-07-04T17:04:15+08:00 ]NOTICE: Invalid argument supplied for foreach()E:\wamp\www\git-test\gyq_mall\Mall\Storage\view\compile\6754ec6ae09ce74cb710e80400c253f2.php (252).
[ 2016-07-04T17:04:45+08:00 ]NOTICE: Undefined index: goods_listpicE:\wamp\www\git-test\gyq_mall\Mall\Storage\view\compile\6754ec6ae09ce74cb710e80400c253f2.php (285).
[ 2016-07-04T17:04:45+08:00 ]NOTICE: Undefined index: goods_gnameE:\wamp\www\git-test\gyq_mall\Mall\Storage\view\compile\6754ec6ae09ce74cb710e80400c253f2.php (289).
[ 2016-07-04T17:04:46+08:00 ]NOTICE: Undefined index: goods_optionsE:\wamp\www\git-test\gyq_mall\Mall\Storage\view\compile\6754ec6ae09ce74cb710e80400c253f2.php (298).
[ 2016-07-04T17:04:46+08:00 ]EXCEPTION: SELECT  *  FROM orderlist as o INNER JOIN goods_property as gp ON o.goods_gid = gp.goods_gid  INNER JOIN property as p ON property_pid = pid WHERE gpid in() GROUP BY gpid ;BindParams:array (
)42000;1064;You have an error in your SQL syntax; check the manual that corresponds to your MySQL server version for the right syntax to use near ') GROUP BY gpid' at line 1
[ 2016-07-04T17:05:03+08:00 ]NOTICE: Undefined index: goods_listpicE:\wamp\www\git-test\gyq_mall\Mall\Storage\view\compile\6754ec6ae09ce74cb710e80400c253f2.php (285).
[ 2016-07-04T17:05:03+08:00 ]NOTICE: Undefined index: goods_gnameE:\wamp\www\git-test\gyq_mall\Mall\Storage\view\compile\6754ec6ae09ce74cb710e80400c253f2.php (289).
[ 2016-07-04T17:05:03+08:00 ]NOTICE: Undefined index: goods_optionsE:\wamp\www\git-test\gyq_mall\Mall\Storage\view\compile\6754ec6ae09ce74cb710e80400c253f2.php (298).
[ 2016-07-04T17:05:03+08:00 ]EXCEPTION: SELECT  *  FROM orderlist as o INNER JOIN goods_property as gp ON o.goods_gid = gp.goods_gid  INNER JOIN property as p ON property_pid = pid WHERE gpid in() GROUP BY gpid ;BindParams:array (
)42000;1064;You have an error in your SQL syntax; check the manual that corresponds to your MySQL server version for the right syntax to use near ') GROUP BY gpid' at line 1
[ 2016-07-04T17:09:12+08:00 ]NOTICE: Undefined index: goods_listpicE:\wamp\www\git-test\gyq_mall\Mall\Storage\view\compile\6754ec6ae09ce74cb710e80400c253f2.php (285).
[ 2016-07-04T17:09:12+08:00 ]NOTICE: Undefined index: goods_gnameE:\wamp\www\git-test\gyq_mall\Mall\Storage\view\compile\6754ec6ae09ce74cb710e80400c253f2.php (289).
[ 2016-07-04T17:09:12+08:00 ]NOTICE: Undefined index: goods_optionsE:\wamp\www\git-test\gyq_mall\Mall\Storage\view\compile\6754ec6ae09ce74cb710e80400c253f2.php (298).
[ 2016-07-04T17:09:12+08:00 ]EXCEPTION: SELECT  *  FROM orderlist as o INNER JOIN goods_property as gp ON o.goods_gid = gp.goods_gid  INNER JOIN property as p ON property_pid = pid WHERE gpid in() GROUP BY gpid ;BindParams:array (
)42000;1064;You have an error in your SQL syntax; check the manual that corresponds to your MySQL server version for the right syntax to use near ') GROUP BY gpid' at line 1
[ 2016-07-04T17:31:51+08:00 ]NOTICE: Undefined index: goods_listpicE:\wamp\www\git-test\gyq_mall\Mall\Storage\view\compile\6754ec6ae09ce74cb710e80400c253f2.php (285).
[ 2016-07-04T17:31:51+08:00 ]NOTICE: Undefined index: goods_gnameE:\wamp\www\git-test\gyq_mall\Mall\Storage\view\compile\6754ec6ae09ce74cb710e80400c253f2.php (289).
[ 2016-07-04T17:31:51+08:00 ]NOTICE: Undefined index: goods_optionsE:\wamp\www\git-test\gyq_mall\Mall\Storage\view\compile\6754ec6ae09ce74cb710e80400c253f2.php (298).
[ 2016-07-04T17:31:51+08:00 ]EXCEPTION: SELECT  *  FROM orderlist as o INNER JOIN goods_property as gp ON o.goods_gid = gp.goods_gid  INNER JOIN property as p ON property_pid = pid WHERE gpid in() GROUP BY gpid ;BindParams:array (
)42000;1064;You have an error in your SQL syntax; check the manual that corresponds to your MySQL server version for the right syntax to use near ') GROUP BY gpid' at line 1
[ 2016-07-04T17:34:49+08:00 ]NOTICE: Undefined index: goods_listpicE:\wamp\www\git-test\gyq_mall\Mall\Storage\view\compile\6754ec6ae09ce74cb710e80400c253f2.php (285).
[ 2016-07-04T17:34:49+08:00 ]NOTICE: Undefined index: goods_gnameE:\wamp\www\git-test\gyq_mall\Mall\Storage\view\compile\6754ec6ae09ce74cb710e80400c253f2.php (289).
[ 2016-07-04T17:34:49+08:00 ]NOTICE: Undefined index: goods_optionsE:\wamp\www\git-test\gyq_mall\Mall\Storage\view\compile\6754ec6ae09ce74cb710e80400c253f2.php (298).
[ 2016-07-04T17:34:49+08:00 ]EXCEPTION: SELECT  *  FROM orderlist as o INNER JOIN goods_property as gp ON o.goods_gid = gp.goods_gid  INNER JOIN property as p ON property_pid = pid WHERE gpid in() GROUP BY gpid ;BindParams:array (
)42000;1064;You have an error in your SQL syntax; check the manual that corresponds to your MySQL server version for the right syntax to use near ') GROUP BY gpid' at line 1
[ 2016-07-04T17:36:25+08:00 ]NOTICE: Undefined index: goods_listpicE:\wamp\www\git-test\gyq_mall\Mall\Storage\view\compile\6754ec6ae09ce74cb710e80400c253f2.php (285).
[ 2016-07-04T17:36:25+08:00 ]NOTICE: Undefined index: goods_gnameE:\wamp\www\git-test\gyq_mall\Mall\Storage\view\compile\6754ec6ae09ce74cb710e80400c253f2.php (289).
[ 2016-07-04T17:36:25+08:00 ]NOTICE: Undefined index: goods_optionsE:\wamp\www\git-test\gyq_mall\Mall\Storage\view\compile\6754ec6ae09ce74cb710e80400c253f2.php (298).
[ 2016-07-04T17:36:25+08:00 ]EXCEPTION: SELECT  *  FROM orderlist as o INNER JOIN goods_property as gp ON o.goods_gid = gp.goods_gid  INNER JOIN property as p ON property_pid = pid WHERE gpid in() GROUP BY gpid ;BindParams:array (
)42000;1064;You have an error in your SQL syntax; check the manual that corresponds to your MySQL server version for the right syntax to use near ') GROUP BY gpid' at line 1
[ 2016-07-04T17:40:37+08:00 ]NOTICE: Undefined index: goods_listpicE:\wamp\www\git-test\gyq_mall\Mall\Storage\view\compile\6754ec6ae09ce74cb710e80400c253f2.php (285).
[ 2016-07-04T17:40:37+08:00 ]NOTICE: Undefined index: goods_gnameE:\wamp\www\git-test\gyq_mall\Mall\Storage\view\compile\6754ec6ae09ce74cb710e80400c253f2.php (289).
[ 2016-07-04T17:40:37+08:00 ]NOTICE: Undefined index: goods_optionsE:\wamp\www\git-test\gyq_mall\Mall\Storage\view\compile\6754ec6ae09ce74cb710e80400c253f2.php (298).
[ 2016-07-04T17:40:37+08:00 ]EXCEPTION: SELECT  *  FROM orderlist as o INNER JOIN goods_property as gp ON o.goods_gid = gp.goods_gid  INNER JOIN property as p ON property_pid = pid WHERE gpid in() GROUP BY gpid ;BindParams:array (
)42000;1064;You have an error in your SQL syntax; check the manual that corresponds to your MySQL server version for the right syntax to use near ') GROUP BY gpid' at line 1
[ 2016-07-04T17:45:38+08:00 ]NOTICE: Undefined index: goods_optionsE:\wamp\www\git-test\gyq_mall\Mall\Storage\view\compile\6754ec6ae09ce74cb710e80400c253f2.php (299).
[ 2016-07-04T17:45:38+08:00 ]EXCEPTION: SELECT  *  FROM orderlist as o INNER JOIN goods_property as gp ON o.goods_gid = gp.goods_gid  INNER JOIN property as p ON property_pid = pid WHERE gpid in() GROUP BY gpid ;BindParams:array (
)42000;1064;You have an error in your SQL syntax; check the manual that corresponds to your MySQL server version for the right syntax to use near ') GROUP BY gpid' at line 1
[ 2016-07-04T17:47:44+08:00 ]NOTICE: Undefined index: orderStatusE:\wamp\www\git-test\gyq_mall\Mall\Storage\view\compile\6754ec6ae09ce74cb710e80400c253f2.php (319).
[ 2016-07-04T17:47:44+08:00 ]NOTICE: Undefined index: orderStatusE:\wamp\www\git-test\gyq_mall\Mall\Storage\view\compile\6754ec6ae09ce74cb710e80400c253f2.php (320).
[ 2016-07-04T17:47:44+08:00 ]NOTICE: Undefined index: consigneeE:\wamp\www\git-test\gyq_mall\Mall\Storage\view\compile\6754ec6ae09ce74cb710e80400c253f2.php (335).
[ 2016-07-04T17:47:44+08:00 ]NOTICE: Undefined index: recieveAddressE:\wamp\www\git-test\gyq_mall\Mall\Storage\view\compile\6754ec6ae09ce74cb710e80400c253f2.php (335).
[ 2016-07-04T17:47:44+08:00 ]NOTICE: Undefined index: riseTimeE:\wamp\www\git-test\gyq_mall\Mall\Storage\view\compile\6754ec6ae09ce74cb710e80400c253f2.php (335).
[ 2016-07-04T17:47:44+08:00 ]NOTICE: Undefined index: orderStatusE:\wamp\www\git-test\gyq_mall\Mall\Storage\view\compile\6754ec6ae09ce74cb710e80400c253f2.php (335).
[ 2016-07-04T17:47:44+08:00 ]NOTICE: Undefined index: remarkE:\wamp\www\git-test\gyq_mall\Mall\Storage\view\compile\6754ec6ae09ce74cb710e80400c253f2.php (335).
[ 2016-07-04T17:47:44+08:00 ]NOTICE: Undefined index: priceAggregateE:\wamp\www\git-test\gyq_mall\Mall\Storage\view\compile\6754ec6ae09ce74cb710e80400c253f2.php (335).
[ 2016-07-04T17:47:44+08:00 ]NOTICE: Undefined index: orderStatusE:\wamp\www\git-test\gyq_mall\Mall\Storage\view\compile\6754ec6ae09ce74cb710e80400c253f2.php (319).
[ 2016-07-04T17:47:44+08:00 ]NOTICE: Undefined index: orderStatusE:\wamp\www\git-test\gyq_mall\Mall\Storage\view\compile\6754ec6ae09ce74cb710e80400c253f2.php (320).
[ 2016-07-04T17:47:44+08:00 ]NOTICE: Undefined index: consigneeE:\wamp\www\git-test\gyq_mall\Mall\Storage\view\compile\6754ec6ae09ce74cb710e80400c253f2.php (335).
[ 2016-07-04T17:47:44+08:00 ]NOTICE: Undefined index: recieveAddressE:\wamp\www\git-test\gyq_mall\Mall\Storage\view\compile\6754ec6ae09ce74cb710e80400c253f2.php (335).
[ 2016-07-04T17:47:44+08:00 ]NOTICE: Undefined index: riseTimeE:\wamp\www\git-test\gyq_mall\Mall\Storage\view\compile\6754ec6ae09ce74cb710e80400c253f2.php (335).
[ 2016-07-04T17:47:44+08:00 ]NOTICE: Undefined index: orderStatusE:\wamp\www\git-test\gyq_mall\Mall\Storage\view\compile\6754ec6ae09ce74cb710e80400c253f2.php (335).
[ 2016-07-04T17:47:44+08:00 ]NOTICE: Undefined index: remarkE:\wamp\www\git-test\gyq_mall\Mall\Storage\view\compile\6754ec6ae09ce74cb710e80400c253f2.php (335).
[ 2016-07-04T17:47:44+08:00 ]NOTICE: Undefined index: priceAggregateE:\wamp\www\git-test\gyq_mall\Mall\Storage\view\compile\6754ec6ae09ce74cb710e80400c253f2.php (335).
[ 2016-07-04T19:08:06+08:00 ]NOTICE: Undefined index: orderStatusE:\wamp\www\git-test\gyq_mall\Mall\Storage\view\compile\6754ec6ae09ce74cb710e80400c253f2.php (319).
[ 2016-07-04T19:08:06+08:00 ]NOTICE: Undefined index: orderStatusE:\wamp\www\git-test\gyq_mall\Mall\Storage\view\compile\6754ec6ae09ce74cb710e80400c253f2.php (320).
[ 2016-07-04T19:08:06+08:00 ]NOTICE: Undefined index: consigneeE:\wamp\www\git-test\gyq_mall\Mall\Storage\view\compile\6754ec6ae09ce74cb710e80400c253f2.php (335).
[ 2016-07-04T19:08:06+08:00 ]NOTICE: Undefined index: recieveAddressE:\wamp\www\git-test\gyq_mall\Mall\Storage\view\compile\6754ec6ae09ce74cb710e80400c253f2.php (335).
[ 2016-07-04T19:08:06+08:00 ]NOTICE: Undefined index: riseTimeE:\wamp\www\git-test\gyq_mall\Mall\Storage\view\compile\6754ec6ae09ce74cb710e80400c253f2.php (335).
[ 2016-07-04T19:08:06+08:00 ]NOTICE: Undefined index: orderStatusE:\wamp\www\git-test\gyq_mall\Mall\Storage\view\compile\6754ec6ae09ce74cb710e80400c253f2.php (335).
[ 2016-07-04T19:08:06+08:00 ]NOTICE: Undefined index: remarkE:\wamp\www\git-test\gyq_mall\Mall\Storage\view\compile\6754ec6ae09ce74cb710e80400c253f2.php (335).
[ 2016-07-04T19:08:06+08:00 ]NOTICE: Undefined index: priceAggregateE:\wamp\www\git-test\gyq_mall\Mall\Storage\view\compile\6754ec6ae09ce74cb710e80400c253f2.php (335).
[ 2016-07-04T19:08:06+08:00 ]NOTICE: Undefined index: orderStatusE:\wamp\www\git-test\gyq_mall\Mall\Storage\view\compile\6754ec6ae09ce74cb710e80400c253f2.php (319).
[ 2016-07-04T19:08:06+08:00 ]NOTICE: Undefined index: orderStatusE:\wamp\www\git-test\gyq_mall\Mall\Storage\view\compile\6754ec6ae09ce74cb710e80400c253f2.php (320).
[ 2016-07-04T19:08:06+08:00 ]NOTICE: Undefined index: consigneeE:\wamp\www\git-test\gyq_mall\Mall\Storage\view\compile\6754ec6ae09ce74cb710e80400c253f2.php (335).
[ 2016-07-04T19:08:06+08:00 ]NOTICE: Undefined index: recieveAddressE:\wamp\www\git-test\gyq_mall\Mall\Storage\view\compile\6754ec6ae09ce74cb710e80400c253f2.php (335).
[ 2016-07-04T19:08:06+08:00 ]NOTICE: Undefined index: riseTimeE:\wamp\www\git-test\gyq_mall\Mall\Storage\view\compile\6754ec6ae09ce74cb710e80400c253f2.php (335).
[ 2016-07-04T19:08:06+08:00 ]NOTICE: Undefined index: orderStatusE:\wamp\www\git-test\gyq_mall\Mall\Storage\view\compile\6754ec6ae09ce74cb710e80400c253f2.php (335).
[ 2016-07-04T19:08:06+08:00 ]NOTICE: Undefined index: remarkE:\wamp\www\git-test\gyq_mall\Mall\Storage\view\compile\6754ec6ae09ce74cb710e80400c253f2.php (335).
[ 2016-07-04T19:08:06+08:00 ]NOTICE: Undefined index: priceAggregateE:\wamp\www\git-test\gyq_mall\Mall\Storage\view\compile\6754ec6ae09ce74cb710e80400c253f2.php (335).
[ 2016-07-04T19:13:04+08:00 ]NOTICE: Undefined index: consigneeE:\wamp\www\git-test\gyq_mall\Mall\Storage\view\compile\6754ec6ae09ce74cb710e80400c253f2.php (274).
[ 2016-07-04T19:13:04+08:00 ]NOTICE: Undefined index: recieveAddressE:\wamp\www\git-test\gyq_mall\Mall\Storage\view\compile\6754ec6ae09ce74cb710e80400c253f2.php (274).
[ 2016-07-04T19:13:04+08:00 ]NOTICE: Undefined index: orderStatusE:\wamp\www\git-test\gyq_mall\Mall\Storage\view\compile\6754ec6ae09ce74cb710e80400c253f2.php (274).
[ 2016-07-04T19:13:04+08:00 ]NOTICE: Undefined index: remarkE:\wamp\www\git-test\gyq_mall\Mall\Storage\view\compile\6754ec6ae09ce74cb710e80400c253f2.php (274).
[ 2016-07-04T19:13:04+08:00 ]NOTICE: Undefined index: priceAggregateE:\wamp\www\git-test\gyq_mall\Mall\Storage\view\compile\6754ec6ae09ce74cb710e80400c253f2.php (274).
[ 2016-07-04T19:13:04+08:00 ]NOTICE: Undefined index: consigneeE:\wamp\www\git-test\gyq_mall\Mall\Storage\view\compile\6754ec6ae09ce74cb710e80400c253f2.php (274).
[ 2016-07-04T19:13:04+08:00 ]NOTICE: Undefined index: recieveAddressE:\wamp\www\git-test\gyq_mall\Mall\Storage\view\compile\6754ec6ae09ce74cb710e80400c253f2.php (274).
[ 2016-07-04T19:13:04+08:00 ]NOTICE: Undefined index: orderStatusE:\wamp\www\git-test\gyq_mall\Mall\Storage\view\compile\6754ec6ae09ce74cb710e80400c253f2.php (274).
[ 2016-07-04T19:13:04+08:00 ]NOTICE: Undefined index: remarkE:\wamp\www\git-test\gyq_mall\Mall\Storage\view\compile\6754ec6ae09ce74cb710e80400c253f2.php (274).
[ 2016-07-04T19:13:04+08:00 ]NOTICE: Undefined index: priceAggregateE:\wamp\www\git-test\gyq_mall\Mall\Storage\view\compile\6754ec6ae09ce74cb710e80400c253f2.php (274).
[ 2016-07-04T19:13:04+08:00 ]NOTICE: Undefined index: orderStatusE:\wamp\www\git-test\gyq_mall\Mall\Storage\view\compile\6754ec6ae09ce74cb710e80400c253f2.php (321).
[ 2016-07-04T19:13:04+08:00 ]NOTICE: Undefined index: orderStatusE:\wamp\www\git-test\gyq_mall\Mall\Storage\view\compile\6754ec6ae09ce74cb710e80400c253f2.php (322).
[ 2016-07-04T19:13:04+08:00 ]NOTICE: Undefined index: consigneeE:\wamp\www\git-test\gyq_mall\Mall\Storage\view\compile\6754ec6ae09ce74cb710e80400c253f2.php (337).
[ 2016-07-04T19:13:04+08:00 ]NOTICE: Undefined index: recieveAddressE:\wamp\www\git-test\gyq_mall\Mall\Storage\view\compile\6754ec6ae09ce74cb710e80400c253f2.php (337).
[ 2016-07-04T19:13:04+08:00 ]NOTICE: Undefined index: riseTimeE:\wamp\www\git-test\gyq_mall\Mall\Storage\view\compile\6754ec6ae09ce74cb710e80400c253f2.php (337).
[ 2016-07-04T19:13:04+08:00 ]NOTICE: Undefined index: orderStatusE:\wamp\www\git-test\gyq_mall\Mall\Storage\view\compile\6754ec6ae09ce74cb710e80400c253f2.php (337).
[ 2016-07-04T19:13:04+08:00 ]NOTICE: Undefined index: remarkE:\wamp\www\git-test\gyq_mall\Mall\Storage\view\compile\6754ec6ae09ce74cb710e80400c253f2.php (337).
[ 2016-07-04T19:13:04+08:00 ]NOTICE: Undefined index: priceAggregateE:\wamp\www\git-test\gyq_mall\Mall\Storage\view\compile\6754ec6ae09ce74cb710e80400c253f2.php (337).
[ 2016-07-04T19:13:04+08:00 ]NOTICE: Undefined index: orderStatusE:\wamp\www\git-test\gyq_mall\Mall\Storage\view\compile\6754ec6ae09ce74cb710e80400c253f2.php (321).
[ 2016-07-04T19:13:04+08:00 ]NOTICE: Undefined index: orderStatusE:\wamp\www\git-test\gyq_mall\Mall\Storage\view\compile\6754ec6ae09ce74cb710e80400c253f2.php (322).
[ 2016-07-04T19:13:04+08:00 ]NOTICE: Undefined index: consigneeE:\wamp\www\git-test\gyq_mall\Mall\Storage\view\compile\6754ec6ae09ce74cb710e80400c253f2.php (337).
[ 2016-07-04T19:13:04+08:00 ]NOTICE: Undefined index: recieveAddressE:\wamp\www\git-test\gyq_mall\Mall\Storage\view\compile\6754ec6ae09ce74cb710e80400c253f2.php (337).
[ 2016-07-04T19:13:04+08:00 ]NOTICE: Undefined index: riseTimeE:\wamp\www\git-test\gyq_mall\Mall\Storage\view\compile\6754ec6ae09ce74cb710e80400c253f2.php (337).
[ 2016-07-04T19:13:04+08:00 ]NOTICE: Undefined index: orderStatusE:\wamp\www\git-test\gyq_mall\Mall\Storage\view\compile\6754ec6ae09ce74cb710e80400c253f2.php (337).
[ 2016-07-04T19:13:04+08:00 ]NOTICE: Undefined index: remarkE:\wamp\www\git-test\gyq_mall\Mall\Storage\view\compile\6754ec6ae09ce74cb710e80400c253f2.php (337).
[ 2016-07-04T19:13:04+08:00 ]NOTICE: Undefined index: priceAggregateE:\wamp\www\git-test\gyq_mall\Mall\Storage\view\compile\6754ec6ae09ce74cb710e80400c253f2.php (337).
[ 2016-07-04T19:16:51+08:00 ]NOTICE: Undefined index: consigneeE:\wamp\www\git-test\gyq_mall\Mall\Storage\view\compile\6754ec6ae09ce74cb710e80400c253f2.php (274).
[ 2016-07-04T19:16:51+08:00 ]NOTICE: Undefined index: recieveAddressE:\wamp\www\git-test\gyq_mall\Mall\Storage\view\compile\6754ec6ae09ce74cb710e80400c253f2.php (274).
[ 2016-07-04T19:16:51+08:00 ]NOTICE: Undefined index: orderStatusE:\wamp\www\git-test\gyq_mall\Mall\Storage\view\compile\6754ec6ae09ce74cb710e80400c253f2.php (274).
[ 2016-07-04T19:16:51+08:00 ]NOTICE: Undefined index: remarkE:\wamp\www\git-test\gyq_mall\Mall\Storage\view\compile\6754ec6ae09ce74cb710e80400c253f2.php (274).
[ 2016-07-04T19:16:51+08:00 ]NOTICE: Undefined index: priceAggregateE:\wamp\www\git-test\gyq_mall\Mall\Storage\view\compile\6754ec6ae09ce74cb710e80400c253f2.php (274).
[ 2016-07-04T19:16:51+08:00 ]NOTICE: Undefined index: consigneeE:\wamp\www\git-test\gyq_mall\Mall\Storage\view\compile\6754ec6ae09ce74cb710e80400c253f2.php (274).
[ 2016-07-04T19:16:51+08:00 ]NOTICE: Undefined index: recieveAddressE:\wamp\www\git-test\gyq_mall\Mall\Storage\view\compile\6754ec6ae09ce74cb710e80400c253f2.php (274).
[ 2016-07-04T19:16:51+08:00 ]NOTICE: Undefined index: orderStatusE:\wamp\www\git-test\gyq_mall\Mall\Storage\view\compile\6754ec6ae09ce74cb710e80400c253f2.php (274).
[ 2016-07-04T19:16:51+08:00 ]NOTICE: Undefined index: remarkE:\wamp\www\git-test\gyq_mall\Mall\Storage\view\compile\6754ec6ae09ce74cb710e80400c253f2.php (274).
[ 2016-07-04T19:16:51+08:00 ]NOTICE: Undefined index: priceAggregateE:\wamp\www\git-test\gyq_mall\Mall\Storage\view\compile\6754ec6ae09ce74cb710e80400c253f2.php (274).
[ 2016-07-04T19:16:51+08:00 ]NOTICE: Undefined index: orderStatusE:\wamp\www\git-test\gyq_mall\Mall\Storage\view\compile\6754ec6ae09ce74cb710e80400c253f2.php (321).
[ 2016-07-04T19:16:51+08:00 ]NOTICE: Undefined index: orderStatusE:\wamp\www\git-test\gyq_mall\Mall\Storage\view\compile\6754ec6ae09ce74cb710e80400c253f2.php (322).
[ 2016-07-04T19:16:51+08:00 ]NOTICE: Undefined index: consigneeE:\wamp\www\git-test\gyq_mall\Mall\Storage\view\compile\6754ec6ae09ce74cb710e80400c253f2.php (337).
[ 2016-07-04T19:16:51+08:00 ]NOTICE: Undefined index: recieveAddressE:\wamp\www\git-test\gyq_mall\Mall\Storage\view\compile\6754ec6ae09ce74cb710e80400c253f2.php (337).
[ 2016-07-04T19:16:51+08:00 ]NOTICE: Undefined index: riseTimeE:\wamp\www\git-test\gyq_mall\Mall\Storage\view\compile\6754ec6ae09ce74cb710e80400c253f2.php (337).
[ 2016-07-04T19:16:51+08:00 ]NOTICE: Undefined index: orderStatusE:\wamp\www\git-test\gyq_mall\Mall\Storage\view\compile\6754ec6ae09ce74cb710e80400c253f2.php (337).
[ 2016-07-04T19:16:51+08:00 ]NOTICE: Undefined index: remarkE:\wamp\www\git-test\gyq_mall\Mall\Storage\view\compile\6754ec6ae09ce74cb710e80400c253f2.php (337).
[ 2016-07-04T19:16:51+08:00 ]NOTICE: Undefined index: priceAggregateE:\wamp\www\git-test\gyq_mall\Mall\Storage\view\compile\6754ec6ae09ce74cb710e80400c253f2.php (337).
[ 2016-07-04T19:16:51+08:00 ]NOTICE: Undefined index: orderStatusE:\wamp\www\git-test\gyq_mall\Mall\Storage\view\compile\6754ec6ae09ce74cb710e80400c253f2.php (321).
[ 2016-07-04T19:16:51+08:00 ]NOTICE: Undefined index: orderStatusE:\wamp\www\git-test\gyq_mall\Mall\Storage\view\compile\6754ec6ae09ce74cb710e80400c253f2.php (322).
[ 2016-07-04T19:16:51+08:00 ]NOTICE: Undefined index: consigneeE:\wamp\www\git-test\gyq_mall\Mall\Storage\view\compile\6754ec6ae09ce74cb710e80400c253f2.php (337).
[ 2016-07-04T19:16:51+08:00 ]NOTICE: Undefined index: recieveAddressE:\wamp\www\git-test\gyq_mall\Mall\Storage\view\compile\6754ec6ae09ce74cb710e80400c253f2.php (337).
[ 2016-07-04T19:16:51+08:00 ]NOTICE: Undefined index: riseTimeE:\wamp\www\git-test\gyq_mall\Mall\Storage\view\compile\6754ec6ae09ce74cb710e80400c253f2.php (337).
[ 2016-07-04T19:16:51+08:00 ]NOTICE: Undefined index: orderStatusE:\wamp\www\git-test\gyq_mall\Mall\Storage\view\compile\6754ec6ae09ce74cb710e80400c253f2.php (337).
[ 2016-07-04T19:16:51+08:00 ]NOTICE: Undefined index: remarkE:\wamp\www\git-test\gyq_mall\Mall\Storage\view\compile\6754ec6ae09ce74cb710e80400c253f2.php (337).
[ 2016-07-04T19:16:51+08:00 ]NOTICE: Undefined index: priceAggregateE:\wamp\www\git-test\gyq_mall\Mall\Storage\view\compile\6754ec6ae09ce74cb710e80400c253f2.php (337).
[ 2016-07-04T19:18:30+08:00 ]NOTICE: Undefined index: consigneeE:\wamp\www\git-test\gyq_mall\Mall\Storage\view\compile\6754ec6ae09ce74cb710e80400c253f2.php (274).
[ 2016-07-04T19:18:30+08:00 ]NOTICE: Undefined index: recieveAddressE:\wamp\www\git-test\gyq_mall\Mall\Storage\view\compile\6754ec6ae09ce74cb710e80400c253f2.php (274).
[ 2016-07-04T19:18:30+08:00 ]NOTICE: Undefined index: orderStatusE:\wamp\www\git-test\gyq_mall\Mall\Storage\view\compile\6754ec6ae09ce74cb710e80400c253f2.php (274).
[ 2016-07-04T19:18:30+08:00 ]NOTICE: Undefined index: remarkE:\wamp\www\git-test\gyq_mall\Mall\Storage\view\compile\6754ec6ae09ce74cb710e80400c253f2.php (274).
[ 2016-07-04T19:18:30+08:00 ]NOTICE: Undefined index: priceAggregateE:\wamp\www\git-test\gyq_mall\Mall\Storage\view\compile\6754ec6ae09ce74cb710e80400c253f2.php (274).
[ 2016-07-04T19:18:30+08:00 ]NOTICE: Undefined index: consigneeE:\wamp\www\git-test\gyq_mall\Mall\Storage\view\compile\6754ec6ae09ce74cb710e80400c253f2.php (274).
[ 2016-07-04T19:18:30+08:00 ]NOTICE: Undefined index: recieveAddressE:\wamp\www\git-test\gyq_mall\Mall\Storage\view\compile\6754ec6ae09ce74cb710e80400c253f2.php (274).
[ 2016-07-04T19:18:30+08:00 ]NOTICE: Undefined index: orderStatusE:\wamp\www\git-test\gyq_mall\Mall\Storage\view\compile\6754ec6ae09ce74cb710e80400c253f2.php (274).
[ 2016-07-04T19:18:30+08:00 ]NOTICE: Undefined index: remarkE:\wamp\www\git-test\gyq_mall\Mall\Storage\view\compile\6754ec6ae09ce74cb710e80400c253f2.php (274).
[ 2016-07-04T19:18:30+08:00 ]NOTICE: Undefined index: priceAggregateE:\wamp\www\git-test\gyq_mall\Mall\Storage\view\compile\6754ec6ae09ce74cb710e80400c253f2.php (274).
[ 2016-07-04T19:18:30+08:00 ]NOTICE: Undefined index: orderStatusE:\wamp\www\git-test\gyq_mall\Mall\Storage\view\compile\6754ec6ae09ce74cb710e80400c253f2.php (321).
[ 2016-07-04T19:18:30+08:00 ]NOTICE: Undefined index: orderStatusE:\wamp\www\git-test\gyq_mall\Mall\Storage\view\compile\6754ec6ae09ce74cb710e80400c253f2.php (322).
[ 2016-07-04T19:18:30+08:00 ]NOTICE: Undefined index: consigneeE:\wamp\www\git-test\gyq_mall\Mall\Storage\view\compile\6754ec6ae09ce74cb710e80400c253f2.php (337).
[ 2016-07-04T19:18:30+08:00 ]NOTICE: Undefined index: recieveAddressE:\wamp\www\git-test\gyq_mall\Mall\Storage\view\compile\6754ec6ae09ce74cb710e80400c253f2.php (337).
[ 2016-07-04T19:18:30+08:00 ]NOTICE: Undefined index: riseTimeE:\wamp\www\git-test\gyq_mall\Mall\Storage\view\compile\6754ec6ae09ce74cb710e80400c253f2.php (337).
[ 2016-07-04T19:18:30+08:00 ]NOTICE: Undefined index: orderStatusE:\wamp\www\git-test\gyq_mall\Mall\Storage\view\compile\6754ec6ae09ce74cb710e80400c253f2.php (337).
[ 2016-07-04T19:18:30+08:00 ]NOTICE: Undefined index: remarkE:\wamp\www\git-test\gyq_mall\Mall\Storage\view\compile\6754ec6ae09ce74cb710e80400c253f2.php (337).
[ 2016-07-04T19:18:30+08:00 ]NOTICE: Undefined index: priceAggregateE:\wamp\www\git-test\gyq_mall\Mall\Storage\view\compile\6754ec6ae09ce74cb710e80400c253f2.php (337).
[ 2016-07-04T19:18:30+08:00 ]NOTICE: Undefined index: orderStatusE:\wamp\www\git-test\gyq_mall\Mall\Storage\view\compile\6754ec6ae09ce74cb710e80400c253f2.php (321).
[ 2016-07-04T19:18:30+08:00 ]NOTICE: Undefined index: orderStatusE:\wamp\www\git-test\gyq_mall\Mall\Storage\view\compile\6754ec6ae09ce74cb710e80400c253f2.php (322).
[ 2016-07-04T19:18:30+08:00 ]NOTICE: Undefined index: consigneeE:\wamp\www\git-test\gyq_mall\Mall\Storage\view\compile\6754ec6ae09ce74cb710e80400c253f2.php (337).
[ 2016-07-04T19:18:30+08:00 ]NOTICE: Undefined index: recieveAddressE:\wamp\www\git-test\gyq_mall\Mall\Storage\view\compile\6754ec6ae09ce74cb710e80400c253f2.php (337).
[ 2016-07-04T19:18:30+08:00 ]NOTICE: Undefined index: riseTimeE:\wamp\www\git-test\gyq_mall\Mall\Storage\view\compile\6754ec6ae09ce74cb710e80400c253f2.php (337).
[ 2016-07-04T19:18:30+08:00 ]NOTICE: Undefined index: orderStatusE:\wamp\www\git-test\gyq_mall\Mall\Storage\view\compile\6754ec6ae09ce74cb710e80400c253f2.php (337).
[ 2016-07-04T19:18:30+08:00 ]NOTICE: Undefined index: remarkE:\wamp\www\git-test\gyq_mall\Mall\Storage\view\compile\6754ec6ae09ce74cb710e80400c253f2.php (337).
[ 2016-07-04T19:18:30+08:00 ]NOTICE: Undefined index: priceAggregateE:\wamp\www\git-test\gyq_mall\Mall\Storage\view\compile\6754ec6ae09ce74cb710e80400c253f2.php (337).
[ 2016-07-04T19:20:33+08:00 ]NOTICE: Undefined index: consigneeE:\wamp\www\git-test\gyq_mall\Mall\Storage\view\compile\6754ec6ae09ce74cb710e80400c253f2.php (274).
[ 2016-07-04T19:20:33+08:00 ]NOTICE: Undefined index: recieveAddressE:\wamp\www\git-test\gyq_mall\Mall\Storage\view\compile\6754ec6ae09ce74cb710e80400c253f2.php (274).
[ 2016-07-04T19:20:33+08:00 ]NOTICE: Undefined index: orderStatusE:\wamp\www\git-test\gyq_mall\Mall\Storage\view\compile\6754ec6ae09ce74cb710e80400c253f2.php (274).
[ 2016-07-04T19:20:33+08:00 ]NOTICE: Undefined index: remarkE:\wamp\www\git-test\gyq_mall\Mall\Storage\view\compile\6754ec6ae09ce74cb710e80400c253f2.php (274).
[ 2016-07-04T19:20:33+08:00 ]NOTICE: Undefined index: priceAggregateE:\wamp\www\git-test\gyq_mall\Mall\Storage\view\compile\6754ec6ae09ce74cb710e80400c253f2.php (274).
[ 2016-07-04T19:20:33+08:00 ]NOTICE: Undefined index: consigneeE:\wamp\www\git-test\gyq_mall\Mall\Storage\view\compile\6754ec6ae09ce74cb710e80400c253f2.php (274).
[ 2016-07-04T19:20:33+08:00 ]NOTICE: Undefined index: recieveAddressE:\wamp\www\git-test\gyq_mall\Mall\Storage\view\compile\6754ec6ae09ce74cb710e80400c253f2.php (274).
[ 2016-07-04T19:20:33+08:00 ]NOTICE: Undefined index: orderStatusE:\wamp\www\git-test\gyq_mall\Mall\Storage\view\compile\6754ec6ae09ce74cb710e80400c253f2.php (274).
[ 2016-07-04T19:20:33+08:00 ]NOTICE: Undefined index: remarkE:\wamp\www\git-test\gyq_mall\Mall\Storage\view\compile\6754ec6ae09ce74cb710e80400c253f2.php (274).
[ 2016-07-04T19:20:33+08:00 ]NOTICE: Undefined index: priceAggregateE:\wamp\www\git-test\gyq_mall\Mall\Storage\view\compile\6754ec6ae09ce74cb710e80400c253f2.php (274).
[ 2016-07-04T19:20:33+08:00 ]NOTICE: Undefined index: orderStatusE:\wamp\www\git-test\gyq_mall\Mall\Storage\view\compile\6754ec6ae09ce74cb710e80400c253f2.php (321).
[ 2016-07-04T19:20:33+08:00 ]NOTICE: Undefined index: orderStatusE:\wamp\www\git-test\gyq_mall\Mall\Storage\view\compile\6754ec6ae09ce74cb710e80400c253f2.php (322).
[ 2016-07-04T19:20:33+08:00 ]NOTICE: Undefined index: consigneeE:\wamp\www\git-test\gyq_mall\Mall\Storage\view\compile\6754ec6ae09ce74cb710e80400c253f2.php (337).
[ 2016-07-04T19:20:33+08:00 ]NOTICE: Undefined index: recieveAddressE:\wamp\www\git-test\gyq_mall\Mall\Storage\view\compile\6754ec6ae09ce74cb710e80400c253f2.php (337).
[ 2016-07-04T19:20:33+08:00 ]NOTICE: Undefined index: riseTimeE:\wamp\www\git-test\gyq_mall\Mall\Storage\view\compile\6754ec6ae09ce74cb710e80400c253f2.php (337).
[ 2016-07-04T19:20:33+08:00 ]NOTICE: Undefined index: orderStatusE:\wamp\www\git-test\gyq_mall\Mall\Storage\view\compile\6754ec6ae09ce74cb710e80400c253f2.php (337).
[ 2016-07-04T19:20:33+08:00 ]NOTICE: Undefined index: remarkE:\wamp\www\git-test\gyq_mall\Mall\Storage\view\compile\6754ec6ae09ce74cb710e80400c253f2.php (337).
[ 2016-07-04T19:20:33+08:00 ]NOTICE: Undefined index: priceAggregateE:\wamp\www\git-test\gyq_mall\Mall\Storage\view\compile\6754ec6ae09ce74cb710e80400c253f2.php (337).
[ 2016-07-04T19:20:33+08:00 ]NOTICE: Undefined index: orderStatusE:\wamp\www\git-test\gyq_mall\Mall\Storage\view\compile\6754ec6ae09ce74cb710e80400c253f2.php (321).
[ 2016-07-04T19:20:33+08:00 ]NOTICE: Undefined index: orderStatusE:\wamp\www\git-test\gyq_mall\Mall\Storage\view\compile\6754ec6ae09ce74cb710e80400c253f2.php (322).
[ 2016-07-04T19:20:33+08:00 ]NOTICE: Undefined index: consigneeE:\wamp\www\git-test\gyq_mall\Mall\Storage\view\compile\6754ec6ae09ce74cb710e80400c253f2.php (337).
[ 2016-07-04T19:20:33+08:00 ]NOTICE: Undefined index: recieveAddressE:\wamp\www\git-test\gyq_mall\Mall\Storage\view\compile\6754ec6ae09ce74cb710e80400c253f2.php (337).
[ 2016-07-04T19:20:33+08:00 ]NOTICE: Undefined index: riseTimeE:\wamp\www\git-test\gyq_mall\Mall\Storage\view\compile\6754ec6ae09ce74cb710e80400c253f2.php (337).
[ 2016-07-04T19:20:33+08:00 ]NOTICE: Undefined index: orderStatusE:\wamp\www\git-test\gyq_mall\Mall\Storage\view\compile\6754ec6ae09ce74cb710e80400c253f2.php (337).
[ 2016-07-04T19:20:33+08:00 ]NOTICE: Undefined index: remarkE:\wamp\www\git-test\gyq_mall\Mall\Storage\view\compile\6754ec6ae09ce74cb710e80400c253f2.php (337).
[ 2016-07-04T19:20:33+08:00 ]NOTICE: Undefined index: priceAggregateE:\wamp\www\git-test\gyq_mall\Mall\Storage\view\compile\6754ec6ae09ce74cb710e80400c253f2.php (337).
[ 2016-07-04T21:37:14+08:00 ]NOTICE: Undefined index: orderStatusE:\wamp\www\git-test\gyq_mall\Mall\Storage\view\compile\6754ec6ae09ce74cb710e80400c253f2.php (320).
[ 2016-07-04T21:37:14+08:00 ]NOTICE: Undefined index: orderStatusE:\wamp\www\git-test\gyq_mall\Mall\Storage\view\compile\6754ec6ae09ce74cb710e80400c253f2.php (321).
[ 2016-07-04T21:37:14+08:00 ]NOTICE: Undefined index: consigneeE:\wamp\www\git-test\gyq_mall\Mall\Storage\view\compile\6754ec6ae09ce74cb710e80400c253f2.php (336).
[ 2016-07-04T21:37:14+08:00 ]NOTICE: Undefined index: recieveAddressE:\wamp\www\git-test\gyq_mall\Mall\Storage\view\compile\6754ec6ae09ce74cb710e80400c253f2.php (336).
[ 2016-07-04T21:37:14+08:00 ]NOTICE: Undefined index: riseTimeE:\wamp\www\git-test\gyq_mall\Mall\Storage\view\compile\6754ec6ae09ce74cb710e80400c253f2.php (336).
[ 2016-07-04T21:37:14+08:00 ]NOTICE: Undefined index: orderStatusE:\wamp\www\git-test\gyq_mall\Mall\Storage\view\compile\6754ec6ae09ce74cb710e80400c253f2.php (336).
[ 2016-07-04T21:37:14+08:00 ]NOTICE: Undefined index: remarkE:\wamp\www\git-test\gyq_mall\Mall\Storage\view\compile\6754ec6ae09ce74cb710e80400c253f2.php (336).
[ 2016-07-04T21:37:14+08:00 ]NOTICE: Undefined index: priceAggregateE:\wamp\www\git-test\gyq_mall\Mall\Storage\view\compile\6754ec6ae09ce74cb710e80400c253f2.php (336).
[ 2016-07-04T21:37:14+08:00 ]NOTICE: Undefined index: orderStatusE:\wamp\www\git-test\gyq_mall\Mall\Storage\view\compile\6754ec6ae09ce74cb710e80400c253f2.php (320).
[ 2016-07-04T21:37:14+08:00 ]NOTICE: Undefined index: orderStatusE:\wamp\www\git-test\gyq_mall\Mall\Storage\view\compile\6754ec6ae09ce74cb710e80400c253f2.php (321).
[ 2016-07-04T21:37:14+08:00 ]NOTICE: Undefined index: consigneeE:\wamp\www\git-test\gyq_mall\Mall\Storage\view\compile\6754ec6ae09ce74cb710e80400c253f2.php (336).
[ 2016-07-04T21:37:14+08:00 ]NOTICE: Undefined index: recieveAddressE:\wamp\www\git-test\gyq_mall\Mall\Storage\view\compile\6754ec6ae09ce74cb710e80400c253f2.php (336).
[ 2016-07-04T21:37:14+08:00 ]NOTICE: Undefined index: riseTimeE:\wamp\www\git-test\gyq_mall\Mall\Storage\view\compile\6754ec6ae09ce74cb710e80400c253f2.php (336).
[ 2016-07-04T21:37:14+08:00 ]NOTICE: Undefined index: orderStatusE:\wamp\www\git-test\gyq_mall\Mall\Storage\view\compile\6754ec6ae09ce74cb710e80400c253f2.php (336).
[ 2016-07-04T21:37:14+08:00 ]NOTICE: Undefined index: remarkE:\wamp\www\git-test\gyq_mall\Mall\Storage\view\compile\6754ec6ae09ce74cb710e80400c253f2.php (336).
[ 2016-07-04T21:37:14+08:00 ]NOTICE: Undefined index: priceAggregateE:\wamp\www\git-test\gyq_mall\Mall\Storage\view\compile\6754ec6ae09ce74cb710e80400c253f2.php (336).
[ 2016-07-04T21:37:14+08:00 ]NOTICE: Undefined index: orderStatusE:\wamp\www\git-test\gyq_mall\Mall\Storage\view\compile\6754ec6ae09ce74cb710e80400c253f2.php (320).
[ 2016-07-04T21:37:14+08:00 ]NOTICE: Undefined index: orderStatusE:\wamp\www\git-test\gyq_mall\Mall\Storage\view\compile\6754ec6ae09ce74cb710e80400c253f2.php (321).
[ 2016-07-04T21:37:14+08:00 ]NOTICE: Undefined index: consigneeE:\wamp\www\git-test\gyq_mall\Mall\Storage\view\compile\6754ec6ae09ce74cb710e80400c253f2.php (336).
[ 2016-07-04T21:37:14+08:00 ]NOTICE: Undefined index: recieveAddressE:\wamp\www\git-test\gyq_mall\Mall\Storage\view\compile\6754ec6ae09ce74cb710e80400c253f2.php (336).
[ 2016-07-04T21:37:14+08:00 ]NOTICE: Undefined index: riseTimeE:\wamp\www\git-test\gyq_mall\Mall\Storage\view\compile\6754ec6ae09ce74cb710e80400c253f2.php (336).
[ 2016-07-04T21:37:14+08:00 ]NOTICE: Undefined index: orderStatusE:\wamp\www\git-test\gyq_mall\Mall\Storage\view\compile\6754ec6ae09ce74cb710e80400c253f2.php (336).
[ 2016-07-04T21:37:14+08:00 ]NOTICE: Undefined index: remarkE:\wamp\www\git-test\gyq_mall\Mall\Storage\view\compile\6754ec6ae09ce74cb710e80400c253f2.php (336).
[ 2016-07-04T21:37:14+08:00 ]NOTICE: Undefined index: priceAggregateE:\wamp\www\git-test\gyq_mall\Mall\Storage\view\compile\6754ec6ae09ce74cb710e80400c253f2.php (336).
[ 2016-07-04T21:40:24+08:00 ]NOTICE: Undefined index: consigneeE:\wamp\www\git-test\gyq_mall\Mall\Storage\view\compile\6754ec6ae09ce74cb710e80400c253f2.php (274).
[ 2016-07-04T21:40:24+08:00 ]NOTICE: Undefined index: recieveAddressE:\wamp\www\git-test\gyq_mall\Mall\Storage\view\compile\6754ec6ae09ce74cb710e80400c253f2.php (274).
[ 2016-07-04T21:40:24+08:00 ]NOTICE: Undefined index: orderStatusE:\wamp\www\git-test\gyq_mall\Mall\Storage\view\compile\6754ec6ae09ce74cb710e80400c253f2.php (274).
[ 2016-07-04T21:40:24+08:00 ]NOTICE: Undefined index: remarkE:\wamp\www\git-test\gyq_mall\Mall\Storage\view\compile\6754ec6ae09ce74cb710e80400c253f2.php (274).
[ 2016-07-04T21:40:24+08:00 ]NOTICE: Undefined index: priceAggregateE:\wamp\www\git-test\gyq_mall\Mall\Storage\view\compile\6754ec6ae09ce74cb710e80400c253f2.php (274).
[ 2016-07-04T21:40:24+08:00 ]NOTICE: Undefined index: consigneeE:\wamp\www\git-test\gyq_mall\Mall\Storage\view\compile\6754ec6ae09ce74cb710e80400c253f2.php (274).
[ 2016-07-04T21:40:24+08:00 ]NOTICE: Undefined index: recieveAddressE:\wamp\www\git-test\gyq_mall\Mall\Storage\view\compile\6754ec6ae09ce74cb710e80400c253f2.php (274).
[ 2016-07-04T21:40:24+08:00 ]NOTICE: Undefined index: orderStatusE:\wamp\www\git-test\gyq_mall\Mall\Storage\view\compile\6754ec6ae09ce74cb710e80400c253f2.php (274).
[ 2016-07-04T21:40:24+08:00 ]NOTICE: Undefined index: remarkE:\wamp\www\git-test\gyq_mall\Mall\Storage\view\compile\6754ec6ae09ce74cb710e80400c253f2.php (274).
[ 2016-07-04T21:40:24+08:00 ]NOTICE: Undefined index: priceAggregateE:\wamp\www\git-test\gyq_mall\Mall\Storage\view\compile\6754ec6ae09ce74cb710e80400c253f2.php (274).
[ 2016-07-04T21:40:24+08:00 ]NOTICE: Undefined index: orderStatusE:\wamp\www\git-test\gyq_mall\Mall\Storage\view\compile\6754ec6ae09ce74cb710e80400c253f2.php (321).
[ 2016-07-04T21:40:24+08:00 ]NOTICE: Undefined index: orderStatusE:\wamp\www\git-test\gyq_mall\Mall\Storage\view\compile\6754ec6ae09ce74cb710e80400c253f2.php (322).
[ 2016-07-04T21:40:24+08:00 ]NOTICE: Undefined index: consigneeE:\wamp\www\git-test\gyq_mall\Mall\Storage\view\compile\6754ec6ae09ce74cb710e80400c253f2.php (337).
[ 2016-07-04T21:40:24+08:00 ]NOTICE: Undefined index: recieveAddressE:\wamp\www\git-test\gyq_mall\Mall\Storage\view\compile\6754ec6ae09ce74cb710e80400c253f2.php (337).
[ 2016-07-04T21:40:24+08:00 ]NOTICE: Undefined index: riseTimeE:\wamp\www\git-test\gyq_mall\Mall\Storage\view\compile\6754ec6ae09ce74cb710e80400c253f2.php (337).
[ 2016-07-04T21:40:24+08:00 ]NOTICE: Undefined index: orderStatusE:\wamp\www\git-test\gyq_mall\Mall\Storage\view\compile\6754ec6ae09ce74cb710e80400c253f2.php (337).
[ 2016-07-04T21:40:24+08:00 ]NOTICE: Undefined index: remarkE:\wamp\www\git-test\gyq_mall\Mall\Storage\view\compile\6754ec6ae09ce74cb710e80400c253f2.php (337).
[ 2016-07-04T21:40:24+08:00 ]NOTICE: Undefined index: priceAggregateE:\wamp\www\git-test\gyq_mall\Mall\Storage\view\compile\6754ec6ae09ce74cb710e80400c253f2.php (337).
[ 2016-07-04T21:40:24+08:00 ]NOTICE: Undefined index: orderStatusE:\wamp\www\git-test\gyq_mall\Mall\Storage\view\compile\6754ec6ae09ce74cb710e80400c253f2.php (321).
[ 2016-07-04T21:40:24+08:00 ]NOTICE: Undefined index: orderStatusE:\wamp\www\git-test\gyq_mall\Mall\Storage\view\compile\6754ec6ae09ce74cb710e80400c253f2.php (322).
[ 2016-07-04T21:40:24+08:00 ]NOTICE: Undefined index: consigneeE:\wamp\www\git-test\gyq_mall\Mall\Storage\view\compile\6754ec6ae09ce74cb710e80400c253f2.php (337).
[ 2016-07-04T21:40:24+08:00 ]NOTICE: Undefined index: recieveAddressE:\wamp\www\git-test\gyq_mall\Mall\Storage\view\compile\6754ec6ae09ce74cb710e80400c253f2.php (337).
[ 2016-07-04T21:40:24+08:00 ]NOTICE: Undefined index: riseTimeE:\wamp\www\git-test\gyq_mall\Mall\Storage\view\compile\6754ec6ae09ce74cb710e80400c253f2.php (337).
[ 2016-07-04T21:40:24+08:00 ]NOTICE: Undefined index: orderStatusE:\wamp\www\git-test\gyq_mall\Mall\Storage\view\compile\6754ec6ae09ce74cb710e80400c253f2.php (337).
[ 2016-07-04T21:40:24+08:00 ]NOTICE: Undefined index: remarkE:\wamp\www\git-test\gyq_mall\Mall\Storage\view\compile\6754ec6ae09ce74cb710e80400c253f2.php (337).
[ 2016-07-04T21:40:24+08:00 ]NOTICE: Undefined index: priceAggregateE:\wamp\www\git-test\gyq_mall\Mall\Storage\view\compile\6754ec6ae09ce74cb710e80400c253f2.php (337).
[ 2016-07-04T21:40:24+08:00 ]NOTICE: Undefined index: consigneeE:\wamp\www\git-test\gyq_mall\Mall\Storage\view\compile\6754ec6ae09ce74cb710e80400c253f2.php (274).
[ 2016-07-04T21:40:24+08:00 ]NOTICE: Undefined index: recieveAddressE:\wamp\www\git-test\gyq_mall\Mall\Storage\view\compile\6754ec6ae09ce74cb710e80400c253f2.php (274).
[ 2016-07-04T21:40:24+08:00 ]NOTICE: Undefined index: orderStatusE:\wamp\www\git-test\gyq_mall\Mall\Storage\view\compile\6754ec6ae09ce74cb710e80400c253f2.php (274).
[ 2016-07-04T21:40:24+08:00 ]NOTICE: Undefined index: remarkE:\wamp\www\git-test\gyq_mall\Mall\Storage\view\compile\6754ec6ae09ce74cb710e80400c253f2.php (274).
[ 2016-07-04T21:40:24+08:00 ]NOTICE: Undefined index: priceAggregateE:\wamp\www\git-test\gyq_mall\Mall\Storage\view\compile\6754ec6ae09ce74cb710e80400c253f2.php (274).
[ 2016-07-04T21:40:24+08:00 ]NOTICE: Undefined index: orderStatusE:\wamp\www\git-test\gyq_mall\Mall\Storage\view\compile\6754ec6ae09ce74cb710e80400c253f2.php (321).
[ 2016-07-04T21:40:24+08:00 ]NOTICE: Undefined index: orderStatusE:\wamp\www\git-test\gyq_mall\Mall\Storage\view\compile\6754ec6ae09ce74cb710e80400c253f2.php (322).
[ 2016-07-04T21:40:24+08:00 ]NOTICE: Undefined index: consigneeE:\wamp\www\git-test\gyq_mall\Mall\Storage\view\compile\6754ec6ae09ce74cb710e80400c253f2.php (337).
[ 2016-07-04T21:40:24+08:00 ]NOTICE: Undefined index: recieveAddressE:\wamp\www\git-test\gyq_mall\Mall\Storage\view\compile\6754ec6ae09ce74cb710e80400c253f2.php (337).
[ 2016-07-04T21:40:24+08:00 ]NOTICE: Undefined index: riseTimeE:\wamp\www\git-test\gyq_mall\Mall\Storage\view\compile\6754ec6ae09ce74cb710e80400c253f2.php (337).
[ 2016-07-04T21:40:24+08:00 ]NOTICE: Undefined index: orderStatusE:\wamp\www\git-test\gyq_mall\Mall\Storage\view\compile\6754ec6ae09ce74cb710e80400c253f2.php (337).
[ 2016-07-04T21:40:24+08:00 ]NOTICE: Undefined index: remarkE:\wamp\www\git-test\gyq_mall\Mall\Storage\view\compile\6754ec6ae09ce74cb710e80400c253f2.php (337).
[ 2016-07-04T21:40:24+08:00 ]NOTICE: Undefined index: priceAggregateE:\wamp\www\git-test\gyq_mall\Mall\Storage\view\compile\6754ec6ae09ce74cb710e80400c253f2.php (337).
[ 2016-07-04T21:44:44+08:00 ]NOTICE: Undefined index: consigneeE:\wamp\www\git-test\gyq_mall\Mall\Storage\view\compile\6754ec6ae09ce74cb710e80400c253f2.php (274).
[ 2016-07-04T21:44:44+08:00 ]NOTICE: Undefined index: recieveAddressE:\wamp\www\git-test\gyq_mall\Mall\Storage\view\compile\6754ec6ae09ce74cb710e80400c253f2.php (274).
[ 2016-07-04T21:44:44+08:00 ]NOTICE: Undefined index: orderStatusE:\wamp\www\git-test\gyq_mall\Mall\Storage\view\compile\6754ec6ae09ce74cb710e80400c253f2.php (274).
[ 2016-07-04T21:44:44+08:00 ]NOTICE: Undefined index: remarkE:\wamp\www\git-test\gyq_mall\Mall\Storage\view\compile\6754ec6ae09ce74cb710e80400c253f2.php (274).
[ 2016-07-04T21:44:44+08:00 ]NOTICE: Undefined index: priceAggregateE:\wamp\www\git-test\gyq_mall\Mall\Storage\view\compile\6754ec6ae09ce74cb710e80400c253f2.php (274).
[ 2016-07-04T21:44:44+08:00 ]NOTICE: Undefined index: consigneeE:\wamp\www\git-test\gyq_mall\Mall\Storage\view\compile\6754ec6ae09ce74cb710e80400c253f2.php (274).
[ 2016-07-04T21:44:44+08:00 ]NOTICE: Undefined index: recieveAddressE:\wamp\www\git-test\gyq_mall\Mall\Storage\view\compile\6754ec6ae09ce74cb710e80400c253f2.php (274).
[ 2016-07-04T21:44:44+08:00 ]NOTICE: Undefined index: orderStatusE:\wamp\www\git-test\gyq_mall\Mall\Storage\view\compile\6754ec6ae09ce74cb710e80400c253f2.php (274).
[ 2016-07-04T21:44:44+08:00 ]NOTICE: Undefined index: remarkE:\wamp\www\git-test\gyq_mall\Mall\Storage\view\compile\6754ec6ae09ce74cb710e80400c253f2.php (274).
[ 2016-07-04T21:44:44+08:00 ]NOTICE: Undefined index: priceAggregateE:\wamp\www\git-test\gyq_mall\Mall\Storage\view\compile\6754ec6ae09ce74cb710e80400c253f2.php (274).
[ 2016-07-04T21:44:44+08:00 ]NOTICE: Undefined index: orderStatusE:\wamp\www\git-test\gyq_mall\Mall\Storage\view\compile\6754ec6ae09ce74cb710e80400c253f2.php (321).
[ 2016-07-04T21:44:44+08:00 ]NOTICE: Undefined index: orderStatusE:\wamp\www\git-test\gyq_mall\Mall\Storage\view\compile\6754ec6ae09ce74cb710e80400c253f2.php (322).
[ 2016-07-04T21:44:44+08:00 ]NOTICE: Undefined index: consigneeE:\wamp\www\git-test\gyq_mall\Mall\Storage\view\compile\6754ec6ae09ce74cb710e80400c253f2.php (337).
[ 2016-07-04T21:44:44+08:00 ]NOTICE: Undefined index: recieveAddressE:\wamp\www\git-test\gyq_mall\Mall\Storage\view\compile\6754ec6ae09ce74cb710e80400c253f2.php (337).
[ 2016-07-04T21:44:44+08:00 ]NOTICE: Undefined index: riseTimeE:\wamp\www\git-test\gyq_mall\Mall\Storage\view\compile\6754ec6ae09ce74cb710e80400c253f2.php (337).
[ 2016-07-04T21:44:44+08:00 ]NOTICE: Undefined index: orderStatusE:\wamp\www\git-test\gyq_mall\Mall\Storage\view\compile\6754ec6ae09ce74cb710e80400c253f2.php (337).
[ 2016-07-04T21:44:44+08:00 ]NOTICE: Undefined index: remarkE:\wamp\www\git-test\gyq_mall\Mall\Storage\view\compile\6754ec6ae09ce74cb710e80400c253f2.php (337).
[ 2016-07-04T21:44:44+08:00 ]NOTICE: Undefined index: priceAggregateE:\wamp\www\git-test\gyq_mall\Mall\Storage\view\compile\6754ec6ae09ce74cb710e80400c253f2.php (337).
[ 2016-07-04T21:44:44+08:00 ]NOTICE: Undefined index: orderStatusE:\wamp\www\git-test\gyq_mall\Mall\Storage\view\compile\6754ec6ae09ce74cb710e80400c253f2.php (321).
[ 2016-07-04T21:44:44+08:00 ]NOTICE: Undefined index: orderStatusE:\wamp\www\git-test\gyq_mall\Mall\Storage\view\compile\6754ec6ae09ce74cb710e80400c253f2.php (322).
[ 2016-07-04T21:44:44+08:00 ]NOTICE: Undefined index: consigneeE:\wamp\www\git-test\gyq_mall\Mall\Storage\view\compile\6754ec6ae09ce74cb710e80400c253f2.php (337).
[ 2016-07-04T21:44:44+08:00 ]NOTICE: Undefined index: recieveAddressE:\wamp\www\git-test\gyq_mall\Mall\Storage\view\compile\6754ec6ae09ce74cb710e80400c253f2.php (337).
[ 2016-07-04T21:44:44+08:00 ]NOTICE: Undefined index: riseTimeE:\wamp\www\git-test\gyq_mall\Mall\Storage\view\compile\6754ec6ae09ce74cb710e80400c253f2.php (337).
[ 2016-07-04T21:44:44+08:00 ]NOTICE: Undefined index: orderStatusE:\wamp\www\git-test\gyq_mall\Mall\Storage\view\compile\6754ec6ae09ce74cb710e80400c253f2.php (337).
[ 2016-07-04T21:44:44+08:00 ]NOTICE: Undefined index: remarkE:\wamp\www\git-test\gyq_mall\Mall\Storage\view\compile\6754ec6ae09ce74cb710e80400c253f2.php (337).
[ 2016-07-04T21:44:44+08:00 ]NOTICE: Undefined index: priceAggregateE:\wamp\www\git-test\gyq_mall\Mall\Storage\view\compile\6754ec6ae09ce74cb710e80400c253f2.php (337).
[ 2016-07-04T21:44:44+08:00 ]NOTICE: Undefined index: consigneeE:\wamp\www\git-test\gyq_mall\Mall\Storage\view\compile\6754ec6ae09ce74cb710e80400c253f2.php (274).
[ 2016-07-04T21:44:44+08:00 ]NOTICE: Undefined index: recieveAddressE:\wamp\www\git-test\gyq_mall\Mall\Storage\view\compile\6754ec6ae09ce74cb710e80400c253f2.php (274).
[ 2016-07-04T21:44:44+08:00 ]NOTICE: Undefined index: orderStatusE:\wamp\www\git-test\gyq_mall\Mall\Storage\view\compile\6754ec6ae09ce74cb710e80400c253f2.php (274).
[ 2016-07-04T21:44:44+08:00 ]NOTICE: Undefined index: remarkE:\wamp\www\git-test\gyq_mall\Mall\Storage\view\compile\6754ec6ae09ce74cb710e80400c253f2.php (274).
[ 2016-07-04T21:44:44+08:00 ]NOTICE: Undefined index: priceAggregateE:\wamp\www\git-test\gyq_mall\Mall\Storage\view\compile\6754ec6ae09ce74cb710e80400c253f2.php (274).
[ 2016-07-04T21:44:44+08:00 ]NOTICE: Undefined index: orderStatusE:\wamp\www\git-test\gyq_mall\Mall\Storage\view\compile\6754ec6ae09ce74cb710e80400c253f2.php (321).
[ 2016-07-04T21:44:44+08:00 ]NOTICE: Undefined index: orderStatusE:\wamp\www\git-test\gyq_mall\Mall\Storage\view\compile\6754ec6ae09ce74cb710e80400c253f2.php (322).
[ 2016-07-04T21:44:44+08:00 ]NOTICE: Undefined index: consigneeE:\wamp\www\git-test\gyq_mall\Mall\Storage\view\compile\6754ec6ae09ce74cb710e80400c253f2.php (337).
[ 2016-07-04T21:44:44+08:00 ]NOTICE: Undefined index: recieveAddressE:\wamp\www\git-test\gyq_mall\Mall\Storage\view\compile\6754ec6ae09ce74cb710e80400c253f2.php (337).
[ 2016-07-04T21:44:44+08:00 ]NOTICE: Undefined index: riseTimeE:\wamp\www\git-test\gyq_mall\Mall\Storage\view\compile\6754ec6ae09ce74cb710e80400c253f2.php (337).
[ 2016-07-04T21:44:44+08:00 ]NOTICE: Undefined index: orderStatusE:\wamp\www\git-test\gyq_mall\Mall\Storage\view\compile\6754ec6ae09ce74cb710e80400c253f2.php (337).
[ 2016-07-04T21:44:44+08:00 ]NOTICE: Undefined index: remarkE:\wamp\www\git-test\gyq_mall\Mall\Storage\view\compile\6754ec6ae09ce74cb710e80400c253f2.php (337).
[ 2016-07-04T21:44:44+08:00 ]NOTICE: Undefined index: priceAggregateE:\wamp\www\git-test\gyq_mall\Mall\Storage\view\compile\6754ec6ae09ce74cb710e80400c253f2.php (337).
[ 2016-07-04T21:46:56+08:00 ]NOTICE: Undefined index: orderStatusE:\wamp\www\git-test\gyq_mall\Mall\Storage\view\compile\6754ec6ae09ce74cb710e80400c253f2.php (319).
[ 2016-07-04T21:46:56+08:00 ]NOTICE: Undefined index: orderStatusE:\wamp\www\git-test\gyq_mall\Mall\Storage\view\compile\6754ec6ae09ce74cb710e80400c253f2.php (320).
[ 2016-07-04T21:46:56+08:00 ]NOTICE: Undefined index: consigneeE:\wamp\www\git-test\gyq_mall\Mall\Storage\view\compile\6754ec6ae09ce74cb710e80400c253f2.php (335).
[ 2016-07-04T21:46:56+08:00 ]NOTICE: Undefined index: recieveAddressE:\wamp\www\git-test\gyq_mall\Mall\Storage\view\compile\6754ec6ae09ce74cb710e80400c253f2.php (335).
[ 2016-07-04T21:46:56+08:00 ]NOTICE: Undefined index: riseTimeE:\wamp\www\git-test\gyq_mall\Mall\Storage\view\compile\6754ec6ae09ce74cb710e80400c253f2.php (335).
[ 2016-07-04T21:46:56+08:00 ]NOTICE: Undefined index: orderStatusE:\wamp\www\git-test\gyq_mall\Mall\Storage\view\compile\6754ec6ae09ce74cb710e80400c253f2.php (335).
[ 2016-07-04T21:46:56+08:00 ]NOTICE: Undefined index: remarkE:\wamp\www\git-test\gyq_mall\Mall\Storage\view\compile\6754ec6ae09ce74cb710e80400c253f2.php (335).
[ 2016-07-04T21:46:56+08:00 ]NOTICE: Undefined index: priceAggregateE:\wamp\www\git-test\gyq_mall\Mall\Storage\view\compile\6754ec6ae09ce74cb710e80400c253f2.php (335).
[ 2016-07-04T21:46:56+08:00 ]NOTICE: Undefined index: orderStatusE:\wamp\www\git-test\gyq_mall\Mall\Storage\view\compile\6754ec6ae09ce74cb710e80400c253f2.php (319).
[ 2016-07-04T21:46:56+08:00 ]NOTICE: Undefined index: orderStatusE:\wamp\www\git-test\gyq_mall\Mall\Storage\view\compile\6754ec6ae09ce74cb710e80400c253f2.php (320).
[ 2016-07-04T21:46:56+08:00 ]NOTICE: Undefined index: consigneeE:\wamp\www\git-test\gyq_mall\Mall\Storage\view\compile\6754ec6ae09ce74cb710e80400c253f2.php (335).
[ 2016-07-04T21:46:56+08:00 ]NOTICE: Undefined index: recieveAddressE:\wamp\www\git-test\gyq_mall\Mall\Storage\view\compile\6754ec6ae09ce74cb710e80400c253f2.php (335).
[ 2016-07-04T21:46:56+08:00 ]NOTICE: Undefined index: riseTimeE:\wamp\www\git-test\gyq_mall\Mall\Storage\view\compile\6754ec6ae09ce74cb710e80400c253f2.php (335).
[ 2016-07-04T21:46:56+08:00 ]NOTICE: Undefined index: orderStatusE:\wamp\www\git-test\gyq_mall\Mall\Storage\view\compile\6754ec6ae09ce74cb710e80400c253f2.php (335).
[ 2016-07-04T21:46:56+08:00 ]NOTICE: Undefined index: remarkE:\wamp\www\git-test\gyq_mall\Mall\Storage\view\compile\6754ec6ae09ce74cb710e80400c253f2.php (335).
[ 2016-07-04T21:46:56+08:00 ]NOTICE: Undefined index: priceAggregateE:\wamp\www\git-test\gyq_mall\Mall\Storage\view\compile\6754ec6ae09ce74cb710e80400c253f2.php (335).
[ 2016-07-04T21:46:56+08:00 ]NOTICE: Undefined index: orderStatusE:\wamp\www\git-test\gyq_mall\Mall\Storage\view\compile\6754ec6ae09ce74cb710e80400c253f2.php (319).
[ 2016-07-04T21:46:56+08:00 ]NOTICE: Undefined index: orderStatusE:\wamp\www\git-test\gyq_mall\Mall\Storage\view\compile\6754ec6ae09ce74cb710e80400c253f2.php (320).
[ 2016-07-04T21:46:56+08:00 ]NOTICE: Undefined index: consigneeE:\wamp\www\git-test\gyq_mall\Mall\Storage\view\compile\6754ec6ae09ce74cb710e80400c253f2.php (335).
[ 2016-07-04T21:46:56+08:00 ]NOTICE: Undefined index: recieveAddressE:\wamp\www\git-test\gyq_mall\Mall\Storage\view\compile\6754ec6ae09ce74cb710e80400c253f2.php (335).
[ 2016-07-04T21:46:56+08:00 ]NOTICE: Undefined index: riseTimeE:\wamp\www\git-test\gyq_mall\Mall\Storage\view\compile\6754ec6ae09ce74cb710e80400c253f2.php (335).
[ 2016-07-04T21:46:56+08:00 ]NOTICE: Undefined index: orderStatusE:\wamp\www\git-test\gyq_mall\Mall\Storage\view\compile\6754ec6ae09ce74cb710e80400c253f2.php (335).
[ 2016-07-04T21:46:56+08:00 ]NOTICE: Undefined index: remarkE:\wamp\www\git-test\gyq_mall\Mall\Storage\view\compile\6754ec6ae09ce74cb710e80400c253f2.php (335).
[ 2016-07-04T21:46:56+08:00 ]NOTICE: Undefined index: priceAggregateE:\wamp\www\git-test\gyq_mall\Mall\Storage\view\compile\6754ec6ae09ce74cb710e80400c253f2.php (335).
[ 2016-07-04T21:47:48+08:00 ]NOTICE: Undefined index: orderStatusE:\wamp\www\git-test\gyq_mall\Mall\Storage\view\compile\6754ec6ae09ce74cb710e80400c253f2.php (319).
[ 2016-07-04T21:47:48+08:00 ]NOTICE: Undefined index: orderStatusE:\wamp\www\git-test\gyq_mall\Mall\Storage\view\compile\6754ec6ae09ce74cb710e80400c253f2.php (320).
[ 2016-07-04T21:47:48+08:00 ]NOTICE: Undefined index: consigneeE:\wamp\www\git-test\gyq_mall\Mall\Storage\view\compile\6754ec6ae09ce74cb710e80400c253f2.php (335).
[ 2016-07-04T21:47:48+08:00 ]NOTICE: Undefined index: recieveAddressE:\wamp\www\git-test\gyq_mall\Mall\Storage\view\compile\6754ec6ae09ce74cb710e80400c253f2.php (335).
[ 2016-07-04T21:47:48+08:00 ]NOTICE: Undefined index: riseTimeE:\wamp\www\git-test\gyq_mall\Mall\Storage\view\compile\6754ec6ae09ce74cb710e80400c253f2.php (335).
[ 2016-07-04T21:47:48+08:00 ]NOTICE: Undefined index: orderStatusE:\wamp\www\git-test\gyq_mall\Mall\Storage\view\compile\6754ec6ae09ce74cb710e80400c253f2.php (335).
[ 2016-07-04T21:47:48+08:00 ]NOTICE: Undefined index: remarkE:\wamp\www\git-test\gyq_mall\Mall\Storage\view\compile\6754ec6ae09ce74cb710e80400c253f2.php (335).
[ 2016-07-04T21:47:48+08:00 ]NOTICE: Undefined index: priceAggregateE:\wamp\www\git-test\gyq_mall\Mall\Storage\view\compile\6754ec6ae09ce74cb710e80400c253f2.php (335).
[ 2016-07-04T21:47:48+08:00 ]NOTICE: Undefined index: orderStatusE:\wamp\www\git-test\gyq_mall\Mall\Storage\view\compile\6754ec6ae09ce74cb710e80400c253f2.php (319).
[ 2016-07-04T21:47:48+08:00 ]NOTICE: Undefined index: orderStatusE:\wamp\www\git-test\gyq_mall\Mall\Storage\view\compile\6754ec6ae09ce74cb710e80400c253f2.php (320).
[ 2016-07-04T21:47:48+08:00 ]NOTICE: Undefined index: consigneeE:\wamp\www\git-test\gyq_mall\Mall\Storage\view\compile\6754ec6ae09ce74cb710e80400c253f2.php (335).
[ 2016-07-04T21:47:48+08:00 ]NOTICE: Undefined index: recieveAddressE:\wamp\www\git-test\gyq_mall\Mall\Storage\view\compile\6754ec6ae09ce74cb710e80400c253f2.php (335).
[ 2016-07-04T21:47:48+08:00 ]NOTICE: Undefined index: riseTimeE:\wamp\www\git-test\gyq_mall\Mall\Storage\view\compile\6754ec6ae09ce74cb710e80400c253f2.php (335).
[ 2016-07-04T21:47:48+08:00 ]NOTICE: Undefined index: orderStatusE:\wamp\www\git-test\gyq_mall\Mall\Storage\view\compile\6754ec6ae09ce74cb710e80400c253f2.php (335).
[ 2016-07-04T21:47:48+08:00 ]NOTICE: Undefined index: remarkE:\wamp\www\git-test\gyq_mall\Mall\Storage\view\compile\6754ec6ae09ce74cb710e80400c253f2.php (335).
[ 2016-07-04T21:47:48+08:00 ]NOTICE: Undefined index: priceAggregateE:\wamp\www\git-test\gyq_mall\Mall\Storage\view\compile\6754ec6ae09ce74cb710e80400c253f2.php (335).
[ 2016-07-04T21:47:48+08:00 ]NOTICE: Undefined index: orderStatusE:\wamp\www\git-test\gyq_mall\Mall\Storage\view\compile\6754ec6ae09ce74cb710e80400c253f2.php (319).
[ 2016-07-04T21:47:48+08:00 ]NOTICE: Undefined index: orderStatusE:\wamp\www\git-test\gyq_mall\Mall\Storage\view\compile\6754ec6ae09ce74cb710e80400c253f2.php (320).
[ 2016-07-04T21:47:48+08:00 ]NOTICE: Undefined index: consigneeE:\wamp\www\git-test\gyq_mall\Mall\Storage\view\compile\6754ec6ae09ce74cb710e80400c253f2.php (335).
[ 2016-07-04T21:47:48+08:00 ]NOTICE: Undefined index: recieveAddressE:\wamp\www\git-test\gyq_mall\Mall\Storage\view\compile\6754ec6ae09ce74cb710e80400c253f2.php (335).
[ 2016-07-04T21:47:48+08:00 ]NOTICE: Undefined index: riseTimeE:\wamp\www\git-test\gyq_mall\Mall\Storage\view\compile\6754ec6ae09ce74cb710e80400c253f2.php (335).
[ 2016-07-04T21:47:48+08:00 ]NOTICE: Undefined index: orderStatusE:\wamp\www\git-test\gyq_mall\Mall\Storage\view\compile\6754ec6ae09ce74cb710e80400c253f2.php (335).
[ 2016-07-04T21:47:48+08:00 ]NOTICE: Undefined index: remarkE:\wamp\www\git-test\gyq_mall\Mall\Storage\view\compile\6754ec6ae09ce74cb710e80400c253f2.php (335).
[ 2016-07-04T21:47:48+08:00 ]NOTICE: Undefined index: priceAggregateE:\wamp\www\git-test\gyq_mall\Mall\Storage\view\compile\6754ec6ae09ce74cb710e80400c253f2.php (335).
[ 2016-07-04T21:53:04+08:00 ]NOTICE: Undefined index: orderStatusE:\wamp\www\git-test\gyq_mall\Mall\Storage\view\compile\6754ec6ae09ce74cb710e80400c253f2.php (319).
[ 2016-07-04T21:53:04+08:00 ]NOTICE: Undefined index: consigneeE:\wamp\www\git-test\gyq_mall\Mall\Storage\view\compile\6754ec6ae09ce74cb710e80400c253f2.php (335).
[ 2016-07-04T21:53:04+08:00 ]NOTICE: Undefined index: recieveAddressE:\wamp\www\git-test\gyq_mall\Mall\Storage\view\compile\6754ec6ae09ce74cb710e80400c253f2.php (335).
[ 2016-07-04T21:53:04+08:00 ]NOTICE: Undefined index: riseTimeE:\wamp\www\git-test\gyq_mall\Mall\Storage\view\compile\6754ec6ae09ce74cb710e80400c253f2.php (335).
[ 2016-07-04T21:53:04+08:00 ]NOTICE: Undefined index: orderStatusE:\wamp\www\git-test\gyq_mall\Mall\Storage\view\compile\6754ec6ae09ce74cb710e80400c253f2.php (335).
[ 2016-07-04T21:53:04+08:00 ]NOTICE: Undefined index: remarkE:\wamp\www\git-test\gyq_mall\Mall\Storage\view\compile\6754ec6ae09ce74cb710e80400c253f2.php (335).
[ 2016-07-04T21:53:04+08:00 ]NOTICE: Undefined index: priceAggregateE:\wamp\www\git-test\gyq_mall\Mall\Storage\view\compile\6754ec6ae09ce74cb710e80400c253f2.php (335).
[ 2016-07-04T21:53:04+08:00 ]NOTICE: Undefined index: orderStatusE:\wamp\www\git-test\gyq_mall\Mall\Storage\view\compile\6754ec6ae09ce74cb710e80400c253f2.php (319).
[ 2016-07-04T21:53:04+08:00 ]NOTICE: Undefined index: consigneeE:\wamp\www\git-test\gyq_mall\Mall\Storage\view\compile\6754ec6ae09ce74cb710e80400c253f2.php (335).
[ 2016-07-04T21:53:04+08:00 ]NOTICE: Undefined index: recieveAddressE:\wamp\www\git-test\gyq_mall\Mall\Storage\view\compile\6754ec6ae09ce74cb710e80400c253f2.php (335).
[ 2016-07-04T21:53:04+08:00 ]NOTICE: Undefined index: riseTimeE:\wamp\www\git-test\gyq_mall\Mall\Storage\view\compile\6754ec6ae09ce74cb710e80400c253f2.php (335).
[ 2016-07-04T21:53:04+08:00 ]NOTICE: Undefined index: orderStatusE:\wamp\www\git-test\gyq_mall\Mall\Storage\view\compile\6754ec6ae09ce74cb710e80400c253f2.php (335).
[ 2016-07-04T21:53:04+08:00 ]NOTICE: Undefined index: remarkE:\wamp\www\git-test\gyq_mall\Mall\Storage\view\compile\6754ec6ae09ce74cb710e80400c253f2.php (335).
[ 2016-07-04T21:53:04+08:00 ]NOTICE: Undefined index: priceAggregateE:\wamp\www\git-test\gyq_mall\Mall\Storage\view\compile\6754ec6ae09ce74cb710e80400c253f2.php (335).
[ 2016-07-04T21:53:04+08:00 ]NOTICE: Undefined index: orderStatusE:\wamp\www\git-test\gyq_mall\Mall\Storage\view\compile\6754ec6ae09ce74cb710e80400c253f2.php (319).
[ 2016-07-04T21:53:04+08:00 ]NOTICE: Undefined index: consigneeE:\wamp\www\git-test\gyq_mall\Mall\Storage\view\compile\6754ec6ae09ce74cb710e80400c253f2.php (335).
[ 2016-07-04T21:53:04+08:00 ]NOTICE: Undefined index: recieveAddressE:\wamp\www\git-test\gyq_mall\Mall\Storage\view\compile\6754ec6ae09ce74cb710e80400c253f2.php (335).
[ 2016-07-04T21:53:04+08:00 ]NOTICE: Undefined index: riseTimeE:\wamp\www\git-test\gyq_mall\Mall\Storage\view\compile\6754ec6ae09ce74cb710e80400c253f2.php (335).
[ 2016-07-04T21:53:04+08:00 ]NOTICE: Undefined index: orderStatusE:\wamp\www\git-test\gyq_mall\Mall\Storage\view\compile\6754ec6ae09ce74cb710e80400c253f2.php (335).
[ 2016-07-04T21:53:04+08:00 ]NOTICE: Undefined index: remarkE:\wamp\www\git-test\gyq_mall\Mall\Storage\view\compile\6754ec6ae09ce74cb710e80400c253f2.php (335).
[ 2016-07-04T21:53:04+08:00 ]NOTICE: Undefined index: priceAggregateE:\wamp\www\git-test\gyq_mall\Mall\Storage\view\compile\6754ec6ae09ce74cb710e80400c253f2.php (335).
[ 2016-07-04T21:53:57+08:00 ]NOTICE: Undefined index: consigneeE:\wamp\www\git-test\gyq_mall\Mall\Storage\view\compile\6754ec6ae09ce74cb710e80400c253f2.php (335).
[ 2016-07-04T21:53:57+08:00 ]NOTICE: Undefined index: recieveAddressE:\wamp\www\git-test\gyq_mall\Mall\Storage\view\compile\6754ec6ae09ce74cb710e80400c253f2.php (335).
[ 2016-07-04T21:53:57+08:00 ]NOTICE: Undefined index: riseTimeE:\wamp\www\git-test\gyq_mall\Mall\Storage\view\compile\6754ec6ae09ce74cb710e80400c253f2.php (335).
[ 2016-07-04T21:53:57+08:00 ]NOTICE: Undefined index: orderStatusE:\wamp\www\git-test\gyq_mall\Mall\Storage\view\compile\6754ec6ae09ce74cb710e80400c253f2.php (335).
[ 2016-07-04T21:53:57+08:00 ]NOTICE: Undefined index: remarkE:\wamp\www\git-test\gyq_mall\Mall\Storage\view\compile\6754ec6ae09ce74cb710e80400c253f2.php (335).
[ 2016-07-04T21:53:57+08:00 ]NOTICE: Undefined index: priceAggregateE:\wamp\www\git-test\gyq_mall\Mall\Storage\view\compile\6754ec6ae09ce74cb710e80400c253f2.php (335).
[ 2016-07-04T21:53:57+08:00 ]NOTICE: Undefined index: consigneeE:\wamp\www\git-test\gyq_mall\Mall\Storage\view\compile\6754ec6ae09ce74cb710e80400c253f2.php (335).
[ 2016-07-04T21:53:57+08:00 ]NOTICE: Undefined index: recieveAddressE:\wamp\www\git-test\gyq_mall\Mall\Storage\view\compile\6754ec6ae09ce74cb710e80400c253f2.php (335).
[ 2016-07-04T21:53:57+08:00 ]NOTICE: Undefined index: riseTimeE:\wamp\www\git-test\gyq_mall\Mall\Storage\view\compile\6754ec6ae09ce74cb710e80400c253f2.php (335).
[ 2016-07-04T21:53:57+08:00 ]NOTICE: Undefined index: orderStatusE:\wamp\www\git-test\gyq_mall\Mall\Storage\view\compile\6754ec6ae09ce74cb710e80400c253f2.php (335).
[ 2016-07-04T21:53:57+08:00 ]NOTICE: Undefined index: remarkE:\wamp\www\git-test\gyq_mall\Mall\Storage\view\compile\6754ec6ae09ce74cb710e80400c253f2.php (335).
[ 2016-07-04T21:53:57+08:00 ]NOTICE: Undefined index: priceAggregateE:\wamp\www\git-test\gyq_mall\Mall\Storage\view\compile\6754ec6ae09ce74cb710e80400c253f2.php (335).
[ 2016-07-04T21:53:57+08:00 ]NOTICE: Undefined index: consigneeE:\wamp\www\git-test\gyq_mall\Mall\Storage\view\compile\6754ec6ae09ce74cb710e80400c253f2.php (335).
[ 2016-07-04T21:53:57+08:00 ]NOTICE: Undefined index: recieveAddressE:\wamp\www\git-test\gyq_mall\Mall\Storage\view\compile\6754ec6ae09ce74cb710e80400c253f2.php (335).
[ 2016-07-04T21:53:57+08:00 ]NOTICE: Undefined index: riseTimeE:\wamp\www\git-test\gyq_mall\Mall\Storage\view\compile\6754ec6ae09ce74cb710e80400c253f2.php (335).
[ 2016-07-04T21:53:57+08:00 ]NOTICE: Undefined index: orderStatusE:\wamp\www\git-test\gyq_mall\Mall\Storage\view\compile\6754ec6ae09ce74cb710e80400c253f2.php (335).
[ 2016-07-04T21:53:57+08:00 ]NOTICE: Undefined index: remarkE:\wamp\www\git-test\gyq_mall\Mall\Storage\view\compile\6754ec6ae09ce74cb710e80400c253f2.php (335).
[ 2016-07-04T21:53:57+08:00 ]NOTICE: Undefined index: priceAggregateE:\wamp\www\git-test\gyq_mall\Mall\Storage\view\compile\6754ec6ae09ce74cb710e80400c253f2.php (335).
[ 2016-07-04T23:38:43+08:00 ]NOTICE: Undefined index: clidE:\wamp\www\git-test\gyq_mall\Mall\App\Home\Controller\OrderController.php (168).
[ 2016-07-04T23:38:43+08:00 ]EXCEPTION: SELECT  *  FROM orderlist WHERE client_clid= ORDER BY  order_orid DESC  ;BindParams:array (
)42000;1064;You have an error in your SQL syntax; check the manual that corresponds to your MySQL server version for the right syntax to use near 'ORDER BY  order_orid DESC' at line 1
[ 2016-07-04T23:40:41+08:00 ]NOTICE: Undefined index: clidE:\wamp\www\git-test\gyq_mall\Mall\App\Home\Controller\ContentController.php (17).
