[ 2016-07-06T10:46:18+08:00 ]NOTICE: Undefined index: clidE:\wamp\www\git-test\gyq_mall\Mall\App\Home\Controller\OrderController.php (168).
[ 2016-07-06T10:46:18+08:00 ]EXCEPTION: SELECT  *  FROM orderlist WHERE client_clid= ORDER BY  order_orid DESC  ;BindParams:array (
)42000;1064;You have an error in your SQL syntax; check the manual that corresponds to your MySQL server version for the right syntax to use near 'ORDER BY  order_orid DESC' at line 1
[ 2016-07-06T10:46:40+08:00 ]NOTICE: Undefined index: clidE:\wamp\www\git-test\gyq_mall\Mall\App\Home\Controller\OrderController.php (168).
[ 2016-07-06T10:46:40+08:00 ]EXCEPTION: SELECT  *  FROM orderlist WHERE client_clid= ORDER BY  order_orid DESC  ;BindParams:array (
)42000;1064;You have an error in your SQL syntax; check the manual that corresponds to your MySQL server version for the right syntax to use near 'ORDER BY  order_orid DESC' at line 1
[ 2016-07-06T10:47:20+08:00 ]NOTICE: Undefined index: clidE:\wamp\www\git-test\gyq_mall\Mall\App\Home\Controller\ContentController.php (17).
[ 2016-07-06T10:49:23+08:00 ]EXCEPTION: INSERT INTO receiptaddress (`rid`,`consignee`,`order_orid`,`FullAddress`,`rphone`,`rfixphone`,`province`,`city`,`area`,`client_clid`)VALUES(?,?,?,?,?,?,?,?,?,?) ;BindParams:array (
  0 => '240',
  1 => '',
  2 => '56',
  3 => '',
  4 => '',
  5 => '',
  6 => '河北',
  7 => '石家庄',
  8 => '新华区',
  9 => '1',
)23000;1062;Duplicate entry '240' for key 'PRIMARY'
[ 2016-07-06T10:49:33+08:00 ]EXCEPTION: DELETE FROM receiptaddress WHERE rid= ;BindParams:array (
)42000;1064;You have an error in your SQL syntax; check the manual that corresponds to your MySQL server version for the right syntax to use near '' at line 1
[ 2016-07-06T10:50:05+08:00 ]EXCEPTION: DELETE FROM receiptaddress WHERE rid= ;BindParams:array (
)42000;1064;You have an error in your SQL syntax; check the manual that corresponds to your MySQL server version for the right syntax to use near '' at line 1
[ 2016-07-06T19:11:36+08:00 ]EXCEPTION: SQLSTATE[HY000] [1045] Access denied for user 'root'@'localhost' (using password: NO)
[ 2016-07-06T19:16:50+08:00 ]NOTICE: unserialize(): Error at offset 0 of 11181 bytesC:\home\ftp\c\c65_guyongqing\wwwroot\Mall\Hdphp\Cache\File.php (177).
[ 2016-07-06T19:17:33+08:00 ]NOTICE: Array to string conversionC:\home\ftp\c\c65_guyongqing\wwwroot\Mall\Storage\view\compile\2285f5ecd290c2ae060f2c24a56dc0d2.php (407).
[ 2016-07-06T19:17:33+08:00 ]NOTICE: Array to string conversionC:\home\ftp\c\c65_guyongqing\wwwroot\Mall\Storage\view\compile\2285f5ecd290c2ae060f2c24a56dc0d2.php (689).
[ 2016-07-06T19:17:33+08:00 ]NOTICE: Array to string conversionC:\home\ftp\c\c65_guyongqing\wwwroot\Mall\Storage\view\compile\2285f5ecd290c2ae060f2c24a56dc0d2.php (689).
[ 2016-07-06T19:17:33+08:00 ]NOTICE: Array to string conversionC:\home\ftp\c\c65_guyongqing\wwwroot\Mall\Storage\view\compile\2285f5ecd290c2ae060f2c24a56dc0d2.php (689).
[ 2016-07-06T19:17:33+08:00 ]NOTICE: Array to string conversionC:\home\ftp\c\c65_guyongqing\wwwroot\Mall\Storage\view\compile\2285f5ecd290c2ae060f2c24a56dc0d2.php (689).
[ 2016-07-06T19:17:33+08:00 ]NOTICE: Array to string conversionC:\home\ftp\c\c65_guyongqing\wwwroot\Mall\Storage\view\compile\2285f5ecd290c2ae060f2c24a56dc0d2.php (689).
[ 2016-07-06T19:17:33+08:00 ]NOTICE: Array to string conversionC:\home\ftp\c\c65_guyongqing\wwwroot\Mall\Storage\view\compile\2285f5ecd290c2ae060f2c24a56dc0d2.php (407).
[ 2016-07-06T19:17:33+08:00 ]NOTICE: Array to string conversionC:\home\ftp\c\c65_guyongqing\wwwroot\Mall\Storage\view\compile\2285f5ecd290c2ae060f2c24a56dc0d2.php (689).
[ 2016-07-06T19:17:33+08:00 ]NOTICE: Array to string conversionC:\home\ftp\c\c65_guyongqing\wwwroot\Mall\Storage\view\compile\2285f5ecd290c2ae060f2c24a56dc0d2.php (689).
[ 2016-07-06T19:17:33+08:00 ]NOTICE: Array to string conversionC:\home\ftp\c\c65_guyongqing\wwwroot\Mall\Storage\view\compile\2285f5ecd290c2ae060f2c24a56dc0d2.php (689).
[ 2016-07-06T19:17:33+08:00 ]NOTICE: Array to string conversionC:\home\ftp\c\c65_guyongqing\wwwroot\Mall\Storage\view\compile\2285f5ecd290c2ae060f2c24a56dc0d2.php (689).
[ 2016-07-06T19:17:33+08:00 ]NOTICE: Array to string conversionC:\home\ftp\c\c65_guyongqing\wwwroot\Mall\Storage\view\compile\2285f5ecd290c2ae060f2c24a56dc0d2.php (689).
[ 2016-07-06T19:17:35+08:00 ]NOTICE: Array to string conversionC:\home\ftp\c\c65_guyongqing\wwwroot\Mall\Storage\view\compile\2285f5ecd290c2ae060f2c24a56dc0d2.php (407).
[ 2016-07-06T19:17:35+08:00 ]NOTICE: Array to string conversionC:\home\ftp\c\c65_guyongqing\wwwroot\Mall\Storage\view\compile\2285f5ecd290c2ae060f2c24a56dc0d2.php (689).
[ 2016-07-06T19:17:35+08:00 ]NOTICE: Array to string conversionC:\home\ftp\c\c65_guyongqing\wwwroot\Mall\Storage\view\compile\2285f5ecd290c2ae060f2c24a56dc0d2.php (689).
[ 2016-07-06T19:17:35+08:00 ]NOTICE: Array to string conversionC:\home\ftp\c\c65_guyongqing\wwwroot\Mall\Storage\view\compile\2285f5ecd290c2ae060f2c24a56dc0d2.php (689).
[ 2016-07-06T19:17:35+08:00 ]NOTICE: Array to string conversionC:\home\ftp\c\c65_guyongqing\wwwroot\Mall\Storage\view\compile\2285f5ecd290c2ae060f2c24a56dc0d2.php (689).
[ 2016-07-06T19:17:35+08:00 ]NOTICE: Array to string conversionC:\home\ftp\c\c65_guyongqing\wwwroot\Mall\Storage\view\compile\2285f5ecd290c2ae060f2c24a56dc0d2.php (689).
[ 2016-07-06T20:15:48+08:00 ]NOTICE: Array to string conversionC:\home\ftp\c\c65_guyongqing\wwwroot\Mall\Storage\view\compile\2285f5ecd290c2ae060f2c24a56dc0d2.php (407).
[ 2016-07-06T20:15:48+08:00 ]NOTICE: Array to string conversionC:\home\ftp\c\c65_guyongqing\wwwroot\Mall\Storage\view\compile\2285f5ecd290c2ae060f2c24a56dc0d2.php (689).
[ 2016-07-06T20:15:48+08:00 ]NOTICE: Array to string conversionC:\home\ftp\c\c65_guyongqing\wwwroot\Mall\Storage\view\compile\2285f5ecd290c2ae060f2c24a56dc0d2.php (689).
[ 2016-07-06T20:15:48+08:00 ]NOTICE: Array to string conversionC:\home\ftp\c\c65_guyongqing\wwwroot\Mall\Storage\view\compile\2285f5ecd290c2ae060f2c24a56dc0d2.php (689).
[ 2016-07-06T20:15:48+08:00 ]NOTICE: Array to string conversionC:\home\ftp\c\c65_guyongqing\wwwroot\Mall\Storage\view\compile\2285f5ecd290c2ae060f2c24a56dc0d2.php (689).
[ 2016-07-06T20:15:48+08:00 ]NOTICE: Array to string conversionC:\home\ftp\c\c65_guyongqing\wwwroot\Mall\Storage\view\compile\2285f5ecd290c2ae060f2c24a56dc0d2.php (689).
[ 2016-07-06T20:24:07+08:00 ]NOTICE: Array to string conversionC:\home\ftp\c\c65_guyongqing\wwwroot\Mall\Storage\view\compile\2285f5ecd290c2ae060f2c24a56dc0d2.php (407).
[ 2016-07-06T20:24:07+08:00 ]NOTICE: Array to string conversionC:\home\ftp\c\c65_guyongqing\wwwroot\Mall\Storage\view\compile\2285f5ecd290c2ae060f2c24a56dc0d2.php (689).
[ 2016-07-06T20:24:07+08:00 ]NOTICE: Array to string conversionC:\home\ftp\c\c65_guyongqing\wwwroot\Mall\Storage\view\compile\2285f5ecd290c2ae060f2c24a56dc0d2.php (689).
[ 2016-07-06T20:24:07+08:00 ]NOTICE: Array to string conversionC:\home\ftp\c\c65_guyongqing\wwwroot\Mall\Storage\view\compile\2285f5ecd290c2ae060f2c24a56dc0d2.php (689).
[ 2016-07-06T20:24:07+08:00 ]NOTICE: Array to string conversionC:\home\ftp\c\c65_guyongqing\wwwroot\Mall\Storage\view\compile\2285f5ecd290c2ae060f2c24a56dc0d2.php (689).
[ 2016-07-06T20:24:07+08:00 ]NOTICE: Array to string conversionC:\home\ftp\c\c65_guyongqing\wwwroot\Mall\Storage\view\compile\2285f5ecd290c2ae060f2c24a56dc0d2.php (689).
[ 2016-07-06T20:24:26+08:00 ]NOTICE: Array to string conversionC:\home\ftp\c\c65_guyongqing\wwwroot\Mall\Storage\view\compile\2285f5ecd290c2ae060f2c24a56dc0d2.php (205).
[ 2016-07-06T20:24:26+08:00 ]NOTICE: Array to string conversionC:\home\ftp\c\c65_guyongqing\wwwroot\Mall\Storage\view\compile\2285f5ecd290c2ae060f2c24a56dc0d2.php (349).
[ 2016-07-06T20:24:26+08:00 ]NOTICE: Array to string conversionC:\home\ftp\c\c65_guyongqing\wwwroot\Mall\Storage\view\compile\2285f5ecd290c2ae060f2c24a56dc0d2.php (349).
[ 2016-07-06T20:24:26+08:00 ]NOTICE: Array to string conversionC:\home\ftp\c\c65_guyongqing\wwwroot\Mall\Storage\view\compile\2285f5ecd290c2ae060f2c24a56dc0d2.php (349).
[ 2016-07-06T20:24:26+08:00 ]NOTICE: Array to string conversionC:\home\ftp\c\c65_guyongqing\wwwroot\Mall\Storage\view\compile\2285f5ecd290c2ae060f2c24a56dc0d2.php (349).
[ 2016-07-06T20:24:26+08:00 ]NOTICE: Array to string conversionC:\home\ftp\c\c65_guyongqing\wwwroot\Mall\Storage\view\compile\2285f5ecd290c2ae060f2c24a56dc0d2.php (349).
[ 2016-07-06T20:29:15+08:00 ]NOTICE: Array to string conversionC:\home\ftp\c\c65_guyongqing\wwwroot\Mall\Storage\view\compile\2285f5ecd290c2ae060f2c24a56dc0d2.php (205).
[ 2016-07-06T20:29:21+08:00 ]NOTICE: Array to string conversionC:\home\ftp\c\c65_guyongqing\wwwroot\Mall\Storage\view\compile\2285f5ecd290c2ae060f2c24a56dc0d2.php (205).
[ 2016-07-06T20:31:12+08:00 ]NOTICE: Array to string conversionC:\home\ftp\c\c65_guyongqing\wwwroot\Mall\Storage\view\compile\2285f5ecd290c2ae060f2c24a56dc0d2.php (205).
[ 2016-07-06T20:33:49+08:00 ]NOTICE: Array to string conversionC:\home\ftp\c\c65_guyongqing\wwwroot\Mall\Storage\view\compile\2285f5ecd290c2ae060f2c24a56dc0d2.php (205).
[ 2016-07-06T20:33:49+08:00 ]NOTICE: Illegal string offset 'mid'C:\home\ftp\c\c65_guyongqing\wwwroot\Mall\Storage\view\compile\2285f5ecd290c2ae060f2c24a56dc0d2.php (218).
[ 2016-07-06T20:33:49+08:00 ]NOTICE: Illegal string offset 'sml'C:\home\ftp\c\c65_guyongqing\wwwroot\Mall\Storage\view\compile\2285f5ecd290c2ae060f2c24a56dc0d2.php (222).
[ 2016-07-06T20:33:49+08:00 ]NOTICE: Illegal string offset 'sml'C:\home\ftp\c\c65_guyongqing\wwwroot\Mall\Storage\view\compile\2285f5ecd290c2ae060f2c24a56dc0d2.php (222).
[ 2016-07-06T20:42:03+08:00 ]NOTICE: Illegal string offset 'mid'C:\home\ftp\c\c65_guyongqing\wwwroot\Mall\Storage\view\compile\2285f5ecd290c2ae060f2c24a56dc0d2.php (205).
[ 2016-07-06T20:42:03+08:00 ]NOTICE: Array to string conversionC:\home\ftp\c\c65_guyongqing\wwwroot\Mall\Storage\view\compile\2285f5ecd290c2ae060f2c24a56dc0d2.php (205).
[ 2016-07-06T20:42:13+08:00 ]NOTICE: Illegal string offset 'mid'C:\home\ftp\c\c65_guyongqing\wwwroot\Mall\Storage\view\compile\2285f5ecd290c2ae060f2c24a56dc0d2.php (205).
[ 2016-07-06T20:42:13+08:00 ]NOTICE: Illegal string offset 'mid'C:\home\ftp\c\c65_guyongqing\wwwroot\Mall\Storage\view\compile\2285f5ecd290c2ae060f2c24a56dc0d2.php (205).
[ 2016-07-06T20:42:13+08:00 ]NOTICE: Array to string conversionC:\home\ftp\c\c65_guyongqing\wwwroot\Mall\Storage\view\compile\2285f5ecd290c2ae060f2c24a56dc0d2.php (205).
[ 2016-07-06T20:42:13+08:00 ]NOTICE: Illegal string offset 'mid'C:\home\ftp\c\c65_guyongqing\wwwroot\Mall\Storage\view\compile\2285f5ecd290c2ae060f2c24a56dc0d2.php (206).
[ 2016-07-06T20:42:13+08:00 ]NOTICE: Illegal string offset 'mid'C:\home\ftp\c\c65_guyongqing\wwwroot\Mall\Storage\view\compile\2285f5ecd290c2ae060f2c24a56dc0d2.php (206).
[ 2016-07-06T20:42:13+08:00 ]NOTICE: Illegal string offset 'big'C:\home\ftp\c\c65_guyongqing\wwwroot\Mall\Storage\view\compile\2285f5ecd290c2ae060f2c24a56dc0d2.php (210).
[ 2016-07-06T20:42:13+08:00 ]NOTICE: Illegal string offset 'big'C:\home\ftp\c\c65_guyongqing\wwwroot\Mall\Storage\view\compile\2285f5ecd290c2ae060f2c24a56dc0d2.php (210).
[ 2016-07-06T20:42:13+08:00 ]NOTICE: Illegal string offset 'sml'C:\home\ftp\c\c65_guyongqing\wwwroot\Mall\Storage\view\compile\2285f5ecd290c2ae060f2c24a56dc0d2.php (222).
[ 2016-07-06T20:42:13+08:00 ]NOTICE: Illegal string offset 'sml'C:\home\ftp\c\c65_guyongqing\wwwroot\Mall\Storage\view\compile\2285f5ecd290c2ae060f2c24a56dc0d2.php (222).
[ 2016-07-06T20:43:27+08:00 ]NOTICE: Array to string conversionC:\home\ftp\c\c65_guyongqing\wwwroot\Mall\Storage\view\compile\2285f5ecd290c2ae060f2c24a56dc0d2.php (205).
[ 2016-07-06T20:43:27+08:00 ]NOTICE: Illegal string offset 'big'C:\home\ftp\c\c65_guyongqing\wwwroot\Mall\Storage\view\compile\2285f5ecd290c2ae060f2c24a56dc0d2.php (210).
[ 2016-07-06T20:43:27+08:00 ]NOTICE: Illegal string offset 'big'C:\home\ftp\c\c65_guyongqing\wwwroot\Mall\Storage\view\compile\2285f5ecd290c2ae060f2c24a56dc0d2.php (210).
[ 2016-07-06T20:43:27+08:00 ]NOTICE: Illegal string offset 'sml'C:\home\ftp\c\c65_guyongqing\wwwroot\Mall\Storage\view\compile\2285f5ecd290c2ae060f2c24a56dc0d2.php (222).
[ 2016-07-06T20:43:27+08:00 ]NOTICE: Illegal string offset 'sml'C:\home\ftp\c\c65_guyongqing\wwwroot\Mall\Storage\view\compile\2285f5ecd290c2ae060f2c24a56dc0d2.php (222).
[ 2016-07-06T20:43:58+08:00 ]NOTICE: Array to string conversionC:\home\ftp\c\c65_guyongqing\wwwroot\Mall\Storage\view\compile\2285f5ecd290c2ae060f2c24a56dc0d2.php (205).
[ 2016-07-06T20:43:58+08:00 ]NOTICE: Illegal string offset 'sml'C:\home\ftp\c\c65_guyongqing\wwwroot\Mall\Storage\view\compile\2285f5ecd290c2ae060f2c24a56dc0d2.php (222).
[ 2016-07-06T20:43:58+08:00 ]NOTICE: Illegal string offset 'sml'C:\home\ftp\c\c65_guyongqing\wwwroot\Mall\Storage\view\compile\2285f5ecd290c2ae060f2c24a56dc0d2.php (222).
[ 2016-07-06T20:44:26+08:00 ]NOTICE: Array to string conversionC:\home\ftp\c\c65_guyongqing\wwwroot\Mall\Storage\view\compile\2285f5ecd290c2ae060f2c24a56dc0d2.php (205).
[ 2016-07-06T20:44:26+08:00 ]NOTICE: Illegal string offset 'sml'C:\home\ftp\c\c65_guyongqing\wwwroot\Mall\Storage\view\compile\2285f5ecd290c2ae060f2c24a56dc0d2.php (222).
[ 2016-07-06T20:44:26+08:00 ]NOTICE: Illegal string offset 'sml'C:\home\ftp\c\c65_guyongqing\wwwroot\Mall\Storage\view\compile\2285f5ecd290c2ae060f2c24a56dc0d2.php (222).
[ 2016-07-06T20:46:12+08:00 ]NOTICE: Array to string conversionC:\home\ftp\c\c65_guyongqing\wwwroot\Mall\Storage\view\compile\2285f5ecd290c2ae060f2c24a56dc0d2.php (205).
[ 2016-07-06T20:47:31+08:00 ]NOTICE: Array to string conversionC:\home\ftp\c\c65_guyongqing\wwwroot\Mall\Storage\view\compile\2285f5ecd290c2ae060f2c24a56dc0d2.php (205).
[ 2016-07-06T20:47:51+08:00 ]NOTICE: Array to string conversionC:\home\ftp\c\c65_guyongqing\wwwroot\Mall\Storage\view\compile\2285f5ecd290c2ae060f2c24a56dc0d2.php (205).
[ 2016-07-06T20:49:25+08:00 ]NOTICE: Array to string conversionC:\home\ftp\c\c65_guyongqing\wwwroot\Mall\Storage\view\compile\2285f5ecd290c2ae060f2c24a56dc0d2.php (205).
[ 2016-07-06T20:49:35+08:00 ]NOTICE: Array to string conversionC:\home\ftp\c\c65_guyongqing\wwwroot\Mall\Storage\view\compile\2285f5ecd290c2ae060f2c24a56dc0d2.php (205).
[ 2016-07-06T20:56:32+08:00 ]NOTICE: Array to string conversionC:\home\ftp\c\c65_guyongqing\wwwroot\Mall\Storage\view\compile\2285f5ecd290c2ae060f2c24a56dc0d2.php (205).
[ 2016-07-06T21:02:36+08:00 ]NOTICE: Array to string conversionC:\home\ftp\c\c65_guyongqing\wwwroot\Mall\Storage\view\compile\2285f5ecd290c2ae060f2c24a56dc0d2.php (205).
[ 2016-07-06T21:02:36+08:00 ]NOTICE: Array to string conversionC:\home\ftp\c\c65_guyongqing\wwwroot\Mall\Storage\view\compile\2285f5ecd290c2ae060f2c24a56dc0d2.php (348).
[ 2016-07-06T21:02:36+08:00 ]NOTICE: Array to string conversionC:\home\ftp\c\c65_guyongqing\wwwroot\Mall\Storage\view\compile\2285f5ecd290c2ae060f2c24a56dc0d2.php (348).
[ 2016-07-06T21:02:36+08:00 ]NOTICE: Array to string conversionC:\home\ftp\c\c65_guyongqing\wwwroot\Mall\Storage\view\compile\2285f5ecd290c2ae060f2c24a56dc0d2.php (348).
[ 2016-07-06T21:02:36+08:00 ]NOTICE: Array to string conversionC:\home\ftp\c\c65_guyongqing\wwwroot\Mall\Storage\view\compile\2285f5ecd290c2ae060f2c24a56dc0d2.php (348).
[ 2016-07-06T21:03:57+08:00 ]NOTICE: Array to string conversionC:\home\ftp\c\c65_guyongqing\wwwroot\Mall\Storage\view\compile\2285f5ecd290c2ae060f2c24a56dc0d2.php (205).
[ 2016-07-06T21:05:12+08:00 ]NOTICE: Array to string conversionC:\home\ftp\c\c65_guyongqing\wwwroot\Mall\Storage\view\compile\2285f5ecd290c2ae060f2c24a56dc0d2.php (205).
[ 2016-07-06T21:25:46+08:00 ]NOTICE: Undefined index: clidC:\home\ftp\c\c65_guyongqing\wwwroot\Mall\App\Home\Controller\OrderController.php (335).
[ 2016-07-06T21:25:46+08:00 ]EXCEPTION: SELECT  *  FROM orderlist WHERE client_clid= ORDER BY  order_orid DESC  ;BindParams:array (
)42000;1064;You have an error in your SQL syntax; check the manual that corresponds to your MySQL server version for the right syntax to use near 'ORDER BY  order_orid DESC' at line 1
[ 2016-07-06T21:25:46+08:00 ]NOTICE: Undefined index: clidC:\home\ftp\c\c65_guyongqing\wwwroot\Mall\App\Home\Controller\OrderController.php (335).
[ 2016-07-06T21:25:46+08:00 ]EXCEPTION: SELECT  *  FROM orderlist WHERE client_clid= ORDER BY  order_orid DESC  ;BindParams:array (
)42000;1064;You have an error in your SQL syntax; check the manual that corresponds to your MySQL server version for the right syntax to use near 'ORDER BY  order_orid DESC' at line 1
[ 2016-07-06T21:26:23+08:00 ]EXCEPTION: INSERT INTO receiptaddress (`rid`,`consignee`,`order_orid`,`FullAddress`,`rphone`,`rfixphone`,`province`,`city`,`area`,`client_clid`)VALUES(?,?,?,?,?,?,?,?,?,?) ;BindParams:array (
  0 => '',
  1 => '',
  2 => '56',
  3 => '',
  4 => '',
  5 => '',
  6 => '河北',
  7 => '石家庄',
  8 => '新华区',
  9 => '4',
)HY000;1366;Incorrect integer value: '' for column 'rid' at row 1
[ 2016-07-06T21:26:36+08:00 ]EXCEPTION: INSERT INTO receiptaddress (`rid`,`consignee`,`order_orid`,`FullAddress`,`rphone`,`rfixphone`,`province`,`city`,`area`,`client_clid`)VALUES(?,?,?,?,?,?,?,?,?,?) ;BindParams:array (
  0 => '',
  1 => '',
  2 => '56',
  3 => '',
  4 => '',
  5 => '',
  6 => '河北',
  7 => '石家庄',
  8 => '新华区',
  9 => '4',
)HY000;1366;Incorrect integer value: '' for column 'rid' at row 1
[ 2016-07-06T21:26:46+08:00 ]EXCEPTION: INSERT INTO receiptaddress (`rid`,`consignee`,`order_orid`,`FullAddress`,`rphone`,`rfixphone`,`province`,`city`,`area`,`client_clid`)VALUES(?,?,?,?,?,?,?,?,?,?) ;BindParams:array (
  0 => '',
  1 => '',
  2 => '56',
  3 => '',
  4 => '',
  5 => '',
  6 => '河北',
  7 => '石家庄',
  8 => '新华区',
  9 => '4',
)HY000;1366;Incorrect integer value: '' for column 'rid' at row 1
[ 2016-07-06T21:27:25+08:00 ]EXCEPTION: INSERT INTO receiptaddress (`rid`,`consignee`,`order_orid`,`FullAddress`,`rphone`,`rfixphone`,`province`,`city`,`area`,`client_clid`)VALUES(?,?,?,?,?,?,?,?,?,?) ;BindParams:array (
  0 => '',
  1 => '',
  2 => '56',
  3 => '',
  4 => '',
  5 => '',
  6 => '甘肃',
  7 => '兰州',
  8 => '皋兰县',
  9 => '4',
)HY000;1366;Incorrect integer value: '' for column 'rid' at row 1
[ 2016-07-06T21:28:39+08:00 ]EXCEPTION: UPDATE receiptaddress SET `consignee`=?,`province`=?,`city`=?,`area`=?,`FullAddress`=?,`rfixphone`=?,`rphone`=?,`rid`=?  WHERE  rid=?  ;BindParams:array (
  'consignee' => '刘瑞静',
  'province' => NULL,
  'city' => NULL,
  'area' => NULL,
  'FullAddress' => '肖家营新区 6-1-1003',
  'rfixphone' => '87724753',
  'rphone' => '15233302133',
  'rid' => '227',
  0 => 227,
)23000;1048;Column 'province' cannot be null
[ 2016-07-06T21:29:23+08:00 ]EXCEPTION: INSERT INTO receiptaddress (`rid`,`consignee`,`order_orid`,`FullAddress`,`rphone`,`rfixphone`,`province`,`city`,`area`,`client_clid`)VALUES(?,?,?,?,?,?,?,?,?,?) ;BindParams:array (
  0 => '',
  1 => '',
  2 => '56',
  3 => '',
  4 => '',
  5 => '',
  6 => '河北',
  7 => '石家庄',
  8 => '新华区',
  9 => '4',
)HY000;1366;Incorrect integer value: '' for column 'rid' at row 1
[ 2016-07-06T21:30:04+08:00 ]NOTICE: Undefined index: clidC:\home\ftp\c\c65_guyongqing\wwwroot\Mall\App\Home\Controller\OrderController.php (187).
[ 2016-07-06T21:30:04+08:00 ]EXCEPTION: SELECT  *  FROM orders as o INNER JOIN orderlist ON order_orid = orid WHERE o.client_clid= GROUP BY o.orid ORDER BY  o.riseTime DESC  LIMIT 1 ;BindParams:array (
)42000;1064;You have an error in your SQL syntax; check the manual that corresponds to your MySQL server version for the right syntax to use near 'GROUP BY o.orid ORDER BY  o.riseTime DESC  LIMIT 1' at line 1
[ 2016-07-06T21:30:14+08:00 ]NOTICE: Undefined index: clidC:\home\ftp\c\c65_guyongqing\wwwroot\Mall\App\Home\Controller\OrderController.php (187).
[ 2016-07-06T21:30:14+08:00 ]EXCEPTION: SELECT  *  FROM orders as o INNER JOIN orderlist ON order_orid = orid WHERE o.client_clid= GROUP BY o.orid ORDER BY  o.riseTime DESC  LIMIT 1 ;BindParams:array (
)42000;1064;You have an error in your SQL syntax; check the manual that corresponds to your MySQL server version for the right syntax to use near 'GROUP BY o.orid ORDER BY  o.riseTime DESC  LIMIT 1' at line 1
[ 2016-07-06T21:30:54+08:00 ]EXCEPTION: UPDATE orders SET `orid`=?,`orderStatus`=?,`orderNumber`=?,`consignee`=?,`recieveAddress`=?,`riseTime`=?,`client_clid`=?,`remark`=?,`priceAggregate`=?  WHERE  orid=?  ;BindParams:array (
  'orid' => '4',
  'orderStatus' => 4,
  'orderNumber' => 'F0701754095154667',
  'consignee' => '刘瑞静',
  'recieveAddress' => '肖家营新区 6-1-1003',
  'riseTime' => '1467375409',
  'client_clid' => NULL,
  'remark' => '',
  'priceAggregate' => '78.00',
  0 => '4',
)23000;1048;Column 'client_clid' cannot be null
[ 2016-07-06T21:31:24+08:00 ]EXCEPTION: UPDATE orders SET `orid`=?,`orderStatus`=?,`orderNumber`=?,`consignee`=?,`recieveAddress`=?,`riseTime`=?,`client_clid`=?,`remark`=?,`priceAggregate`=?  WHERE  orid=?  ;BindParams:array (
  'orid' => '4',
  'orderStatus' => 4,
  'orderNumber' => 'F0701754095154667',
  'consignee' => '刘瑞静',
  'recieveAddress' => '肖家营新区 6-1-1003',
  'riseTime' => '1467375409',
  'client_clid' => NULL,
  'remark' => '',
  'priceAggregate' => '78.00',
  0 => '4',
)23000;1048;Column 'client_clid' cannot be null
[ 2016-07-06T21:34:11+08:00 ]EXCEPTION: INSERT INTO receiptaddress (`rid`,`consignee`,`order_orid`,`FullAddress`,`rphone`,`rfixphone`,`province`,`city`,`area`,`client_clid`)VALUES(?,?,?,?,?,?,?,?,?,?) ;BindParams:array (
  0 => '',
  1 => '',
  2 => '56',
  3 => '',
  4 => '',
  5 => '',
  6 => '河北',
  7 => '石家庄',
  8 => '新华区',
  9 => '4',
)HY000;1366;Incorrect integer value: '' for column 'rid' at row 1
[ 2016-07-06T21:34:55+08:00 ]EXCEPTION: UPDATE orders SET `orid`=?,`orderStatus`=?,`orderNumber`=?,`consignee`=?,`recieveAddress`=?,`riseTime`=?,`client_clid`=?,`remark`=?,`priceAggregate`=?  WHERE  orid=?  ;BindParams:array (
  'orid' => '4',
  'orderStatus' => 4,
  'orderNumber' => 'F0701754095154667',
  'consignee' => '刘瑞静',
  'recieveAddress' => '肖家营新区 6-1-1003',
  'riseTime' => '1467375409',
  'client_clid' => NULL,
  'remark' => '',
  'priceAggregate' => '78.00',
  0 => '4',
)23000;1048;Column 'client_clid' cannot be null
[ 2016-07-06T22:22:45+08:00 ]EXCEPTION: INSERT INTO receiptaddress (`rid`,`consignee`,`order_orid`,`FullAddress`,`rphone`,`rfixphone`,`province`,`city`,`area`,`client_clid`)VALUES(?,?,?,?,?,?,?,?,?,?) ;BindParams:array (
  0 => '',
  1 => '',
  2 => '56',
  3 => '',
  4 => '',
  5 => '',
  6 => '河北',
  7 => '石家庄',
  8 => '新华区',
  9 => '4',
)HY000;1366;Incorrect integer value: '' for column 'rid' at row 1
[ 2016-07-06T22:22:55+08:00 ]EXCEPTION: UPDATE receiptaddress SET `consignee`=?,`province`=?,`city`=?,`area`=?,`FullAddress`=?,`rfixphone`=?,`rphone`=?,`rid`=?  WHERE  rid=?  ;BindParams:array (
  'consignee' => '谷永庆889',
  'province' => NULL,
  'city' => NULL,
  'area' => NULL,
  'FullAddress' => '肖家营新区 6-1-1003',
  'rfixphone' => '87734342',
  'rphone' => '15832033212',
  'rid' => '175',
  0 => 175,
)23000;1048;Column 'province' cannot be null
[ 2016-07-06T22:23:39+08:00 ]EXCEPTION: INSERT INTO receiptaddress (`rid`,`consignee`,`order_orid`,`FullAddress`,`rphone`,`rfixphone`,`province`,`city`,`area`,`client_clid`)VALUES(?,?,?,?,?,?,?,?,?,?) ;BindParams:array (
  0 => '',
  1 => '',
  2 => '56',
  3 => '',
  4 => '',
  5 => '',
  6 => '河北',
  7 => '石家庄',
  8 => '新华区',
  9 => '4',
)HY000;1366;Incorrect integer value: '' for column 'rid' at row 1
[ 2016-07-06T22:23:50+08:00 ]EXCEPTION: INSERT INTO receiptaddress (`rid`,`consignee`,`order_orid`,`FullAddress`,`rphone`,`rfixphone`,`province`,`city`,`area`,`client_clid`)VALUES(?,?,?,?,?,?,?,?,?,?) ;BindParams:array (
  0 => '',
  1 => '',
  2 => '56',
  3 => '',
  4 => '',
  5 => '',
  6 => '河北',
  7 => '石家庄',
  8 => '新华区',
  9 => '4',
)HY000;1366;Incorrect integer value: '' for column 'rid' at row 1
[ 2016-07-06T22:25:40+08:00 ]EXCEPTION: INSERT INTO receiptaddress (`rid`,`consignee`,`order_orid`,`FullAddress`,`rphone`,`rfixphone`,`province`,`city`,`area`,`client_clid`)VALUES(?,?,?,?,?,?,?,?,?,?) ;BindParams:array (
  0 => '',
  1 => '',
  2 => '56',
  3 => '',
  4 => '',
  5 => '',
  6 => '河北',
  7 => '石家庄',
  8 => '新华区',
  9 => '4',
)HY000;1366;Incorrect integer value: '' for column 'rid' at row 1
[ 2016-07-06T23:17:18+08:00 ]EXCEPTION: INSERT INTO receiptaddress (`rid`,`consignee`,`order_orid`,`FullAddress`,`rphone`,`rfixphone`,`province`,`city`,`area`,`client_clid`)VALUES(?,?,?,?,?,?,?,?,?,?) ;BindParams:array (
  0 => '',
  1 => '',
  2 => '56',
  3 => '',
  4 => '',
  5 => '',
  6 => '河北',
  7 => '石家庄',
  8 => '新华区',
  9 => '4',
)HY000;1366;Incorrect integer value: '' for column 'rid' at row 1
[ 2016-07-06T23:22:27+08:00 ]EXCEPTION: INSERT INTO receiptaddress (`rid`,`consignee`,`order_orid`,`FullAddress`,`rphone`,`rfixphone`,`province`,`city`,`area`,`client_clid`)VALUES(?,?,?,?,?,?,?,?,?,?) ;BindParams:array (
  0 => '',
  1 => '',
  2 => '56',
  3 => '',
  4 => '',
  5 => '',
  6 => '河北',
  7 => '石家庄',
  8 => '新华区',
  9 => '4',
)HY000;1366;Incorrect integer value: '' for column 'rid' at row 1
[ 2016-07-06T23:42:06+08:00 ]EXCEPTION: SELECT  *  FROM orderlist WHERE client_clid=4 order_orid= ORDER BY  order_orid DESC  ;BindParams:array (
)42000;1064;You have an error in your SQL syntax; check the manual that corresponds to your MySQL server version for the right syntax to use near 'order_orid= ORDER BY  order_orid DESC' at line 1
[ 2016-07-06T23:57:09+08:00 ]NOTICE: Undefined index: clidC:\home\ftp\c\c65_guyongqing\wwwroot\Mall\App\Home\Controller\OrderController.php (170).
[ 2016-07-06T23:57:09+08:00 ]EXCEPTION: SELECT  *  FROM orderlist WHERE client_clid=  ORDER BY  order_orid DESC  ;BindParams:array (
)42000;1064;You have an error in your SQL syntax; check the manual that corresponds to your MySQL server version for the right syntax to use near 'ORDER BY  order_orid DESC' at line 1
[ 2016-07-06T23:57:17+08:00 ]NOTICE: Undefined index: clidC:\home\ftp\c\c65_guyongqing\wwwroot\Mall\App\Home\Controller\OrderController.php (170).
[ 2016-07-06T23:57:17+08:00 ]EXCEPTION: SELECT  *  FROM orderlist WHERE client_clid=  ORDER BY  order_orid DESC  ;BindParams:array (
)42000;1064;You have an error in your SQL syntax; check the manual that corresponds to your MySQL server version for the right syntax to use near 'ORDER BY  order_orid DESC' at line 1
