[ 2016-07-07T00:01:02+08:00 ]EXCEPTION: SELECT  *  FROM orderlist WHERE client_clid=4 AND order_orid= ORDER BY  order_orid DESC  ;BindParams:array (
)42000;1064;You have an error in your SQL syntax; check the manual that corresponds to your MySQL server version for the right syntax to use near 'ORDER BY  order_orid DESC' at line 1
[ 2016-07-07T00:31:25+08:00 ]NOTICE: Undefined variable: oidC:\home\ftp\c\c65_guyongqing\wwwroot\Mall\App\Home\Controller\OrderController.php (165).
[ 2016-07-07T00:32:01+08:00 ]EXCEPTION: SELECT  *  FROM orderlist WHERE client_clid=4 AND order_orid= ORDER BY  order_orid DESC  ;BindParams:array (
)42000;1064;You have an error in your SQL syntax; check the manual that corresponds to your MySQL server version for the right syntax to use near 'ORDER BY  order_orid DESC' at line 1
[ 2016-07-07T00:32:07+08:00 ]NOTICE: Undefined variable: oidC:\home\ftp\c\c65_guyongqing\wwwroot\Mall\App\Home\Controller\OrderController.php (156).
[ 2016-07-07T00:34:56+08:00 ]NOTICE: Undefined index: clidC:\home\ftp\c\c65_guyongqing\wwwroot\Mall\App\Home\Controller\OrderController.php (174).
[ 2016-07-07T00:34:56+08:00 ]EXCEPTION: SELECT  *  FROM orderlist WHERE client_clid= AND order_orid=30 ORDER BY  order_orid DESC  ;BindParams:array (
)42000;1064;You have an error in your SQL syntax; check the manual that corresponds to your MySQL server version for the right syntax to use near 'AND order_orid=30 ORDER BY  order_orid DESC' at line 1
[ 2016-07-07T00:34:56+08:00 ]NOTICE: Undefined index: clidC:\home\ftp\c\c65_guyongqing\wwwroot\Mall\App\Home\Controller\OrderController.php (174).
[ 2016-07-07T00:34:56+08:00 ]EXCEPTION: SELECT  *  FROM orderlist WHERE client_clid= AND order_orid=30 ORDER BY  order_orid DESC  ;BindParams:array (
)42000;1064;You have an error in your SQL syntax; check the manual that corresponds to your MySQL server version for the right syntax to use near 'AND order_orid=30 ORDER BY  order_orid DESC' at line 1
[ 2016-07-07T00:35:18+08:00 ]EXCEPTION: INSERT INTO receiptaddress (`rid`,`consignee`,`order_orid`,`FullAddress`,`rphone`,`rfixphone`,`province`,`city`,`area`,`client_clid`)VALUES(?,?,?,?,?,?,?,?,?,?) ;BindParams:array (
  0 => '',
  1 => '',
  2 => '56',
  3 => '',
  4 => '',
  5 => '',
  6 => '河北',
  7 => '石家庄',
  8 => '新华区',
  9 => '4',
)HY000;1366;Incorrect integer value: '' for column 'rid' at row 1
[ 2016-07-07T00:36:13+08:00 ]NOTICE: Undefined index: clidC:\home\ftp\c\c65_guyongqing\wwwroot\Mall\App\Home\Controller\OrderController.php (94).
[ 2016-07-07T00:36:13+08:00 ]EXCEPTION: SELECT  *  FROM orders as o INNER JOIN orderlist ON order_orid = orid WHERE o.client_clid= GROUP BY o.orid ORDER BY  o.riseTime DESC  LIMIT 1 ;BindParams:array (
)42000;1064;You have an error in your SQL syntax; check the manual that corresponds to your MySQL server version for the right syntax to use near 'GROUP BY o.orid ORDER BY  o.riseTime DESC  LIMIT 1' at line 1
[ 2016-07-07T00:36:13+08:00 ]NOTICE: Undefined index: clidC:\home\ftp\c\c65_guyongqing\wwwroot\Mall\App\Home\Controller\OrderController.php (94).
[ 2016-07-07T00:36:13+08:00 ]EXCEPTION: SELECT  *  FROM orders as o INNER JOIN orderlist ON order_orid = orid WHERE o.client_clid= GROUP BY o.orid ORDER BY  o.riseTime DESC  LIMIT 1 ;BindParams:array (
)42000;1064;You have an error in your SQL syntax; check the manual that corresponds to your MySQL server version for the right syntax to use near 'GROUP BY o.orid ORDER BY  o.riseTime DESC  LIMIT 1' at line 1
[ 2016-07-07T00:36:34+08:00 ]NOTICE: Undefined index: clidC:\home\ftp\c\c65_guyongqing\wwwroot\Mall\App\Home\Controller\OrderController.php (94).
[ 2016-07-07T00:36:34+08:00 ]EXCEPTION: SELECT  *  FROM orders as o INNER JOIN orderlist ON order_orid = orid WHERE o.client_clid= GROUP BY o.orid ORDER BY  o.riseTime DESC  LIMIT 1 ;BindParams:array (
)42000;1064;You have an error in your SQL syntax; check the manual that corresponds to your MySQL server version for the right syntax to use near 'GROUP BY o.orid ORDER BY  o.riseTime DESC  LIMIT 1' at line 1
[ 2016-07-07T00:36:47+08:00 ]NOTICE: Undefined index: clidC:\home\ftp\c\c65_guyongqing\wwwroot\Mall\App\Home\Controller\OrderController.php (94).
[ 2016-07-07T00:36:47+08:00 ]EXCEPTION: SELECT  *  FROM orders as o INNER JOIN orderlist ON order_orid = orid WHERE o.client_clid= GROUP BY o.orid ORDER BY  o.riseTime DESC  LIMIT 1 ;BindParams:array (
)42000;1064;You have an error in your SQL syntax; check the manual that corresponds to your MySQL server version for the right syntax to use near 'GROUP BY o.orid ORDER BY  o.riseTime DESC  LIMIT 1' at line 1
[ 2016-07-07T00:42:31+08:00 ]EXCEPTION: UPDATE orders SET `orid`=?,`orderStatus`=?,`orderNumber`=?,`consignee`=?,`recieveAddress`=?,`riseTime`=?,`client_clid`=?,`remark`=?,`priceAggregate`=?  WHERE  orid=?  ;BindParams:array (
  'orid' => '22',
  'orderStatus' => 4,
  'orderNumber' => 'F0706139475949059',
  'consignee' => '',
  'recieveAddress' => '',
  'riseTime' => '1467813947',
  'client_clid' => NULL,
  'remark' => '',
  'priceAggregate' => '0.00',
  0 => '22',
)23000;1048;Column 'client_clid' cannot be null
[ 2016-07-07T00:43:10+08:00 ]NOTICE: Undefined offset: 0C:\home\ftp\c\c65_guyongqing\wwwroot\Mall\Storage\view\compile\ff0c2ccd2fbe29d6fa4c41bb6daa8842.php (383).
[ 2016-07-07T00:43:16+08:00 ]NOTICE: Undefined offset: 0C:\home\ftp\c\c65_guyongqing\wwwroot\Mall\Storage\view\compile\ff0c2ccd2fbe29d6fa4c41bb6daa8842.php (383).
[ 2016-07-07T08:03:52+08:00 ]NOTICE: Undefined index: clidC:\home\ftp\c\c65_guyongqing\wwwroot\Mall\App\Home\Controller\OrderController.php (174).
[ 2016-07-07T08:03:52+08:00 ]EXCEPTION: SELECT  *  FROM orderlist WHERE client_clid= AND order_orid=30 ORDER BY  order_orid DESC  ;BindParams:array (
)42000;1064;You have an error in your SQL syntax; check the manual that corresponds to your MySQL server version for the right syntax to use near 'AND order_orid=30 ORDER BY  order_orid DESC' at line 1
[ 2016-07-07T08:04:01+08:00 ]NOTICE: Undefined index: clidC:\home\ftp\c\c65_guyongqing\wwwroot\Mall\App\Home\Controller\OrderController.php (174).
[ 2016-07-07T08:04:01+08:00 ]EXCEPTION: SELECT  *  FROM orderlist WHERE client_clid= AND order_orid=30 ORDER BY  order_orid DESC  ;BindParams:array (
)42000;1064;You have an error in your SQL syntax; check the manual that corresponds to your MySQL server version for the right syntax to use near 'AND order_orid=30 ORDER BY  order_orid DESC' at line 1
[ 2016-07-07T08:04:20+08:00 ]EXCEPTION: Method Home\Controller\LoginController::inde() does not exist
[ 2016-07-07T08:04:20+08:00 ]EXCEPTION: Method Home\Controller\LoginController::inde() does not exist
[ 2016-07-07T08:04:26+08:00 ]EXCEPTION: Method Home\Controller\LoginController::inde() does not exist
[ 2016-07-07T08:06:44+08:00 ]NOTICE: Undefined index: clidC:\home\ftp\c\c65_guyongqing\wwwroot\Mall\App\Home\Controller\OrderController.php (174).
[ 2016-07-07T08:06:44+08:00 ]EXCEPTION: SELECT  *  FROM orderlist WHERE client_clid= AND order_orid=31 ORDER BY  order_orid DESC  ;BindParams:array (
)42000;1064;You have an error in your SQL syntax; check the manual that corresponds to your MySQL server version for the right syntax to use near 'AND order_orid=31 ORDER BY  order_orid DESC' at line 1
[ 2016-07-07T08:06:49+08:00 ]NOTICE: Undefined index: clidC:\home\ftp\c\c65_guyongqing\wwwroot\Mall\App\Home\Controller\OrderController.php (174).
[ 2016-07-07T08:06:49+08:00 ]EXCEPTION: SELECT  *  FROM orderlist WHERE client_clid= AND order_orid=31 ORDER BY  order_orid DESC  ;BindParams:array (
)42000;1064;You have an error in your SQL syntax; check the manual that corresponds to your MySQL server version for the right syntax to use near 'AND order_orid=31 ORDER BY  order_orid DESC' at line 1
[ 2016-07-07T08:06:59+08:00 ]EXCEPTION: INSERT INTO receiptaddress (`rid`,`consignee`,`order_orid`,`FullAddress`,`rphone`,`rfixphone`,`province`,`city`,`area`,`client_clid`)VALUES(?,?,?,?,?,?,?,?,?,?) ;BindParams:array (
  0 => '',
  1 => '',
  2 => '56',
  3 => '',
  4 => '',
  5 => '',
  6 => '河北',
  7 => '石家庄',
  8 => '新华区',
  9 => '4',
)HY000;1366;Incorrect integer value: '' for column 'rid' at row 1
[ 2016-07-07T08:18:52+08:00 ]EXCEPTION: INSERT INTO receiptaddress (`rid`,`consignee`,`order_orid`,`FullAddress`,`rphone`,`rfixphone`,`province`,`city`,`area`,`client_clid`)VALUES(?,?,?,?,?,?,?,?,?,?) ;BindParams:array (
  0 => '',
  1 => '',
  2 => '56',
  3 => '',
  4 => '',
  5 => '',
  6 => '河北',
  7 => '石家庄',
  8 => '新华区',
  9 => '4',
)HY000;1366;Incorrect integer value: '' for column 'rid' at row 1
[ 2016-07-07T08:19:04+08:00 ]EXCEPTION: INSERT INTO receiptaddress (`rid`,`consignee`,`order_orid`,`FullAddress`,`rphone`,`rfixphone`,`province`,`city`,`area`,`client_clid`)VALUES(?,?,?,?,?,?,?,?,?,?) ;BindParams:array (
  0 => '',
  1 => '',
  2 => '56',
  3 => '',
  4 => '',
  5 => '',
  6 => '河北',
  7 => '石家庄',
  8 => '新华区',
  9 => '4',
)HY000;1366;Incorrect integer value: '' for column 'rid' at row 1
[ 2016-07-07T08:22:46+08:00 ]EXCEPTION: INSERT INTO receiptaddress (`rid`,`consignee`,`order_orid`,`FullAddress`,`rphone`,`rfixphone`,`province`,`city`,`area`,`client_clid`)VALUES(?,?,?,?,?,?,?,?,?,?) ;BindParams:array (
  0 => '',
  1 => '',
  2 => '56',
  3 => '',
  4 => '',
  5 => '',
  6 => '河北',
  7 => '石家庄',
  8 => '新华区',
  9 => '4',
)HY000;1366;Incorrect integer value: '' for column 'rid' at row 1
[ 2016-07-07T08:24:00+08:00 ]EXCEPTION: INSERT INTO receiptaddress (`rid`,`consignee`,`order_orid`,`FullAddress`,`rphone`,`rfixphone`,`province`,`city`,`area`,`client_clid`)VALUES(?,?,?,?,?,?,?,?,?,?) ;BindParams:array (
  0 => '',
  1 => '',
  2 => '56',
  3 => '',
  4 => '',
  5 => '',
  6 => '河北',
  7 => '石家庄',
  8 => '新华区',
  9 => '4',
)HY000;1366;Incorrect integer value: '' for column 'rid' at row 1
[ 2016-07-07T08:24:36+08:00 ]EXCEPTION: INSERT INTO receiptaddress (`rid`,`consignee`,`order_orid`,`FullAddress`,`rphone`,`rfixphone`,`province`,`city`,`area`,`client_clid`)VALUES(?,?,?,?,?,?,?,?,?,?) ;BindParams:array (
  0 => '',
  1 => '刘瑞静',
  2 => '56',
  3 => '天之涯小区90-09-1902',
  4 => '15832033212',
  5 => '86959876',
  6 => '海南',
  7 => '海口',
  8 => '秀英区',
  9 => '4',
)HY000;1366;Incorrect integer value: '' for column 'rid' at row 1
[ 2016-07-07T08:29:56+08:00 ]EXCEPTION: INSERT INTO receiptaddress (`rid`,`consignee`,`order_orid`,`FullAddress`,`rphone`,`rfixphone`,`province`,`city`,`area`,`client_clid`)VALUES(?,?,?,?,?,?,?,?,?,?) ;BindParams:array (
  0 => '',
  1 => '',
  2 => '56',
  3 => '',
  4 => '',
  5 => '',
  6 => '河北',
  7 => '石家庄',
  8 => '新华区',
  9 => '4',
)HY000;1366;Incorrect integer value: '' for column 'rid' at row 1
[ 2016-07-07T08:30:57+08:00 ]EXCEPTION: INSERT INTO receiptaddress (`rid`,`consignee`,`order_orid`,`FullAddress`,`rphone`,`rfixphone`,`province`,`city`,`area`,`client_clid`)VALUES(?,?,?,?,?,?,?,?,?,?) ;BindParams:array (
  0 => '',
  1 => '',
  2 => '56',
  3 => '',
  4 => '',
  5 => '',
  6 => '河北',
  7 => '石家庄',
  8 => '新华区',
  9 => '4',
)HY000;1366;Incorrect integer value: '' for column 'rid' at row 1
[ 2016-07-07T08:32:13+08:00 ]EXCEPTION: INSERT INTO receiptaddress (`rid`,`consignee`,`order_orid`,`FullAddress`,`rphone`,`rfixphone`,`province`,`city`,`area`,`client_clid`)VALUES(?,?,?,?,?,?,?,?,?,?) ;BindParams:array (
  0 => '',
  1 => '',
  2 => '56',
  3 => '',
  4 => '',
  5 => '',
  6 => '河北',
  7 => '石家庄',
  8 => '新华区',
  9 => '4',
)HY000;1366;Incorrect integer value: '' for column 'rid' at row 1
[ 2016-07-07T09:29:12+08:00 ]EXCEPTION: INSERT INTO receiptaddress (`rid`,`consignee`,`order_orid`,`FullAddress`,`rphone`,`rfixphone`,`province`,`city`,`area`,`client_clid`)VALUES(?,?,?,?,?,?,?,?,?,?) ;BindParams:array (
  0 => '',
  1 => '',
  2 => '56',
  3 => '',
  4 => '',
  5 => '',
  6 => '河北',
  7 => '石家庄',
  8 => '新华区',
  9 => '4',
)HY000;1366;Incorrect integer value: '' for column 'rid' at row 1
[ 2016-07-07T09:30:58+08:00 ]EXCEPTION: INSERT INTO receiptaddress (`rid`,`consignee`,`order_orid`,`FullAddress`,`rphone`,`rfixphone`,`province`,`city`,`area`,`client_clid`)VALUES(?,?,?,?,?,?,?,?,?,?) ;BindParams:array (
  0 => '',
  1 => '',
  2 => '56',
  3 => '',
  4 => '',
  5 => '',
  6 => '河北',
  7 => '石家庄',
  8 => '新华区',
  9 => '4',
)HY000;1366;Incorrect integer value: '' for column 'rid' at row 1
[ 2016-07-07T09:31:56+08:00 ]EXCEPTION: INSERT INTO receiptaddress (`rid`,`consignee`,`order_orid`,`FullAddress`,`rphone`,`rfixphone`,`province`,`city`,`area`,`client_clid`)VALUES(?,?,?,?,?,?,?,?,?,?) ;BindParams:array (
  0 => '',
  1 => '',
  2 => '56',
  3 => '',
  4 => '',
  5 => '',
  6 => '河北',
  7 => '石家庄',
  8 => '新华区',
  9 => '4',
)HY000;1366;Incorrect integer value: '' for column 'rid' at row 1
[ 2016-07-07T09:33:35+08:00 ]EXCEPTION: INSERT INTO receiptaddress (`rid`,`consignee`,`order_orid`,`FullAddress`,`rphone`,`rfixphone`,`province`,`city`,`area`,`client_clid`)VALUES(?,?,?,?,?,?,?,?,?,?) ;BindParams:array (
  0 => '',
  1 => '',
  2 => '56',
  3 => '',
  4 => '',
  5 => '',
  6 => '河北',
  7 => '石家庄',
  8 => '新华区',
  9 => '4',
)HY000;1366;Incorrect integer value: '' for column 'rid' at row 1
[ 2016-07-07T09:34:16+08:00 ]EXCEPTION: INSERT INTO receiptaddress (`rid`,`consignee`,`order_orid`,`FullAddress`,`rphone`,`rfixphone`,`province`,`city`,`area`,`client_clid`)VALUES(?,?,?,?,?,?,?,?,?,?) ;BindParams:array (
  0 => '',
  1 => '',
  2 => '56',
  3 => '',
  4 => '',
  5 => '',
  6 => '河北',
  7 => '石家庄',
  8 => '新华区',
  9 => '4',
)HY000;1366;Incorrect integer value: '' for column 'rid' at row 1
[ 2016-07-07T09:35:10+08:00 ]EXCEPTION: INSERT INTO receiptaddress (`rid`,`consignee`,`order_orid`,`FullAddress`,`rphone`,`rfixphone`,`province`,`city`,`area`,`client_clid`)VALUES(?,?,?,?,?,?,?,?,?,?) ;BindParams:array (
  0 => '',
  1 => '',
  2 => '56',
  3 => '',
  4 => '',
  5 => '',
  6 => '河北',
  7 => '石家庄',
  8 => '新华区',
  9 => '4',
)HY000;1366;Incorrect integer value: '' for column 'rid' at row 1
[ 2016-07-07T11:47:20+08:00 ]NOTICE: Undefined index: clidC:\home\ftp\c\c65_guyongqing\wwwroot\Mall\App\Home\Controller\OrderController.php (176).
[ 2016-07-07T11:47:20+08:00 ]EXCEPTION: SELECT  *  FROM orderlist WHERE client_clid= AND order_orid=31 ORDER BY  order_orid DESC  ;BindParams:array (
)42000;1064;You have an error in your SQL syntax; check the manual that corresponds to your MySQL server version for the right syntax to use near 'AND order_orid=31 ORDER BY  order_orid DESC' at line 1
[ 2016-07-07T11:48:46+08:00 ]NOTICE: Undefined index: clidC:\home\ftp\c\c65_guyongqing\wwwroot\Mall\App\Home\Controller\OrderController.php (176).
[ 2016-07-07T11:48:46+08:00 ]EXCEPTION: SELECT  *  FROM orderlist WHERE client_clid= AND order_orid=32 ORDER BY  order_orid DESC  ;BindParams:array (
)42000;1064;You have an error in your SQL syntax; check the manual that corresponds to your MySQL server version for the right syntax to use near 'AND order_orid=32 ORDER BY  order_orid DESC' at line 1
[ 2016-07-07T11:48:48+08:00 ]NOTICE: Undefined index: clidC:\home\ftp\c\c65_guyongqing\wwwroot\Mall\App\Home\Controller\OrderController.php (176).
[ 2016-07-07T11:48:48+08:00 ]EXCEPTION: SELECT  *  FROM orderlist WHERE client_clid= AND order_orid=32 ORDER BY  order_orid DESC  ;BindParams:array (
)42000;1064;You have an error in your SQL syntax; check the manual that corresponds to your MySQL server version for the right syntax to use near 'AND order_orid=32 ORDER BY  order_orid DESC' at line 1
[ 2016-07-07T11:49:34+08:00 ]EXCEPTION: INSERT INTO receiptaddress (`rid`,`consignee`,`order_orid`,`FullAddress`,`rphone`,`rfixphone`,`province`,`city`,`area`,`client_clid`)VALUES(?,?,?,?,?,?,?,?,?,?) ;BindParams:array (
  0 => '',
  1 => '',
  2 => '56',
  3 => '',
  4 => '',
  5 => '',
  6 => '河北',
  7 => '石家庄',
  8 => '新华区',
  9 => '1',
)HY000;1366;Incorrect integer value: '' for column 'rid' at row 1
[ 2016-07-07T11:50:35+08:00 ]EXCEPTION: INSERT INTO receiptaddress (`rid`,`consignee`,`order_orid`,`FullAddress`,`rphone`,`rfixphone`,`province`,`city`,`area`,`client_clid`)VALUES(?,?,?,?,?,?,?,?,?,?) ;BindParams:array (
  0 => '',
  1 => '',
  2 => '56',
  3 => '',
  4 => '',
  5 => '',
  6 => '河北',
  7 => '石家庄',
  8 => '新华区',
  9 => '1',
)HY000;1366;Incorrect integer value: '' for column 'rid' at row 1
[ 2016-07-07T14:32:01+08:00 ]NOTICE: Undefined index: clidC:\home\ftp\c\c65_guyongqing\wwwroot\Mall\App\Home\Controller\OrderController.php (176).
[ 2016-07-07T14:32:01+08:00 ]EXCEPTION: SELECT  *  FROM orderlist WHERE client_clid= AND order_orid=33 ORDER BY  order_orid DESC  ;BindParams:array (
)42000;1064;You have an error in your SQL syntax; check the manual that corresponds to your MySQL server version for the right syntax to use near 'AND order_orid=33 ORDER BY  order_orid DESC' at line 1
[ 2016-07-07T14:32:09+08:00 ]NOTICE: Undefined index: clidC:\home\ftp\c\c65_guyongqing\wwwroot\Mall\App\Home\Controller\OrderController.php (176).
[ 2016-07-07T14:32:09+08:00 ]EXCEPTION: SELECT  *  FROM orderlist WHERE client_clid= AND order_orid=33 ORDER BY  order_orid DESC  ;BindParams:array (
)42000;1064;You have an error in your SQL syntax; check the manual that corresponds to your MySQL server version for the right syntax to use near 'AND order_orid=33 ORDER BY  order_orid DESC' at line 1
[ 2016-07-07T14:32:30+08:00 ]EXCEPTION: INSERT INTO receiptaddress (`rid`,`consignee`,`order_orid`,`FullAddress`,`rphone`,`rfixphone`,`province`,`city`,`area`,`client_clid`)VALUES(?,?,?,?,?,?,?,?,?,?) ;BindParams:array (
  0 => '',
  1 => '',
  2 => '56',
  3 => '',
  4 => '',
  5 => '',
  6 => '河北',
  7 => '石家庄',
  8 => '新华区',
  9 => '1',
)HY000;1366;Incorrect integer value: '' for column 'rid' at row 1
[ 2016-07-07T14:33:22+08:00 ]EXCEPTION: INSERT INTO receiptaddress (`rid`,`consignee`,`order_orid`,`FullAddress`,`rphone`,`rfixphone`,`province`,`city`,`area`,`client_clid`)VALUES(?,?,?,?,?,?,?,?,?,?) ;BindParams:array (
  0 => '',
  1 => '',
  2 => '56',
  3 => '',
  4 => '',
  5 => '',
  6 => '河北',
  7 => '石家庄',
  8 => '新华区',
  9 => '1',
)HY000;1366;Incorrect integer value: '' for column 'rid' at row 1
[ 2016-07-07T17:17:55+08:00 ]NOTICE: Undefined index: clidC:\home\ftp\c\c65_guyongqing\wwwroot\Mall\App\Home\Controller\OrderController.php (176).
[ 2016-07-07T17:17:55+08:00 ]EXCEPTION: SELECT  *  FROM orderlist WHERE client_clid= AND order_orid=33 ORDER BY  order_orid DESC  ;BindParams:array (
)42000;1064;You have an error in your SQL syntax; check the manual that corresponds to your MySQL server version for the right syntax to use near 'AND order_orid=33 ORDER BY  order_orid DESC' at line 1
[ 2016-07-07T17:19:37+08:00 ]NOTICE: Undefined index: clidC:\home\ftp\c\c65_guyongqing\wwwroot\Mall\App\Home\Controller\OrderController.php (176).
[ 2016-07-07T17:19:37+08:00 ]EXCEPTION: SELECT  *  FROM orderlist WHERE client_clid= AND order_orid=34 ORDER BY  order_orid DESC  ;BindParams:array (
)42000;1064;You have an error in your SQL syntax; check the manual that corresponds to your MySQL server version for the right syntax to use near 'AND order_orid=34 ORDER BY  order_orid DESC' at line 1
[ 2016-07-07T17:19:41+08:00 ]NOTICE: Undefined index: clidC:\home\ftp\c\c65_guyongqing\wwwroot\Mall\App\Home\Controller\OrderController.php (176).
[ 2016-07-07T17:19:41+08:00 ]EXCEPTION: SELECT  *  FROM orderlist WHERE client_clid= AND order_orid=34 ORDER BY  order_orid DESC  ;BindParams:array (
)42000;1064;You have an error in your SQL syntax; check the manual that corresponds to your MySQL server version for the right syntax to use near 'AND order_orid=34 ORDER BY  order_orid DESC' at line 1
[ 2016-07-07T17:34:29+08:00 ]EXCEPTION: DELETE FROM receiptaddress WHERE rid= ;BindParams:array (
)42000;1064;You have an error in your SQL syntax; check the manual that corresponds to your MySQL server version for the right syntax to use near '' at line 1
[ 2016-07-07T17:34:44+08:00 ]EXCEPTION: DELETE FROM receiptaddress WHERE rid= ;BindParams:array (
)42000;1064;You have an error in your SQL syntax; check the manual that corresponds to your MySQL server version for the right syntax to use near '' at line 1
[ 2016-07-07T17:34:57+08:00 ]EXCEPTION: DELETE FROM receiptaddress WHERE rid= ;BindParams:array (
)42000;1064;You have an error in your SQL syntax; check the manual that corresponds to your MySQL server version for the right syntax to use near '' at line 1
[ 2016-07-07T20:13:58+08:00 ]NOTICE: Undefined index: clidC:\home\ftp\c\c65_guyongqing\wwwroot\Mall\App\Home\Controller\OrderController.php (176).
[ 2016-07-07T20:13:58+08:00 ]EXCEPTION: SELECT  *  FROM orderlist WHERE client_clid= AND order_orid=34 ORDER BY  order_orid DESC  ;BindParams:array (
)42000;1064;You have an error in your SQL syntax; check the manual that corresponds to your MySQL server version for the right syntax to use near 'AND order_orid=34 ORDER BY  order_orid DESC' at line 1
[ 2016-07-07T22:18:32+08:00 ]NOTICE: Undefined index: clidC:\home\ftp\c\c65_guyongqing\wwwroot\Mall\App\Home\Controller\ContentController.php (17).
[ 2016-07-07T22:20:28+08:00 ]NOTICE: Undefined index: clidC:\home\ftp\c\c65_guyongqing\wwwroot\Mall\App\Home\Controller\OrderController.php (176).
[ 2016-07-07T22:20:28+08:00 ]EXCEPTION: SELECT  *  FROM orderlist WHERE client_clid= AND order_orid=35 ORDER BY  order_orid DESC  ;BindParams:array (
)42000;1064;You have an error in your SQL syntax; check the manual that corresponds to your MySQL server version for the right syntax to use near 'AND order_orid=35 ORDER BY  order_orid DESC' at line 1
[ 2016-07-07T22:20:36+08:00 ]EXCEPTION: DELETE FROM receiptaddress WHERE rid= ;BindParams:array (
)42000;1064;You have an error in your SQL syntax; check the manual that corresponds to your MySQL server version for the right syntax to use near '' at line 1
[ 2016-07-07T22:39:10+08:00 ]EXCEPTION: UPDATE receiptaddress SET `consignee`=?,`province`=?,`city`=?,`area`=?,`FullAddress`=?,`rfixphone`=?,`rphone`=?,`rid`=?  WHERE  rid=?  ;BindParams:array (
  'consignee' => '景甜767',
  'province' => NULL,
  'city' => NULL,
  'area' => NULL,
  'FullAddress' => '天之涯小区90-09-1902',
  'rfixphone' => '87724753',
  'rphone' => '15830112603',
  'rid' => '252',
  0 => 252,
)23000;1048;Column 'province' cannot be null
[ 2016-07-07T23:06:19+08:00 ]NOTICE: Undefined index: ridC:\home\ftp\c\c65_guyongqing\wwwroot\Mall\Storage\view\compile\27dfbd60d443b92731eb83c8a7886759.php (103).
[ 2016-07-07T23:12:54+08:00 ]NOTICE: Undefined index: ridC:\home\ftp\c\c65_guyongqing\wwwroot\Mall\Storage\view\compile\27dfbd60d443b92731eb83c8a7886759.php (103).
[ 2016-07-07T23:14:31+08:00 ]EXCEPTION: INSERT INTO receiptaddress (`rid`,`consignee`,`order_orid`,`FullAddress`,`rphone`,`rfixphone`,`province`,`city`,`area`,`client_clid`)VALUES(?,?,?,?,?,?,?,?,?,?) ;BindParams:array (
  0 => '185',
  1 => '',
  2 => '56',
  3 => '',
  4 => '',
  5 => '',
  6 => '河北',
  7 => '石家庄',
  8 => '新华区',
  9 => '5',
)23000;1062;Duplicate entry '185' for key 'PRIMARY'
