[ 2016-07-08T00:07:33+08:00 ]EXCEPTION: INSERT INTO receiptaddress (`consignee`,`FullAddress`,`province`,`city`,`area`,`rphone`,`rfixphone`,`order_orid`)VALUES(?,?,?,?,?,?,?,?) ;BindParams:array (
  0 => '',
  1 => '',
  2 => '河北',
  3 => '石家庄',
  4 => '新华区',
  5 => '',
  6 => '',
  7 => '35',
)HY000;1364;Field 'client_clid' doesn't have a default value
[ 2016-07-08T00:15:16+08:00 ]EXCEPTION: INSERT INTO receiptaddress (`consignee`,`FullAddress`,`province`,`city`,`area`,`rphone`,`rfixphone`,`order_orid`)VALUES(?,?,?,?,?,?,?,?) ;BindParams:array (
  0 => '',
  1 => '',
  2 => '河北',
  3 => '石家庄',
  4 => '新华区',
  5 => '',
  6 => '',
  7 => '35',
)HY000;1364;Field 'client_clid' doesn't have a default value
[ 2016-07-08T00:16:56+08:00 ]EXCEPTION: INSERT INTO receiptaddress (`consignee`,`FullAddress`,`province`,`city`,`area`,`rphone`,`rfixphone`,`order_orid`)VALUES(?,?,?,?,?,?,?,?) ;BindParams:array (
  0 => '',
  1 => '',
  2 => '河北',
  3 => '石家庄',
  4 => '新华区',
  5 => '',
  6 => '',
  7 => '35',
)HY000;1364;Field 'client_clid' doesn't have a default value
[ 2016-07-08T00:17:58+08:00 ]EXCEPTION: INSERT INTO receiptaddress (`consignee`,`FullAddress`,`province`,`city`,`area`,`rphone`,`rfixphone`,`order_orid`)VALUES(?,?,?,?,?,?,?,?) ;BindParams:array (
  0 => '',
  1 => '',
  2 => '河北',
  3 => '石家庄',
  4 => '新华区',
  5 => '',
  6 => '',
  7 => '35',
)HY000;1364;Field 'client_clid' doesn't have a default value
[ 2016-07-08T00:19:20+08:00 ]EXCEPTION: INSERT INTO receiptaddress (`consignee`,`FullAddress`,`province`,`city`,`area`,`rphone`,`rfixphone`,`order_orid`)VALUES(?,?,?,?,?,?,?,?) ;BindParams:array (
  0 => '',
  1 => '',
  2 => '河北',
  3 => '石家庄',
  4 => '新华区',
  5 => '',
  6 => '',
  7 => '35',
)HY000;1364;Field 'client_clid' doesn't have a default value
[ 2016-07-08T00:26:16+08:00 ]EXCEPTION: DELETE FROM receiptaddress WHERE rid= ;BindParams:array (
)42000;1064;You have an error in your SQL syntax; check the manual that corresponds to your MySQL server version for the right syntax to use near '' at line 1
[ 2016-07-08T00:26:54+08:00 ]EXCEPTION: DELETE FROM receiptaddress WHERE rid= ;BindParams:array (
)42000;1064;You have an error in your SQL syntax; check the manual that corresponds to your MySQL server version for the right syntax to use near '' at line 1
[ 2016-07-08T00:27:52+08:00 ]EXCEPTION: DELETE FROM receiptaddress WHERE rid= ;BindParams:array (
)42000;1064;You have an error in your SQL syntax; check the manual that corresponds to your MySQL server version for the right syntax to use near '' at line 1
[ 2016-07-08T00:34:53+08:00 ]NOTICE: Undefined index: clidC:\home\ftp\c\c65_guyongqing\wwwroot\Mall\App\Home\Controller\OrderController.php (94).
[ 2016-07-08T00:34:53+08:00 ]EXCEPTION: SELECT  *  FROM orders as o INNER JOIN orderlist ON order_orid = orid WHERE o.client_clid= GROUP BY o.orid ORDER BY  o.riseTime DESC  LIMIT 1 ;BindParams:array (
)42000;1064;You have an error in your SQL syntax; check the manual that corresponds to your MySQL server version for the right syntax to use near 'GROUP BY o.orid ORDER BY  o.riseTime DESC  LIMIT 1' at line 1
[ 2016-07-08T00:34:59+08:00 ]NOTICE: Undefined index: clidC:\home\ftp\c\c65_guyongqing\wwwroot\Mall\App\Home\Controller\OrderController.php (94).
[ 2016-07-08T00:34:59+08:00 ]EXCEPTION: SELECT  *  FROM orders as o INNER JOIN orderlist ON order_orid = orid WHERE o.client_clid= GROUP BY o.orid ORDER BY  o.riseTime DESC  LIMIT 1 ;BindParams:array (
)42000;1064;You have an error in your SQL syntax; check the manual that corresponds to your MySQL server version for the right syntax to use near 'GROUP BY o.orid ORDER BY  o.riseTime DESC  LIMIT 1' at line 1
[ 2016-07-08T14:44:23+08:00 ]EXCEPTION: DELETE FROM receiptaddress WHERE rid= ;BindParams:array (
)42000;1064;You have an error in your SQL syntax; check the manual that corresponds to your MySQL server version for the right syntax to use near '' at line 1
[ 2016-07-08T14:46:30+08:00 ]EXCEPTION: DELETE FROM receiptaddress WHERE rid= ;BindParams:array (
)42000;1064;You have an error in your SQL syntax; check the manual that corresponds to your MySQL server version for the right syntax to use near '' at line 1
[ 2016-07-08T14:47:08+08:00 ]EXCEPTION: DELETE FROM receiptaddress WHERE rid= ;BindParams:array (
)42000;1064;You have an error in your SQL syntax; check the manual that corresponds to your MySQL server version for the right syntax to use near '' at line 1
[ 2016-07-08T14:47:11+08:00 ]EXCEPTION: DELETE FROM receiptaddress WHERE rid= ;BindParams:array (
)42000;1064;You have an error in your SQL syntax; check the manual that corresponds to your MySQL server version for the right syntax to use near '' at line 1
[ 2016-07-08T14:47:13+08:00 ]EXCEPTION: DELETE FROM receiptaddress WHERE rid= ;BindParams:array (
)42000;1064;You have an error in your SQL syntax; check the manual that corresponds to your MySQL server version for the right syntax to use near '' at line 1
[ 2016-07-08T14:49:46+08:00 ]EXCEPTION: DELETE FROM receiptaddress WHERE rid= ;BindParams:array (
)42000;1064;You have an error in your SQL syntax; check the manual that corresponds to your MySQL server version for the right syntax to use near '' at line 1
[ 2016-07-08T14:49:56+08:00 ]EXCEPTION: DELETE FROM receiptaddress WHERE rid= ;BindParams:array (
)42000;1064;You have an error in your SQL syntax; check the manual that corresponds to your MySQL server version for the right syntax to use near '' at line 1
[ 2016-07-08T14:49:57+08:00 ]EXCEPTION: DELETE FROM receiptaddress WHERE rid= ;BindParams:array (
)42000;1064;You have an error in your SQL syntax; check the manual that corresponds to your MySQL server version for the right syntax to use near '' at line 1
[ 2016-07-08T14:53:32+08:00 ]EXCEPTION: DELETE FROM receiptaddress WHERE rid= ;BindParams:array (
)42000;1064;You have an error in your SQL syntax; check the manual that corresponds to your MySQL server version for the right syntax to use near '' at line 1
[ 2016-07-08T14:53:50+08:00 ]EXCEPTION: DELETE FROM receiptaddress WHERE rid= ;BindParams:array (
)42000;1064;You have an error in your SQL syntax; check the manual that corresponds to your MySQL server version for the right syntax to use near '' at line 1
[ 2016-07-08T14:54:16+08:00 ]EXCEPTION: DELETE FROM receiptaddress WHERE rid= ;BindParams:array (
)42000;1064;You have an error in your SQL syntax; check the manual that corresponds to your MySQL server version for the right syntax to use near '' at line 1
[ 2016-07-08T14:54:18+08:00 ]EXCEPTION: DELETE FROM receiptaddress WHERE rid= ;BindParams:array (
)42000;1064;You have an error in your SQL syntax; check the manual that corresponds to your MySQL server version for the right syntax to use near '' at line 1
[ 2016-07-08T14:54:20+08:00 ]EXCEPTION: DELETE FROM receiptaddress WHERE rid= ;BindParams:array (
)42000;1064;You have an error in your SQL syntax; check the manual that corresponds to your MySQL server version for the right syntax to use near '' at line 1
[ 2016-07-08T14:54:21+08:00 ]EXCEPTION: DELETE FROM receiptaddress WHERE rid= ;BindParams:array (
)42000;1064;You have an error in your SQL syntax; check the manual that corresponds to your MySQL server version for the right syntax to use near '' at line 1
[ 2016-07-08T14:54:23+08:00 ]EXCEPTION: DELETE FROM receiptaddress WHERE rid= ;BindParams:array (
)42000;1064;You have an error in your SQL syntax; check the manual that corresponds to your MySQL server version for the right syntax to use near '' at line 1
[ 2016-07-08T15:06:50+08:00 ]EXCEPTION: DELETE FROM receiptaddress WHERE rid= ;BindParams:array (
)42000;1064;You have an error in your SQL syntax; check the manual that corresponds to your MySQL server version for the right syntax to use near '' at line 1
[ 2016-07-08T15:07:03+08:00 ]EXCEPTION: DELETE FROM receiptaddress WHERE rid= ;BindParams:array (
)42000;1064;You have an error in your SQL syntax; check the manual that corresponds to your MySQL server version for the right syntax to use near '' at line 1
[ 2016-07-08T15:07:32+08:00 ]EXCEPTION: DELETE FROM receiptaddress WHERE rid= ;BindParams:array (
)42000;1064;You have an error in your SQL syntax; check the manual that corresponds to your MySQL server version for the right syntax to use near '' at line 1
[ 2016-07-08T15:08:10+08:00 ]EXCEPTION: DELETE FROM receiptaddress WHERE rid= ;BindParams:array (
)42000;1064;You have an error in your SQL syntax; check the manual that corresponds to your MySQL server version for the right syntax to use near '' at line 1
[ 2016-07-08T15:08:10+08:00 ]EXCEPTION: DELETE FROM receiptaddress WHERE rid= ;BindParams:array (
)42000;1064;You have an error in your SQL syntax; check the manual that corresponds to your MySQL server version for the right syntax to use near '' at line 1
[ 2016-07-08T15:24:55+08:00 ]EXCEPTION: DELETE FROM receiptaddress WHERE rid= ;BindParams:array (
)42000;1064;You have an error in your SQL syntax; check the manual that corresponds to your MySQL server version for the right syntax to use near '' at line 1
[ 2016-07-08T15:26:07+08:00 ]EXCEPTION: DELETE FROM receiptaddress WHERE rid= ;BindParams:array (
)42000;1064;You have an error in your SQL syntax; check the manual that corresponds to your MySQL server version for the right syntax to use near '' at line 1
[ 2016-07-08T15:26:47+08:00 ]EXCEPTION: DELETE FROM receiptaddress WHERE rid= ;BindParams:array (
)42000;1064;You have an error in your SQL syntax; check the manual that corresponds to your MySQL server version for the right syntax to use near '' at line 1
[ 2016-07-08T15:26:49+08:00 ]EXCEPTION: DELETE FROM receiptaddress WHERE rid= ;BindParams:array (
)42000;1064;You have an error in your SQL syntax; check the manual that corresponds to your MySQL server version for the right syntax to use near '' at line 1
[ 2016-07-08T15:26:52+08:00 ]EXCEPTION: DELETE FROM receiptaddress WHERE rid= ;BindParams:array (
)42000;1064;You have an error in your SQL syntax; check the manual that corresponds to your MySQL server version for the right syntax to use near '' at line 1
