[ 2017-02-09T21:47:56+08:00 ] 106.114.183.160 /thinkphpwechat/
INFO: [ app_init ] --START--
INFO: Run Behavior\BuildLiteBehavior [ RunTime:0.000000s ]
INFO: [ app_init ] --END-- [ RunTime:0.000000s ]
INFO: [ app_begin ] --START--
INFO: Run Behavior\ReadHtmlCacheBehavior [ RunTime:0.000000s ]
SQL: SHOW COLUMNS FROM `hd_config` [ RunTime:0.0156s ]
SQL: SELECT * FROM `hd_config` WHERE `id` = 1 LIMIT 1   [ RunTime:0.0000s ]
INFO: Run Common\Behaviors\AppBeginBehavior [ RunTime:1.372802s ]
INFO: [ app_begin ] --END-- [ RunTime:1.372802s ]
NOTIC: [8] Undefined index: mo C:\home\ftp\c\c65_guyongqing\wwwroot\thinkphpwechat\Application\Module\Controller\EntryController.class.php 第 20 行.
NOTIC: [8] Undefined index: t C:\home\ftp\c\c65_guyongqing\wwwroot\thinkphpwechat\Application\Module\Controller\EntryController.class.php 第 21 行.
NOTIC: [8] Undefined variable: class C:\home\ftp\c\c65_guyongqing\wwwroot\thinkphpwechat\Application\Module\Controller\EntryController.class.php 第 34 行.

[ 2017-02-09T21:48:04+08:00 ] 101.226.33.220 /thinkphpwechat/
INFO: [ app_init ] --START--
INFO: Run Behavior\BuildLiteBehavior [ RunTime:0.000000s ]
INFO: [ app_init ] --END-- [ RunTime:0.000000s ]
INFO: [ app_begin ] --START--
INFO: Run Behavior\ReadHtmlCacheBehavior [ RunTime:0.000000s ]
SQL: SHOW COLUMNS FROM `hd_config` [ RunTime:0.0000s ]
SQL: SELECT * FROM `hd_config` WHERE `id` = 1 LIMIT 1   [ RunTime:0.0000s ]
INFO: Run Common\Behaviors\AppBeginBehavior [ RunTime:0.280801s ]
INFO: [ app_begin ] --END-- [ RunTime:0.280801s ]
NOTIC: [8] Undefined index: mo C:\home\ftp\c\c65_guyongqing\wwwroot\thinkphpwechat\Application\Module\Controller\EntryController.class.php 第 20 行.
NOTIC: [8] Undefined index: t C:\home\ftp\c\c65_guyongqing\wwwroot\thinkphpwechat\Application\Module\Controller\EntryController.class.php 第 21 行.
NOTIC: [8] Undefined variable: class C:\home\ftp\c\c65_guyongqing\wwwroot\thinkphpwechat\Application\Module\Controller\EntryController.class.php 第 34 行.

[ 2017-02-09T21:48:05+08:00 ] 180.153.214.191 /thinkphpwechat/
INFO: [ app_init ] --START--
INFO: Run Behavior\BuildLiteBehavior [ RunTime:0.000000s ]
INFO: [ app_init ] --END-- [ RunTime:0.000000s ]
INFO: [ app_begin ] --START--
INFO: Run Behavior\ReadHtmlCacheBehavior [ RunTime:0.000000s ]
SQL: SHOW COLUMNS FROM `hd_config` [ RunTime:0.0000s ]
SQL: SELECT * FROM `hd_config` WHERE `id` = 1 LIMIT 1   [ RunTime:0.0000s ]
INFO: Run Common\Behaviors\AppBeginBehavior [ RunTime:1.294802s ]
INFO: [ app_begin ] --END-- [ RunTime:1.294802s ]
NOTIC: [8] Undefined index: mo C:\home\ftp\c\c65_guyongqing\wwwroot\thinkphpwechat\Application\Module\Controller\EntryController.class.php 第 20 行.
NOTIC: [8] Undefined index: t C:\home\ftp\c\c65_guyongqing\wwwroot\thinkphpwechat\Application\Module\Controller\EntryController.class.php 第 21 行.
NOTIC: [8] Undefined variable: class C:\home\ftp\c\c65_guyongqing\wwwroot\thinkphpwechat\Application\Module\Controller\EntryController.class.php 第 34 行.

[ 2017-02-09T21:48:09+08:00 ] 180.163.2.118 /thinkphpwechat/
INFO: [ app_init ] --START--
INFO: Run Behavior\BuildLiteBehavior [ RunTime:0.000000s ]
INFO: [ app_init ] --END-- [ RunTime:0.000000s ]
INFO: [ app_begin ] --START--
INFO: Run Behavior\ReadHtmlCacheBehavior [ RunTime:0.000000s ]
SQL: SHOW COLUMNS FROM `hd_config` [ RunTime:0.0000s ]
SQL: SELECT * FROM `hd_config` WHERE `id` = 1 LIMIT 1   [ RunTime:0.0000s ]
INFO: Run Common\Behaviors\AppBeginBehavior [ RunTime:0.265200s ]
INFO: [ app_begin ] --END-- [ RunTime:0.265200s ]
NOTIC: [8] Undefined index: mo C:\home\ftp\c\c65_guyongqing\wwwroot\thinkphpwechat\Application\Module\Controller\EntryController.class.php 第 20 行.
NOTIC: [8] Undefined index: t C:\home\ftp\c\c65_guyongqing\wwwroot\thinkphpwechat\Application\Module\Controller\EntryController.class.php 第 21 行.
NOTIC: [8] Undefined variable: class C:\home\ftp\c\c65_guyongqing\wwwroot\thinkphpwechat\Application\Module\Controller\EntryController.class.php 第 34 行.

[ 2017-02-09T21:48:11+08:00 ] 101.226.33.223 /thinkphpwechat/
INFO: [ app_init ] --START--
INFO: Run Behavior\BuildLiteBehavior [ RunTime:0.000000s ]
INFO: [ app_init ] --END-- [ RunTime:0.000000s ]
INFO: [ app_begin ] --START--
INFO: Run Behavior\ReadHtmlCacheBehavior [ RunTime:0.000000s ]
SQL: SHOW COLUMNS FROM `hd_config` [ RunTime:0.0156s ]
SQL: SELECT * FROM `hd_config` WHERE `id` = 1 LIMIT 1   [ RunTime:0.0000s ]
INFO: Run Common\Behaviors\AppBeginBehavior [ RunTime:0.249600s ]
INFO: [ app_begin ] --END-- [ RunTime:0.249600s ]
NOTIC: [8] Undefined index: mo C:\home\ftp\c\c65_guyongqing\wwwroot\thinkphpwechat\Application\Module\Controller\EntryController.class.php 第 20 行.
NOTIC: [8] Undefined index: t C:\home\ftp\c\c65_guyongqing\wwwroot\thinkphpwechat\Application\Module\Controller\EntryController.class.php 第 21 行.
NOTIC: [8] Undefined variable: class C:\home\ftp\c\c65_guyongqing\wwwroot\thinkphpwechat\Application\Module\Controller\EntryController.class.php 第 34 行.

[ 2017-02-09T22:23:26+08:00 ] 106.114.183.160 /thinkphpwechat/index.php
INFO: [ app_init ] --START--
INFO: Run Behavior\BuildLiteBehavior [ RunTime:0.000000s ]
INFO: [ app_init ] --END-- [ RunTime:0.000000s ]
INFO: [ app_begin ] --START--
INFO: Run Behavior\ReadHtmlCacheBehavior [ RunTime:0.000000s ]
SQL: SHOW COLUMNS FROM `hd_config` [ RunTime:0.0000s ]
SQL: SELECT * FROM `hd_config` WHERE `id` = 1 LIMIT 1   [ RunTime:0.0000s ]
INFO: Run Common\Behaviors\AppBeginBehavior [ RunTime:1.294802s ]
INFO: [ app_begin ] --END-- [ RunTime:1.294802s ]
NOTIC: [8] Undefined index: mo C:\home\ftp\c\c65_guyongqing\wwwroot\thinkphpwechat\Application\Module\Controller\EntryController.class.php 第 20 行.
NOTIC: [8] Undefined index: t C:\home\ftp\c\c65_guyongqing\wwwroot\thinkphpwechat\Application\Module\Controller\EntryController.class.php 第 21 行.
NOTIC: [8] Undefined variable: class C:\home\ftp\c\c65_guyongqing\wwwroot\thinkphpwechat\Application\Module\Controller\EntryController.class.php 第 34 行.

[ 2017-02-09T22:23:40+08:00 ] 180.153.214.199 /thinkphpwechat/index.php
INFO: [ app_init ] --START--
INFO: Run Behavior\BuildLiteBehavior [ RunTime:0.000000s ]
INFO: [ app_init ] --END-- [ RunTime:0.000000s ]
INFO: [ app_begin ] --START--
INFO: Run Behavior\ReadHtmlCacheBehavior [ RunTime:0.000000s ]
SQL: SHOW COLUMNS FROM `hd_config` [ RunTime:0.0000s ]
SQL: SELECT * FROM `hd_config` WHERE `id` = 1 LIMIT 1   [ RunTime:0.0000s ]
INFO: Run Common\Behaviors\AppBeginBehavior [ RunTime:0.187200s ]
INFO: [ app_begin ] --END-- [ RunTime:0.187200s ]
NOTIC: [8] Undefined index: mo C:\home\ftp\c\c65_guyongqing\wwwroot\thinkphpwechat\Application\Module\Controller\EntryController.class.php 第 20 行.
NOTIC: [8] Undefined index: t C:\home\ftp\c\c65_guyongqing\wwwroot\thinkphpwechat\Application\Module\Controller\EntryController.class.php 第 21 行.
NOTIC: [8] Undefined variable: class C:\home\ftp\c\c65_guyongqing\wwwroot\thinkphpwechat\Application\Module\Controller\EntryController.class.php 第 34 行.

