[ 2016-05-24T14:32:08+08:00 ]EXCEPTION: Method Admin\Controller\TypeController::edit() does not exist
[ 2016-05-24T14:36:41+08:00 ]NOTICE: Undefined variable: oldDataE:\wamp\www\shopping-center\Hall\Storage\view\compile\1b15b96793bba9a11fbcd31653b0574f.php (29).
[ 2016-05-24T14:39:57+08:00 ]EXCEPTION: SELECT  *  FROM type WHERE cid=0 LIMIT 1 ;BindParams:array (
)42S22;1054;Unknown column 'cid' in 'where clause'
[ 2016-05-24T15:00:39+08:00 ]EXCEPTION: INSERT INTO category (`cname`,`pid`)VALUES(?,?) ;BindParams:array (
  0 => 'iphone',
  1 => '0',
)23000;1452;Cannot add or update a child row: a foreign key constraint fails (`mall`.`category`, CONSTRAINT `fk_category_type1` FOREIGN KEY (`type_tid`) REFERENCES `type` (`tid`) ON DELETE NO ACTION ON UPDATE NO ACTION)
[ 2016-05-24T15:03:59+08:00 ]EXCEPTION: INSERT INTO category (`cname`,`pid`)VALUES(?,?) ;BindParams:array (
  0 => 'property',
  1 => '0',
)23000;1452;Cannot add or update a child row: a foreign key constraint fails (`mall`.`category`, CONSTRAINT `fk_category_type1` FOREIGN KEY (`type_tid`) REFERENCES `type` (`tid`) ON DELETE NO ACTION ON UPDATE NO ACTION)
[ 2016-05-24T15:12:32+08:00 ]EXCEPTION: INSERT INTO category (`cname`,`pid`)VALUES(?,?) ;BindParams:array (
  0 => 'hjhkjkj',
  1 => '0',
)23000;1452;Cannot add or update a child row: a foreign key constraint fails (`mall`.`category`, CONSTRAINT `fk_category_type1` FOREIGN KEY (`type_tid`) REFERENCES `type` (`tid`) ON DELETE NO ACTION ON UPDATE NO ACTION)
[ 2016-05-24T15:38:17+08:00 ]EXCEPTION: 模板不存在:App/Admin/View/Cate/addSon.php
[ 2016-05-24T15:38:25+08:00 ]EXCEPTION: 模板不存在:App/Admin/View/Cate/edit.php
[ 2016-05-24T15:38:35+08:00 ]NOTICE: Undefined variable: pidE:\wamp\www\shopping-center\Hall\App\Admin\Controller\CateController.php (43).
[ 2016-05-24T15:38:35+08:00 ]NOTICE: Undefined variable: dataE:\wamp\www\shopping-center\Hall\App\Admin\Controller\CateController.php (44).
[ 2016-05-24T16:09:32+08:00 ]NOTICE: Undefined index: _nameE:\wamp\www\shopping-center\Hall\Storage\view\compile\d2321ff4dbba56fbf66d46561f7ef14d.php (30).
[ 2016-05-24T16:09:32+08:00 ]NOTICE: Undefined index: _nameE:\wamp\www\shopping-center\Hall\Storage\view\compile\d2321ff4dbba56fbf66d46561f7ef14d.php (30).
[ 2016-05-24T16:09:32+08:00 ]NOTICE: Undefined index: _nameE:\wamp\www\shopping-center\Hall\Storage\view\compile\d2321ff4dbba56fbf66d46561f7ef14d.php (30).
[ 2016-05-24T16:09:32+08:00 ]NOTICE: Undefined index: _nameE:\wamp\www\shopping-center\Hall\Storage\view\compile\d2321ff4dbba56fbf66d46561f7ef14d.php (30).
[ 2016-05-24T16:10:11+08:00 ]NOTICE: Undefined variable: treedataE:\wamp\www\shopping-center\Hall\App\Admin\Controller\CateController.php (52).
[ 2016-05-24T16:10:11+08:00 ]NOTICE: Invalid argument supplied for foreach()E:\wamp\www\shopping-center\Hall\Storage\view\compile\d2321ff4dbba56fbf66d46561f7ef14d.php (26).
[ 2016-05-24T16:24:55+08:00 ]EXCEPTION: Method Admin\Controller\CateController::addSon() does not exist
[ 2016-05-24T16:31:14+08:00 ]EXCEPTION: Method Admin\Controller\CateController::edit() does not exist
[ 2016-05-24T16:41:13+08:00 ]NOTICE: Undefined variable: thiE:\wamp\www\shopping-center\Hall\App\Admin\Controller\CateController.php (29).
[ 2016-05-24T16:41:13+08:00 ]NOTICE: Trying to get property of non-objectE:\wamp\www\shopping-center\Hall\App\Admin\Controller\CateController.php (29).
[ 2016-05-24T17:33:54+08:00 ]NOTICE: Undefined variable: oldDataE:\wamp\www\shopping-center\Hall\Storage\view\compile\a547f450e1e99272e83d8687bf1c3a96.php (23).
[ 2016-05-24T17:33:54+08:00 ]NOTICE: Undefined variable: cateE:\wamp\www\shopping-center\Hall\Storage\view\compile\a547f450e1e99272e83d8687bf1c3a96.php (31).
[ 2016-05-24T17:33:54+08:00 ]NOTICE: Invalid argument supplied for foreach()E:\wamp\www\shopping-center\Hall\Storage\view\compile\a547f450e1e99272e83d8687bf1c3a96.php (31).
[ 2016-05-24T17:33:54+08:00 ]NOTICE: Undefined variable: oldDataE:\wamp\www\shopping-center\Hall\Storage\view\compile\a547f450e1e99272e83d8687bf1c3a96.php (38).
[ 2016-05-24T17:34:58+08:00 ]NOTICE: Undefined variable: oldDataE:\wamp\www\shopping-center\Hall\Storage\view\compile\a547f450e1e99272e83d8687bf1c3a96.php (23).
[ 2016-05-24T17:34:58+08:00 ]NOTICE: Undefined variable: cateE:\wamp\www\shopping-center\Hall\Storage\view\compile\a547f450e1e99272e83d8687bf1c3a96.php (31).
[ 2016-05-24T17:34:58+08:00 ]NOTICE: Invalid argument supplied for foreach()E:\wamp\www\shopping-center\Hall\Storage\view\compile\a547f450e1e99272e83d8687bf1c3a96.php (31).
[ 2016-05-24T17:34:58+08:00 ]NOTICE: Undefined variable: oldDataE:\wamp\www\shopping-center\Hall\Storage\view\compile\a547f450e1e99272e83d8687bf1c3a96.php (38).
[ 2016-05-24T17:36:51+08:00 ]NOTICE: Undefined variable: oldDataE:\wamp\www\shopping-center\Hall\Storage\view\compile\a547f450e1e99272e83d8687bf1c3a96.php (24).
[ 2016-05-24T17:36:51+08:00 ]NOTICE: Undefined variable: cateE:\wamp\www\shopping-center\Hall\Storage\view\compile\a547f450e1e99272e83d8687bf1c3a96.php (31).
[ 2016-05-24T17:36:51+08:00 ]NOTICE: Invalid argument supplied for foreach()E:\wamp\www\shopping-center\Hall\Storage\view\compile\a547f450e1e99272e83d8687bf1c3a96.php (31).
[ 2016-05-24T17:36:51+08:00 ]NOTICE: Undefined variable: oldDataE:\wamp\www\shopping-center\Hall\Storage\view\compile\a547f450e1e99272e83d8687bf1c3a96.php (38).
[ 2016-05-24T17:37:28+08:00 ]NOTICE: Undefined variable: cateE:\wamp\www\shopping-center\Hall\Storage\view\compile\a547f450e1e99272e83d8687bf1c3a96.php (31).
[ 2016-05-24T17:37:28+08:00 ]NOTICE: Invalid argument supplied for foreach()E:\wamp\www\shopping-center\Hall\Storage\view\compile\a547f450e1e99272e83d8687bf1c3a96.php (31).
[ 2016-05-24T17:37:28+08:00 ]NOTICE: Undefined index: csortE:\wamp\www\shopping-center\Hall\Storage\view\compile\a547f450e1e99272e83d8687bf1c3a96.php (38).
[ 2016-05-24T17:37:53+08:00 ]NOTICE: Undefined variable: cateE:\wamp\www\shopping-center\Hall\Storage\view\compile\a547f450e1e99272e83d8687bf1c3a96.php (31).
[ 2016-05-24T17:37:53+08:00 ]NOTICE: Invalid argument supplied for foreach()E:\wamp\www\shopping-center\Hall\Storage\view\compile\a547f450e1e99272e83d8687bf1c3a96.php (31).
[ 2016-05-24T17:57:58+08:00 ]EXCEPTION: SELECT  *  FROM category WHERE cid NOT IN9 ;BindParams:array (
)42000;1064;You have an error in your SQL syntax; check the manual that corresponds to your MySQL server version for the right syntax to use near 'IN9' at line 1
[ 2016-05-24T17:59:27+08:00 ]NOTICE: Undefined variable: cateE:\wamp\www\shopping-center\Hall\Storage\view\compile\a547f450e1e99272e83d8687bf1c3a96.php (31).
[ 2016-05-24T17:59:27+08:00 ]NOTICE: Invalid argument supplied for foreach()E:\wamp\www\shopping-center\Hall\Storage\view\compile\a547f450e1e99272e83d8687bf1c3a96.php (31).
[ 2016-05-24T18:00:02+08:00 ]NOTICE: Undefined variable: cateE:\wamp\www\shopping-center\Hall\Storage\view\compile\a547f450e1e99272e83d8687bf1c3a96.php (31).
[ 2016-05-24T18:00:02+08:00 ]NOTICE: Invalid argument supplied for foreach()E:\wamp\www\shopping-center\Hall\Storage\view\compile\a547f450e1e99272e83d8687bf1c3a96.php (31).
[ 2016-05-24T18:57:08+08:00 ]NOTICE: Undefined variable: cateE:\wamp\www\shopping-center\Hall\Storage\view\compile\a547f450e1e99272e83d8687bf1c3a96.php (31).
[ 2016-05-24T18:57:08+08:00 ]NOTICE: Invalid argument supplied for foreach()E:\wamp\www\shopping-center\Hall\Storage\view\compile\a547f450e1e99272e83d8687bf1c3a96.php (31).
[ 2016-05-24T18:57:18+08:00 ]NOTICE: Undefined variable: cateE:\wamp\www\shopping-center\Hall\Storage\view\compile\a547f450e1e99272e83d8687bf1c3a96.php (31).
[ 2016-05-24T18:57:18+08:00 ]NOTICE: Invalid argument supplied for foreach()E:\wamp\www\shopping-center\Hall\Storage\view\compile\a547f450e1e99272e83d8687bf1c3a96.php (31).
[ 2016-05-24T18:57:24+08:00 ]NOTICE: Undefined variable: cateE:\wamp\www\shopping-center\Hall\Storage\view\compile\a547f450e1e99272e83d8687bf1c3a96.php (31).
[ 2016-05-24T18:57:24+08:00 ]NOTICE: Invalid argument supplied for foreach()E:\wamp\www\shopping-center\Hall\Storage\view\compile\a547f450e1e99272e83d8687bf1c3a96.php (31).
[ 2016-05-24T18:58:07+08:00 ]NOTICE: Undefined variable: cateE:\wamp\www\shopping-center\Hall\Storage\view\compile\a547f450e1e99272e83d8687bf1c3a96.php (31).
[ 2016-05-24T18:58:07+08:00 ]NOTICE: Invalid argument supplied for foreach()E:\wamp\www\shopping-center\Hall\Storage\view\compile\a547f450e1e99272e83d8687bf1c3a96.php (31).
[ 2016-05-24T18:58:09+08:00 ]NOTICE: Undefined variable: cateE:\wamp\www\shopping-center\Hall\Storage\view\compile\a547f450e1e99272e83d8687bf1c3a96.php (31).
[ 2016-05-24T18:58:09+08:00 ]NOTICE: Invalid argument supplied for foreach()E:\wamp\www\shopping-center\Hall\Storage\view\compile\a547f450e1e99272e83d8687bf1c3a96.php (31).
[ 2016-05-24T18:58:15+08:00 ]NOTICE: Undefined variable: cateE:\wamp\www\shopping-center\Hall\Storage\view\compile\a547f450e1e99272e83d8687bf1c3a96.php (31).
[ 2016-05-24T18:58:15+08:00 ]NOTICE: Invalid argument supplied for foreach()E:\wamp\www\shopping-center\Hall\Storage\view\compile\a547f450e1e99272e83d8687bf1c3a96.php (31).
[ 2016-05-24T18:58:21+08:00 ]NOTICE: Undefined variable: cateE:\wamp\www\shopping-center\Hall\Storage\view\compile\a547f450e1e99272e83d8687bf1c3a96.php (31).
[ 2016-05-24T18:58:21+08:00 ]NOTICE: Invalid argument supplied for foreach()E:\wamp\www\shopping-center\Hall\Storage\view\compile\a547f450e1e99272e83d8687bf1c3a96.php (31).
[ 2016-05-24T19:03:05+08:00 ]NOTICE: Undefined variable: cateE:\wamp\www\shopping-center\Hall\Storage\view\compile\a547f450e1e99272e83d8687bf1c3a96.php (31).
[ 2016-05-24T19:03:05+08:00 ]NOTICE: Invalid argument supplied for foreach()E:\wamp\www\shopping-center\Hall\Storage\view\compile\a547f450e1e99272e83d8687bf1c3a96.php (31).
[ 2016-05-24T19:13:49+08:00 ]NOTICE: Undefined variable: cateE:\wamp\www\shopping-center\Hall\Storage\view\compile\a547f450e1e99272e83d8687bf1c3a96.php (31).
[ 2016-05-24T19:13:49+08:00 ]NOTICE: Invalid argument supplied for foreach()E:\wamp\www\shopping-center\Hall\Storage\view\compile\a547f450e1e99272e83d8687bf1c3a96.php (31).
[ 2016-05-24T19:14:00+08:00 ]NOTICE: Undefined variable: cateE:\wamp\www\shopping-center\Hall\Storage\view\compile\a547f450e1e99272e83d8687bf1c3a96.php (31).
[ 2016-05-24T19:14:00+08:00 ]NOTICE: Invalid argument supplied for foreach()E:\wamp\www\shopping-center\Hall\Storage\view\compile\a547f450e1e99272e83d8687bf1c3a96.php (31).
[ 2016-05-24T20:55:02+08:00 ]EXCEPTION: Admin\Controller\PropertyController 不存在
[ 2016-05-24T21:05:59+08:00 ]EXCEPTION: Admin\Controller\PropertyController 不存在
[ 2016-05-24T21:30:59+08:00 ]EXCEPTION: Method Admin\Controller\PropertyController::add() does not exist
[ 2016-05-24T21:52:04+08:00 ]NOTICE: Undefined index: tidE:\wamp\www\shopping-center\Hall\Storage\view\compile\13d28a1d09d5135dc4b7787e546d45af.php (33).
[ 2016-05-24T21:52:04+08:00 ]NOTICE: Undefined index: tidE:\wamp\www\shopping-center\Hall\Storage\view\compile\13d28a1d09d5135dc4b7787e546d45af.php (34).
[ 2016-05-24T22:10:05+08:00 ]EXCEPTION: Method Admin\Controller\PropertyController::edit() does not exist
[ 2016-05-24T22:12:07+08:00 ]EXCEPTION: Method Admin\Controller\PropertyController::del() does not exist
[ 2016-05-24T22:18:07+08:00 ]NOTICE: Undefined variable: vE:\wamp\www\shopping-center\Hall\Storage\view\compile\13d28a1d09d5135dc4b7787e546d45af.php (39).
[ 2016-05-24T22:21:02+08:00 ]NOTICE: Undefined variable: vE:\wamp\www\shopping-center\Hall\Storage\view\compile\13d28a1d09d5135dc4b7787e546d45af.php (39).
[ 2016-05-24T22:22:37+08:00 ]NOTICE: Undefined variable: vE:\wamp\www\shopping-center\Hall\Storage\view\compile\13d28a1d09d5135dc4b7787e546d45af.php (39).
[ 2016-05-24T22:40:22+08:00 ]NOTICE: Undefined variable: vE:\wamp\www\shopping-center\Hall\Storage\view\compile\13d28a1d09d5135dc4b7787e546d45af.php (40).
[ 2016-05-24T23:20:50+08:00 ]EXCEPTION: Method Admin\Controller\PropertyController::edit() does not exist
[ 2016-05-24T23:32:18+08:00 ]EXCEPTION: Method Admin\Controller\PropertyController::edit() does not exist
[ 2016-05-24T23:32:38+08:00 ]NOTICE: Undefined index: valueE:\wamp\www\shopping-center\Hall\Hdphp\View\HdphpTag.php (134).
[ 2016-05-24T23:36:10+08:00 ]NOTICE: Undefined index: valueE:\wamp\www\shopping-center\Hall\Hdphp\View\HdphpTag.php (134).
[ 2016-05-24T23:36:18+08:00 ]NOTICE: Undefined index: valueE:\wamp\www\shopping-center\Hall\Hdphp\View\HdphpTag.php (134).
[ 2016-05-24T23:36:56+08:00 ]NOTICE: Undefined index: valueE:\wamp\www\shopping-center\Hall\Hdphp\View\HdphpTag.php (134).
[ 2016-05-24T23:38:16+08:00 ]NOTICE: Undefined index: tidE:\wamp\www\shopping-center\Hall\Storage\view\compile\13d28a1d09d5135dc4b7787e546d45af.php (42).
[ 2016-05-24T23:39:02+08:00 ]NOTICE: Undefined index: pidE:\wamp\www\shopping-center\Hall\Storage\view\compile\13d28a1d09d5135dc4b7787e546d45af.php (42).
[ 2016-05-24T23:40:08+08:00 ]NOTICE: Undefined index: pidE:\wamp\www\shopping-center\Hall\Storage\view\compile\13d28a1d09d5135dc4b7787e546d45af.php (42).
[ 2016-05-24T23:41:40+08:00 ]NOTICE: Undefined index: valueE:\wamp\www\shopping-center\Hall\Hdphp\View\HdphpTag.php (134).
[ 2016-05-24T23:43:43+08:00 ]NOTICE: Undefined index: valueE:\wamp\www\shopping-center\Hall\Hdphp\View\HdphpTag.php (134).
[ 2016-05-24T23:44:33+08:00 ]NOTICE: Undefined index: valueE:\wamp\www\shopping-center\Hall\Hdphp\View\HdphpTag.php (134).
[ 2016-05-24T23:48:32+08:00 ]NOTICE: Undefined index: tidE:\wamp\www\shopping-center\Hall\Storage\view\compile\13d28a1d09d5135dc4b7787e546d45af.php (42).
[ 2016-05-24T23:53:08+08:00 ]NOTICE: Undefined index: tidE:\wamp\www\shopping-center\Hall\Storage\view\compile\13d28a1d09d5135dc4b7787e546d45af.php (43).
[ 2016-05-24T23:55:22+08:00 ]NOTICE: Undefined index: tidE:\wamp\www\shopping-center\Hall\Storage\view\compile\13d28a1d09d5135dc4b7787e546d45af.php (43).
