[ 2016-05-25T00:02:33+08:00 ]EXCEPTION: SELECT  *  FROM property WHERE tid=4 ;BindParams:array (
)42S22;1054;Unknown column 'tid' in 'where clause'
[ 2016-05-25T00:02:53+08:00 ]EXCEPTION: SELECT  *  FROM property WHERE tid=1 ;BindParams:array (
)42S22;1054;Unknown column 'tid' in 'where clause'
[ 2016-05-25T00:06:23+08:00 ]NOTICE: Undefined variable: tidE:\wamp\www\shopping-center\Hall\App\Common\Model\Property.php (20).
[ 2016-05-25T00:09:47+08:00 ]NOTICE: Undefined variable: tidE:\wamp\www\shopping-center\Hall\App\Common\Model\Property.php (20).
[ 2016-05-25T00:13:02+08:00 ]NOTICE: Missing argument 1 for Common\Model\Property::addData(), called in E:\wamp\www\shopping-center\Hall\App\Admin\Controller\PropertyController.php on line 39 and definedE:\wamp\www\shopping-center\Hall\App\Common\Model\Property.php (15).
[ 2016-05-25T00:54:34+08:00 ]EXCEPTION: Method Admin\Controller\PropertyController::edit() does not exist
[ 2016-05-25T00:54:54+08:00 ]EXCEPTION: SELECT  *  FROM property WHERE tid=0 LIMIT 1 ;BindParams:array (
)42S22;1054;Unknown column 'tid' in 'where clause'
[ 2016-05-25T00:55:02+08:00 ]EXCEPTION: SELECT  *  FROM property WHERE tid=0 LIMIT 1 ;BindParams:array (
)42S22;1054;Unknown column 'tid' in 'where clause'
[ 2016-05-25T00:57:52+08:00 ]EXCEPTION: SELECT  *  FROM property WHERE tid=0 LIMIT 1 ;BindParams:array (
)42S22;1054;Unknown column 'tid' in 'where clause'
[ 2016-05-25T00:58:43+08:00 ]EXCEPTION: SELECT  *  FROM property WHERE tid=0 LIMIT 1 ;BindParams:array (
)42S22;1054;Unknown column 'tid' in 'where clause'
[ 2016-05-25T01:01:50+08:00 ]EXCEPTION: SELECT  *  FROM property WHERE tid=1 LIMIT 1 ;BindParams:array (
)42S22;1054;Unknown column 'tid' in 'where clause'
[ 2016-05-25T01:02:30+08:00 ]EXCEPTION: SELECT  *  FROM property WHERE tid=2 LIMIT 1 ;BindParams:array (
)42S22;1054;Unknown column 'tid' in 'where clause'
[ 2016-05-25T06:45:30+08:00 ]NOTICE: Undefined index: tidE:\wamp\www\shopping-center\Hall\Storage\view\compile\b91b265be4836b30ce08d49b4159acb5.php (23).
[ 2016-05-25T06:45:30+08:00 ]NOTICE: Undefined index: tidE:\wamp\www\shopping-center\Hall\Storage\view\compile\b91b265be4836b30ce08d49b4159acb5.php (42).
[ 2016-05-25T06:46:26+08:00 ]NOTICE: Undefined index: tidE:\wamp\www\shopping-center\Hall\Storage\view\compile\b91b265be4836b30ce08d49b4159acb5.php (23).
[ 2016-05-25T06:46:26+08:00 ]NOTICE: Undefined index: tidE:\wamp\www\shopping-center\Hall\Storage\view\compile\b91b265be4836b30ce08d49b4159acb5.php (42).
[ 2016-05-25T06:48:00+08:00 ]NOTICE: Undefined index: tidE:\wamp\www\shopping-center\Hall\Storage\view\compile\b91b265be4836b30ce08d49b4159acb5.php (23).
[ 2016-05-25T06:48:00+08:00 ]NOTICE: Undefined index: tidE:\wamp\www\shopping-center\Hall\Storage\view\compile\b91b265be4836b30ce08d49b4159acb5.php (42).
[ 2016-05-25T06:54:40+08:00 ]NOTICE: Undefined index: valueE:\wamp\www\shopping-center\Hall\Hdphp\View\HdphpTag.php (154).
[ 2016-05-25T10:22:41+08:00 ]NOTICE: Undefined index: bidE:\wamp\www\shopping-center\Hall\Storage\view\compile\d90f89264292398a4117a755fc663607.php (28).
[ 2016-05-25T10:22:41+08:00 ]NOTICE: Undefined index: bnameE:\wamp\www\shopping-center\Hall\Storage\view\compile\d90f89264292398a4117a755fc663607.php (29).
[ 2016-05-25T10:22:41+08:00 ]NOTICE: Undefined index: bidE:\wamp\www\shopping-center\Hall\Storage\view\compile\d90f89264292398a4117a755fc663607.php (28).
[ 2016-05-25T10:22:41+08:00 ]NOTICE: Undefined index: bnameE:\wamp\www\shopping-center\Hall\Storage\view\compile\d90f89264292398a4117a755fc663607.php (29).
[ 2016-05-25T10:22:41+08:00 ]NOTICE: Undefined index: bidE:\wamp\www\shopping-center\Hall\Storage\view\compile\d90f89264292398a4117a755fc663607.php (28).
[ 2016-05-25T10:22:41+08:00 ]NOTICE: Undefined index: bnameE:\wamp\www\shopping-center\Hall\Storage\view\compile\d90f89264292398a4117a755fc663607.php (29).
[ 2016-05-25T10:22:41+08:00 ]NOTICE: Undefined index: bidE:\wamp\www\shopping-center\Hall\Storage\view\compile\d90f89264292398a4117a755fc663607.php (28).
[ 2016-05-25T10:22:41+08:00 ]NOTICE: Undefined index: bnameE:\wamp\www\shopping-center\Hall\Storage\view\compile\d90f89264292398a4117a755fc663607.php (29).
[ 2016-05-25T10:22:41+08:00 ]NOTICE: Undefined index: bidE:\wamp\www\shopping-center\Hall\Storage\view\compile\d90f89264292398a4117a755fc663607.php (28).
[ 2016-05-25T10:22:41+08:00 ]NOTICE: Undefined index: bnameE:\wamp\www\shopping-center\Hall\Storage\view\compile\d90f89264292398a4117a755fc663607.php (29).
[ 2016-05-25T10:22:41+08:00 ]NOTICE: Undefined index: bidE:\wamp\www\shopping-center\Hall\Storage\view\compile\d90f89264292398a4117a755fc663607.php (28).
[ 2016-05-25T10:22:41+08:00 ]NOTICE: Undefined index: bnameE:\wamp\www\shopping-center\Hall\Storage\view\compile\d90f89264292398a4117a755fc663607.php (29).
[ 2016-05-25T10:22:41+08:00 ]NOTICE: Undefined index: bidE:\wamp\www\shopping-center\Hall\Storage\view\compile\d90f89264292398a4117a755fc663607.php (28).
[ 2016-05-25T10:22:41+08:00 ]NOTICE: Undefined index: bnameE:\wamp\www\shopping-center\Hall\Storage\view\compile\d90f89264292398a4117a755fc663607.php (29).
[ 2016-05-25T10:22:41+08:00 ]NOTICE: Undefined index: bidE:\wamp\www\shopping-center\Hall\Storage\view\compile\d90f89264292398a4117a755fc663607.php (28).
[ 2016-05-25T10:22:41+08:00 ]NOTICE: Undefined index: bnameE:\wamp\www\shopping-center\Hall\Storage\view\compile\d90f89264292398a4117a755fc663607.php (29).
[ 2016-05-25T10:23:41+08:00 ]NOTICE: Undefined index: bidE:\wamp\www\shopping-center\Hall\Storage\view\compile\d90f89264292398a4117a755fc663607.php (28).
[ 2016-05-25T10:23:41+08:00 ]NOTICE: Undefined index: bnameE:\wamp\www\shopping-center\Hall\Storage\view\compile\d90f89264292398a4117a755fc663607.php (29).
[ 2016-05-25T10:23:41+08:00 ]NOTICE: Undefined index: bidE:\wamp\www\shopping-center\Hall\Storage\view\compile\d90f89264292398a4117a755fc663607.php (28).
[ 2016-05-25T10:23:41+08:00 ]NOTICE: Undefined index: bnameE:\wamp\www\shopping-center\Hall\Storage\view\compile\d90f89264292398a4117a755fc663607.php (29).
[ 2016-05-25T10:23:41+08:00 ]NOTICE: Undefined index: bidE:\wamp\www\shopping-center\Hall\Storage\view\compile\d90f89264292398a4117a755fc663607.php (28).
[ 2016-05-25T10:23:41+08:00 ]NOTICE: Undefined index: bnameE:\wamp\www\shopping-center\Hall\Storage\view\compile\d90f89264292398a4117a755fc663607.php (29).
[ 2016-05-25T10:23:41+08:00 ]NOTICE: Undefined index: bidE:\wamp\www\shopping-center\Hall\Storage\view\compile\d90f89264292398a4117a755fc663607.php (28).
[ 2016-05-25T10:23:41+08:00 ]NOTICE: Undefined index: bnameE:\wamp\www\shopping-center\Hall\Storage\view\compile\d90f89264292398a4117a755fc663607.php (29).
[ 2016-05-25T10:23:41+08:00 ]NOTICE: Undefined index: bidE:\wamp\www\shopping-center\Hall\Storage\view\compile\d90f89264292398a4117a755fc663607.php (28).
[ 2016-05-25T10:23:41+08:00 ]NOTICE: Undefined index: bnameE:\wamp\www\shopping-center\Hall\Storage\view\compile\d90f89264292398a4117a755fc663607.php (29).
[ 2016-05-25T10:23:41+08:00 ]NOTICE: Undefined index: bidE:\wamp\www\shopping-center\Hall\Storage\view\compile\d90f89264292398a4117a755fc663607.php (28).
[ 2016-05-25T10:23:41+08:00 ]NOTICE: Undefined index: bnameE:\wamp\www\shopping-center\Hall\Storage\view\compile\d90f89264292398a4117a755fc663607.php (29).
[ 2016-05-25T10:23:41+08:00 ]NOTICE: Undefined index: bidE:\wamp\www\shopping-center\Hall\Storage\view\compile\d90f89264292398a4117a755fc663607.php (28).
[ 2016-05-25T10:23:41+08:00 ]NOTICE: Undefined index: bnameE:\wamp\www\shopping-center\Hall\Storage\view\compile\d90f89264292398a4117a755fc663607.php (29).
[ 2016-05-25T10:23:41+08:00 ]NOTICE: Undefined index: bidE:\wamp\www\shopping-center\Hall\Storage\view\compile\d90f89264292398a4117a755fc663607.php (28).
[ 2016-05-25T10:23:41+08:00 ]NOTICE: Undefined index: bnameE:\wamp\www\shopping-center\Hall\Storage\view\compile\d90f89264292398a4117a755fc663607.php (29).
[ 2016-05-25T10:33:10+08:00 ]NOTICE: Undefined index: thumbE:\wamp\www\shopping-center\Hall\App\Common\Model\Band.php (30).
[ 2016-05-25T10:35:50+08:00 ]NOTICE: Undefined index: thumbE:\wamp\www\shopping-center\Hall\App\Common\Model\Band.php (30).
[ 2016-05-25T10:37:02+08:00 ]NOTICE: Undefined index: thumbE:\wamp\www\shopping-center\Hall\App\Common\Model\Band.php (30).
[ 2016-05-25T10:39:55+08:00 ]NOTICE: Undefined index: thumbE:\wamp\www\shopping-center\Hall\App\Common\Model\Band.php (30).
[ 2016-05-25T10:42:33+08:00 ]NOTICE: Undefined index: logoE:\wamp\www\shopping-center\Hall\App\Common\Model\Band.php (30).
[ 2016-05-25T10:48:52+08:00 ]NOTICE: Undefined index: logoE:\wamp\www\shopping-center\Hall\App\Common\Model\Band.php (30).
[ 2016-05-25T11:31:20+08:00 ]EXCEPTION: Method Admin\Controller\BandController::edit() does not exist
[ 2016-05-25T12:05:56+08:00 ]NOTICE: Undefined variable: oldDataE:\wamp\www\shopping-center\Hall\Storage\view\compile\d90f89264292398a4117a755fc663607.php (36).
[ 2016-05-25T12:05:56+08:00 ]NOTICE: Undefined variable: oldDataE:\wamp\www\shopping-center\Hall\Storage\view\compile\d90f89264292398a4117a755fc663607.php (36).
[ 2016-05-25T12:05:56+08:00 ]NOTICE: Undefined variable: oldDataE:\wamp\www\shopping-center\Hall\Storage\view\compile\d90f89264292398a4117a755fc663607.php (36).
[ 2016-05-25T12:05:56+08:00 ]NOTICE: Undefined variable: oldDataE:\wamp\www\shopping-center\Hall\Storage\view\compile\d90f89264292398a4117a755fc663607.php (36).
[ 2016-05-25T12:05:56+08:00 ]NOTICE: Undefined variable: oldDataE:\wamp\www\shopping-center\Hall\Storage\view\compile\d90f89264292398a4117a755fc663607.php (36).
[ 2016-05-25T12:24:46+08:00 ]NOTICE: Undefined index: tidE:\wamp\www\Mall\Storage\view\compile\549f4f5f14445dba25d494d0f9585162.php (38).
[ 2016-05-25T12:24:46+08:00 ]NOTICE: Undefined index: tnameE:\wamp\www\Mall\Storage\view\compile\549f4f5f14445dba25d494d0f9585162.php (38).
[ 2016-05-25T12:27:25+08:00 ]NOTICE: Undefined index: tidE:\wamp\www\Mall\Storage\view\compile\549f4f5f14445dba25d494d0f9585162.php (38).
[ 2016-05-25T12:27:25+08:00 ]NOTICE: Undefined index: tnameE:\wamp\www\Mall\Storage\view\compile\549f4f5f14445dba25d494d0f9585162.php (38).
[ 2016-05-25T12:28:38+08:00 ]NOTICE: Undefined index: tidE:\wamp\www\Mall\Storage\view\compile\549f4f5f14445dba25d494d0f9585162.php (38).
[ 2016-05-25T12:31:36+08:00 ]NOTICE: Undefined index: tidE:\wamp\www\Mall\Storage\view\compile\549f4f5f14445dba25d494d0f9585162.php (39).
[ 2016-05-25T12:31:36+08:00 ]NOTICE: Undefined index: tnameE:\wamp\www\Mall\Storage\view\compile\549f4f5f14445dba25d494d0f9585162.php (39).
[ 2016-05-25T12:31:36+08:00 ]NOTICE: Undefined index: tidE:\wamp\www\Mall\Storage\view\compile\549f4f5f14445dba25d494d0f9585162.php (39).
[ 2016-05-25T12:31:36+08:00 ]NOTICE: Undefined index: tnameE:\wamp\www\Mall\Storage\view\compile\549f4f5f14445dba25d494d0f9585162.php (39).
[ 2016-05-25T12:31:36+08:00 ]NOTICE: Undefined index: tidE:\wamp\www\Mall\Storage\view\compile\549f4f5f14445dba25d494d0f9585162.php (39).
[ 2016-05-25T12:31:36+08:00 ]NOTICE: Undefined index: tnameE:\wamp\www\Mall\Storage\view\compile\549f4f5f14445dba25d494d0f9585162.php (39).
[ 2016-05-25T12:31:36+08:00 ]NOTICE: Undefined index: tidE:\wamp\www\Mall\Storage\view\compile\549f4f5f14445dba25d494d0f9585162.php (39).
[ 2016-05-25T12:31:36+08:00 ]NOTICE: Undefined index: tnameE:\wamp\www\Mall\Storage\view\compile\549f4f5f14445dba25d494d0f9585162.php (39).
[ 2016-05-25T12:31:36+08:00 ]NOTICE: Undefined index: tidE:\wamp\www\Mall\Storage\view\compile\549f4f5f14445dba25d494d0f9585162.php (39).
[ 2016-05-25T12:31:36+08:00 ]NOTICE: Undefined index: tnameE:\wamp\www\Mall\Storage\view\compile\549f4f5f14445dba25d494d0f9585162.php (39).
[ 2016-05-25T12:31:36+08:00 ]NOTICE: Undefined index: tidE:\wamp\www\Mall\Storage\view\compile\549f4f5f14445dba25d494d0f9585162.php (39).
[ 2016-05-25T12:31:36+08:00 ]NOTICE: Undefined index: tnameE:\wamp\www\Mall\Storage\view\compile\549f4f5f14445dba25d494d0f9585162.php (39).
[ 2016-05-25T12:31:36+08:00 ]NOTICE: Undefined index: tidE:\wamp\www\Mall\Storage\view\compile\549f4f5f14445dba25d494d0f9585162.php (39).
[ 2016-05-25T12:31:36+08:00 ]NOTICE: Undefined index: tnameE:\wamp\www\Mall\Storage\view\compile\549f4f5f14445dba25d494d0f9585162.php (39).
[ 2016-05-25T12:34:03+08:00 ]NOTICE: Undefined index: tidE:\wamp\www\Mall\Storage\view\compile\549f4f5f14445dba25d494d0f9585162.php (39).
[ 2016-05-25T12:34:03+08:00 ]NOTICE: Undefined index: tnameE:\wamp\www\Mall\Storage\view\compile\549f4f5f14445dba25d494d0f9585162.php (39).
[ 2016-05-25T12:34:03+08:00 ]NOTICE: Undefined index: tidE:\wamp\www\Mall\Storage\view\compile\549f4f5f14445dba25d494d0f9585162.php (39).
[ 2016-05-25T12:34:03+08:00 ]NOTICE: Undefined index: tnameE:\wamp\www\Mall\Storage\view\compile\549f4f5f14445dba25d494d0f9585162.php (39).
[ 2016-05-25T12:34:03+08:00 ]NOTICE: Undefined index: tidE:\wamp\www\Mall\Storage\view\compile\549f4f5f14445dba25d494d0f9585162.php (39).
[ 2016-05-25T12:34:03+08:00 ]NOTICE: Undefined index: tnameE:\wamp\www\Mall\Storage\view\compile\549f4f5f14445dba25d494d0f9585162.php (39).
[ 2016-05-25T12:34:03+08:00 ]NOTICE: Undefined index: tidE:\wamp\www\Mall\Storage\view\compile\549f4f5f14445dba25d494d0f9585162.php (39).
[ 2016-05-25T12:34:03+08:00 ]NOTICE: Undefined index: tnameE:\wamp\www\Mall\Storage\view\compile\549f4f5f14445dba25d494d0f9585162.php (39).
[ 2016-05-25T12:34:03+08:00 ]NOTICE: Undefined index: tidE:\wamp\www\Mall\Storage\view\compile\549f4f5f14445dba25d494d0f9585162.php (39).
[ 2016-05-25T12:34:03+08:00 ]NOTICE: Undefined index: tnameE:\wamp\www\Mall\Storage\view\compile\549f4f5f14445dba25d494d0f9585162.php (39).
[ 2016-05-25T12:34:03+08:00 ]NOTICE: Undefined index: tidE:\wamp\www\Mall\Storage\view\compile\549f4f5f14445dba25d494d0f9585162.php (39).
[ 2016-05-25T12:34:03+08:00 ]NOTICE: Undefined index: tnameE:\wamp\www\Mall\Storage\view\compile\549f4f5f14445dba25d494d0f9585162.php (39).
[ 2016-05-25T12:34:03+08:00 ]NOTICE: Undefined index: tidE:\wamp\www\Mall\Storage\view\compile\549f4f5f14445dba25d494d0f9585162.php (39).
[ 2016-05-25T12:34:03+08:00 ]NOTICE: Undefined index: tnameE:\wamp\www\Mall\Storage\view\compile\549f4f5f14445dba25d494d0f9585162.php (39).
[ 2016-05-25T15:25:25+08:00 ]NOTICE: Undefined index: valueE:\wamp\www\Mall\Hdphp\View\HdphpTag.php (154).
[ 2016-05-25T15:26:25+08:00 ]NOTICE: Undefined index: valueE:\wamp\www\Mall\Hdphp\View\HdphpTag.php (154).
[ 2016-05-25T15:26:59+08:00 ]NOTICE: Undefined index: valueE:\wamp\www\Mall\Hdphp\View\HdphpTag.php (154).
[ 2016-05-25T15:27:58+08:00 ]NOTICE: Undefined index: valueE:\wamp\www\Mall\Hdphp\View\HdphpTag.php (154).
[ 2016-05-25T15:31:33+08:00 ]NOTICE: Undefined index: valueE:\wamp\www\Mall\Hdphp\View\HdphpTag.php (154).
[ 2016-05-25T15:48:02+08:00 ]NOTICE: Undefined index: logoE:\wamp\www\Mall\App\Common\Model\Band.php (30).
[ 2016-05-25T15:49:15+08:00 ]NOTICE: Undefined index: logoE:\wamp\www\Mall\App\Common\Model\Band.php (30).
[ 2016-05-25T15:54:08+08:00 ]NOTICE: Undefined index: tidE:\wamp\www\Mall\Storage\view\compile\549f4f5f14445dba25d494d0f9585162.php (23).
[ 2016-05-25T15:54:08+08:00 ]NOTICE: Undefined index: tidE:\wamp\www\Mall\Storage\view\compile\549f4f5f14445dba25d494d0f9585162.php (47).
[ 2016-05-25T16:14:20+08:00 ]NOTICE: Undefined index: tidE:\wamp\www\Mall\Storage\view\compile\549f4f5f14445dba25d494d0f9585162.php (23).
[ 2016-05-25T16:14:20+08:00 ]NOTICE: Undefined index: tidE:\wamp\www\Mall\Storage\view\compile\549f4f5f14445dba25d494d0f9585162.php (47).
[ 2016-05-25T16:16:11+08:00 ]NOTICE: Undefined index: tidE:\wamp\www\Mall\Storage\view\compile\549f4f5f14445dba25d494d0f9585162.php (47).
[ 2016-05-25T16:17:56+08:00 ]NOTICE: Undefined index: tidE:\wamp\www\Mall\Storage\view\compile\549f4f5f14445dba25d494d0f9585162.php (47).
[ 2016-05-25T16:19:01+08:00 ]NOTICE: Undefined index: tidE:\wamp\www\Mall\Storage\view\compile\549f4f5f14445dba25d494d0f9585162.php (47).
[ 2016-05-25T19:24:50+08:00 ]NOTICE: Undefined variable: tidE:\wamp\www\Mall\App\Admin\Controller\CateController.php (48).
[ 2016-05-25T19:24:50+08:00 ]EXCEPTION: SELECT  *  FROM type WHERE type_tid= LIMIT 1 ;BindParams:array (
)42000;1064;You have an error in your SQL syntax; check the manual that corresponds to your MySQL server version for the right syntax to use near 'LIMIT 1' at line 1
[ 2016-05-25T19:25:54+08:00 ]EXCEPTION: SELECT  *  FROM type WHERE type_tid=0 LIMIT 1 ;BindParams:array (
)42S22;1054;Unknown column 'type_tid' in 'where clause'
[ 2016-05-25T19:26:19+08:00 ]EXCEPTION: SELECT  *  FROM type WHERE type_tid=0 LIMIT 1 ;BindParams:array (
)42S22;1054;Unknown column 'type_tid' in 'where clause'
[ 2016-05-25T19:26:26+08:00 ]EXCEPTION: SELECT  *  FROM type WHERE type_tid=0 LIMIT 1 ;BindParams:array (
)42S22;1054;Unknown column 'type_tid' in 'where clause'
[ 2016-05-25T19:26:48+08:00 ]NOTICE: Invalid argument supplied for foreach()E:\wamp\www\Mall\Storage\view\compile\a547f450e1e99272e83d8687bf1c3a96.php (44).
[ 2016-05-25T19:27:24+08:00 ]NOTICE: Invalid argument supplied for foreach()E:\wamp\www\Mall\Storage\view\compile\a547f450e1e99272e83d8687bf1c3a96.php (44).
[ 2016-05-25T19:27:56+08:00 ]NOTICE: Invalid argument supplied for foreach()E:\wamp\www\Mall\Storage\view\compile\a547f450e1e99272e83d8687bf1c3a96.php (44).
[ 2016-05-25T19:28:03+08:00 ]NOTICE: Invalid argument supplied for foreach()E:\wamp\www\Mall\Storage\view\compile\a547f450e1e99272e83d8687bf1c3a96.php (44).
[ 2016-05-25T19:33:31+08:00 ]NOTICE: Undefined variable: typeE:\wamp\www\Mall\Storage\view\compile\a547f450e1e99272e83d8687bf1c3a96.php (44).
[ 2016-05-25T19:33:31+08:00 ]NOTICE: Invalid argument supplied for foreach()E:\wamp\www\Mall\Storage\view\compile\a547f450e1e99272e83d8687bf1c3a96.php (44).
