[ 2016-05-27T20:11:12+08:00 ]NOTICE: Invalid argument supplied for foreach()E:\wamp\www\Mall\Storage\view\compile\b0cef37a0386a1faffd967a594ec1e7e.php (145).
[ 2016-05-27T20:11:12+08:00 ]NOTICE: Invalid argument supplied for foreach()E:\wamp\www\Mall\Storage\view\compile\b0cef37a0386a1faffd967a594ec1e7e.php (145).
[ 2016-05-27T20:11:12+08:00 ]NOTICE: Invalid argument supplied for foreach()E:\wamp\www\Mall\Storage\view\compile\b0cef37a0386a1faffd967a594ec1e7e.php (145).
[ 2016-05-27T20:11:12+08:00 ]NOTICE: Invalid argument supplied for foreach()E:\wamp\www\Mall\Storage\view\compile\b0cef37a0386a1faffd967a594ec1e7e.php (145).
[ 2016-05-27T20:11:12+08:00 ]NOTICE: Invalid argument supplied for foreach()E:\wamp\www\Mall\Storage\view\compile\b0cef37a0386a1faffd967a594ec1e7e.php (145).
[ 2016-05-27T20:11:12+08:00 ]NOTICE: Invalid argument supplied for foreach()E:\wamp\www\Mall\Storage\view\compile\b0cef37a0386a1faffd967a594ec1e7e.php (145).
[ 2016-05-27T20:11:12+08:00 ]NOTICE: Invalid argument supplied for foreach()E:\wamp\www\Mall\Storage\view\compile\b0cef37a0386a1faffd967a594ec1e7e.php (145).
[ 2016-05-27T20:11:12+08:00 ]NOTICE: Invalid argument supplied for foreach()E:\wamp\www\Mall\Storage\view\compile\b0cef37a0386a1faffd967a594ec1e7e.php (145).
[ 2016-05-27T20:11:12+08:00 ]NOTICE: Invalid argument supplied for foreach()E:\wamp\www\Mall\Storage\view\compile\b0cef37a0386a1faffd967a594ec1e7e.php (145).
[ 2016-05-27T20:11:12+08:00 ]NOTICE: Invalid argument supplied for foreach()E:\wamp\www\Mall\Storage\view\compile\b0cef37a0386a1faffd967a594ec1e7e.php (145).
[ 2016-05-27T20:11:12+08:00 ]NOTICE: Invalid argument supplied for foreach()E:\wamp\www\Mall\Storage\view\compile\b0cef37a0386a1faffd967a594ec1e7e.php (145).
[ 2016-05-27T20:11:12+08:00 ]NOTICE: Invalid argument supplied for foreach()E:\wamp\www\Mall\Storage\view\compile\b0cef37a0386a1faffd967a594ec1e7e.php (145).
[ 2016-05-27T20:11:12+08:00 ]NOTICE: Invalid argument supplied for foreach()E:\wamp\www\Mall\Storage\view\compile\b0cef37a0386a1faffd967a594ec1e7e.php (145).
[ 2016-05-27T20:11:12+08:00 ]NOTICE: Invalid argument supplied for foreach()E:\wamp\www\Mall\Storage\view\compile\b0cef37a0386a1faffd967a594ec1e7e.php (145).
[ 2016-05-27T20:11:12+08:00 ]NOTICE: Invalid argument supplied for foreach()E:\wamp\www\Mall\Storage\view\compile\b0cef37a0386a1faffd967a594ec1e7e.php (145).
[ 2016-05-27T20:11:12+08:00 ]NOTICE: Invalid argument supplied for foreach()E:\wamp\www\Mall\Storage\view\compile\b0cef37a0386a1faffd967a594ec1e7e.php (145).
[ 2016-05-27T20:11:12+08:00 ]NOTICE: Invalid argument supplied for foreach()E:\wamp\www\Mall\Storage\view\compile\b0cef37a0386a1faffd967a594ec1e7e.php (145).
[ 2016-05-27T21:15:13+08:00 ]NOTICE: Invalid argument supplied for foreach()E:\wamp\www\Mall\Storage\view\compile\b0cef37a0386a1faffd967a594ec1e7e.php (145).
[ 2016-05-27T21:15:13+08:00 ]NOTICE: Invalid argument supplied for foreach()E:\wamp\www\Mall\Storage\view\compile\b0cef37a0386a1faffd967a594ec1e7e.php (145).
[ 2016-05-27T21:15:13+08:00 ]NOTICE: Invalid argument supplied for foreach()E:\wamp\www\Mall\Storage\view\compile\b0cef37a0386a1faffd967a594ec1e7e.php (145).
[ 2016-05-27T21:15:13+08:00 ]NOTICE: Invalid argument supplied for foreach()E:\wamp\www\Mall\Storage\view\compile\b0cef37a0386a1faffd967a594ec1e7e.php (145).
[ 2016-05-27T21:15:13+08:00 ]NOTICE: Invalid argument supplied for foreach()E:\wamp\www\Mall\Storage\view\compile\b0cef37a0386a1faffd967a594ec1e7e.php (145).
[ 2016-05-27T21:15:13+08:00 ]NOTICE: Invalid argument supplied for foreach()E:\wamp\www\Mall\Storage\view\compile\b0cef37a0386a1faffd967a594ec1e7e.php (145).
[ 2016-05-27T21:15:13+08:00 ]NOTICE: Invalid argument supplied for foreach()E:\wamp\www\Mall\Storage\view\compile\b0cef37a0386a1faffd967a594ec1e7e.php (145).
[ 2016-05-27T21:15:13+08:00 ]NOTICE: Invalid argument supplied for foreach()E:\wamp\www\Mall\Storage\view\compile\b0cef37a0386a1faffd967a594ec1e7e.php (145).
[ 2016-05-27T21:15:13+08:00 ]NOTICE: Invalid argument supplied for foreach()E:\wamp\www\Mall\Storage\view\compile\b0cef37a0386a1faffd967a594ec1e7e.php (145).
[ 2016-05-27T21:15:13+08:00 ]NOTICE: Invalid argument supplied for foreach()E:\wamp\www\Mall\Storage\view\compile\b0cef37a0386a1faffd967a594ec1e7e.php (145).
[ 2016-05-27T21:15:13+08:00 ]NOTICE: Invalid argument supplied for foreach()E:\wamp\www\Mall\Storage\view\compile\b0cef37a0386a1faffd967a594ec1e7e.php (145).
[ 2016-05-27T21:15:13+08:00 ]NOTICE: Invalid argument supplied for foreach()E:\wamp\www\Mall\Storage\view\compile\b0cef37a0386a1faffd967a594ec1e7e.php (145).
[ 2016-05-27T21:15:13+08:00 ]NOTICE: Invalid argument supplied for foreach()E:\wamp\www\Mall\Storage\view\compile\b0cef37a0386a1faffd967a594ec1e7e.php (145).
[ 2016-05-27T21:15:13+08:00 ]NOTICE: Invalid argument supplied for foreach()E:\wamp\www\Mall\Storage\view\compile\b0cef37a0386a1faffd967a594ec1e7e.php (145).
[ 2016-05-27T21:15:13+08:00 ]NOTICE: Invalid argument supplied for foreach()E:\wamp\www\Mall\Storage\view\compile\b0cef37a0386a1faffd967a594ec1e7e.php (145).
[ 2016-05-27T21:15:13+08:00 ]NOTICE: Invalid argument supplied for foreach()E:\wamp\www\Mall\Storage\view\compile\b0cef37a0386a1faffd967a594ec1e7e.php (145).
[ 2016-05-27T21:15:13+08:00 ]NOTICE: Invalid argument supplied for foreach()E:\wamp\www\Mall\Storage\view\compile\b0cef37a0386a1faffd967a594ec1e7e.php (145).
[ 2016-05-27T21:38:22+08:00 ]NOTICE: explode() expects parameter 2 to be string, array givenE:\wamp\www\Mall\App\Admin\Controller\GoodsController.php (67).
[ 2016-05-27T21:39:27+08:00 ]NOTICE: explode() expects parameter 2 to be string, array givenE:\wamp\www\Mall\App\Admin\Controller\GoodsController.php (67).
[ 2016-05-27T21:39:31+08:00 ]NOTICE: explode() expects parameter 2 to be string, array givenE:\wamp\www\Mall\App\Admin\Controller\GoodsController.php (67).
[ 2016-05-27T21:40:15+08:00 ]NOTICE: explode() expects parameter 2 to be string, array givenE:\wamp\www\Mall\App\Admin\Controller\GoodsController.php (67).
[ 2016-05-27T21:43:02+08:00 ]NOTICE: Undefined index: pnameE:\wamp\www\Mall\Storage\view\compile\b0cef37a0386a1faffd967a594ec1e7e.php (142).
[ 2016-05-27T21:43:02+08:00 ]NOTICE: Invalid argument supplied for foreach()E:\wamp\www\Mall\Storage\view\compile\b0cef37a0386a1faffd967a594ec1e7e.php (145).
[ 2016-05-27T21:43:02+08:00 ]NOTICE: Undefined index: pnameE:\wamp\www\Mall\Storage\view\compile\b0cef37a0386a1faffd967a594ec1e7e.php (142).
[ 2016-05-27T21:43:02+08:00 ]NOTICE: Invalid argument supplied for foreach()E:\wamp\www\Mall\Storage\view\compile\b0cef37a0386a1faffd967a594ec1e7e.php (145).
[ 2016-05-27T21:43:02+08:00 ]NOTICE: Undefined index: pnameE:\wamp\www\Mall\Storage\view\compile\b0cef37a0386a1faffd967a594ec1e7e.php (142).
[ 2016-05-27T21:43:02+08:00 ]NOTICE: Invalid argument supplied for foreach()E:\wamp\www\Mall\Storage\view\compile\b0cef37a0386a1faffd967a594ec1e7e.php (145).
[ 2016-05-27T21:43:02+08:00 ]NOTICE: Undefined index: pnameE:\wamp\www\Mall\Storage\view\compile\b0cef37a0386a1faffd967a594ec1e7e.php (142).
[ 2016-05-27T21:43:02+08:00 ]NOTICE: Invalid argument supplied for foreach()E:\wamp\www\Mall\Storage\view\compile\b0cef37a0386a1faffd967a594ec1e7e.php (145).
[ 2016-05-27T21:43:02+08:00 ]NOTICE: Undefined index: pnameE:\wamp\www\Mall\Storage\view\compile\b0cef37a0386a1faffd967a594ec1e7e.php (142).
[ 2016-05-27T21:43:02+08:00 ]NOTICE: Invalid argument supplied for foreach()E:\wamp\www\Mall\Storage\view\compile\b0cef37a0386a1faffd967a594ec1e7e.php (145).
[ 2016-05-27T21:43:02+08:00 ]NOTICE: Undefined index: pnameE:\wamp\www\Mall\Storage\view\compile\b0cef37a0386a1faffd967a594ec1e7e.php (142).
[ 2016-05-27T21:43:02+08:00 ]NOTICE: Invalid argument supplied for foreach()E:\wamp\www\Mall\Storage\view\compile\b0cef37a0386a1faffd967a594ec1e7e.php (145).
[ 2016-05-27T21:43:02+08:00 ]NOTICE: Undefined index: pnameE:\wamp\www\Mall\Storage\view\compile\b0cef37a0386a1faffd967a594ec1e7e.php (142).
[ 2016-05-27T21:43:02+08:00 ]NOTICE: Invalid argument supplied for foreach()E:\wamp\www\Mall\Storage\view\compile\b0cef37a0386a1faffd967a594ec1e7e.php (145).
[ 2016-05-27T21:43:02+08:00 ]NOTICE: Undefined index: pnameE:\wamp\www\Mall\Storage\view\compile\b0cef37a0386a1faffd967a594ec1e7e.php (142).
[ 2016-05-27T21:43:02+08:00 ]NOTICE: Invalid argument supplied for foreach()E:\wamp\www\Mall\Storage\view\compile\b0cef37a0386a1faffd967a594ec1e7e.php (145).
[ 2016-05-27T21:43:02+08:00 ]NOTICE: Undefined index: pnameE:\wamp\www\Mall\Storage\view\compile\b0cef37a0386a1faffd967a594ec1e7e.php (142).
[ 2016-05-27T21:43:02+08:00 ]NOTICE: Invalid argument supplied for foreach()E:\wamp\www\Mall\Storage\view\compile\b0cef37a0386a1faffd967a594ec1e7e.php (145).
[ 2016-05-27T21:43:02+08:00 ]NOTICE: Undefined index: pnameE:\wamp\www\Mall\Storage\view\compile\b0cef37a0386a1faffd967a594ec1e7e.php (142).
[ 2016-05-27T21:43:02+08:00 ]NOTICE: Invalid argument supplied for foreach()E:\wamp\www\Mall\Storage\view\compile\b0cef37a0386a1faffd967a594ec1e7e.php (145).
[ 2016-05-27T21:43:02+08:00 ]NOTICE: Undefined index: pnameE:\wamp\www\Mall\Storage\view\compile\b0cef37a0386a1faffd967a594ec1e7e.php (142).
[ 2016-05-27T21:43:02+08:00 ]NOTICE: Invalid argument supplied for foreach()E:\wamp\www\Mall\Storage\view\compile\b0cef37a0386a1faffd967a594ec1e7e.php (145).
[ 2016-05-27T21:43:02+08:00 ]NOTICE: Undefined index: pnameE:\wamp\www\Mall\Storage\view\compile\b0cef37a0386a1faffd967a594ec1e7e.php (142).
[ 2016-05-27T21:43:03+08:00 ]NOTICE: Invalid argument supplied for foreach()E:\wamp\www\Mall\Storage\view\compile\b0cef37a0386a1faffd967a594ec1e7e.php (145).
[ 2016-05-27T21:43:03+08:00 ]NOTICE: Undefined index: pnameE:\wamp\www\Mall\Storage\view\compile\b0cef37a0386a1faffd967a594ec1e7e.php (142).
[ 2016-05-27T21:43:03+08:00 ]NOTICE: Invalid argument supplied for foreach()E:\wamp\www\Mall\Storage\view\compile\b0cef37a0386a1faffd967a594ec1e7e.php (145).
[ 2016-05-27T21:43:03+08:00 ]NOTICE: Undefined index: pnameE:\wamp\www\Mall\Storage\view\compile\b0cef37a0386a1faffd967a594ec1e7e.php (142).
[ 2016-05-27T21:43:03+08:00 ]NOTICE: Invalid argument supplied for foreach()E:\wamp\www\Mall\Storage\view\compile\b0cef37a0386a1faffd967a594ec1e7e.php (145).
[ 2016-05-27T21:43:03+08:00 ]NOTICE: Undefined index: pnameE:\wamp\www\Mall\Storage\view\compile\b0cef37a0386a1faffd967a594ec1e7e.php (142).
[ 2016-05-27T21:43:03+08:00 ]NOTICE: Invalid argument supplied for foreach()E:\wamp\www\Mall\Storage\view\compile\b0cef37a0386a1faffd967a594ec1e7e.php (145).
[ 2016-05-27T21:43:03+08:00 ]NOTICE: Undefined index: pnameE:\wamp\www\Mall\Storage\view\compile\b0cef37a0386a1faffd967a594ec1e7e.php (142).
[ 2016-05-27T21:43:03+08:00 ]NOTICE: Invalid argument supplied for foreach()E:\wamp\www\Mall\Storage\view\compile\b0cef37a0386a1faffd967a594ec1e7e.php (145).
[ 2016-05-27T21:43:03+08:00 ]NOTICE: Undefined index: pnameE:\wamp\www\Mall\Storage\view\compile\b0cef37a0386a1faffd967a594ec1e7e.php (142).
[ 2016-05-27T21:43:03+08:00 ]NOTICE: Invalid argument supplied for foreach()E:\wamp\www\Mall\Storage\view\compile\b0cef37a0386a1faffd967a594ec1e7e.php (145).
[ 2016-05-27T21:43:27+08:00 ]NOTICE: Undefined index: pnameE:\wamp\www\Mall\Storage\view\compile\b0cef37a0386a1faffd967a594ec1e7e.php (142).
[ 2016-05-27T21:43:27+08:00 ]NOTICE: Invalid argument supplied for foreach()E:\wamp\www\Mall\Storage\view\compile\b0cef37a0386a1faffd967a594ec1e7e.php (145).
[ 2016-05-27T21:43:27+08:00 ]NOTICE: Undefined index: pnameE:\wamp\www\Mall\Storage\view\compile\b0cef37a0386a1faffd967a594ec1e7e.php (142).
[ 2016-05-27T21:43:27+08:00 ]NOTICE: Invalid argument supplied for foreach()E:\wamp\www\Mall\Storage\view\compile\b0cef37a0386a1faffd967a594ec1e7e.php (145).
[ 2016-05-27T21:43:27+08:00 ]NOTICE: Undefined index: pnameE:\wamp\www\Mall\Storage\view\compile\b0cef37a0386a1faffd967a594ec1e7e.php (142).
[ 2016-05-27T21:43:27+08:00 ]NOTICE: Invalid argument supplied for foreach()E:\wamp\www\Mall\Storage\view\compile\b0cef37a0386a1faffd967a594ec1e7e.php (145).
[ 2016-05-27T21:43:27+08:00 ]NOTICE: Undefined index: pnameE:\wamp\www\Mall\Storage\view\compile\b0cef37a0386a1faffd967a594ec1e7e.php (142).
[ 2016-05-27T21:43:27+08:00 ]NOTICE: Invalid argument supplied for foreach()E:\wamp\www\Mall\Storage\view\compile\b0cef37a0386a1faffd967a594ec1e7e.php (145).
[ 2016-05-27T21:43:27+08:00 ]NOTICE: Undefined index: pnameE:\wamp\www\Mall\Storage\view\compile\b0cef37a0386a1faffd967a594ec1e7e.php (142).
[ 2016-05-27T21:43:27+08:00 ]NOTICE: Invalid argument supplied for foreach()E:\wamp\www\Mall\Storage\view\compile\b0cef37a0386a1faffd967a594ec1e7e.php (145).
[ 2016-05-27T21:43:27+08:00 ]NOTICE: Undefined index: pnameE:\wamp\www\Mall\Storage\view\compile\b0cef37a0386a1faffd967a594ec1e7e.php (142).
[ 2016-05-27T21:43:27+08:00 ]NOTICE: Invalid argument supplied for foreach()E:\wamp\www\Mall\Storage\view\compile\b0cef37a0386a1faffd967a594ec1e7e.php (145).
[ 2016-05-27T21:43:27+08:00 ]NOTICE: Undefined index: pnameE:\wamp\www\Mall\Storage\view\compile\b0cef37a0386a1faffd967a594ec1e7e.php (142).
[ 2016-05-27T21:43:27+08:00 ]NOTICE: Invalid argument supplied for foreach()E:\wamp\www\Mall\Storage\view\compile\b0cef37a0386a1faffd967a594ec1e7e.php (145).
[ 2016-05-27T21:43:27+08:00 ]NOTICE: Undefined index: pnameE:\wamp\www\Mall\Storage\view\compile\b0cef37a0386a1faffd967a594ec1e7e.php (142).
[ 2016-05-27T21:43:27+08:00 ]NOTICE: Invalid argument supplied for foreach()E:\wamp\www\Mall\Storage\view\compile\b0cef37a0386a1faffd967a594ec1e7e.php (145).
[ 2016-05-27T21:43:27+08:00 ]NOTICE: Undefined index: pnameE:\wamp\www\Mall\Storage\view\compile\b0cef37a0386a1faffd967a594ec1e7e.php (142).
[ 2016-05-27T21:43:27+08:00 ]NOTICE: Invalid argument supplied for foreach()E:\wamp\www\Mall\Storage\view\compile\b0cef37a0386a1faffd967a594ec1e7e.php (145).
[ 2016-05-27T21:43:27+08:00 ]NOTICE: Undefined index: pnameE:\wamp\www\Mall\Storage\view\compile\b0cef37a0386a1faffd967a594ec1e7e.php (142).
[ 2016-05-27T21:43:27+08:00 ]NOTICE: Invalid argument supplied for foreach()E:\wamp\www\Mall\Storage\view\compile\b0cef37a0386a1faffd967a594ec1e7e.php (145).
[ 2016-05-27T21:43:27+08:00 ]NOTICE: Undefined index: pnameE:\wamp\www\Mall\Storage\view\compile\b0cef37a0386a1faffd967a594ec1e7e.php (142).
[ 2016-05-27T21:43:27+08:00 ]NOTICE: Invalid argument supplied for foreach()E:\wamp\www\Mall\Storage\view\compile\b0cef37a0386a1faffd967a594ec1e7e.php (145).
[ 2016-05-27T21:43:27+08:00 ]NOTICE: Undefined index: pnameE:\wamp\www\Mall\Storage\view\compile\b0cef37a0386a1faffd967a594ec1e7e.php (142).
[ 2016-05-27T21:43:27+08:00 ]NOTICE: Invalid argument supplied for foreach()E:\wamp\www\Mall\Storage\view\compile\b0cef37a0386a1faffd967a594ec1e7e.php (145).
[ 2016-05-27T21:43:27+08:00 ]NOTICE: Undefined index: pnameE:\wamp\www\Mall\Storage\view\compile\b0cef37a0386a1faffd967a594ec1e7e.php (142).
[ 2016-05-27T21:43:27+08:00 ]NOTICE: Invalid argument supplied for foreach()E:\wamp\www\Mall\Storage\view\compile\b0cef37a0386a1faffd967a594ec1e7e.php (145).
[ 2016-05-27T21:43:27+08:00 ]NOTICE: Undefined index: pnameE:\wamp\www\Mall\Storage\view\compile\b0cef37a0386a1faffd967a594ec1e7e.php (142).
[ 2016-05-27T21:43:27+08:00 ]NOTICE: Invalid argument supplied for foreach()E:\wamp\www\Mall\Storage\view\compile\b0cef37a0386a1faffd967a594ec1e7e.php (145).
[ 2016-05-27T21:43:27+08:00 ]NOTICE: Undefined index: pnameE:\wamp\www\Mall\Storage\view\compile\b0cef37a0386a1faffd967a594ec1e7e.php (142).
[ 2016-05-27T21:43:27+08:00 ]NOTICE: Invalid argument supplied for foreach()E:\wamp\www\Mall\Storage\view\compile\b0cef37a0386a1faffd967a594ec1e7e.php (145).
[ 2016-05-27T21:43:27+08:00 ]NOTICE: Undefined index: pnameE:\wamp\www\Mall\Storage\view\compile\b0cef37a0386a1faffd967a594ec1e7e.php (142).
[ 2016-05-27T21:43:27+08:00 ]NOTICE: Invalid argument supplied for foreach()E:\wamp\www\Mall\Storage\view\compile\b0cef37a0386a1faffd967a594ec1e7e.php (145).
[ 2016-05-27T21:43:27+08:00 ]NOTICE: Undefined index: pnameE:\wamp\www\Mall\Storage\view\compile\b0cef37a0386a1faffd967a594ec1e7e.php (142).
[ 2016-05-27T21:43:27+08:00 ]NOTICE: Invalid argument supplied for foreach()E:\wamp\www\Mall\Storage\view\compile\b0cef37a0386a1faffd967a594ec1e7e.php (145).
[ 2016-05-27T21:56:05+08:00 ]NOTICE: Undefined index: pnameE:\wamp\www\Mall\Storage\view\compile\b0cef37a0386a1faffd967a594ec1e7e.php (142).
[ 2016-05-27T21:56:05+08:00 ]NOTICE: Invalid argument supplied for foreach()E:\wamp\www\Mall\Storage\view\compile\b0cef37a0386a1faffd967a594ec1e7e.php (145).
[ 2016-05-27T21:56:05+08:00 ]NOTICE: Undefined index: pnameE:\wamp\www\Mall\Storage\view\compile\b0cef37a0386a1faffd967a594ec1e7e.php (142).
[ 2016-05-27T21:56:05+08:00 ]NOTICE: Invalid argument supplied for foreach()E:\wamp\www\Mall\Storage\view\compile\b0cef37a0386a1faffd967a594ec1e7e.php (145).
[ 2016-05-27T21:56:05+08:00 ]NOTICE: Undefined index: pnameE:\wamp\www\Mall\Storage\view\compile\b0cef37a0386a1faffd967a594ec1e7e.php (142).
[ 2016-05-27T21:56:05+08:00 ]NOTICE: Invalid argument supplied for foreach()E:\wamp\www\Mall\Storage\view\compile\b0cef37a0386a1faffd967a594ec1e7e.php (145).
[ 2016-05-27T21:56:05+08:00 ]NOTICE: Undefined index: pnameE:\wamp\www\Mall\Storage\view\compile\b0cef37a0386a1faffd967a594ec1e7e.php (142).
[ 2016-05-27T21:56:05+08:00 ]NOTICE: Invalid argument supplied for foreach()E:\wamp\www\Mall\Storage\view\compile\b0cef37a0386a1faffd967a594ec1e7e.php (145).
[ 2016-05-27T21:56:05+08:00 ]NOTICE: Undefined index: pnameE:\wamp\www\Mall\Storage\view\compile\b0cef37a0386a1faffd967a594ec1e7e.php (142).
[ 2016-05-27T21:56:06+08:00 ]NOTICE: Invalid argument supplied for foreach()E:\wamp\www\Mall\Storage\view\compile\b0cef37a0386a1faffd967a594ec1e7e.php (145).
[ 2016-05-27T21:56:06+08:00 ]NOTICE: Undefined index: pnameE:\wamp\www\Mall\Storage\view\compile\b0cef37a0386a1faffd967a594ec1e7e.php (142).
[ 2016-05-27T21:56:06+08:00 ]NOTICE: Invalid argument supplied for foreach()E:\wamp\www\Mall\Storage\view\compile\b0cef37a0386a1faffd967a594ec1e7e.php (145).
[ 2016-05-27T21:56:06+08:00 ]NOTICE: Undefined index: pnameE:\wamp\www\Mall\Storage\view\compile\b0cef37a0386a1faffd967a594ec1e7e.php (142).
[ 2016-05-27T21:56:06+08:00 ]NOTICE: Invalid argument supplied for foreach()E:\wamp\www\Mall\Storage\view\compile\b0cef37a0386a1faffd967a594ec1e7e.php (145).
[ 2016-05-27T21:56:06+08:00 ]NOTICE: Undefined index: pnameE:\wamp\www\Mall\Storage\view\compile\b0cef37a0386a1faffd967a594ec1e7e.php (142).
[ 2016-05-27T21:56:06+08:00 ]NOTICE: Invalid argument supplied for foreach()E:\wamp\www\Mall\Storage\view\compile\b0cef37a0386a1faffd967a594ec1e7e.php (145).
[ 2016-05-27T21:56:06+08:00 ]NOTICE: Undefined index: pnameE:\wamp\www\Mall\Storage\view\compile\b0cef37a0386a1faffd967a594ec1e7e.php (142).
[ 2016-05-27T21:56:06+08:00 ]NOTICE: Invalid argument supplied for foreach()E:\wamp\www\Mall\Storage\view\compile\b0cef37a0386a1faffd967a594ec1e7e.php (145).
[ 2016-05-27T21:56:06+08:00 ]NOTICE: Undefined index: pnameE:\wamp\www\Mall\Storage\view\compile\b0cef37a0386a1faffd967a594ec1e7e.php (142).
[ 2016-05-27T21:56:06+08:00 ]NOTICE: Invalid argument supplied for foreach()E:\wamp\www\Mall\Storage\view\compile\b0cef37a0386a1faffd967a594ec1e7e.php (145).
[ 2016-05-27T21:56:06+08:00 ]NOTICE: Undefined index: pnameE:\wamp\www\Mall\Storage\view\compile\b0cef37a0386a1faffd967a594ec1e7e.php (142).
[ 2016-05-27T21:56:06+08:00 ]NOTICE: Invalid argument supplied for foreach()E:\wamp\www\Mall\Storage\view\compile\b0cef37a0386a1faffd967a594ec1e7e.php (145).
[ 2016-05-27T21:56:06+08:00 ]NOTICE: Undefined index: pnameE:\wamp\www\Mall\Storage\view\compile\b0cef37a0386a1faffd967a594ec1e7e.php (142).
[ 2016-05-27T21:56:06+08:00 ]NOTICE: Invalid argument supplied for foreach()E:\wamp\www\Mall\Storage\view\compile\b0cef37a0386a1faffd967a594ec1e7e.php (145).
[ 2016-05-27T21:56:06+08:00 ]NOTICE: Undefined index: pnameE:\wamp\www\Mall\Storage\view\compile\b0cef37a0386a1faffd967a594ec1e7e.php (142).
[ 2016-05-27T21:56:06+08:00 ]NOTICE: Invalid argument supplied for foreach()E:\wamp\www\Mall\Storage\view\compile\b0cef37a0386a1faffd967a594ec1e7e.php (145).
[ 2016-05-27T21:56:06+08:00 ]NOTICE: Undefined index: pnameE:\wamp\www\Mall\Storage\view\compile\b0cef37a0386a1faffd967a594ec1e7e.php (142).
[ 2016-05-27T21:56:06+08:00 ]NOTICE: Invalid argument supplied for foreach()E:\wamp\www\Mall\Storage\view\compile\b0cef37a0386a1faffd967a594ec1e7e.php (145).
[ 2016-05-27T21:56:06+08:00 ]NOTICE: Undefined index: pnameE:\wamp\www\Mall\Storage\view\compile\b0cef37a0386a1faffd967a594ec1e7e.php (142).
[ 2016-05-27T21:56:06+08:00 ]NOTICE: Invalid argument supplied for foreach()E:\wamp\www\Mall\Storage\view\compile\b0cef37a0386a1faffd967a594ec1e7e.php (145).
[ 2016-05-27T21:56:06+08:00 ]NOTICE: Undefined index: pnameE:\wamp\www\Mall\Storage\view\compile\b0cef37a0386a1faffd967a594ec1e7e.php (142).
[ 2016-05-27T21:56:06+08:00 ]NOTICE: Invalid argument supplied for foreach()E:\wamp\www\Mall\Storage\view\compile\b0cef37a0386a1faffd967a594ec1e7e.php (145).
[ 2016-05-27T21:56:06+08:00 ]NOTICE: Undefined index: pnameE:\wamp\www\Mall\Storage\view\compile\b0cef37a0386a1faffd967a594ec1e7e.php (142).
[ 2016-05-27T21:56:06+08:00 ]NOTICE: Invalid argument supplied for foreach()E:\wamp\www\Mall\Storage\view\compile\b0cef37a0386a1faffd967a594ec1e7e.php (145).
[ 2016-05-27T21:57:49+08:00 ]NOTICE: Undefined index: pnameE:\wamp\www\Mall\Storage\view\compile\b0cef37a0386a1faffd967a594ec1e7e.php (142).
[ 2016-05-27T21:57:49+08:00 ]NOTICE: Invalid argument supplied for foreach()E:\wamp\www\Mall\Storage\view\compile\b0cef37a0386a1faffd967a594ec1e7e.php (145).
[ 2016-05-27T21:57:49+08:00 ]NOTICE: Undefined index: pnameE:\wamp\www\Mall\Storage\view\compile\b0cef37a0386a1faffd967a594ec1e7e.php (142).
[ 2016-05-27T21:57:49+08:00 ]NOTICE: Invalid argument supplied for foreach()E:\wamp\www\Mall\Storage\view\compile\b0cef37a0386a1faffd967a594ec1e7e.php (145).
[ 2016-05-27T21:57:49+08:00 ]NOTICE: Undefined index: pnameE:\wamp\www\Mall\Storage\view\compile\b0cef37a0386a1faffd967a594ec1e7e.php (142).
[ 2016-05-27T21:57:49+08:00 ]NOTICE: Invalid argument supplied for foreach()E:\wamp\www\Mall\Storage\view\compile\b0cef37a0386a1faffd967a594ec1e7e.php (145).
[ 2016-05-27T21:57:49+08:00 ]NOTICE: Undefined index: pnameE:\wamp\www\Mall\Storage\view\compile\b0cef37a0386a1faffd967a594ec1e7e.php (142).
[ 2016-05-27T21:57:49+08:00 ]NOTICE: Invalid argument supplied for foreach()E:\wamp\www\Mall\Storage\view\compile\b0cef37a0386a1faffd967a594ec1e7e.php (145).
[ 2016-05-27T21:57:49+08:00 ]NOTICE: Undefined index: pnameE:\wamp\www\Mall\Storage\view\compile\b0cef37a0386a1faffd967a594ec1e7e.php (142).
[ 2016-05-27T21:57:49+08:00 ]NOTICE: Invalid argument supplied for foreach()E:\wamp\www\Mall\Storage\view\compile\b0cef37a0386a1faffd967a594ec1e7e.php (145).
[ 2016-05-27T21:57:49+08:00 ]NOTICE: Undefined index: pnameE:\wamp\www\Mall\Storage\view\compile\b0cef37a0386a1faffd967a594ec1e7e.php (142).
[ 2016-05-27T21:57:49+08:00 ]NOTICE: Invalid argument supplied for foreach()E:\wamp\www\Mall\Storage\view\compile\b0cef37a0386a1faffd967a594ec1e7e.php (145).
[ 2016-05-27T21:57:49+08:00 ]NOTICE: Undefined index: pnameE:\wamp\www\Mall\Storage\view\compile\b0cef37a0386a1faffd967a594ec1e7e.php (142).
[ 2016-05-27T21:57:49+08:00 ]NOTICE: Invalid argument supplied for foreach()E:\wamp\www\Mall\Storage\view\compile\b0cef37a0386a1faffd967a594ec1e7e.php (145).
[ 2016-05-27T21:57:49+08:00 ]NOTICE: Undefined index: pnameE:\wamp\www\Mall\Storage\view\compile\b0cef37a0386a1faffd967a594ec1e7e.php (142).
[ 2016-05-27T21:57:49+08:00 ]NOTICE: Invalid argument supplied for foreach()E:\wamp\www\Mall\Storage\view\compile\b0cef37a0386a1faffd967a594ec1e7e.php (145).
[ 2016-05-27T21:57:49+08:00 ]NOTICE: Undefined index: pnameE:\wamp\www\Mall\Storage\view\compile\b0cef37a0386a1faffd967a594ec1e7e.php (142).
[ 2016-05-27T21:57:49+08:00 ]NOTICE: Invalid argument supplied for foreach()E:\wamp\www\Mall\Storage\view\compile\b0cef37a0386a1faffd967a594ec1e7e.php (145).
[ 2016-05-27T21:57:49+08:00 ]NOTICE: Undefined index: pnameE:\wamp\www\Mall\Storage\view\compile\b0cef37a0386a1faffd967a594ec1e7e.php (142).
[ 2016-05-27T21:57:49+08:00 ]NOTICE: Invalid argument supplied for foreach()E:\wamp\www\Mall\Storage\view\compile\b0cef37a0386a1faffd967a594ec1e7e.php (145).
[ 2016-05-27T21:57:49+08:00 ]NOTICE: Undefined index: pnameE:\wamp\www\Mall\Storage\view\compile\b0cef37a0386a1faffd967a594ec1e7e.php (142).
[ 2016-05-27T21:57:49+08:00 ]NOTICE: Invalid argument supplied for foreach()E:\wamp\www\Mall\Storage\view\compile\b0cef37a0386a1faffd967a594ec1e7e.php (145).
[ 2016-05-27T21:57:49+08:00 ]NOTICE: Undefined index: pnameE:\wamp\www\Mall\Storage\view\compile\b0cef37a0386a1faffd967a594ec1e7e.php (142).
[ 2016-05-27T21:57:49+08:00 ]NOTICE: Invalid argument supplied for foreach()E:\wamp\www\Mall\Storage\view\compile\b0cef37a0386a1faffd967a594ec1e7e.php (145).
[ 2016-05-27T21:57:49+08:00 ]NOTICE: Undefined index: pnameE:\wamp\www\Mall\Storage\view\compile\b0cef37a0386a1faffd967a594ec1e7e.php (142).
[ 2016-05-27T21:57:49+08:00 ]NOTICE: Invalid argument supplied for foreach()E:\wamp\www\Mall\Storage\view\compile\b0cef37a0386a1faffd967a594ec1e7e.php (145).
[ 2016-05-27T21:57:49+08:00 ]NOTICE: Undefined index: pnameE:\wamp\www\Mall\Storage\view\compile\b0cef37a0386a1faffd967a594ec1e7e.php (142).
[ 2016-05-27T21:57:49+08:00 ]NOTICE: Invalid argument supplied for foreach()E:\wamp\www\Mall\Storage\view\compile\b0cef37a0386a1faffd967a594ec1e7e.php (145).
[ 2016-05-27T21:57:49+08:00 ]NOTICE: Undefined index: pnameE:\wamp\www\Mall\Storage\view\compile\b0cef37a0386a1faffd967a594ec1e7e.php (142).
[ 2016-05-27T21:57:49+08:00 ]NOTICE: Invalid argument supplied for foreach()E:\wamp\www\Mall\Storage\view\compile\b0cef37a0386a1faffd967a594ec1e7e.php (145).
[ 2016-05-27T21:57:49+08:00 ]NOTICE: Undefined index: pnameE:\wamp\www\Mall\Storage\view\compile\b0cef37a0386a1faffd967a594ec1e7e.php (142).
[ 2016-05-27T21:57:49+08:00 ]NOTICE: Invalid argument supplied for foreach()E:\wamp\www\Mall\Storage\view\compile\b0cef37a0386a1faffd967a594ec1e7e.php (145).
[ 2016-05-27T21:57:49+08:00 ]NOTICE: Undefined index: pnameE:\wamp\www\Mall\Storage\view\compile\b0cef37a0386a1faffd967a594ec1e7e.php (142).
[ 2016-05-27T21:57:49+08:00 ]NOTICE: Invalid argument supplied for foreach()E:\wamp\www\Mall\Storage\view\compile\b0cef37a0386a1faffd967a594ec1e7e.php (145).
[ 2016-05-27T22:01:33+08:00 ]NOTICE: Undefined index: valueE:\wamp\www\Mall\Storage\view\compile\b0cef37a0386a1faffd967a594ec1e7e.php (146).
[ 2016-05-27T22:01:33+08:00 ]NOTICE: Undefined index: valueE:\wamp\www\Mall\Storage\view\compile\b0cef37a0386a1faffd967a594ec1e7e.php (146).
[ 2016-05-27T22:01:33+08:00 ]NOTICE: Undefined index: valueE:\wamp\www\Mall\Storage\view\compile\b0cef37a0386a1faffd967a594ec1e7e.php (146).
[ 2016-05-27T22:01:33+08:00 ]NOTICE: Undefined index: valueE:\wamp\www\Mall\Storage\view\compile\b0cef37a0386a1faffd967a594ec1e7e.php (146).
[ 2016-05-27T22:01:33+08:00 ]NOTICE: Undefined index: valueE:\wamp\www\Mall\Storage\view\compile\b0cef37a0386a1faffd967a594ec1e7e.php (146).
[ 2016-05-27T22:01:33+08:00 ]NOTICE: Undefined index: valueE:\wamp\www\Mall\Storage\view\compile\b0cef37a0386a1faffd967a594ec1e7e.php (146).
[ 2016-05-27T22:01:33+08:00 ]NOTICE: Undefined index: valueE:\wamp\www\Mall\Storage\view\compile\b0cef37a0386a1faffd967a594ec1e7e.php (146).
[ 2016-05-27T22:01:33+08:00 ]NOTICE: Undefined index: valueE:\wamp\www\Mall\Storage\view\compile\b0cef37a0386a1faffd967a594ec1e7e.php (146).
[ 2016-05-27T22:01:33+08:00 ]NOTICE: Undefined index: valueE:\wamp\www\Mall\Storage\view\compile\b0cef37a0386a1faffd967a594ec1e7e.php (146).
[ 2016-05-27T22:01:33+08:00 ]NOTICE: Undefined index: valueE:\wamp\www\Mall\Storage\view\compile\b0cef37a0386a1faffd967a594ec1e7e.php (146).
[ 2016-05-27T22:01:33+08:00 ]NOTICE: Undefined index: valueE:\wamp\www\Mall\Storage\view\compile\b0cef37a0386a1faffd967a594ec1e7e.php (146).
[ 2016-05-27T22:01:33+08:00 ]NOTICE: Undefined index: valueE:\wamp\www\Mall\Storage\view\compile\b0cef37a0386a1faffd967a594ec1e7e.php (146).
[ 2016-05-27T22:01:33+08:00 ]NOTICE: Undefined index: valueE:\wamp\www\Mall\Storage\view\compile\b0cef37a0386a1faffd967a594ec1e7e.php (146).
[ 2016-05-27T22:01:33+08:00 ]NOTICE: Undefined index: valueE:\wamp\www\Mall\Storage\view\compile\b0cef37a0386a1faffd967a594ec1e7e.php (146).
[ 2016-05-27T22:01:33+08:00 ]NOTICE: Undefined index: valueE:\wamp\www\Mall\Storage\view\compile\b0cef37a0386a1faffd967a594ec1e7e.php (146).
[ 2016-05-27T22:01:33+08:00 ]NOTICE: Undefined index: valueE:\wamp\www\Mall\Storage\view\compile\b0cef37a0386a1faffd967a594ec1e7e.php (146).
[ 2016-05-27T22:01:33+08:00 ]NOTICE: Undefined index: valueE:\wamp\www\Mall\Storage\view\compile\b0cef37a0386a1faffd967a594ec1e7e.php (146).
[ 2016-05-27T22:01:33+08:00 ]NOTICE: Undefined index: valueE:\wamp\www\Mall\Storage\view\compile\b0cef37a0386a1faffd967a594ec1e7e.php (146).
[ 2016-05-27T22:01:33+08:00 ]NOTICE: Undefined index: valueE:\wamp\www\Mall\Storage\view\compile\b0cef37a0386a1faffd967a594ec1e7e.php (146).
[ 2016-05-27T22:01:33+08:00 ]NOTICE: Undefined index: valueE:\wamp\www\Mall\Storage\view\compile\b0cef37a0386a1faffd967a594ec1e7e.php (146).
[ 2016-05-27T22:01:33+08:00 ]NOTICE: Undefined index: valueE:\wamp\www\Mall\Storage\view\compile\b0cef37a0386a1faffd967a594ec1e7e.php (146).
[ 2016-05-27T22:01:33+08:00 ]NOTICE: Undefined index: valueE:\wamp\www\Mall\Storage\view\compile\b0cef37a0386a1faffd967a594ec1e7e.php (146).
[ 2016-05-27T22:01:33+08:00 ]NOTICE: Undefined index: valueE:\wamp\www\Mall\Storage\view\compile\b0cef37a0386a1faffd967a594ec1e7e.php (146).
[ 2016-05-27T22:01:33+08:00 ]NOTICE: Undefined index: valueE:\wamp\www\Mall\Storage\view\compile\b0cef37a0386a1faffd967a594ec1e7e.php (146).
[ 2016-05-27T22:01:33+08:00 ]NOTICE: Undefined index: valueE:\wamp\www\Mall\Storage\view\compile\b0cef37a0386a1faffd967a594ec1e7e.php (146).
[ 2016-05-27T22:01:33+08:00 ]NOTICE: Undefined index: valueE:\wamp\www\Mall\Storage\view\compile\b0cef37a0386a1faffd967a594ec1e7e.php (146).
[ 2016-05-27T22:01:33+08:00 ]NOTICE: Undefined index: valueE:\wamp\www\Mall\Storage\view\compile\b0cef37a0386a1faffd967a594ec1e7e.php (146).
[ 2016-05-27T22:01:33+08:00 ]NOTICE: Undefined index: valueE:\wamp\www\Mall\Storage\view\compile\b0cef37a0386a1faffd967a594ec1e7e.php (146).
[ 2016-05-27T22:01:33+08:00 ]NOTICE: Undefined index: valueE:\wamp\www\Mall\Storage\view\compile\b0cef37a0386a1faffd967a594ec1e7e.php (146).
[ 2016-05-27T22:01:33+08:00 ]NOTICE: Undefined index: valueE:\wamp\www\Mall\Storage\view\compile\b0cef37a0386a1faffd967a594ec1e7e.php (146).
[ 2016-05-27T22:01:33+08:00 ]NOTICE: Undefined index: valueE:\wamp\www\Mall\Storage\view\compile\b0cef37a0386a1faffd967a594ec1e7e.php (146).
[ 2016-05-27T22:01:33+08:00 ]NOTICE: Undefined index: valueE:\wamp\www\Mall\Storage\view\compile\b0cef37a0386a1faffd967a594ec1e7e.php (146).
[ 2016-05-27T22:01:33+08:00 ]NOTICE: Undefined index: valueE:\wamp\www\Mall\Storage\view\compile\b0cef37a0386a1faffd967a594ec1e7e.php (146).
[ 2016-05-27T22:01:33+08:00 ]NOTICE: Undefined index: valueE:\wamp\www\Mall\Storage\view\compile\b0cef37a0386a1faffd967a594ec1e7e.php (146).
[ 2016-05-27T22:01:33+08:00 ]NOTICE: Undefined index: valueE:\wamp\www\Mall\Storage\view\compile\b0cef37a0386a1faffd967a594ec1e7e.php (146).
[ 2016-05-27T22:01:33+08:00 ]NOTICE: Undefined index: valueE:\wamp\www\Mall\Storage\view\compile\b0cef37a0386a1faffd967a594ec1e7e.php (146).
[ 2016-05-27T22:01:33+08:00 ]NOTICE: Undefined index: valueE:\wamp\www\Mall\Storage\view\compile\b0cef37a0386a1faffd967a594ec1e7e.php (146).
[ 2016-05-27T22:01:33+08:00 ]NOTICE: Undefined index: valueE:\wamp\www\Mall\Storage\view\compile\b0cef37a0386a1faffd967a594ec1e7e.php (146).
[ 2016-05-27T22:01:33+08:00 ]NOTICE: Undefined index: valueE:\wamp\www\Mall\Storage\view\compile\b0cef37a0386a1faffd967a594ec1e7e.php (146).
[ 2016-05-27T22:01:33+08:00 ]NOTICE: Undefined index: valueE:\wamp\www\Mall\Storage\view\compile\b0cef37a0386a1faffd967a594ec1e7e.php (146).
[ 2016-05-27T22:01:33+08:00 ]NOTICE: Undefined index: valueE:\wamp\www\Mall\Storage\view\compile\b0cef37a0386a1faffd967a594ec1e7e.php (146).
[ 2016-05-27T22:01:33+08:00 ]NOTICE: Undefined index: valueE:\wamp\www\Mall\Storage\view\compile\b0cef37a0386a1faffd967a594ec1e7e.php (146).
[ 2016-05-27T22:01:33+08:00 ]NOTICE: Undefined index: valueE:\wamp\www\Mall\Storage\view\compile\b0cef37a0386a1faffd967a594ec1e7e.php (146).
[ 2016-05-27T22:01:33+08:00 ]NOTICE: Undefined index: valueE:\wamp\www\Mall\Storage\view\compile\b0cef37a0386a1faffd967a594ec1e7e.php (146).
[ 2016-05-27T22:01:33+08:00 ]NOTICE: Undefined index: valueE:\wamp\www\Mall\Storage\view\compile\b0cef37a0386a1faffd967a594ec1e7e.php (146).
[ 2016-05-27T22:01:33+08:00 ]NOTICE: Undefined index: valueE:\wamp\www\Mall\Storage\view\compile\b0cef37a0386a1faffd967a594ec1e7e.php (146).
[ 2016-05-27T22:01:33+08:00 ]NOTICE: Undefined index: valueE:\wamp\www\Mall\Storage\view\compile\b0cef37a0386a1faffd967a594ec1e7e.php (146).
[ 2016-05-27T22:01:33+08:00 ]NOTICE: Undefined index: valueE:\wamp\www\Mall\Storage\view\compile\b0cef37a0386a1faffd967a594ec1e7e.php (146).
[ 2016-05-27T22:01:33+08:00 ]NOTICE: Undefined index: valueE:\wamp\www\Mall\Storage\view\compile\b0cef37a0386a1faffd967a594ec1e7e.php (146).
[ 2016-05-27T22:01:33+08:00 ]NOTICE: Undefined index: valueE:\wamp\www\Mall\Storage\view\compile\b0cef37a0386a1faffd967a594ec1e7e.php (146).
[ 2016-05-27T22:01:33+08:00 ]NOTICE: Undefined index: valueE:\wamp\www\Mall\Storage\view\compile\b0cef37a0386a1faffd967a594ec1e7e.php (146).
[ 2016-05-27T22:01:33+08:00 ]NOTICE: Undefined index: valueE:\wamp\www\Mall\Storage\view\compile\b0cef37a0386a1faffd967a594ec1e7e.php (146).
[ 2016-05-27T22:01:33+08:00 ]NOTICE: Undefined index: valueE:\wamp\www\Mall\Storage\view\compile\b0cef37a0386a1faffd967a594ec1e7e.php (146).
[ 2016-05-27T22:01:33+08:00 ]NOTICE: Undefined index: valueE:\wamp\www\Mall\Storage\view\compile\b0cef37a0386a1faffd967a594ec1e7e.php (146).
[ 2016-05-27T22:01:33+08:00 ]NOTICE: Undefined index: valueE:\wamp\www\Mall\Storage\view\compile\b0cef37a0386a1faffd967a594ec1e7e.php (146).
[ 2016-05-27T22:01:33+08:00 ]NOTICE: Undefined index: valueE:\wamp\www\Mall\Storage\view\compile\b0cef37a0386a1faffd967a594ec1e7e.php (146).
[ 2016-05-27T22:01:33+08:00 ]NOTICE: Undefined index: valueE:\wamp\www\Mall\Storage\view\compile\b0cef37a0386a1faffd967a594ec1e7e.php (146).
[ 2016-05-27T22:01:33+08:00 ]NOTICE: Undefined index: valueE:\wamp\www\Mall\Storage\view\compile\b0cef37a0386a1faffd967a594ec1e7e.php (146).
[ 2016-05-27T22:01:33+08:00 ]NOTICE: Undefined index: valueE:\wamp\www\Mall\Storage\view\compile\b0cef37a0386a1faffd967a594ec1e7e.php (146).
[ 2016-05-27T22:01:33+08:00 ]NOTICE: Undefined index: valueE:\wamp\www\Mall\Storage\view\compile\b0cef37a0386a1faffd967a594ec1e7e.php (146).
[ 2016-05-27T22:01:33+08:00 ]NOTICE: Undefined index: valueE:\wamp\www\Mall\Storage\view\compile\b0cef37a0386a1faffd967a594ec1e7e.php (146).
[ 2016-05-27T22:01:33+08:00 ]NOTICE: Undefined index: valueE:\wamp\www\Mall\Storage\view\compile\b0cef37a0386a1faffd967a594ec1e7e.php (146).
[ 2016-05-27T22:01:33+08:00 ]NOTICE: Undefined index: valueE:\wamp\www\Mall\Storage\view\compile\b0cef37a0386a1faffd967a594ec1e7e.php (146).
[ 2016-05-27T22:01:33+08:00 ]NOTICE: Undefined index: valueE:\wamp\www\Mall\Storage\view\compile\b0cef37a0386a1faffd967a594ec1e7e.php (146).
[ 2016-05-27T22:01:33+08:00 ]NOTICE: Undefined index: valueE:\wamp\www\Mall\Storage\view\compile\b0cef37a0386a1faffd967a594ec1e7e.php (146).
[ 2016-05-27T22:01:33+08:00 ]NOTICE: Undefined index: valueE:\wamp\www\Mall\Storage\view\compile\b0cef37a0386a1faffd967a594ec1e7e.php (146).
[ 2016-05-27T22:01:33+08:00 ]NOTICE: Undefined index: valueE:\wamp\www\Mall\Storage\view\compile\b0cef37a0386a1faffd967a594ec1e7e.php (146).
[ 2016-05-27T22:01:33+08:00 ]NOTICE: Undefined index: valueE:\wamp\www\Mall\Storage\view\compile\b0cef37a0386a1faffd967a594ec1e7e.php (146).
[ 2016-05-27T22:01:33+08:00 ]NOTICE: Undefined index: valueE:\wamp\www\Mall\Storage\view\compile\b0cef37a0386a1faffd967a594ec1e7e.php (146).
[ 2016-05-27T22:01:33+08:00 ]NOTICE: Undefined index: valueE:\wamp\www\Mall\Storage\view\compile\b0cef37a0386a1faffd967a594ec1e7e.php (146).
[ 2016-05-27T22:01:33+08:00 ]NOTICE: Undefined index: valueE:\wamp\www\Mall\Storage\view\compile\b0cef37a0386a1faffd967a594ec1e7e.php (146).
[ 2016-05-27T22:01:33+08:00 ]NOTICE: Undefined index: valueE:\wamp\www\Mall\Storage\view\compile\b0cef37a0386a1faffd967a594ec1e7e.php (146).
[ 2016-05-27T22:01:33+08:00 ]NOTICE: Undefined index: valueE:\wamp\www\Mall\Storage\view\compile\b0cef37a0386a1faffd967a594ec1e7e.php (146).
[ 2016-05-27T22:01:33+08:00 ]NOTICE: Undefined index: valueE:\wamp\www\Mall\Storage\view\compile\b0cef37a0386a1faffd967a594ec1e7e.php (146).
[ 2016-05-27T22:01:33+08:00 ]NOTICE: Undefined index: valueE:\wamp\www\Mall\Storage\view\compile\b0cef37a0386a1faffd967a594ec1e7e.php (146).
[ 2016-05-27T22:01:33+08:00 ]NOTICE: Undefined index: valueE:\wamp\www\Mall\Storage\view\compile\b0cef37a0386a1faffd967a594ec1e7e.php (146).
[ 2016-05-27T22:01:33+08:00 ]NOTICE: Undefined index: valueE:\wamp\www\Mall\Storage\view\compile\b0cef37a0386a1faffd967a594ec1e7e.php (146).
[ 2016-05-27T22:01:33+08:00 ]NOTICE: Undefined index: valueE:\wamp\www\Mall\Storage\view\compile\b0cef37a0386a1faffd967a594ec1e7e.php (146).
[ 2016-05-27T22:01:33+08:00 ]NOTICE: Undefined index: valueE:\wamp\www\Mall\Storage\view\compile\b0cef37a0386a1faffd967a594ec1e7e.php (146).
[ 2016-05-27T22:01:33+08:00 ]NOTICE: Undefined index: valueE:\wamp\www\Mall\Storage\view\compile\b0cef37a0386a1faffd967a594ec1e7e.php (146).
[ 2016-05-27T22:01:33+08:00 ]NOTICE: Undefined index: valueE:\wamp\www\Mall\Storage\view\compile\b0cef37a0386a1faffd967a594ec1e7e.php (146).
[ 2016-05-27T22:01:33+08:00 ]NOTICE: Undefined index: valueE:\wamp\www\Mall\Storage\view\compile\b0cef37a0386a1faffd967a594ec1e7e.php (146).
[ 2016-05-27T22:01:33+08:00 ]NOTICE: Undefined index: valueE:\wamp\www\Mall\Storage\view\compile\b0cef37a0386a1faffd967a594ec1e7e.php (146).
[ 2016-05-27T22:01:33+08:00 ]NOTICE: Undefined index: valueE:\wamp\www\Mall\Storage\view\compile\b0cef37a0386a1faffd967a594ec1e7e.php (146).
[ 2016-05-27T22:01:33+08:00 ]NOTICE: Undefined index: valueE:\wamp\www\Mall\Storage\view\compile\b0cef37a0386a1faffd967a594ec1e7e.php (146).
[ 2016-05-27T22:01:33+08:00 ]NOTICE: Undefined index: valueE:\wamp\www\Mall\Storage\view\compile\b0cef37a0386a1faffd967a594ec1e7e.php (146).
[ 2016-05-27T22:01:33+08:00 ]NOTICE: Undefined index: valueE:\wamp\www\Mall\Storage\view\compile\b0cef37a0386a1faffd967a594ec1e7e.php (146).
[ 2016-05-27T22:01:33+08:00 ]NOTICE: Undefined index: valueE:\wamp\www\Mall\Storage\view\compile\b0cef37a0386a1faffd967a594ec1e7e.php (146).
[ 2016-05-27T22:01:33+08:00 ]NOTICE: Undefined index: valueE:\wamp\www\Mall\Storage\view\compile\b0cef37a0386a1faffd967a594ec1e7e.php (146).
[ 2016-05-27T22:01:33+08:00 ]NOTICE: Undefined index: valueE:\wamp\www\Mall\Storage\view\compile\b0cef37a0386a1faffd967a594ec1e7e.php (146).
[ 2016-05-27T22:01:33+08:00 ]NOTICE: Undefined index: valueE:\wamp\www\Mall\Storage\view\compile\b0cef37a0386a1faffd967a594ec1e7e.php (146).
[ 2016-05-27T22:01:33+08:00 ]NOTICE: Undefined index: valueE:\wamp\www\Mall\Storage\view\compile\b0cef37a0386a1faffd967a594ec1e7e.php (146).
[ 2016-05-27T22:01:33+08:00 ]NOTICE: Undefined index: valueE:\wamp\www\Mall\Storage\view\compile\b0cef37a0386a1faffd967a594ec1e7e.php (146).
[ 2016-05-27T22:01:33+08:00 ]NOTICE: Undefined index: valueE:\wamp\www\Mall\Storage\view\compile\b0cef37a0386a1faffd967a594ec1e7e.php (146).
[ 2016-05-27T22:01:33+08:00 ]NOTICE: Undefined index: valueE:\wamp\www\Mall\Storage\view\compile\b0cef37a0386a1faffd967a594ec1e7e.php (146).
[ 2016-05-27T22:01:33+08:00 ]NOTICE: Undefined index: valueE:\wamp\www\Mall\Storage\view\compile\b0cef37a0386a1faffd967a594ec1e7e.php (146).
[ 2016-05-27T22:01:33+08:00 ]NOTICE: Undefined index: valueE:\wamp\www\Mall\Storage\view\compile\b0cef37a0386a1faffd967a594ec1e7e.php (146).
[ 2016-05-27T22:01:33+08:00 ]NOTICE: Undefined index: valueE:\wamp\www\Mall\Storage\view\compile\b0cef37a0386a1faffd967a594ec1e7e.php (146).
[ 2016-05-27T22:01:33+08:00 ]NOTICE: Undefined index: valueE:\wamp\www\Mall\Storage\view\compile\b0cef37a0386a1faffd967a594ec1e7e.php (146).
[ 2016-05-27T22:01:33+08:00 ]NOTICE: Undefined index: valueE:\wamp\www\Mall\Storage\view\compile\b0cef37a0386a1faffd967a594ec1e7e.php (146).
[ 2016-05-27T22:01:33+08:00 ]NOTICE: Undefined index: valueE:\wamp\www\Mall\Storage\view\compile\b0cef37a0386a1faffd967a594ec1e7e.php (146).
[ 2016-05-27T22:01:33+08:00 ]NOTICE: Undefined index: valueE:\wamp\www\Mall\Storage\view\compile\b0cef37a0386a1faffd967a594ec1e7e.php (146).
[ 2016-05-27T22:01:33+08:00 ]NOTICE: Undefined index: valueE:\wamp\www\Mall\Storage\view\compile\b0cef37a0386a1faffd967a594ec1e7e.php (146).
[ 2016-05-27T22:01:33+08:00 ]NOTICE: Undefined index: valueE:\wamp\www\Mall\Storage\view\compile\b0cef37a0386a1faffd967a594ec1e7e.php (146).
[ 2016-05-27T22:01:33+08:00 ]NOTICE: Undefined index: valueE:\wamp\www\Mall\Storage\view\compile\b0cef37a0386a1faffd967a594ec1e7e.php (146).
[ 2016-05-27T22:01:33+08:00 ]NOTICE: Undefined index: valueE:\wamp\www\Mall\Storage\view\compile\b0cef37a0386a1faffd967a594ec1e7e.php (146).
[ 2016-05-27T22:01:33+08:00 ]NOTICE: Undefined index: valueE:\wamp\www\Mall\Storage\view\compile\b0cef37a0386a1faffd967a594ec1e7e.php (146).
[ 2016-05-27T22:01:33+08:00 ]NOTICE: Undefined index: valueE:\wamp\www\Mall\Storage\view\compile\b0cef37a0386a1faffd967a594ec1e7e.php (146).
[ 2016-05-27T22:01:33+08:00 ]NOTICE: Undefined index: valueE:\wamp\www\Mall\Storage\view\compile\b0cef37a0386a1faffd967a594ec1e7e.php (146).
[ 2016-05-27T22:01:33+08:00 ]NOTICE: Undefined index: valueE:\wamp\www\Mall\Storage\view\compile\b0cef37a0386a1faffd967a594ec1e7e.php (146).
[ 2016-05-27T22:01:33+08:00 ]NOTICE: Undefined index: valueE:\wamp\www\Mall\Storage\view\compile\b0cef37a0386a1faffd967a594ec1e7e.php (146).
[ 2016-05-27T22:01:33+08:00 ]NOTICE: Undefined index: valueE:\wamp\www\Mall\Storage\view\compile\b0cef37a0386a1faffd967a594ec1e7e.php (146).
[ 2016-05-27T22:01:33+08:00 ]NOTICE: Undefined index: valueE:\wamp\www\Mall\Storage\view\compile\b0cef37a0386a1faffd967a594ec1e7e.php (146).
[ 2016-05-27T22:01:33+08:00 ]NOTICE: Undefined index: valueE:\wamp\www\Mall\Storage\view\compile\b0cef37a0386a1faffd967a594ec1e7e.php (146).
[ 2016-05-27T22:01:33+08:00 ]NOTICE: Undefined index: valueE:\wamp\www\Mall\Storage\view\compile\b0cef37a0386a1faffd967a594ec1e7e.php (146).
[ 2016-05-27T22:01:33+08:00 ]NOTICE: Undefined index: valueE:\wamp\www\Mall\Storage\view\compile\b0cef37a0386a1faffd967a594ec1e7e.php (146).
[ 2016-05-27T22:01:33+08:00 ]NOTICE: Undefined index: valueE:\wamp\www\Mall\Storage\view\compile\b0cef37a0386a1faffd967a594ec1e7e.php (146).
[ 2016-05-27T22:01:33+08:00 ]NOTICE: Undefined index: valueE:\wamp\www\Mall\Storage\view\compile\b0cef37a0386a1faffd967a594ec1e7e.php (146).
[ 2016-05-27T22:01:33+08:00 ]NOTICE: Undefined index: valueE:\wamp\www\Mall\Storage\view\compile\b0cef37a0386a1faffd967a594ec1e7e.php (146).
[ 2016-05-27T22:01:33+08:00 ]NOTICE: Undefined index: valueE:\wamp\www\Mall\Storage\view\compile\b0cef37a0386a1faffd967a594ec1e7e.php (146).
[ 2016-05-27T22:01:33+08:00 ]NOTICE: Undefined index: valueE:\wamp\www\Mall\Storage\view\compile\b0cef37a0386a1faffd967a594ec1e7e.php (146).
[ 2016-05-27T22:01:33+08:00 ]NOTICE: Undefined index: valueE:\wamp\www\Mall\Storage\view\compile\b0cef37a0386a1faffd967a594ec1e7e.php (146).
[ 2016-05-27T22:01:33+08:00 ]NOTICE: Undefined index: valueE:\wamp\www\Mall\Storage\view\compile\b0cef37a0386a1faffd967a594ec1e7e.php (146).
[ 2016-05-27T22:01:33+08:00 ]NOTICE: Undefined index: valueE:\wamp\www\Mall\Storage\view\compile\b0cef37a0386a1faffd967a594ec1e7e.php (146).
[ 2016-05-27T22:01:33+08:00 ]NOTICE: Undefined index: valueE:\wamp\www\Mall\Storage\view\compile\b0cef37a0386a1faffd967a594ec1e7e.php (146).
[ 2016-05-27T22:01:33+08:00 ]NOTICE: Undefined index: valueE:\wamp\www\Mall\Storage\view\compile\b0cef37a0386a1faffd967a594ec1e7e.php (146).
[ 2016-05-27T22:01:33+08:00 ]NOTICE: Undefined index: valueE:\wamp\www\Mall\Storage\view\compile\b0cef37a0386a1faffd967a594ec1e7e.php (146).
[ 2016-05-27T22:01:33+08:00 ]NOTICE: Undefined index: valueE:\wamp\www\Mall\Storage\view\compile\b0cef37a0386a1faffd967a594ec1e7e.php (146).
[ 2016-05-27T22:01:33+08:00 ]NOTICE: Undefined index: valueE:\wamp\www\Mall\Storage\view\compile\b0cef37a0386a1faffd967a594ec1e7e.php (146).
[ 2016-05-27T22:01:33+08:00 ]NOTICE: Undefined index: valueE:\wamp\www\Mall\Storage\view\compile\b0cef37a0386a1faffd967a594ec1e7e.php (146).
[ 2016-05-27T22:01:33+08:00 ]NOTICE: Undefined index: valueE:\wamp\www\Mall\Storage\view\compile\b0cef37a0386a1faffd967a594ec1e7e.php (146).
[ 2016-05-27T22:01:33+08:00 ]NOTICE: Undefined index: valueE:\wamp\www\Mall\Storage\view\compile\b0cef37a0386a1faffd967a594ec1e7e.php (146).
[ 2016-05-27T22:01:33+08:00 ]NOTICE: Undefined index: valueE:\wamp\www\Mall\Storage\view\compile\b0cef37a0386a1faffd967a594ec1e7e.php (146).
[ 2016-05-27T22:01:33+08:00 ]NOTICE: Undefined index: valueE:\wamp\www\Mall\Storage\view\compile\b0cef37a0386a1faffd967a594ec1e7e.php (146).
[ 2016-05-27T22:01:33+08:00 ]NOTICE: Undefined index: valueE:\wamp\www\Mall\Storage\view\compile\b0cef37a0386a1faffd967a594ec1e7e.php (146).
[ 2016-05-27T22:01:33+08:00 ]NOTICE: Undefined index: valueE:\wamp\www\Mall\Storage\view\compile\b0cef37a0386a1faffd967a594ec1e7e.php (146).
[ 2016-05-27T22:01:33+08:00 ]NOTICE: Undefined index: valueE:\wamp\www\Mall\Storage\view\compile\b0cef37a0386a1faffd967a594ec1e7e.php (146).
[ 2016-05-27T22:01:33+08:00 ]NOTICE: Undefined index: valueE:\wamp\www\Mall\Storage\view\compile\b0cef37a0386a1faffd967a594ec1e7e.php (146).
[ 2016-05-27T22:01:33+08:00 ]NOTICE: Undefined index: valueE:\wamp\www\Mall\Storage\view\compile\b0cef37a0386a1faffd967a594ec1e7e.php (146).
[ 2016-05-27T22:01:33+08:00 ]NOTICE: Undefined index: valueE:\wamp\www\Mall\Storage\view\compile\b0cef37a0386a1faffd967a594ec1e7e.php (146).
[ 2016-05-27T22:01:33+08:00 ]NOTICE: Undefined index: valueE:\wamp\www\Mall\Storage\view\compile\b0cef37a0386a1faffd967a594ec1e7e.php (146).
[ 2016-05-27T22:01:33+08:00 ]NOTICE: Undefined index: valueE:\wamp\www\Mall\Storage\view\compile\b0cef37a0386a1faffd967a594ec1e7e.php (146).
[ 2016-05-27T22:01:33+08:00 ]NOTICE: Undefined index: valueE:\wamp\www\Mall\Storage\view\compile\b0cef37a0386a1faffd967a594ec1e7e.php (146).
[ 2016-05-27T22:01:33+08:00 ]NOTICE: Undefined index: valueE:\wamp\www\Mall\Storage\view\compile\b0cef37a0386a1faffd967a594ec1e7e.php (146).
[ 2016-05-27T22:01:33+08:00 ]NOTICE: Undefined index: valueE:\wamp\www\Mall\Storage\view\compile\b0cef37a0386a1faffd967a594ec1e7e.php (146).
[ 2016-05-27T22:01:33+08:00 ]NOTICE: Undefined index: valueE:\wamp\www\Mall\Storage\view\compile\b0cef37a0386a1faffd967a594ec1e7e.php (146).
[ 2016-05-27T22:01:33+08:00 ]NOTICE: Undefined index: valueE:\wamp\www\Mall\Storage\view\compile\b0cef37a0386a1faffd967a594ec1e7e.php (146).
[ 2016-05-27T22:01:33+08:00 ]NOTICE: Undefined index: valueE:\wamp\www\Mall\Storage\view\compile\b0cef37a0386a1faffd967a594ec1e7e.php (146).
[ 2016-05-27T22:01:33+08:00 ]NOTICE: Undefined index: valueE:\wamp\www\Mall\Storage\view\compile\b0cef37a0386a1faffd967a594ec1e7e.php (146).
[ 2016-05-27T22:01:33+08:00 ]NOTICE: Undefined index: valueE:\wamp\www\Mall\Storage\view\compile\b0cef37a0386a1faffd967a594ec1e7e.php (146).
[ 2016-05-27T22:01:33+08:00 ]NOTICE: Undefined index: valueE:\wamp\www\Mall\Storage\view\compile\b0cef37a0386a1faffd967a594ec1e7e.php (146).
[ 2016-05-27T22:01:33+08:00 ]NOTICE: Undefined index: valueE:\wamp\www\Mall\Storage\view\compile\b0cef37a0386a1faffd967a594ec1e7e.php (146).
[ 2016-05-27T22:01:34+08:00 ]NOTICE: Undefined index: valueE:\wamp\www\Mall\Storage\view\compile\b0cef37a0386a1faffd967a594ec1e7e.php (146).
[ 2016-05-27T22:01:34+08:00 ]NOTICE: Undefined index: valueE:\wamp\www\Mall\Storage\view\compile\b0cef37a0386a1faffd967a594ec1e7e.php (146).
[ 2016-05-27T22:01:34+08:00 ]NOTICE: Undefined index: valueE:\wamp\www\Mall\Storage\view\compile\b0cef37a0386a1faffd967a594ec1e7e.php (146).
[ 2016-05-27T22:01:34+08:00 ]NOTICE: Undefined index: valueE:\wamp\www\Mall\Storage\view\compile\b0cef37a0386a1faffd967a594ec1e7e.php (146).
[ 2016-05-27T22:01:34+08:00 ]NOTICE: Undefined index: valueE:\wamp\www\Mall\Storage\view\compile\b0cef37a0386a1faffd967a594ec1e7e.php (146).
[ 2016-05-27T22:01:34+08:00 ]NOTICE: Undefined index: valueE:\wamp\www\Mall\Storage\view\compile\b0cef37a0386a1faffd967a594ec1e7e.php (146).
[ 2016-05-27T22:01:34+08:00 ]NOTICE: Undefined index: valueE:\wamp\www\Mall\Storage\view\compile\b0cef37a0386a1faffd967a594ec1e7e.php (146).
[ 2016-05-27T22:01:34+08:00 ]NOTICE: Undefined index: valueE:\wamp\www\Mall\Storage\view\compile\b0cef37a0386a1faffd967a594ec1e7e.php (146).
[ 2016-05-27T22:01:34+08:00 ]NOTICE: Undefined index: valueE:\wamp\www\Mall\Storage\view\compile\b0cef37a0386a1faffd967a594ec1e7e.php (146).
[ 2016-05-27T22:01:34+08:00 ]NOTICE: Undefined index: valueE:\wamp\www\Mall\Storage\view\compile\b0cef37a0386a1faffd967a594ec1e7e.php (146).
[ 2016-05-27T22:01:34+08:00 ]NOTICE: Undefined index: valueE:\wamp\www\Mall\Storage\view\compile\b0cef37a0386a1faffd967a594ec1e7e.php (146).
[ 2016-05-27T22:01:34+08:00 ]NOTICE: Undefined index: valueE:\wamp\www\Mall\Storage\view\compile\b0cef37a0386a1faffd967a594ec1e7e.php (146).
[ 2016-05-27T22:01:34+08:00 ]NOTICE: Undefined index: valueE:\wamp\www\Mall\Storage\view\compile\b0cef37a0386a1faffd967a594ec1e7e.php (146).
[ 2016-05-27T22:01:34+08:00 ]NOTICE: Undefined index: valueE:\wamp\www\Mall\Storage\view\compile\b0cef37a0386a1faffd967a594ec1e7e.php (146).
[ 2016-05-27T22:01:34+08:00 ]NOTICE: Undefined index: valueE:\wamp\www\Mall\Storage\view\compile\b0cef37a0386a1faffd967a594ec1e7e.php (146).
[ 2016-05-27T22:01:34+08:00 ]NOTICE: Undefined index: valueE:\wamp\www\Mall\Storage\view\compile\b0cef37a0386a1faffd967a594ec1e7e.php (146).
[ 2016-05-27T22:01:34+08:00 ]NOTICE: Undefined index: valueE:\wamp\www\Mall\Storage\view\compile\b0cef37a0386a1faffd967a594ec1e7e.php (146).
[ 2016-05-27T22:01:34+08:00 ]NOTICE: Undefined index: valueE:\wamp\www\Mall\Storage\view\compile\b0cef37a0386a1faffd967a594ec1e7e.php (146).
[ 2016-05-27T22:01:34+08:00 ]NOTICE: Undefined index: valueE:\wamp\www\Mall\Storage\view\compile\b0cef37a0386a1faffd967a594ec1e7e.php (146).
[ 2016-05-27T22:01:34+08:00 ]NOTICE: Undefined index: valueE:\wamp\www\Mall\Storage\view\compile\b0cef37a0386a1faffd967a594ec1e7e.php (146).
[ 2016-05-27T22:01:34+08:00 ]NOTICE: Undefined index: valueE:\wamp\www\Mall\Storage\view\compile\b0cef37a0386a1faffd967a594ec1e7e.php (146).
[ 2016-05-27T22:01:34+08:00 ]NOTICE: Undefined index: valueE:\wamp\www\Mall\Storage\view\compile\b0cef37a0386a1faffd967a594ec1e7e.php (146).
[ 2016-05-27T22:01:34+08:00 ]NOTICE: Undefined index: valueE:\wamp\www\Mall\Storage\view\compile\b0cef37a0386a1faffd967a594ec1e7e.php (146).
[ 2016-05-27T22:01:34+08:00 ]NOTICE: Undefined index: valueE:\wamp\www\Mall\Storage\view\compile\b0cef37a0386a1faffd967a594ec1e7e.php (146).
[ 2016-05-27T22:01:34+08:00 ]NOTICE: Undefined index: valueE:\wamp\www\Mall\Storage\view\compile\b0cef37a0386a1faffd967a594ec1e7e.php (146).
[ 2016-05-27T22:01:34+08:00 ]NOTICE: Undefined index: valueE:\wamp\www\Mall\Storage\view\compile\b0cef37a0386a1faffd967a594ec1e7e.php (146).
[ 2016-05-27T22:01:34+08:00 ]NOTICE: Undefined index: valueE:\wamp\www\Mall\Storage\view\compile\b0cef37a0386a1faffd967a594ec1e7e.php (146).
[ 2016-05-27T22:01:34+08:00 ]NOTICE: Undefined index: valueE:\wamp\www\Mall\Storage\view\compile\b0cef37a0386a1faffd967a594ec1e7e.php (146).
[ 2016-05-27T22:01:34+08:00 ]NOTICE: Undefined index: valueE:\wamp\www\Mall\Storage\view\compile\b0cef37a0386a1faffd967a594ec1e7e.php (146).
[ 2016-05-27T22:01:34+08:00 ]NOTICE: Undefined index: valueE:\wamp\www\Mall\Storage\view\compile\b0cef37a0386a1faffd967a594ec1e7e.php (146).
[ 2016-05-27T22:01:34+08:00 ]NOTICE: Undefined index: valueE:\wamp\www\Mall\Storage\view\compile\b0cef37a0386a1faffd967a594ec1e7e.php (146).
[ 2016-05-27T22:01:34+08:00 ]NOTICE: Undefined index: valueE:\wamp\www\Mall\Storage\view\compile\b0cef37a0386a1faffd967a594ec1e7e.php (146).
[ 2016-05-27T22:01:34+08:00 ]NOTICE: Undefined index: valueE:\wamp\www\Mall\Storage\view\compile\b0cef37a0386a1faffd967a594ec1e7e.php (146).
[ 2016-05-27T22:01:34+08:00 ]NOTICE: Undefined index: valueE:\wamp\www\Mall\Storage\view\compile\b0cef37a0386a1faffd967a594ec1e7e.php (146).
[ 2016-05-27T22:01:34+08:00 ]NOTICE: Undefined index: valueE:\wamp\www\Mall\Storage\view\compile\b0cef37a0386a1faffd967a594ec1e7e.php (146).
[ 2016-05-27T22:01:34+08:00 ]NOTICE: Undefined index: valueE:\wamp\www\Mall\Storage\view\compile\b0cef37a0386a1faffd967a594ec1e7e.php (146).
[ 2016-05-27T22:01:34+08:00 ]NOTICE: Undefined index: valueE:\wamp\www\Mall\Storage\view\compile\b0cef37a0386a1faffd967a594ec1e7e.php (146).
[ 2016-05-27T22:01:34+08:00 ]NOTICE: Undefined index: valueE:\wamp\www\Mall\Storage\view\compile\b0cef37a0386a1faffd967a594ec1e7e.php (146).
[ 2016-05-27T22:01:34+08:00 ]NOTICE: Undefined index: valueE:\wamp\www\Mall\Storage\view\compile\b0cef37a0386a1faffd967a594ec1e7e.php (146).
[ 2016-05-27T22:01:34+08:00 ]NOTICE: Undefined index: valueE:\wamp\www\Mall\Storage\view\compile\b0cef37a0386a1faffd967a594ec1e7e.php (146).
[ 2016-05-27T22:01:34+08:00 ]NOTICE: Undefined index: valueE:\wamp\www\Mall\Storage\view\compile\b0cef37a0386a1faffd967a594ec1e7e.php (146).
[ 2016-05-27T22:01:34+08:00 ]NOTICE: Undefined index: valueE:\wamp\www\Mall\Storage\view\compile\b0cef37a0386a1faffd967a594ec1e7e.php (146).
[ 2016-05-27T22:01:34+08:00 ]NOTICE: Undefined index: valueE:\wamp\www\Mall\Storage\view\compile\b0cef37a0386a1faffd967a594ec1e7e.php (146).
[ 2016-05-27T22:01:34+08:00 ]NOTICE: Undefined index: valueE:\wamp\www\Mall\Storage\view\compile\b0cef37a0386a1faffd967a594ec1e7e.php (146).
[ 2016-05-27T22:01:34+08:00 ]NOTICE: Undefined index: valueE:\wamp\www\Mall\Storage\view\compile\b0cef37a0386a1faffd967a594ec1e7e.php (146).
[ 2016-05-27T22:01:34+08:00 ]NOTICE: Undefined index: valueE:\wamp\www\Mall\Storage\view\compile\b0cef37a0386a1faffd967a594ec1e7e.php (146).
[ 2016-05-27T22:01:34+08:00 ]NOTICE: Undefined index: valueE:\wamp\www\Mall\Storage\view\compile\b0cef37a0386a1faffd967a594ec1e7e.php (146).
[ 2016-05-27T22:01:34+08:00 ]NOTICE: Undefined index: valueE:\wamp\www\Mall\Storage\view\compile\b0cef37a0386a1faffd967a594ec1e7e.php (146).
[ 2016-05-27T22:01:34+08:00 ]NOTICE: Undefined index: valueE:\wamp\www\Mall\Storage\view\compile\b0cef37a0386a1faffd967a594ec1e7e.php (146).
[ 2016-05-27T22:01:34+08:00 ]NOTICE: Undefined index: valueE:\wamp\www\Mall\Storage\view\compile\b0cef37a0386a1faffd967a594ec1e7e.php (146).
[ 2016-05-27T22:01:34+08:00 ]NOTICE: Undefined index: valueE:\wamp\www\Mall\Storage\view\compile\b0cef37a0386a1faffd967a594ec1e7e.php (146).
[ 2016-05-27T22:01:34+08:00 ]NOTICE: Undefined index: valueE:\wamp\www\Mall\Storage\view\compile\b0cef37a0386a1faffd967a594ec1e7e.php (146).
[ 2016-05-27T22:01:34+08:00 ]NOTICE: Undefined index: valueE:\wamp\www\Mall\Storage\view\compile\b0cef37a0386a1faffd967a594ec1e7e.php (146).
[ 2016-05-27T22:01:34+08:00 ]NOTICE: Undefined index: valueE:\wamp\www\Mall\Storage\view\compile\b0cef37a0386a1faffd967a594ec1e7e.php (146).
[ 2016-05-27T22:01:34+08:00 ]NOTICE: Undefined index: valueE:\wamp\www\Mall\Storage\view\compile\b0cef37a0386a1faffd967a594ec1e7e.php (146).
[ 2016-05-27T22:01:34+08:00 ]NOTICE: Undefined index: valueE:\wamp\www\Mall\Storage\view\compile\b0cef37a0386a1faffd967a594ec1e7e.php (146).
[ 2016-05-27T22:01:34+08:00 ]NOTICE: Undefined index: valueE:\wamp\www\Mall\Storage\view\compile\b0cef37a0386a1faffd967a594ec1e7e.php (146).
[ 2016-05-27T22:01:34+08:00 ]NOTICE: Undefined index: valueE:\wamp\www\Mall\Storage\view\compile\b0cef37a0386a1faffd967a594ec1e7e.php (146).
[ 2016-05-27T22:01:34+08:00 ]NOTICE: Undefined index: valueE:\wamp\www\Mall\Storage\view\compile\b0cef37a0386a1faffd967a594ec1e7e.php (146).
[ 2016-05-27T22:01:34+08:00 ]NOTICE: Undefined index: valueE:\wamp\www\Mall\Storage\view\compile\b0cef37a0386a1faffd967a594ec1e7e.php (146).
[ 2016-05-27T22:01:34+08:00 ]NOTICE: Undefined index: valueE:\wamp\www\Mall\Storage\view\compile\b0cef37a0386a1faffd967a594ec1e7e.php (146).
[ 2016-05-27T22:01:34+08:00 ]NOTICE: Undefined index: valueE:\wamp\www\Mall\Storage\view\compile\b0cef37a0386a1faffd967a594ec1e7e.php (146).
[ 2016-05-27T22:01:34+08:00 ]NOTICE: Undefined index: valueE:\wamp\www\Mall\Storage\view\compile\b0cef37a0386a1faffd967a594ec1e7e.php (146).
[ 2016-05-27T22:01:34+08:00 ]NOTICE: Undefined index: valueE:\wamp\www\Mall\Storage\view\compile\b0cef37a0386a1faffd967a594ec1e7e.php (146).
[ 2016-05-27T22:01:34+08:00 ]NOTICE: Undefined index: valueE:\wamp\www\Mall\Storage\view\compile\b0cef37a0386a1faffd967a594ec1e7e.php (146).
[ 2016-05-27T22:01:34+08:00 ]NOTICE: Undefined index: valueE:\wamp\www\Mall\Storage\view\compile\b0cef37a0386a1faffd967a594ec1e7e.php (146).
[ 2016-05-27T22:01:34+08:00 ]NOTICE: Undefined index: valueE:\wamp\www\Mall\Storage\view\compile\b0cef37a0386a1faffd967a594ec1e7e.php (146).
[ 2016-05-27T22:01:34+08:00 ]NOTICE: Undefined index: valueE:\wamp\www\Mall\Storage\view\compile\b0cef37a0386a1faffd967a594ec1e7e.php (146).
[ 2016-05-27T22:01:34+08:00 ]NOTICE: Undefined index: valueE:\wamp\www\Mall\Storage\view\compile\b0cef37a0386a1faffd967a594ec1e7e.php (146).
[ 2016-05-27T22:01:34+08:00 ]NOTICE: Undefined index: valueE:\wamp\www\Mall\Storage\view\compile\b0cef37a0386a1faffd967a594ec1e7e.php (146).
[ 2016-05-27T22:01:34+08:00 ]NOTICE: Undefined index: valueE:\wamp\www\Mall\Storage\view\compile\b0cef37a0386a1faffd967a594ec1e7e.php (146).
[ 2016-05-27T22:01:34+08:00 ]NOTICE: Undefined index: valueE:\wamp\www\Mall\Storage\view\compile\b0cef37a0386a1faffd967a594ec1e7e.php (146).
[ 2016-05-27T22:01:34+08:00 ]NOTICE: Undefined index: valueE:\wamp\www\Mall\Storage\view\compile\b0cef37a0386a1faffd967a594ec1e7e.php (146).
[ 2016-05-27T22:01:34+08:00 ]NOTICE: Undefined index: valueE:\wamp\www\Mall\Storage\view\compile\b0cef37a0386a1faffd967a594ec1e7e.php (146).
[ 2016-05-27T22:01:34+08:00 ]NOTICE: Undefined index: valueE:\wamp\www\Mall\Storage\view\compile\b0cef37a0386a1faffd967a594ec1e7e.php (146).
[ 2016-05-27T22:01:34+08:00 ]NOTICE: Undefined index: valueE:\wamp\www\Mall\Storage\view\compile\b0cef37a0386a1faffd967a594ec1e7e.php (146).
[ 2016-05-27T22:01:34+08:00 ]NOTICE: Undefined index: valueE:\wamp\www\Mall\Storage\view\compile\b0cef37a0386a1faffd967a594ec1e7e.php (146).
[ 2016-05-27T22:01:34+08:00 ]NOTICE: Undefined index: valueE:\wamp\www\Mall\Storage\view\compile\b0cef37a0386a1faffd967a594ec1e7e.php (146).
[ 2016-05-27T22:01:34+08:00 ]NOTICE: Undefined index: valueE:\wamp\www\Mall\Storage\view\compile\b0cef37a0386a1faffd967a594ec1e7e.php (146).
[ 2016-05-27T22:01:34+08:00 ]NOTICE: Undefined index: valueE:\wamp\www\Mall\Storage\view\compile\b0cef37a0386a1faffd967a594ec1e7e.php (146).
[ 2016-05-27T22:01:34+08:00 ]NOTICE: Undefined index: valueE:\wamp\www\Mall\Storage\view\compile\b0cef37a0386a1faffd967a594ec1e7e.php (146).
[ 2016-05-27T22:01:34+08:00 ]NOTICE: Undefined index: valueE:\wamp\www\Mall\Storage\view\compile\b0cef37a0386a1faffd967a594ec1e7e.php (146).
[ 2016-05-27T22:01:34+08:00 ]NOTICE: Undefined index: valueE:\wamp\www\Mall\Storage\view\compile\b0cef37a0386a1faffd967a594ec1e7e.php (146).
[ 2016-05-27T22:01:34+08:00 ]NOTICE: Undefined index: valueE:\wamp\www\Mall\Storage\view\compile\b0cef37a0386a1faffd967a594ec1e7e.php (146).
[ 2016-05-27T22:01:34+08:00 ]NOTICE: Undefined index: valueE:\wamp\www\Mall\Storage\view\compile\b0cef37a0386a1faffd967a594ec1e7e.php (146).
[ 2016-05-27T22:01:34+08:00 ]NOTICE: Undefined index: valueE:\wamp\www\Mall\Storage\view\compile\b0cef37a0386a1faffd967a594ec1e7e.php (146).
[ 2016-05-27T22:01:34+08:00 ]NOTICE: Undefined index: valueE:\wamp\www\Mall\Storage\view\compile\b0cef37a0386a1faffd967a594ec1e7e.php (146).
[ 2016-05-27T22:01:34+08:00 ]NOTICE: Undefined index: valueE:\wamp\www\Mall\Storage\view\compile\b0cef37a0386a1faffd967a594ec1e7e.php (146).
[ 2016-05-27T22:01:34+08:00 ]NOTICE: Undefined index: valueE:\wamp\www\Mall\Storage\view\compile\b0cef37a0386a1faffd967a594ec1e7e.php (146).
[ 2016-05-27T22:01:34+08:00 ]NOTICE: Undefined index: valueE:\wamp\www\Mall\Storage\view\compile\b0cef37a0386a1faffd967a594ec1e7e.php (146).
[ 2016-05-27T22:01:34+08:00 ]NOTICE: Undefined index: valueE:\wamp\www\Mall\Storage\view\compile\b0cef37a0386a1faffd967a594ec1e7e.php (146).
[ 2016-05-27T22:01:34+08:00 ]NOTICE: Undefined index: valueE:\wamp\www\Mall\Storage\view\compile\b0cef37a0386a1faffd967a594ec1e7e.php (146).
[ 2016-05-27T22:01:34+08:00 ]NOTICE: Undefined index: valueE:\wamp\www\Mall\Storage\view\compile\b0cef37a0386a1faffd967a594ec1e7e.php (146).
[ 2016-05-27T22:01:34+08:00 ]NOTICE: Undefined index: valueE:\wamp\www\Mall\Storage\view\compile\b0cef37a0386a1faffd967a594ec1e7e.php (146).
[ 2016-05-27T22:01:34+08:00 ]NOTICE: Undefined index: valueE:\wamp\www\Mall\Storage\view\compile\b0cef37a0386a1faffd967a594ec1e7e.php (146).
[ 2016-05-27T22:01:34+08:00 ]NOTICE: Undefined index: valueE:\wamp\www\Mall\Storage\view\compile\b0cef37a0386a1faffd967a594ec1e7e.php (146).
[ 2016-05-27T22:01:34+08:00 ]NOTICE: Undefined index: valueE:\wamp\www\Mall\Storage\view\compile\b0cef37a0386a1faffd967a594ec1e7e.php (146).
[ 2016-05-27T22:01:34+08:00 ]NOTICE: Undefined index: valueE:\wamp\www\Mall\Storage\view\compile\b0cef37a0386a1faffd967a594ec1e7e.php (146).
[ 2016-05-27T22:01:34+08:00 ]NOTICE: Undefined index: valueE:\wamp\www\Mall\Storage\view\compile\b0cef37a0386a1faffd967a594ec1e7e.php (146).
[ 2016-05-27T22:01:34+08:00 ]NOTICE: Undefined index: valueE:\wamp\www\Mall\Storage\view\compile\b0cef37a0386a1faffd967a594ec1e7e.php (146).
[ 2016-05-27T22:01:34+08:00 ]NOTICE: Undefined index: valueE:\wamp\www\Mall\Storage\view\compile\b0cef37a0386a1faffd967a594ec1e7e.php (146).
[ 2016-05-27T22:01:34+08:00 ]NOTICE: Undefined index: valueE:\wamp\www\Mall\Storage\view\compile\b0cef37a0386a1faffd967a594ec1e7e.php (146).
[ 2016-05-27T22:01:34+08:00 ]NOTICE: Undefined index: valueE:\wamp\www\Mall\Storage\view\compile\b0cef37a0386a1faffd967a594ec1e7e.php (146).
[ 2016-05-27T22:01:34+08:00 ]NOTICE: Undefined index: valueE:\wamp\www\Mall\Storage\view\compile\b0cef37a0386a1faffd967a594ec1e7e.php (146).
[ 2016-05-27T22:01:34+08:00 ]NOTICE: Undefined index: valueE:\wamp\www\Mall\Storage\view\compile\b0cef37a0386a1faffd967a594ec1e7e.php (146).
[ 2016-05-27T22:01:34+08:00 ]NOTICE: Undefined index: valueE:\wamp\www\Mall\Storage\view\compile\b0cef37a0386a1faffd967a594ec1e7e.php (146).
[ 2016-05-27T22:01:34+08:00 ]NOTICE: Undefined index: valueE:\wamp\www\Mall\Storage\view\compile\b0cef37a0386a1faffd967a594ec1e7e.php (146).
[ 2016-05-27T22:01:34+08:00 ]NOTICE: Undefined index: valueE:\wamp\www\Mall\Storage\view\compile\b0cef37a0386a1faffd967a594ec1e7e.php (146).
[ 2016-05-27T22:01:34+08:00 ]NOTICE: Undefined index: valueE:\wamp\www\Mall\Storage\view\compile\b0cef37a0386a1faffd967a594ec1e7e.php (146).
[ 2016-05-27T22:01:34+08:00 ]NOTICE: Undefined index: valueE:\wamp\www\Mall\Storage\view\compile\b0cef37a0386a1faffd967a594ec1e7e.php (146).
[ 2016-05-27T22:01:34+08:00 ]NOTICE: Undefined index: valueE:\wamp\www\Mall\Storage\view\compile\b0cef37a0386a1faffd967a594ec1e7e.php (146).
[ 2016-05-27T22:01:34+08:00 ]NOTICE: Undefined index: valueE:\wamp\www\Mall\Storage\view\compile\b0cef37a0386a1faffd967a594ec1e7e.php (146).
[ 2016-05-27T22:01:34+08:00 ]NOTICE: Undefined index: valueE:\wamp\www\Mall\Storage\view\compile\b0cef37a0386a1faffd967a594ec1e7e.php (146).
[ 2016-05-27T22:01:34+08:00 ]NOTICE: Undefined index: valueE:\wamp\www\Mall\Storage\view\compile\b0cef37a0386a1faffd967a594ec1e7e.php (146).
[ 2016-05-27T22:01:34+08:00 ]NOTICE: Undefined index: valueE:\wamp\www\Mall\Storage\view\compile\b0cef37a0386a1faffd967a594ec1e7e.php (146).
[ 2016-05-27T22:01:34+08:00 ]NOTICE: Undefined index: valueE:\wamp\www\Mall\Storage\view\compile\b0cef37a0386a1faffd967a594ec1e7e.php (146).
[ 2016-05-27T22:01:34+08:00 ]NOTICE: Undefined index: valueE:\wamp\www\Mall\Storage\view\compile\b0cef37a0386a1faffd967a594ec1e7e.php (146).
[ 2016-05-27T22:01:34+08:00 ]NOTICE: Undefined index: valueE:\wamp\www\Mall\Storage\view\compile\b0cef37a0386a1faffd967a594ec1e7e.php (146).
[ 2016-05-27T22:01:34+08:00 ]NOTICE: Undefined index: valueE:\wamp\www\Mall\Storage\view\compile\b0cef37a0386a1faffd967a594ec1e7e.php (146).
[ 2016-05-27T22:01:34+08:00 ]NOTICE: Undefined index: valueE:\wamp\www\Mall\Storage\view\compile\b0cef37a0386a1faffd967a594ec1e7e.php (146).
[ 2016-05-27T22:01:34+08:00 ]NOTICE: Undefined index: valueE:\wamp\www\Mall\Storage\view\compile\b0cef37a0386a1faffd967a594ec1e7e.php (146).
[ 2016-05-27T22:01:34+08:00 ]NOTICE: Undefined index: valueE:\wamp\www\Mall\Storage\view\compile\b0cef37a0386a1faffd967a594ec1e7e.php (146).
[ 2016-05-27T22:01:34+08:00 ]NOTICE: Undefined index: valueE:\wamp\www\Mall\Storage\view\compile\b0cef37a0386a1faffd967a594ec1e7e.php (146).
[ 2016-05-27T22:01:34+08:00 ]NOTICE: Undefined index: valueE:\wamp\www\Mall\Storage\view\compile\b0cef37a0386a1faffd967a594ec1e7e.php (146).
[ 2016-05-27T22:01:34+08:00 ]NOTICE: Undefined index: valueE:\wamp\www\Mall\Storage\view\compile\b0cef37a0386a1faffd967a594ec1e7e.php (146).
[ 2016-05-27T22:01:34+08:00 ]NOTICE: Undefined index: valueE:\wamp\www\Mall\Storage\view\compile\b0cef37a0386a1faffd967a594ec1e7e.php (146).
[ 2016-05-27T22:01:34+08:00 ]NOTICE: Undefined index: valueE:\wamp\www\Mall\Storage\view\compile\b0cef37a0386a1faffd967a594ec1e7e.php (146).
[ 2016-05-27T22:01:34+08:00 ]NOTICE: Undefined index: valueE:\wamp\www\Mall\Storage\view\compile\b0cef37a0386a1faffd967a594ec1e7e.php (146).
[ 2016-05-27T22:01:34+08:00 ]NOTICE: Undefined index: valueE:\wamp\www\Mall\Storage\view\compile\b0cef37a0386a1faffd967a594ec1e7e.php (146).
[ 2016-05-27T22:01:34+08:00 ]NOTICE: Undefined index: valueE:\wamp\www\Mall\Storage\view\compile\b0cef37a0386a1faffd967a594ec1e7e.php (146).
[ 2016-05-27T22:01:34+08:00 ]NOTICE: Undefined index: valueE:\wamp\www\Mall\Storage\view\compile\b0cef37a0386a1faffd967a594ec1e7e.php (146).
[ 2016-05-27T22:01:34+08:00 ]NOTICE: Undefined index: valueE:\wamp\www\Mall\Storage\view\compile\b0cef37a0386a1faffd967a594ec1e7e.php (146).
[ 2016-05-27T22:01:34+08:00 ]NOTICE: Undefined index: valueE:\wamp\www\Mall\Storage\view\compile\b0cef37a0386a1faffd967a594ec1e7e.php (146).
[ 2016-05-27T22:01:34+08:00 ]NOTICE: Undefined index: valueE:\wamp\www\Mall\Storage\view\compile\b0cef37a0386a1faffd967a594ec1e7e.php (146).
[ 2016-05-27T22:01:34+08:00 ]NOTICE: Undefined index: valueE:\wamp\www\Mall\Storage\view\compile\b0cef37a0386a1faffd967a594ec1e7e.php (146).
[ 2016-05-27T22:01:34+08:00 ]NOTICE: Undefined index: valueE:\wamp\www\Mall\Storage\view\compile\b0cef37a0386a1faffd967a594ec1e7e.php (146).
[ 2016-05-27T22:01:34+08:00 ]NOTICE: Undefined index: valueE:\wamp\www\Mall\Storage\view\compile\b0cef37a0386a1faffd967a594ec1e7e.php (146).
[ 2016-05-27T22:17:32+08:00 ]NOTICE: Undefined index: valueE:\wamp\www\Mall\App\Admin\Controller\GoodsController.php (80).
[ 2016-05-27T22:20:40+08:00 ]NOTICE: Undefined index: tidE:\wamp\www\Mall\Storage\view\compile\b0cef37a0386a1faffd967a594ec1e7e.php (146).
[ 2016-05-27T22:20:40+08:00 ]NOTICE: Undefined index: tidE:\wamp\www\Mall\Storage\view\compile\b0cef37a0386a1faffd967a594ec1e7e.php (146).
[ 2016-05-27T22:20:40+08:00 ]NOTICE: Undefined index: tidE:\wamp\www\Mall\Storage\view\compile\b0cef37a0386a1faffd967a594ec1e7e.php (146).
[ 2016-05-27T22:20:40+08:00 ]NOTICE: Undefined index: tidE:\wamp\www\Mall\Storage\view\compile\b0cef37a0386a1faffd967a594ec1e7e.php (146).
[ 2016-05-27T22:20:40+08:00 ]NOTICE: Undefined index: tidE:\wamp\www\Mall\Storage\view\compile\b0cef37a0386a1faffd967a594ec1e7e.php (146).
[ 2016-05-27T22:20:40+08:00 ]NOTICE: Undefined index: tidE:\wamp\www\Mall\Storage\view\compile\b0cef37a0386a1faffd967a594ec1e7e.php (146).
[ 2016-05-27T22:20:40+08:00 ]NOTICE: Undefined index: tidE:\wamp\www\Mall\Storage\view\compile\b0cef37a0386a1faffd967a594ec1e7e.php (146).
[ 2016-05-27T22:20:40+08:00 ]NOTICE: Undefined index: tidE:\wamp\www\Mall\Storage\view\compile\b0cef37a0386a1faffd967a594ec1e7e.php (146).
[ 2016-05-27T22:20:40+08:00 ]NOTICE: Undefined index: tidE:\wamp\www\Mall\Storage\view\compile\b0cef37a0386a1faffd967a594ec1e7e.php (146).
[ 2016-05-27T22:20:40+08:00 ]NOTICE: Undefined index: tidE:\wamp\www\Mall\Storage\view\compile\b0cef37a0386a1faffd967a594ec1e7e.php (146).
[ 2016-05-27T22:20:40+08:00 ]NOTICE: Undefined index: tidE:\wamp\www\Mall\Storage\view\compile\b0cef37a0386a1faffd967a594ec1e7e.php (146).
[ 2016-05-27T22:20:40+08:00 ]NOTICE: Undefined index: tidE:\wamp\www\Mall\Storage\view\compile\b0cef37a0386a1faffd967a594ec1e7e.php (146).
[ 2016-05-27T22:20:40+08:00 ]NOTICE: Undefined index: tidE:\wamp\www\Mall\Storage\view\compile\b0cef37a0386a1faffd967a594ec1e7e.php (146).
[ 2016-05-27T22:20:40+08:00 ]NOTICE: Undefined index: tidE:\wamp\www\Mall\Storage\view\compile\b0cef37a0386a1faffd967a594ec1e7e.php (146).
[ 2016-05-27T22:20:40+08:00 ]NOTICE: Undefined index: tidE:\wamp\www\Mall\Storage\view\compile\b0cef37a0386a1faffd967a594ec1e7e.php (146).
[ 2016-05-27T22:20:40+08:00 ]NOTICE: Undefined index: tidE:\wamp\www\Mall\Storage\view\compile\b0cef37a0386a1faffd967a594ec1e7e.php (146).
[ 2016-05-27T22:20:40+08:00 ]NOTICE: Undefined index: tidE:\wamp\www\Mall\Storage\view\compile\b0cef37a0386a1faffd967a594ec1e7e.php (146).
[ 2016-05-27T22:20:40+08:00 ]NOTICE: Undefined index: tidE:\wamp\www\Mall\Storage\view\compile\b0cef37a0386a1faffd967a594ec1e7e.php (146).
[ 2016-05-27T22:20:40+08:00 ]NOTICE: Undefined index: tidE:\wamp\www\Mall\Storage\view\compile\b0cef37a0386a1faffd967a594ec1e7e.php (146).
[ 2016-05-27T22:20:40+08:00 ]NOTICE: Undefined index: tidE:\wamp\www\Mall\Storage\view\compile\b0cef37a0386a1faffd967a594ec1e7e.php (146).
[ 2016-05-27T22:20:40+08:00 ]NOTICE: Undefined index: tidE:\wamp\www\Mall\Storage\view\compile\b0cef37a0386a1faffd967a594ec1e7e.php (146).
[ 2016-05-27T22:20:40+08:00 ]NOTICE: Undefined index: tidE:\wamp\www\Mall\Storage\view\compile\b0cef37a0386a1faffd967a594ec1e7e.php (146).
[ 2016-05-27T22:20:40+08:00 ]NOTICE: Undefined index: tidE:\wamp\www\Mall\Storage\view\compile\b0cef37a0386a1faffd967a594ec1e7e.php (146).
[ 2016-05-27T22:20:40+08:00 ]NOTICE: Undefined index: tidE:\wamp\www\Mall\Storage\view\compile\b0cef37a0386a1faffd967a594ec1e7e.php (146).
[ 2016-05-27T22:20:40+08:00 ]NOTICE: Undefined index: tidE:\wamp\www\Mall\Storage\view\compile\b0cef37a0386a1faffd967a594ec1e7e.php (146).
[ 2016-05-27T22:20:40+08:00 ]NOTICE: Undefined index: tidE:\wamp\www\Mall\Storage\view\compile\b0cef37a0386a1faffd967a594ec1e7e.php (146).
[ 2016-05-27T22:20:40+08:00 ]NOTICE: Undefined index: tidE:\wamp\www\Mall\Storage\view\compile\b0cef37a0386a1faffd967a594ec1e7e.php (146).
[ 2016-05-27T22:20:40+08:00 ]NOTICE: Undefined index: tidE:\wamp\www\Mall\Storage\view\compile\b0cef37a0386a1faffd967a594ec1e7e.php (146).
[ 2016-05-27T22:20:40+08:00 ]NOTICE: Undefined index: tidE:\wamp\www\Mall\Storage\view\compile\b0cef37a0386a1faffd967a594ec1e7e.php (146).
[ 2016-05-27T22:20:40+08:00 ]NOTICE: Undefined index: tidE:\wamp\www\Mall\Storage\view\compile\b0cef37a0386a1faffd967a594ec1e7e.php (146).
[ 2016-05-27T22:20:40+08:00 ]NOTICE: Undefined index: tidE:\wamp\www\Mall\Storage\view\compile\b0cef37a0386a1faffd967a594ec1e7e.php (146).
[ 2016-05-27T22:20:40+08:00 ]NOTICE: Undefined index: tidE:\wamp\www\Mall\Storage\view\compile\b0cef37a0386a1faffd967a594ec1e7e.php (146).
[ 2016-05-27T22:20:40+08:00 ]NOTICE: Undefined index: tidE:\wamp\www\Mall\Storage\view\compile\b0cef37a0386a1faffd967a594ec1e7e.php (146).
[ 2016-05-27T22:20:40+08:00 ]NOTICE: Undefined index: tidE:\wamp\www\Mall\Storage\view\compile\b0cef37a0386a1faffd967a594ec1e7e.php (146).
[ 2016-05-27T22:20:40+08:00 ]NOTICE: Undefined index: tidE:\wamp\www\Mall\Storage\view\compile\b0cef37a0386a1faffd967a594ec1e7e.php (146).
[ 2016-05-27T22:20:40+08:00 ]NOTICE: Undefined index: tidE:\wamp\www\Mall\Storage\view\compile\b0cef37a0386a1faffd967a594ec1e7e.php (146).
[ 2016-05-27T22:20:40+08:00 ]NOTICE: Undefined index: tidE:\wamp\www\Mall\Storage\view\compile\b0cef37a0386a1faffd967a594ec1e7e.php (146).
[ 2016-05-27T22:20:40+08:00 ]NOTICE: Undefined index: tidE:\wamp\www\Mall\Storage\view\compile\b0cef37a0386a1faffd967a594ec1e7e.php (146).
[ 2016-05-27T22:20:40+08:00 ]NOTICE: Undefined index: tidE:\wamp\www\Mall\Storage\view\compile\b0cef37a0386a1faffd967a594ec1e7e.php (146).
[ 2016-05-27T22:20:40+08:00 ]NOTICE: Undefined index: tidE:\wamp\www\Mall\Storage\view\compile\b0cef37a0386a1faffd967a594ec1e7e.php (146).
[ 2016-05-27T22:20:40+08:00 ]NOTICE: Undefined index: tidE:\wamp\www\Mall\Storage\view\compile\b0cef37a0386a1faffd967a594ec1e7e.php (146).
[ 2016-05-27T22:20:40+08:00 ]NOTICE: Undefined index: tidE:\wamp\www\Mall\Storage\view\compile\b0cef37a0386a1faffd967a594ec1e7e.php (146).
[ 2016-05-27T22:20:40+08:00 ]NOTICE: Undefined index: tidE:\wamp\www\Mall\Storage\view\compile\b0cef37a0386a1faffd967a594ec1e7e.php (146).
[ 2016-05-27T22:20:40+08:00 ]NOTICE: Undefined index: tidE:\wamp\www\Mall\Storage\view\compile\b0cef37a0386a1faffd967a594ec1e7e.php (146).
[ 2016-05-27T22:20:40+08:00 ]NOTICE: Undefined index: tidE:\wamp\www\Mall\Storage\view\compile\b0cef37a0386a1faffd967a594ec1e7e.php (146).
[ 2016-05-27T22:20:40+08:00 ]NOTICE: Undefined index: tidE:\wamp\www\Mall\Storage\view\compile\b0cef37a0386a1faffd967a594ec1e7e.php (146).
[ 2016-05-27T22:20:40+08:00 ]NOTICE: Undefined index: tidE:\wamp\www\Mall\Storage\view\compile\b0cef37a0386a1faffd967a594ec1e7e.php (146).
[ 2016-05-27T22:20:40+08:00 ]NOTICE: Undefined index: tidE:\wamp\www\Mall\Storage\view\compile\b0cef37a0386a1faffd967a594ec1e7e.php (146).
[ 2016-05-27T22:20:40+08:00 ]NOTICE: Undefined index: tidE:\wamp\www\Mall\Storage\view\compile\b0cef37a0386a1faffd967a594ec1e7e.php (146).
[ 2016-05-27T22:20:40+08:00 ]NOTICE: Undefined index: tidE:\wamp\www\Mall\Storage\view\compile\b0cef37a0386a1faffd967a594ec1e7e.php (146).
[ 2016-05-27T22:20:40+08:00 ]NOTICE: Undefined index: tidE:\wamp\www\Mall\Storage\view\compile\b0cef37a0386a1faffd967a594ec1e7e.php (146).
[ 2016-05-27T22:20:40+08:00 ]NOTICE: Undefined index: tidE:\wamp\www\Mall\Storage\view\compile\b0cef37a0386a1faffd967a594ec1e7e.php (146).
[ 2016-05-27T22:20:40+08:00 ]NOTICE: Undefined index: tidE:\wamp\www\Mall\Storage\view\compile\b0cef37a0386a1faffd967a594ec1e7e.php (146).
[ 2016-05-27T22:20:40+08:00 ]NOTICE: Undefined index: tidE:\wamp\www\Mall\Storage\view\compile\b0cef37a0386a1faffd967a594ec1e7e.php (146).
[ 2016-05-27T22:20:40+08:00 ]NOTICE: Undefined index: tidE:\wamp\www\Mall\Storage\view\compile\b0cef37a0386a1faffd967a594ec1e7e.php (146).
[ 2016-05-27T22:20:40+08:00 ]NOTICE: Undefined index: tidE:\wamp\www\Mall\Storage\view\compile\b0cef37a0386a1faffd967a594ec1e7e.php (146).
[ 2016-05-27T22:20:40+08:00 ]NOTICE: Undefined index: tidE:\wamp\www\Mall\Storage\view\compile\b0cef37a0386a1faffd967a594ec1e7e.php (146).
[ 2016-05-27T22:20:40+08:00 ]NOTICE: Undefined index: tidE:\wamp\www\Mall\Storage\view\compile\b0cef37a0386a1faffd967a594ec1e7e.php (146).
[ 2016-05-27T22:20:40+08:00 ]NOTICE: Undefined index: tidE:\wamp\www\Mall\Storage\view\compile\b0cef37a0386a1faffd967a594ec1e7e.php (146).
[ 2016-05-27T22:20:40+08:00 ]NOTICE: Undefined index: tidE:\wamp\www\Mall\Storage\view\compile\b0cef37a0386a1faffd967a594ec1e7e.php (146).
[ 2016-05-27T22:20:40+08:00 ]NOTICE: Undefined index: tidE:\wamp\www\Mall\Storage\view\compile\b0cef37a0386a1faffd967a594ec1e7e.php (146).
[ 2016-05-27T22:20:40+08:00 ]NOTICE: Undefined index: tidE:\wamp\www\Mall\Storage\view\compile\b0cef37a0386a1faffd967a594ec1e7e.php (146).
[ 2016-05-27T22:20:40+08:00 ]NOTICE: Undefined index: tidE:\wamp\www\Mall\Storage\view\compile\b0cef37a0386a1faffd967a594ec1e7e.php (146).
[ 2016-05-27T22:20:40+08:00 ]NOTICE: Undefined index: tidE:\wamp\www\Mall\Storage\view\compile\b0cef37a0386a1faffd967a594ec1e7e.php (146).
[ 2016-05-27T22:20:40+08:00 ]NOTICE: Undefined index: tidE:\wamp\www\Mall\Storage\view\compile\b0cef37a0386a1faffd967a594ec1e7e.php (146).
[ 2016-05-27T22:20:40+08:00 ]NOTICE: Undefined index: tidE:\wamp\www\Mall\Storage\view\compile\b0cef37a0386a1faffd967a594ec1e7e.php (146).
[ 2016-05-27T22:20:40+08:00 ]NOTICE: Undefined index: tidE:\wamp\www\Mall\Storage\view\compile\b0cef37a0386a1faffd967a594ec1e7e.php (146).
[ 2016-05-27T22:20:40+08:00 ]NOTICE: Undefined index: tidE:\wamp\www\Mall\Storage\view\compile\b0cef37a0386a1faffd967a594ec1e7e.php (146).
[ 2016-05-27T22:20:40+08:00 ]NOTICE: Undefined index: tidE:\wamp\www\Mall\Storage\view\compile\b0cef37a0386a1faffd967a594ec1e7e.php (146).
[ 2016-05-27T22:20:40+08:00 ]NOTICE: Undefined index: tidE:\wamp\www\Mall\Storage\view\compile\b0cef37a0386a1faffd967a594ec1e7e.php (146).
[ 2016-05-27T22:20:40+08:00 ]NOTICE: Undefined index: tidE:\wamp\www\Mall\Storage\view\compile\b0cef37a0386a1faffd967a594ec1e7e.php (146).
[ 2016-05-27T22:20:40+08:00 ]NOTICE: Undefined index: tidE:\wamp\www\Mall\Storage\view\compile\b0cef37a0386a1faffd967a594ec1e7e.php (146).
[ 2016-05-27T22:20:40+08:00 ]NOTICE: Undefined index: tidE:\wamp\www\Mall\Storage\view\compile\b0cef37a0386a1faffd967a594ec1e7e.php (146).
[ 2016-05-27T22:20:40+08:00 ]NOTICE: Undefined index: tidE:\wamp\www\Mall\Storage\view\compile\b0cef37a0386a1faffd967a594ec1e7e.php (146).
[ 2016-05-27T22:20:40+08:00 ]NOTICE: Undefined index: tidE:\wamp\www\Mall\Storage\view\compile\b0cef37a0386a1faffd967a594ec1e7e.php (146).
[ 2016-05-27T22:20:40+08:00 ]NOTICE: Undefined index: tidE:\wamp\www\Mall\Storage\view\compile\b0cef37a0386a1faffd967a594ec1e7e.php (146).
[ 2016-05-27T22:20:40+08:00 ]NOTICE: Undefined index: tidE:\wamp\www\Mall\Storage\view\compile\b0cef37a0386a1faffd967a594ec1e7e.php (146).
[ 2016-05-27T22:20:40+08:00 ]NOTICE: Undefined index: tidE:\wamp\www\Mall\Storage\view\compile\b0cef37a0386a1faffd967a594ec1e7e.php (146).
[ 2016-05-27T22:20:40+08:00 ]NOTICE: Undefined index: tidE:\wamp\www\Mall\Storage\view\compile\b0cef37a0386a1faffd967a594ec1e7e.php (146).
[ 2016-05-27T22:20:40+08:00 ]NOTICE: Undefined index: tidE:\wamp\www\Mall\Storage\view\compile\b0cef37a0386a1faffd967a594ec1e7e.php (146).
[ 2016-05-27T22:20:40+08:00 ]NOTICE: Undefined index: tidE:\wamp\www\Mall\Storage\view\compile\b0cef37a0386a1faffd967a594ec1e7e.php (146).
[ 2016-05-27T22:20:40+08:00 ]NOTICE: Undefined index: tidE:\wamp\www\Mall\Storage\view\compile\b0cef37a0386a1faffd967a594ec1e7e.php (146).
[ 2016-05-27T22:20:40+08:00 ]NOTICE: Undefined index: tidE:\wamp\www\Mall\Storage\view\compile\b0cef37a0386a1faffd967a594ec1e7e.php (146).
[ 2016-05-27T22:20:40+08:00 ]NOTICE: Undefined index: tidE:\wamp\www\Mall\Storage\view\compile\b0cef37a0386a1faffd967a594ec1e7e.php (146).
[ 2016-05-27T22:20:40+08:00 ]NOTICE: Undefined index: tidE:\wamp\www\Mall\Storage\view\compile\b0cef37a0386a1faffd967a594ec1e7e.php (146).
[ 2016-05-27T22:20:40+08:00 ]NOTICE: Undefined index: tidE:\wamp\www\Mall\Storage\view\compile\b0cef37a0386a1faffd967a594ec1e7e.php (146).
[ 2016-05-27T22:20:40+08:00 ]NOTICE: Undefined index: tidE:\wamp\www\Mall\Storage\view\compile\b0cef37a0386a1faffd967a594ec1e7e.php (146).
[ 2016-05-27T22:20:40+08:00 ]NOTICE: Undefined index: tidE:\wamp\www\Mall\Storage\view\compile\b0cef37a0386a1faffd967a594ec1e7e.php (146).
[ 2016-05-27T22:20:40+08:00 ]NOTICE: Undefined index: tidE:\wamp\www\Mall\Storage\view\compile\b0cef37a0386a1faffd967a594ec1e7e.php (146).
[ 2016-05-27T22:20:40+08:00 ]NOTICE: Undefined index: tidE:\wamp\www\Mall\Storage\view\compile\b0cef37a0386a1faffd967a594ec1e7e.php (146).
[ 2016-05-27T22:20:40+08:00 ]NOTICE: Undefined index: tidE:\wamp\www\Mall\Storage\view\compile\b0cef37a0386a1faffd967a594ec1e7e.php (146).
[ 2016-05-27T22:20:40+08:00 ]NOTICE: Undefined index: tidE:\wamp\www\Mall\Storage\view\compile\b0cef37a0386a1faffd967a594ec1e7e.php (146).
[ 2016-05-27T22:20:40+08:00 ]NOTICE: Undefined index: tidE:\wamp\www\Mall\Storage\view\compile\b0cef37a0386a1faffd967a594ec1e7e.php (146).
[ 2016-05-27T22:20:40+08:00 ]NOTICE: Undefined index: tidE:\wamp\www\Mall\Storage\view\compile\b0cef37a0386a1faffd967a594ec1e7e.php (146).
[ 2016-05-27T22:20:40+08:00 ]NOTICE: Undefined index: tidE:\wamp\www\Mall\Storage\view\compile\b0cef37a0386a1faffd967a594ec1e7e.php (146).
[ 2016-05-27T22:20:40+08:00 ]NOTICE: Undefined index: tidE:\wamp\www\Mall\Storage\view\compile\b0cef37a0386a1faffd967a594ec1e7e.php (146).
[ 2016-05-27T22:20:40+08:00 ]NOTICE: Undefined index: tidE:\wamp\www\Mall\Storage\view\compile\b0cef37a0386a1faffd967a594ec1e7e.php (146).
[ 2016-05-27T22:20:40+08:00 ]NOTICE: Undefined index: tidE:\wamp\www\Mall\Storage\view\compile\b0cef37a0386a1faffd967a594ec1e7e.php (146).
[ 2016-05-27T22:20:40+08:00 ]NOTICE: Undefined index: tidE:\wamp\www\Mall\Storage\view\compile\b0cef37a0386a1faffd967a594ec1e7e.php (146).
[ 2016-05-27T22:20:40+08:00 ]NOTICE: Undefined index: tidE:\wamp\www\Mall\Storage\view\compile\b0cef37a0386a1faffd967a594ec1e7e.php (146).
[ 2016-05-27T22:20:40+08:00 ]NOTICE: Undefined index: tidE:\wamp\www\Mall\Storage\view\compile\b0cef37a0386a1faffd967a594ec1e7e.php (146).
[ 2016-05-27T22:20:40+08:00 ]NOTICE: Undefined index: tidE:\wamp\www\Mall\Storage\view\compile\b0cef37a0386a1faffd967a594ec1e7e.php (146).
[ 2016-05-27T22:20:40+08:00 ]NOTICE: Undefined index: tidE:\wamp\www\Mall\Storage\view\compile\b0cef37a0386a1faffd967a594ec1e7e.php (146).
[ 2016-05-27T22:20:40+08:00 ]NOTICE: Undefined index: tidE:\wamp\www\Mall\Storage\view\compile\b0cef37a0386a1faffd967a594ec1e7e.php (146).
[ 2016-05-27T22:20:40+08:00 ]NOTICE: Undefined index: tidE:\wamp\www\Mall\Storage\view\compile\b0cef37a0386a1faffd967a594ec1e7e.php (146).
[ 2016-05-27T22:20:40+08:00 ]NOTICE: Undefined index: tidE:\wamp\www\Mall\Storage\view\compile\b0cef37a0386a1faffd967a594ec1e7e.php (146).
[ 2016-05-27T22:20:40+08:00 ]NOTICE: Undefined index: tidE:\wamp\www\Mall\Storage\view\compile\b0cef37a0386a1faffd967a594ec1e7e.php (146).
[ 2016-05-27T22:20:40+08:00 ]NOTICE: Undefined index: tidE:\wamp\www\Mall\Storage\view\compile\b0cef37a0386a1faffd967a594ec1e7e.php (146).
[ 2016-05-27T22:20:40+08:00 ]NOTICE: Undefined index: tidE:\wamp\www\Mall\Storage\view\compile\b0cef37a0386a1faffd967a594ec1e7e.php (146).
[ 2016-05-27T22:20:40+08:00 ]NOTICE: Undefined index: tidE:\wamp\www\Mall\Storage\view\compile\b0cef37a0386a1faffd967a594ec1e7e.php (146).
[ 2016-05-27T22:20:40+08:00 ]NOTICE: Undefined index: tidE:\wamp\www\Mall\Storage\view\compile\b0cef37a0386a1faffd967a594ec1e7e.php (146).
[ 2016-05-27T22:20:40+08:00 ]NOTICE: Undefined index: tidE:\wamp\www\Mall\Storage\view\compile\b0cef37a0386a1faffd967a594ec1e7e.php (146).
[ 2016-05-27T22:20:40+08:00 ]NOTICE: Undefined index: tidE:\wamp\www\Mall\Storage\view\compile\b0cef37a0386a1faffd967a594ec1e7e.php (146).
[ 2016-05-27T22:20:40+08:00 ]NOTICE: Undefined index: tidE:\wamp\www\Mall\Storage\view\compile\b0cef37a0386a1faffd967a594ec1e7e.php (146).
[ 2016-05-27T22:20:40+08:00 ]NOTICE: Undefined index: tidE:\wamp\www\Mall\Storage\view\compile\b0cef37a0386a1faffd967a594ec1e7e.php (146).
[ 2016-05-27T22:20:40+08:00 ]NOTICE: Undefined index: tidE:\wamp\www\Mall\Storage\view\compile\b0cef37a0386a1faffd967a594ec1e7e.php (146).
[ 2016-05-27T22:20:40+08:00 ]NOTICE: Undefined index: tidE:\wamp\www\Mall\Storage\view\compile\b0cef37a0386a1faffd967a594ec1e7e.php (146).
[ 2016-05-27T22:20:40+08:00 ]NOTICE: Undefined index: tidE:\wamp\www\Mall\Storage\view\compile\b0cef37a0386a1faffd967a594ec1e7e.php (146).
[ 2016-05-27T22:20:40+08:00 ]NOTICE: Undefined index: tidE:\wamp\www\Mall\Storage\view\compile\b0cef37a0386a1faffd967a594ec1e7e.php (146).
[ 2016-05-27T22:20:40+08:00 ]NOTICE: Undefined index: tidE:\wamp\www\Mall\Storage\view\compile\b0cef37a0386a1faffd967a594ec1e7e.php (146).
[ 2016-05-27T22:20:40+08:00 ]NOTICE: Undefined index: tidE:\wamp\www\Mall\Storage\view\compile\b0cef37a0386a1faffd967a594ec1e7e.php (146).
