[ 2016-05-30T00:07:16+08:00 ]NOTICE: Undefined variable: dataE:\wamp\www\Mall\Storage\view\compile\d1789a3e220e607bb98342c6e716939b.php (157).
[ 2016-05-30T00:07:16+08:00 ]NOTICE: Invalid argument supplied for foreach()E:\wamp\www\Mall\Storage\view\compile\d1789a3e220e607bb98342c6e716939b.php (157).
[ 2016-05-30T00:19:11+08:00 ]EXCEPTION: SELECT  *  FROM goods INNER JOIN goods_properry ON goods_gid = gid WHERE gid=0 ;BindParams:array (
)42S02;1146;Table 'mall.goods_properry' doesn't exist
[ 2016-05-30T00:24:18+08:00 ]NOTICE: Undefined variable: oldDataE:\wamp\www\Mall\App\Admin\Controller\GoodsController.php (63).
[ 2016-05-30T00:24:18+08:00 ]NOTICE: Argument 1 passed to Hdphp\Db\Mysql::get() must be an array, null given, called in E:\wamp\www\Mall\App\Admin\Controller\GoodsController.php on line 63 and definedE:\wamp\www\Mall\Hdphp\Db\Mysql.php (1022).
[ 2016-05-30T00:25:03+08:00 ]NOTICE: Undefined offset: 0E:\wamp\www\Mall\App\Admin\Controller\GoodsController.php (64).
[ 2016-05-30T00:26:28+08:00 ]NOTICE: Undefined offset: 0E:\wamp\www\Mall\App\Admin\Controller\GoodsController.php (64).
[ 2016-05-30T00:26:28+08:00 ]NOTICE: Undefined offset: 0E:\wamp\www\Mall\App\Admin\Controller\GoodsController.php (65).
[ 2016-05-30T00:30:43+08:00 ]NOTICE: Undefined offset: 0E:\wamp\www\Mall\App\Admin\Controller\GoodsController.php (64).
[ 2016-05-30T00:30:43+08:00 ]NOTICE: Undefined offset: 0E:\wamp\www\Mall\App\Admin\Controller\GoodsController.php (65).
[ 2016-05-30T00:30:56+08:00 ]NOTICE: Undefined offset: 0E:\wamp\www\Mall\App\Admin\Controller\GoodsController.php (64).
[ 2016-05-30T00:32:45+08:00 ]NOTICE: Undefined offset: 0E:\wamp\www\Mall\App\Admin\Controller\GoodsController.php (64).
[ 2016-05-30T00:34:33+08:00 ]NOTICE: Undefined offset: 0E:\wamp\www\Mall\App\Admin\Controller\GoodsController.php (64).
[ 2016-05-30T00:34:59+08:00 ]NOTICE: Undefined offset: 0E:\wamp\www\Mall\App\Admin\Controller\GoodsController.php (64).
[ 2016-05-30T00:34:59+08:00 ]NOTICE: Undefined offset: 0E:\wamp\www\Mall\App\Admin\Controller\GoodsController.php (65).
[ 2016-05-30T00:35:38+08:00 ]NOTICE: Undefined offset: 0E:\wamp\www\Mall\App\Admin\Controller\GoodsController.php (64).
[ 2016-05-30T00:37:24+08:00 ]NOTICE: Undefined offset: 0E:\wamp\www\Mall\App\Admin\Controller\GoodsController.php (65).
[ 2016-05-30T00:37:36+08:00 ]NOTICE: Undefined offset: 0E:\wamp\www\Mall\App\Admin\Controller\GoodsController.php (65).
[ 2016-05-30T00:39:50+08:00 ]NOTICE: Undefined variable: dataE:\wamp\www\Mall\Storage\view\compile\d1789a3e220e607bb98342c6e716939b.php (157).
[ 2016-05-30T00:39:50+08:00 ]NOTICE: Invalid argument supplied for foreach()E:\wamp\www\Mall\Storage\view\compile\d1789a3e220e607bb98342c6e716939b.php (157).
[ 2016-05-30T00:41:29+08:00 ]NOTICE: Undefined index: gnameE:\wamp\www\Mall\Storage\view\compile\d1789a3e220e607bb98342c6e716939b.php (134).
[ 2016-05-30T00:41:29+08:00 ]NOTICE: Undefined index: gunitE:\wamp\www\Mall\Storage\view\compile\d1789a3e220e607bb98342c6e716939b.php (138).
[ 2016-05-30T00:41:29+08:00 ]NOTICE: Undefined index: cpriceE:\wamp\www\Mall\Storage\view\compile\d1789a3e220e607bb98342c6e716939b.php (142).
[ 2016-05-30T00:41:29+08:00 ]NOTICE: Undefined index: mpriceE:\wamp\www\Mall\Storage\view\compile\d1789a3e220e607bb98342c6e716939b.php (146).
[ 2016-05-30T00:41:29+08:00 ]NOTICE: Undefined index: clickE:\wamp\www\Mall\Storage\view\compile\d1789a3e220e607bb98342c6e716939b.php (150).
[ 2016-05-30T00:41:29+08:00 ]NOTICE: Undefined variable: dataE:\wamp\www\Mall\Storage\view\compile\d1789a3e220e607bb98342c6e716939b.php (157).
[ 2016-05-30T00:41:29+08:00 ]NOTICE: Invalid argument supplied for foreach()E:\wamp\www\Mall\Storage\view\compile\d1789a3e220e607bb98342c6e716939b.php (157).
[ 2016-05-30T00:46:06+08:00 ]NOTICE: Undefined variable: dataE:\wamp\www\Mall\Storage\view\compile\d1789a3e220e607bb98342c6e716939b.php (157).
[ 2016-05-30T00:46:06+08:00 ]NOTICE: Invalid argument supplied for foreach()E:\wamp\www\Mall\Storage\view\compile\d1789a3e220e607bb98342c6e716939b.php (157).
[ 2016-05-30T00:47:19+08:00 ]NOTICE: Undefined variable: dataE:\wamp\www\Mall\Storage\view\compile\d1789a3e220e607bb98342c6e716939b.php (157).
[ 2016-05-30T00:47:19+08:00 ]NOTICE: Invalid argument supplied for foreach()E:\wamp\www\Mall\Storage\view\compile\d1789a3e220e607bb98342c6e716939b.php (157).
[ 2016-05-30T00:48:35+08:00 ]NOTICE: Undefined variable: dataE:\wamp\www\Mall\Storage\view\compile\d1789a3e220e607bb98342c6e716939b.php (158).
[ 2016-05-30T00:48:35+08:00 ]NOTICE: Invalid argument supplied for foreach()E:\wamp\www\Mall\Storage\view\compile\d1789a3e220e607bb98342c6e716939b.php (158).
[ 2016-05-30T00:50:58+08:00 ]NOTICE: Undefined variable: dataE:\wamp\www\Mall\Storage\view\compile\d1789a3e220e607bb98342c6e716939b.php (158).
[ 2016-05-30T00:50:58+08:00 ]NOTICE: Invalid argument supplied for foreach()E:\wamp\www\Mall\Storage\view\compile\d1789a3e220e607bb98342c6e716939b.php (158).
[ 2016-05-30T00:52:17+08:00 ]NOTICE: Undefined variable: dataE:\wamp\www\Mall\Storage\view\compile\d1789a3e220e607bb98342c6e716939b.php (158).
[ 2016-05-30T00:52:17+08:00 ]NOTICE: Invalid argument supplied for foreach()E:\wamp\www\Mall\Storage\view\compile\d1789a3e220e607bb98342c6e716939b.php (158).
[ 2016-05-30T00:53:31+08:00 ]NOTICE: Undefined variable: dataE:\wamp\www\Mall\Storage\view\compile\d1789a3e220e607bb98342c6e716939b.php (158).
[ 2016-05-30T00:53:31+08:00 ]NOTICE: Invalid argument supplied for foreach()E:\wamp\www\Mall\Storage\view\compile\d1789a3e220e607bb98342c6e716939b.php (158).
[ 2016-05-30T01:06:47+08:00 ]NOTICE: Undefined variable: dataE:\wamp\www\Mall\Storage\view\compile\d1789a3e220e607bb98342c6e716939b.php (165).
[ 2016-05-30T01:06:47+08:00 ]NOTICE: Invalid argument supplied for foreach()E:\wamp\www\Mall\Storage\view\compile\d1789a3e220e607bb98342c6e716939b.php (165).
[ 2016-05-30T01:07:24+08:00 ]NOTICE: Undefined variable: dataE:\wamp\www\Mall\Storage\view\compile\d1789a3e220e607bb98342c6e716939b.php (165).
[ 2016-05-30T01:07:24+08:00 ]NOTICE: Invalid argument supplied for foreach()E:\wamp\www\Mall\Storage\view\compile\d1789a3e220e607bb98342c6e716939b.php (165).
[ 2016-05-30T01:07:40+08:00 ]NOTICE: Undefined variable: dataE:\wamp\www\Mall\Storage\view\compile\d1789a3e220e607bb98342c6e716939b.php (165).
[ 2016-05-30T01:07:40+08:00 ]NOTICE: Invalid argument supplied for foreach()E:\wamp\www\Mall\Storage\view\compile\d1789a3e220e607bb98342c6e716939b.php (165).
[ 2016-05-30T01:08:51+08:00 ]NOTICE: Undefined variable: dataE:\wamp\www\Mall\Storage\view\compile\d1789a3e220e607bb98342c6e716939b.php (165).
[ 2016-05-30T01:08:51+08:00 ]NOTICE: Invalid argument supplied for foreach()E:\wamp\www\Mall\Storage\view\compile\d1789a3e220e607bb98342c6e716939b.php (165).
[ 2016-05-30T01:18:10+08:00 ]NOTICE: Undefined variable: detailDataE:\wamp\www\Mall\App\Admin\Controller\GoodsController.php (68).
[ 2016-05-30T01:18:10+08:00 ]NOTICE: Undefined index: valueE:\wamp\www\Mall\Hdphp\View\HdphpTag.php (154).
[ 2016-05-30T01:19:41+08:00 ]NOTICE: Undefined variable: detailDataE:\wamp\www\Mall\App\Admin\Controller\GoodsController.php (68).
[ 2016-05-30T01:19:41+08:00 ]NOTICE: Undefined variable: dataE:\wamp\www\Mall\Storage\view\compile\d1789a3e220e607bb98342c6e716939b.php (165).
[ 2016-05-30T01:19:41+08:00 ]NOTICE: Invalid argument supplied for foreach()E:\wamp\www\Mall\Storage\view\compile\d1789a3e220e607bb98342c6e716939b.php (165).
[ 2016-05-30T01:20:24+08:00 ]NOTICE: Undefined variable: dataE:\wamp\www\Mall\Storage\view\compile\d1789a3e220e607bb98342c6e716939b.php (165).
[ 2016-05-30T01:20:24+08:00 ]NOTICE: Invalid argument supplied for foreach()E:\wamp\www\Mall\Storage\view\compile\d1789a3e220e607bb98342c6e716939b.php (165).
[ 2016-05-30T01:20:24+08:00 ]NOTICE: Undefined index: galleryE:\wamp\www\Mall\Storage\view\compile\d1789a3e220e607bb98342c6e716939b.php (237).
[ 2016-05-30T01:33:10+08:00 ]EXCEPTION: SELECT  *  FROM goods INNER JOIN goods_property ON goods_gid = gid  INNER JOIN product_detail ON goods_gid = gid WHERE gid=31 AND gid=31 ;BindParams:array (
)23000;1052;Column 'goods_gid' in on clause is ambiguous
[ 2016-05-30T01:37:39+08:00 ]EXCEPTION: SELECT  *  FROM goods INNER JOIN goods_property ON goods_gid = gid  INNER JOIN product_detail ON goods_gid = goods_gid WHERE gid=31 AND gid=31 ;BindParams:array (
)23000;1052;Column 'goods_gid' in on clause is ambiguous
[ 2016-05-30T01:38:31+08:00 ]EXCEPTION: SELECT  *  FROM goods INNER JOIN goods_property ON goods_gid = gid  INNER JOIN product_detail ON goods_gid = goods_gid WHERE gid=31 ;BindParams:array (
)23000;1052;Column 'goods_gid' in on clause is ambiguous
[ 2016-05-30T01:54:01+08:00 ]NOTICE: Array to string conversionE:\wamp\www\Mall\Hdphp\Db\Mysql.php (204).
[ 2016-05-30T01:55:58+08:00 ]NOTICE: Array to string conversionE:\wamp\www\Mall\Hdphp\Db\Mysql.php (204).
[ 2016-05-30T08:09:45+08:00 ]EXCEPTION: SELECT  *  FROM goods INNER JOIN goods_property ON goods_gid = gid  INNER JOIN product_detail ON goods_gid = gid WHERE gid=31 ;BindParams:array (
)23000;1052;Column 'goods_gid' in on clause is ambiguous
[ 2016-05-30T08:18:28+08:00 ]NOTICE: Undefined variable: detailDataE:\wamp\www\Mall\App\Admin\Controller\GoodsController.php (76).
[ 2016-05-30T08:18:28+08:00 ]NOTICE: Undefined variable: dataE:\wamp\www\Mall\Storage\view\compile\d1789a3e220e607bb98342c6e716939b.php (165).
[ 2016-05-30T08:18:28+08:00 ]NOTICE: Invalid argument supplied for foreach()E:\wamp\www\Mall\Storage\view\compile\d1789a3e220e607bb98342c6e716939b.php (165).
[ 2016-05-30T08:19:03+08:00 ]NOTICE: Undefined variable: dataE:\wamp\www\Mall\Storage\view\compile\d1789a3e220e607bb98342c6e716939b.php (165).
[ 2016-05-30T08:19:03+08:00 ]NOTICE: Invalid argument supplied for foreach()E:\wamp\www\Mall\Storage\view\compile\d1789a3e220e607bb98342c6e716939b.php (165).
[ 2016-05-30T08:19:03+08:00 ]NOTICE: Undefined variable: detailE:\wamp\www\Mall\Storage\view\compile\d1789a3e220e607bb98342c6e716939b.php (239).
[ 2016-05-30T08:20:05+08:00 ]NOTICE: Undefined variable: dataE:\wamp\www\Mall\Storage\view\compile\d1789a3e220e607bb98342c6e716939b.php (165).
[ 2016-05-30T08:20:05+08:00 ]NOTICE: Invalid argument supplied for foreach()E:\wamp\www\Mall\Storage\view\compile\d1789a3e220e607bb98342c6e716939b.php (165).
[ 2016-05-30T08:28:10+08:00 ]NOTICE: Undefined variable: dataE:\wamp\www\Mall\Storage\view\compile\d1789a3e220e607bb98342c6e716939b.php (165).
[ 2016-05-30T08:28:10+08:00 ]NOTICE: Invalid argument supplied for foreach()E:\wamp\www\Mall\Storage\view\compile\d1789a3e220e607bb98342c6e716939b.php (165).
[ 2016-05-30T08:40:41+08:00 ]NOTICE: Undefined variable: dataE:\wamp\www\Mall\Storage\view\compile\d1789a3e220e607bb98342c6e716939b.php (165).
[ 2016-05-30T08:40:41+08:00 ]NOTICE: Invalid argument supplied for foreach()E:\wamp\www\Mall\Storage\view\compile\d1789a3e220e607bb98342c6e716939b.php (165).
[ 2016-05-30T08:43:20+08:00 ]NOTICE: Undefined variable: dataE:\wamp\www\Mall\Storage\view\compile\d1789a3e220e607bb98342c6e716939b.php (165).
[ 2016-05-30T08:43:20+08:00 ]NOTICE: Invalid argument supplied for foreach()E:\wamp\www\Mall\Storage\view\compile\d1789a3e220e607bb98342c6e716939b.php (165).
[ 2016-05-30T08:43:20+08:00 ]NOTICE: Uninitialized string offset: 0E:\wamp\www\Mall\Storage\view\compile\d1789a3e220e607bb98342c6e716939b.php (240).
[ 2016-05-30T08:43:20+08:00 ]NOTICE: Undefined index: galleryE:\wamp\www\Mall\Storage\view\compile\d1789a3e220e607bb98342c6e716939b.php (240).
[ 2016-05-30T08:52:59+08:00 ]NOTICE: Undefined variable: dataE:\wamp\www\Mall\Storage\view\compile\d1789a3e220e607bb98342c6e716939b.php (165).
[ 2016-05-30T08:52:59+08:00 ]NOTICE: Invalid argument supplied for foreach()E:\wamp\www\Mall\Storage\view\compile\d1789a3e220e607bb98342c6e716939b.php (165).
[ 2016-05-30T08:52:59+08:00 ]NOTICE: Uninitialized string offset: 0E:\wamp\www\Mall\Storage\view\compile\d1789a3e220e607bb98342c6e716939b.php (240).
[ 2016-05-30T08:52:59+08:00 ]NOTICE: Undefined index: galleryE:\wamp\www\Mall\Storage\view\compile\d1789a3e220e607bb98342c6e716939b.php (240).
[ 2016-05-30T08:53:47+08:00 ]NOTICE: Undefined variable: dataE:\wamp\www\Mall\Storage\view\compile\d1789a3e220e607bb98342c6e716939b.php (165).
[ 2016-05-30T08:53:47+08:00 ]NOTICE: Invalid argument supplied for foreach()E:\wamp\www\Mall\Storage\view\compile\d1789a3e220e607bb98342c6e716939b.php (165).
[ 2016-05-30T08:53:47+08:00 ]NOTICE: Undefined index: listpicE:\wamp\www\Mall\Storage\view\compile\d1789a3e220e607bb98342c6e716939b.php (211).
[ 2016-05-30T08:53:47+08:00 ]NOTICE: Undefined index: galleryE:\wamp\www\Mall\Storage\view\compile\d1789a3e220e607bb98342c6e716939b.php (237).
[ 2016-05-30T08:53:47+08:00 ]NOTICE: Undefined index: detailE:\wamp\www\Mall\Storage\view\compile\d1789a3e220e607bb98342c6e716939b.php (260).
[ 2016-05-30T08:53:47+08:00 ]NOTICE: Undefined index: serviceE:\wamp\www\Mall\Storage\view\compile\d1789a3e220e607bb98342c6e716939b.php (272).
[ 2016-05-30T08:55:35+08:00 ]NOTICE: Undefined variable: dataE:\wamp\www\Mall\Storage\view\compile\d1789a3e220e607bb98342c6e716939b.php (165).
[ 2016-05-30T08:55:35+08:00 ]NOTICE: Invalid argument supplied for foreach()E:\wamp\www\Mall\Storage\view\compile\d1789a3e220e607bb98342c6e716939b.php (165).
[ 2016-05-30T08:55:35+08:00 ]NOTICE: Uninitialized string offset: 0E:\wamp\www\Mall\Storage\view\compile\d1789a3e220e607bb98342c6e716939b.php (240).
[ 2016-05-30T08:55:35+08:00 ]NOTICE: Undefined index: galleryE:\wamp\www\Mall\Storage\view\compile\d1789a3e220e607bb98342c6e716939b.php (240).
[ 2016-05-30T09:06:32+08:00 ]NOTICE: Undefined index: gnameE:\wamp\www\Mall\Storage\view\compile\d1789a3e220e607bb98342c6e716939b.php (143).
[ 2016-05-30T09:06:32+08:00 ]NOTICE: Undefined index: gunitE:\wamp\www\Mall\Storage\view\compile\d1789a3e220e607bb98342c6e716939b.php (147).
[ 2016-05-30T09:06:32+08:00 ]NOTICE: Undefined index: cpriceE:\wamp\www\Mall\Storage\view\compile\d1789a3e220e607bb98342c6e716939b.php (151).
[ 2016-05-30T09:06:32+08:00 ]NOTICE: Undefined index: mpriceE:\wamp\www\Mall\Storage\view\compile\d1789a3e220e607bb98342c6e716939b.php (155).
[ 2016-05-30T09:06:32+08:00 ]NOTICE: Undefined index: clickE:\wamp\www\Mall\Storage\view\compile\d1789a3e220e607bb98342c6e716939b.php (159).
[ 2016-05-30T09:06:32+08:00 ]NOTICE: Undefined variable: dataE:\wamp\www\Mall\Storage\view\compile\d1789a3e220e607bb98342c6e716939b.php (166).
[ 2016-05-30T09:06:32+08:00 ]NOTICE: Invalid argument supplied for foreach()E:\wamp\www\Mall\Storage\view\compile\d1789a3e220e607bb98342c6e716939b.php (166).
[ 2016-05-30T09:06:32+08:00 ]NOTICE: Uninitialized string offset: 0E:\wamp\www\Mall\Storage\view\compile\d1789a3e220e607bb98342c6e716939b.php (241).
[ 2016-05-30T09:06:32+08:00 ]NOTICE: Undefined index: galleryE:\wamp\www\Mall\Storage\view\compile\d1789a3e220e607bb98342c6e716939b.php (241).
[ 2016-05-30T09:10:06+08:00 ]NOTICE: Undefined index: gnameE:\wamp\www\Mall\Storage\view\compile\d1789a3e220e607bb98342c6e716939b.php (143).
[ 2016-05-30T09:10:06+08:00 ]NOTICE: Undefined index: gunitE:\wamp\www\Mall\Storage\view\compile\d1789a3e220e607bb98342c6e716939b.php (147).
[ 2016-05-30T09:10:06+08:00 ]NOTICE: Undefined index: cpriceE:\wamp\www\Mall\Storage\view\compile\d1789a3e220e607bb98342c6e716939b.php (151).
[ 2016-05-30T09:10:06+08:00 ]NOTICE: Undefined index: mpriceE:\wamp\www\Mall\Storage\view\compile\d1789a3e220e607bb98342c6e716939b.php (155).
[ 2016-05-30T09:10:06+08:00 ]NOTICE: Undefined index: clickE:\wamp\www\Mall\Storage\view\compile\d1789a3e220e607bb98342c6e716939b.php (159).
[ 2016-05-30T09:10:06+08:00 ]NOTICE: Undefined index: gnameE:\wamp\www\Mall\Storage\view\compile\d1789a3e220e607bb98342c6e716939b.php (143).
[ 2016-05-30T09:10:06+08:00 ]NOTICE: Undefined index: gunitE:\wamp\www\Mall\Storage\view\compile\d1789a3e220e607bb98342c6e716939b.php (147).
[ 2016-05-30T09:10:06+08:00 ]NOTICE: Undefined index: cpriceE:\wamp\www\Mall\Storage\view\compile\d1789a3e220e607bb98342c6e716939b.php (151).
[ 2016-05-30T09:10:06+08:00 ]NOTICE: Undefined index: mpriceE:\wamp\www\Mall\Storage\view\compile\d1789a3e220e607bb98342c6e716939b.php (155).
[ 2016-05-30T09:10:06+08:00 ]NOTICE: Undefined index: clickE:\wamp\www\Mall\Storage\view\compile\d1789a3e220e607bb98342c6e716939b.php (159).
[ 2016-05-30T09:10:06+08:00 ]NOTICE: Undefined index: gnameE:\wamp\www\Mall\Storage\view\compile\d1789a3e220e607bb98342c6e716939b.php (143).
[ 2016-05-30T09:10:06+08:00 ]NOTICE: Undefined index: gunitE:\wamp\www\Mall\Storage\view\compile\d1789a3e220e607bb98342c6e716939b.php (147).
[ 2016-05-30T09:10:06+08:00 ]NOTICE: Undefined index: cpriceE:\wamp\www\Mall\Storage\view\compile\d1789a3e220e607bb98342c6e716939b.php (151).
[ 2016-05-30T09:10:06+08:00 ]NOTICE: Undefined index: mpriceE:\wamp\www\Mall\Storage\view\compile\d1789a3e220e607bb98342c6e716939b.php (155).
[ 2016-05-30T09:10:06+08:00 ]NOTICE: Undefined index: clickE:\wamp\www\Mall\Storage\view\compile\d1789a3e220e607bb98342c6e716939b.php (159).
[ 2016-05-30T09:10:06+08:00 ]NOTICE: Undefined index: gnameE:\wamp\www\Mall\Storage\view\compile\d1789a3e220e607bb98342c6e716939b.php (143).
[ 2016-05-30T09:10:06+08:00 ]NOTICE: Undefined index: gunitE:\wamp\www\Mall\Storage\view\compile\d1789a3e220e607bb98342c6e716939b.php (147).
[ 2016-05-30T09:10:06+08:00 ]NOTICE: Undefined index: cpriceE:\wamp\www\Mall\Storage\view\compile\d1789a3e220e607bb98342c6e716939b.php (151).
[ 2016-05-30T09:10:06+08:00 ]NOTICE: Undefined index: mpriceE:\wamp\www\Mall\Storage\view\compile\d1789a3e220e607bb98342c6e716939b.php (155).
[ 2016-05-30T09:10:06+08:00 ]NOTICE: Undefined index: clickE:\wamp\www\Mall\Storage\view\compile\d1789a3e220e607bb98342c6e716939b.php (159).
[ 2016-05-30T09:10:06+08:00 ]NOTICE: Undefined index: gnameE:\wamp\www\Mall\Storage\view\compile\d1789a3e220e607bb98342c6e716939b.php (143).
[ 2016-05-30T09:10:06+08:00 ]NOTICE: Undefined index: gunitE:\wamp\www\Mall\Storage\view\compile\d1789a3e220e607bb98342c6e716939b.php (147).
[ 2016-05-30T09:10:06+08:00 ]NOTICE: Undefined index: cpriceE:\wamp\www\Mall\Storage\view\compile\d1789a3e220e607bb98342c6e716939b.php (151).
[ 2016-05-30T09:10:06+08:00 ]NOTICE: Undefined index: mpriceE:\wamp\www\Mall\Storage\view\compile\d1789a3e220e607bb98342c6e716939b.php (155).
[ 2016-05-30T09:10:06+08:00 ]NOTICE: Undefined index: clickE:\wamp\www\Mall\Storage\view\compile\d1789a3e220e607bb98342c6e716939b.php (159).
[ 2016-05-30T09:10:06+08:00 ]NOTICE: Undefined variable: dataE:\wamp\www\Mall\Storage\view\compile\d1789a3e220e607bb98342c6e716939b.php (166).
[ 2016-05-30T09:10:06+08:00 ]NOTICE: Invalid argument supplied for foreach()E:\wamp\www\Mall\Storage\view\compile\d1789a3e220e607bb98342c6e716939b.php (166).
[ 2016-05-30T09:10:06+08:00 ]NOTICE: Uninitialized string offset: 0E:\wamp\www\Mall\Storage\view\compile\d1789a3e220e607bb98342c6e716939b.php (241).
[ 2016-05-30T09:10:06+08:00 ]NOTICE: Undefined index: galleryE:\wamp\www\Mall\Storage\view\compile\d1789a3e220e607bb98342c6e716939b.php (241).
[ 2016-05-30T09:13:22+08:00 ]NOTICE: Undefined index: gnameE:\wamp\www\Mall\Storage\view\compile\d1789a3e220e607bb98342c6e716939b.php (143).
[ 2016-05-30T09:13:22+08:00 ]NOTICE: Undefined index: gunitE:\wamp\www\Mall\Storage\view\compile\d1789a3e220e607bb98342c6e716939b.php (147).
[ 2016-05-30T09:13:22+08:00 ]NOTICE: Undefined index: cpriceE:\wamp\www\Mall\Storage\view\compile\d1789a3e220e607bb98342c6e716939b.php (151).
[ 2016-05-30T09:13:22+08:00 ]NOTICE: Undefined index: mpriceE:\wamp\www\Mall\Storage\view\compile\d1789a3e220e607bb98342c6e716939b.php (155).
[ 2016-05-30T09:13:22+08:00 ]NOTICE: Undefined index: clickE:\wamp\www\Mall\Storage\view\compile\d1789a3e220e607bb98342c6e716939b.php (159).
[ 2016-05-30T09:13:22+08:00 ]NOTICE: Undefined index: gnameE:\wamp\www\Mall\Storage\view\compile\d1789a3e220e607bb98342c6e716939b.php (143).
[ 2016-05-30T09:13:22+08:00 ]NOTICE: Undefined index: gunitE:\wamp\www\Mall\Storage\view\compile\d1789a3e220e607bb98342c6e716939b.php (147).
[ 2016-05-30T09:13:22+08:00 ]NOTICE: Undefined index: cpriceE:\wamp\www\Mall\Storage\view\compile\d1789a3e220e607bb98342c6e716939b.php (151).
[ 2016-05-30T09:13:22+08:00 ]NOTICE: Undefined index: mpriceE:\wamp\www\Mall\Storage\view\compile\d1789a3e220e607bb98342c6e716939b.php (155).
[ 2016-05-30T09:13:22+08:00 ]NOTICE: Undefined index: clickE:\wamp\www\Mall\Storage\view\compile\d1789a3e220e607bb98342c6e716939b.php (159).
[ 2016-05-30T09:13:22+08:00 ]NOTICE: Undefined index: gnameE:\wamp\www\Mall\Storage\view\compile\d1789a3e220e607bb98342c6e716939b.php (143).
[ 2016-05-30T09:13:22+08:00 ]NOTICE: Undefined index: gunitE:\wamp\www\Mall\Storage\view\compile\d1789a3e220e607bb98342c6e716939b.php (147).
[ 2016-05-30T09:13:22+08:00 ]NOTICE: Undefined index: cpriceE:\wamp\www\Mall\Storage\view\compile\d1789a3e220e607bb98342c6e716939b.php (151).
[ 2016-05-30T09:13:22+08:00 ]NOTICE: Undefined index: mpriceE:\wamp\www\Mall\Storage\view\compile\d1789a3e220e607bb98342c6e716939b.php (155).
[ 2016-05-30T09:13:22+08:00 ]NOTICE: Undefined index: clickE:\wamp\www\Mall\Storage\view\compile\d1789a3e220e607bb98342c6e716939b.php (159).
[ 2016-05-30T09:13:22+08:00 ]NOTICE: Undefined index: gnameE:\wamp\www\Mall\Storage\view\compile\d1789a3e220e607bb98342c6e716939b.php (143).
[ 2016-05-30T09:13:22+08:00 ]NOTICE: Undefined index: gunitE:\wamp\www\Mall\Storage\view\compile\d1789a3e220e607bb98342c6e716939b.php (147).
[ 2016-05-30T09:13:22+08:00 ]NOTICE: Undefined index: cpriceE:\wamp\www\Mall\Storage\view\compile\d1789a3e220e607bb98342c6e716939b.php (151).
[ 2016-05-30T09:13:22+08:00 ]NOTICE: Undefined index: mpriceE:\wamp\www\Mall\Storage\view\compile\d1789a3e220e607bb98342c6e716939b.php (155).
[ 2016-05-30T09:13:22+08:00 ]NOTICE: Undefined index: clickE:\wamp\www\Mall\Storage\view\compile\d1789a3e220e607bb98342c6e716939b.php (159).
[ 2016-05-30T09:13:22+08:00 ]NOTICE: Undefined index: gnameE:\wamp\www\Mall\Storage\view\compile\d1789a3e220e607bb98342c6e716939b.php (143).
[ 2016-05-30T09:13:22+08:00 ]NOTICE: Undefined index: gunitE:\wamp\www\Mall\Storage\view\compile\d1789a3e220e607bb98342c6e716939b.php (147).
[ 2016-05-30T09:13:22+08:00 ]NOTICE: Undefined index: cpriceE:\wamp\www\Mall\Storage\view\compile\d1789a3e220e607bb98342c6e716939b.php (151).
[ 2016-05-30T09:13:22+08:00 ]NOTICE: Undefined index: mpriceE:\wamp\www\Mall\Storage\view\compile\d1789a3e220e607bb98342c6e716939b.php (155).
[ 2016-05-30T09:13:22+08:00 ]NOTICE: Undefined index: clickE:\wamp\www\Mall\Storage\view\compile\d1789a3e220e607bb98342c6e716939b.php (159).
[ 2016-05-30T09:13:22+08:00 ]NOTICE: Undefined variable: dataE:\wamp\www\Mall\Storage\view\compile\d1789a3e220e607bb98342c6e716939b.php (166).
[ 2016-05-30T09:13:22+08:00 ]NOTICE: Invalid argument supplied for foreach()E:\wamp\www\Mall\Storage\view\compile\d1789a3e220e607bb98342c6e716939b.php (166).
[ 2016-05-30T09:13:22+08:00 ]NOTICE: Uninitialized string offset: 0E:\wamp\www\Mall\Storage\view\compile\d1789a3e220e607bb98342c6e716939b.php (241).
[ 2016-05-30T09:13:22+08:00 ]NOTICE: Undefined index: galleryE:\wamp\www\Mall\Storage\view\compile\d1789a3e220e607bb98342c6e716939b.php (241).
[ 2016-05-30T09:13:59+08:00 ]NOTICE: Undefined index: gnameE:\wamp\www\Mall\Storage\view\compile\d1789a3e220e607bb98342c6e716939b.php (143).
[ 2016-05-30T09:13:59+08:00 ]NOTICE: Undefined index: gunitE:\wamp\www\Mall\Storage\view\compile\d1789a3e220e607bb98342c6e716939b.php (147).
[ 2016-05-30T09:13:59+08:00 ]NOTICE: Undefined index: cpriceE:\wamp\www\Mall\Storage\view\compile\d1789a3e220e607bb98342c6e716939b.php (151).
[ 2016-05-30T09:13:59+08:00 ]NOTICE: Undefined index: mpriceE:\wamp\www\Mall\Storage\view\compile\d1789a3e220e607bb98342c6e716939b.php (155).
[ 2016-05-30T09:13:59+08:00 ]NOTICE: Undefined index: clickE:\wamp\www\Mall\Storage\view\compile\d1789a3e220e607bb98342c6e716939b.php (159).
[ 2016-05-30T09:13:59+08:00 ]NOTICE: Undefined index: gnameE:\wamp\www\Mall\Storage\view\compile\d1789a3e220e607bb98342c6e716939b.php (143).
[ 2016-05-30T09:13:59+08:00 ]NOTICE: Undefined index: gunitE:\wamp\www\Mall\Storage\view\compile\d1789a3e220e607bb98342c6e716939b.php (147).
[ 2016-05-30T09:13:59+08:00 ]NOTICE: Undefined index: cpriceE:\wamp\www\Mall\Storage\view\compile\d1789a3e220e607bb98342c6e716939b.php (151).
[ 2016-05-30T09:13:59+08:00 ]NOTICE: Undefined index: mpriceE:\wamp\www\Mall\Storage\view\compile\d1789a3e220e607bb98342c6e716939b.php (155).
[ 2016-05-30T09:13:59+08:00 ]NOTICE: Undefined index: clickE:\wamp\www\Mall\Storage\view\compile\d1789a3e220e607bb98342c6e716939b.php (159).
[ 2016-05-30T09:13:59+08:00 ]NOTICE: Undefined index: gnameE:\wamp\www\Mall\Storage\view\compile\d1789a3e220e607bb98342c6e716939b.php (143).
[ 2016-05-30T09:13:59+08:00 ]NOTICE: Undefined index: gunitE:\wamp\www\Mall\Storage\view\compile\d1789a3e220e607bb98342c6e716939b.php (147).
[ 2016-05-30T09:13:59+08:00 ]NOTICE: Undefined index: cpriceE:\wamp\www\Mall\Storage\view\compile\d1789a3e220e607bb98342c6e716939b.php (151).
[ 2016-05-30T09:13:59+08:00 ]NOTICE: Undefined index: mpriceE:\wamp\www\Mall\Storage\view\compile\d1789a3e220e607bb98342c6e716939b.php (155).
[ 2016-05-30T09:13:59+08:00 ]NOTICE: Undefined index: clickE:\wamp\www\Mall\Storage\view\compile\d1789a3e220e607bb98342c6e716939b.php (159).
[ 2016-05-30T09:13:59+08:00 ]NOTICE: Undefined index: gnameE:\wamp\www\Mall\Storage\view\compile\d1789a3e220e607bb98342c6e716939b.php (143).
[ 2016-05-30T09:13:59+08:00 ]NOTICE: Undefined index: gunitE:\wamp\www\Mall\Storage\view\compile\d1789a3e220e607bb98342c6e716939b.php (147).
[ 2016-05-30T09:13:59+08:00 ]NOTICE: Undefined index: cpriceE:\wamp\www\Mall\Storage\view\compile\d1789a3e220e607bb98342c6e716939b.php (151).
[ 2016-05-30T09:13:59+08:00 ]NOTICE: Undefined index: mpriceE:\wamp\www\Mall\Storage\view\compile\d1789a3e220e607bb98342c6e716939b.php (155).
[ 2016-05-30T09:13:59+08:00 ]NOTICE: Undefined index: clickE:\wamp\www\Mall\Storage\view\compile\d1789a3e220e607bb98342c6e716939b.php (159).
[ 2016-05-30T09:13:59+08:00 ]NOTICE: Undefined index: gnameE:\wamp\www\Mall\Storage\view\compile\d1789a3e220e607bb98342c6e716939b.php (143).
[ 2016-05-30T09:13:59+08:00 ]NOTICE: Undefined index: gunitE:\wamp\www\Mall\Storage\view\compile\d1789a3e220e607bb98342c6e716939b.php (147).
[ 2016-05-30T09:13:59+08:00 ]NOTICE: Undefined index: cpriceE:\wamp\www\Mall\Storage\view\compile\d1789a3e220e607bb98342c6e716939b.php (151).
[ 2016-05-30T09:13:59+08:00 ]NOTICE: Undefined index: mpriceE:\wamp\www\Mall\Storage\view\compile\d1789a3e220e607bb98342c6e716939b.php (155).
[ 2016-05-30T09:13:59+08:00 ]NOTICE: Undefined index: clickE:\wamp\www\Mall\Storage\view\compile\d1789a3e220e607bb98342c6e716939b.php (159).
[ 2016-05-30T09:13:59+08:00 ]NOTICE: Undefined variable: dataE:\wamp\www\Mall\Storage\view\compile\d1789a3e220e607bb98342c6e716939b.php (166).
[ 2016-05-30T09:13:59+08:00 ]NOTICE: Invalid argument supplied for foreach()E:\wamp\www\Mall\Storage\view\compile\d1789a3e220e607bb98342c6e716939b.php (166).
[ 2016-05-30T09:13:59+08:00 ]NOTICE: Uninitialized string offset: 0E:\wamp\www\Mall\Storage\view\compile\d1789a3e220e607bb98342c6e716939b.php (241).
[ 2016-05-30T09:13:59+08:00 ]NOTICE: Undefined index: galleryE:\wamp\www\Mall\Storage\view\compile\d1789a3e220e607bb98342c6e716939b.php (241).
[ 2016-05-30T09:15:24+08:00 ]NOTICE: Undefined index: gnameE:\wamp\www\Mall\Storage\view\compile\d1789a3e220e607bb98342c6e716939b.php (143).
[ 2016-05-30T09:15:24+08:00 ]NOTICE: Undefined index: gunitE:\wamp\www\Mall\Storage\view\compile\d1789a3e220e607bb98342c6e716939b.php (147).
[ 2016-05-30T09:15:24+08:00 ]NOTICE: Undefined index: cpriceE:\wamp\www\Mall\Storage\view\compile\d1789a3e220e607bb98342c6e716939b.php (151).
[ 2016-05-30T09:15:24+08:00 ]NOTICE: Undefined index: mpriceE:\wamp\www\Mall\Storage\view\compile\d1789a3e220e607bb98342c6e716939b.php (155).
[ 2016-05-30T09:15:24+08:00 ]NOTICE: Undefined index: clickE:\wamp\www\Mall\Storage\view\compile\d1789a3e220e607bb98342c6e716939b.php (159).
[ 2016-05-30T09:15:24+08:00 ]NOTICE: Undefined index: gnameE:\wamp\www\Mall\Storage\view\compile\d1789a3e220e607bb98342c6e716939b.php (143).
[ 2016-05-30T09:15:24+08:00 ]NOTICE: Undefined index: gunitE:\wamp\www\Mall\Storage\view\compile\d1789a3e220e607bb98342c6e716939b.php (147).
[ 2016-05-30T09:15:24+08:00 ]NOTICE: Undefined index: cpriceE:\wamp\www\Mall\Storage\view\compile\d1789a3e220e607bb98342c6e716939b.php (151).
[ 2016-05-30T09:15:24+08:00 ]NOTICE: Undefined index: mpriceE:\wamp\www\Mall\Storage\view\compile\d1789a3e220e607bb98342c6e716939b.php (155).
[ 2016-05-30T09:15:24+08:00 ]NOTICE: Undefined index: clickE:\wamp\www\Mall\Storage\view\compile\d1789a3e220e607bb98342c6e716939b.php (159).
[ 2016-05-30T09:15:24+08:00 ]NOTICE: Undefined index: gnameE:\wamp\www\Mall\Storage\view\compile\d1789a3e220e607bb98342c6e716939b.php (143).
[ 2016-05-30T09:15:24+08:00 ]NOTICE: Undefined index: gunitE:\wamp\www\Mall\Storage\view\compile\d1789a3e220e607bb98342c6e716939b.php (147).
[ 2016-05-30T09:15:24+08:00 ]NOTICE: Undefined index: cpriceE:\wamp\www\Mall\Storage\view\compile\d1789a3e220e607bb98342c6e716939b.php (151).
[ 2016-05-30T09:15:24+08:00 ]NOTICE: Undefined index: mpriceE:\wamp\www\Mall\Storage\view\compile\d1789a3e220e607bb98342c6e716939b.php (155).
[ 2016-05-30T09:15:24+08:00 ]NOTICE: Undefined index: clickE:\wamp\www\Mall\Storage\view\compile\d1789a3e220e607bb98342c6e716939b.php (159).
[ 2016-05-30T09:15:24+08:00 ]NOTICE: Undefined index: gnameE:\wamp\www\Mall\Storage\view\compile\d1789a3e220e607bb98342c6e716939b.php (143).
[ 2016-05-30T09:15:24+08:00 ]NOTICE: Undefined index: gunitE:\wamp\www\Mall\Storage\view\compile\d1789a3e220e607bb98342c6e716939b.php (147).
[ 2016-05-30T09:15:24+08:00 ]NOTICE: Undefined index: cpriceE:\wamp\www\Mall\Storage\view\compile\d1789a3e220e607bb98342c6e716939b.php (151).
[ 2016-05-30T09:15:24+08:00 ]NOTICE: Undefined index: mpriceE:\wamp\www\Mall\Storage\view\compile\d1789a3e220e607bb98342c6e716939b.php (155).
[ 2016-05-30T09:15:24+08:00 ]NOTICE: Undefined index: clickE:\wamp\www\Mall\Storage\view\compile\d1789a3e220e607bb98342c6e716939b.php (159).
[ 2016-05-30T09:15:24+08:00 ]NOTICE: Undefined index: gnameE:\wamp\www\Mall\Storage\view\compile\d1789a3e220e607bb98342c6e716939b.php (143).
[ 2016-05-30T09:15:24+08:00 ]NOTICE: Undefined index: gunitE:\wamp\www\Mall\Storage\view\compile\d1789a3e220e607bb98342c6e716939b.php (147).
[ 2016-05-30T09:15:24+08:00 ]NOTICE: Undefined index: cpriceE:\wamp\www\Mall\Storage\view\compile\d1789a3e220e607bb98342c6e716939b.php (151).
[ 2016-05-30T09:15:24+08:00 ]NOTICE: Undefined index: mpriceE:\wamp\www\Mall\Storage\view\compile\d1789a3e220e607bb98342c6e716939b.php (155).
[ 2016-05-30T09:15:24+08:00 ]NOTICE: Undefined index: clickE:\wamp\www\Mall\Storage\view\compile\d1789a3e220e607bb98342c6e716939b.php (159).
[ 2016-05-30T09:15:24+08:00 ]NOTICE: Undefined variable: dataE:\wamp\www\Mall\Storage\view\compile\d1789a3e220e607bb98342c6e716939b.php (166).
[ 2016-05-30T09:15:24+08:00 ]NOTICE: Invalid argument supplied for foreach()E:\wamp\www\Mall\Storage\view\compile\d1789a3e220e607bb98342c6e716939b.php (166).
[ 2016-05-30T09:27:08+08:00 ]NOTICE: Undefined index: gnameE:\wamp\www\Mall\Storage\view\compile\d1789a3e220e607bb98342c6e716939b.php (143).
[ 2016-05-30T09:27:08+08:00 ]NOTICE: Undefined index: gunitE:\wamp\www\Mall\Storage\view\compile\d1789a3e220e607bb98342c6e716939b.php (147).
[ 2016-05-30T09:27:08+08:00 ]NOTICE: Undefined index: cpriceE:\wamp\www\Mall\Storage\view\compile\d1789a3e220e607bb98342c6e716939b.php (151).
[ 2016-05-30T09:27:08+08:00 ]NOTICE: Undefined index: mpriceE:\wamp\www\Mall\Storage\view\compile\d1789a3e220e607bb98342c6e716939b.php (155).
[ 2016-05-30T09:27:08+08:00 ]NOTICE: Undefined index: clickE:\wamp\www\Mall\Storage\view\compile\d1789a3e220e607bb98342c6e716939b.php (159).
[ 2016-05-30T09:27:08+08:00 ]NOTICE: Undefined index: gnameE:\wamp\www\Mall\Storage\view\compile\d1789a3e220e607bb98342c6e716939b.php (143).
[ 2016-05-30T09:27:08+08:00 ]NOTICE: Undefined index: gunitE:\wamp\www\Mall\Storage\view\compile\d1789a3e220e607bb98342c6e716939b.php (147).
[ 2016-05-30T09:27:08+08:00 ]NOTICE: Undefined index: cpriceE:\wamp\www\Mall\Storage\view\compile\d1789a3e220e607bb98342c6e716939b.php (151).
[ 2016-05-30T09:27:08+08:00 ]NOTICE: Undefined index: mpriceE:\wamp\www\Mall\Storage\view\compile\d1789a3e220e607bb98342c6e716939b.php (155).
[ 2016-05-30T09:27:08+08:00 ]NOTICE: Undefined index: clickE:\wamp\www\Mall\Storage\view\compile\d1789a3e220e607bb98342c6e716939b.php (159).
[ 2016-05-30T09:27:08+08:00 ]NOTICE: Undefined index: gnameE:\wamp\www\Mall\Storage\view\compile\d1789a3e220e607bb98342c6e716939b.php (143).
[ 2016-05-30T09:27:08+08:00 ]NOTICE: Undefined index: gunitE:\wamp\www\Mall\Storage\view\compile\d1789a3e220e607bb98342c6e716939b.php (147).
[ 2016-05-30T09:27:08+08:00 ]NOTICE: Undefined index: cpriceE:\wamp\www\Mall\Storage\view\compile\d1789a3e220e607bb98342c6e716939b.php (151).
[ 2016-05-30T09:27:08+08:00 ]NOTICE: Undefined index: mpriceE:\wamp\www\Mall\Storage\view\compile\d1789a3e220e607bb98342c6e716939b.php (155).
[ 2016-05-30T09:27:08+08:00 ]NOTICE: Undefined index: clickE:\wamp\www\Mall\Storage\view\compile\d1789a3e220e607bb98342c6e716939b.php (159).
[ 2016-05-30T09:27:08+08:00 ]NOTICE: Undefined index: gnameE:\wamp\www\Mall\Storage\view\compile\d1789a3e220e607bb98342c6e716939b.php (143).
[ 2016-05-30T09:27:08+08:00 ]NOTICE: Undefined index: gunitE:\wamp\www\Mall\Storage\view\compile\d1789a3e220e607bb98342c6e716939b.php (147).
[ 2016-05-30T09:27:08+08:00 ]NOTICE: Undefined index: cpriceE:\wamp\www\Mall\Storage\view\compile\d1789a3e220e607bb98342c6e716939b.php (151).
[ 2016-05-30T09:27:08+08:00 ]NOTICE: Undefined index: mpriceE:\wamp\www\Mall\Storage\view\compile\d1789a3e220e607bb98342c6e716939b.php (155).
[ 2016-05-30T09:27:08+08:00 ]NOTICE: Undefined index: clickE:\wamp\www\Mall\Storage\view\compile\d1789a3e220e607bb98342c6e716939b.php (159).
[ 2016-05-30T09:27:08+08:00 ]NOTICE: Undefined index: gnameE:\wamp\www\Mall\Storage\view\compile\d1789a3e220e607bb98342c6e716939b.php (143).
[ 2016-05-30T09:27:08+08:00 ]NOTICE: Undefined index: gunitE:\wamp\www\Mall\Storage\view\compile\d1789a3e220e607bb98342c6e716939b.php (147).
[ 2016-05-30T09:27:08+08:00 ]NOTICE: Undefined index: cpriceE:\wamp\www\Mall\Storage\view\compile\d1789a3e220e607bb98342c6e716939b.php (151).
[ 2016-05-30T09:27:08+08:00 ]NOTICE: Undefined index: mpriceE:\wamp\www\Mall\Storage\view\compile\d1789a3e220e607bb98342c6e716939b.php (155).
[ 2016-05-30T09:27:08+08:00 ]NOTICE: Undefined index: clickE:\wamp\www\Mall\Storage\view\compile\d1789a3e220e607bb98342c6e716939b.php (159).
[ 2016-05-30T09:27:08+08:00 ]NOTICE: Undefined variable: dataE:\wamp\www\Mall\Storage\view\compile\d1789a3e220e607bb98342c6e716939b.php (166).
[ 2016-05-30T09:27:08+08:00 ]NOTICE: Invalid argument supplied for foreach()E:\wamp\www\Mall\Storage\view\compile\d1789a3e220e607bb98342c6e716939b.php (166).
[ 2016-05-30T09:29:22+08:00 ]NOTICE: Undefined variable: dataE:\wamp\www\Mall\Storage\view\compile\d1789a3e220e607bb98342c6e716939b.php (164).
[ 2016-05-30T09:29:22+08:00 ]NOTICE: Invalid argument supplied for foreach()E:\wamp\www\Mall\Storage\view\compile\d1789a3e220e607bb98342c6e716939b.php (164).
[ 2016-05-30T09:32:42+08:00 ]NOTICE: Undefined offset: 0E:\wamp\www\Mall\App\Admin\Controller\GoodsController.php (67).
[ 2016-05-30T09:32:42+08:00 ]NOTICE: Undefined variable: dataE:\wamp\www\Mall\Storage\view\compile\d1789a3e220e607bb98342c6e716939b.php (164).
[ 2016-05-30T09:32:42+08:00 ]NOTICE: Invalid argument supplied for foreach()E:\wamp\www\Mall\Storage\view\compile\d1789a3e220e607bb98342c6e716939b.php (164).
[ 2016-05-30T09:35:28+08:00 ]NOTICE: Undefined variable: dataE:\wamp\www\Mall\Storage\view\compile\d1789a3e220e607bb98342c6e716939b.php (164).
[ 2016-05-30T09:35:28+08:00 ]NOTICE: Invalid argument supplied for foreach()E:\wamp\www\Mall\Storage\view\compile\d1789a3e220e607bb98342c6e716939b.php (164).
[ 2016-05-30T09:36:10+08:00 ]NOTICE: Undefined variable: dataE:\wamp\www\Mall\Storage\view\compile\d1789a3e220e607bb98342c6e716939b.php (164).
[ 2016-05-30T09:36:10+08:00 ]NOTICE: Invalid argument supplied for foreach()E:\wamp\www\Mall\Storage\view\compile\d1789a3e220e607bb98342c6e716939b.php (164).
[ 2016-05-30T09:38:00+08:00 ]NOTICE: Undefined variable: dataE:\wamp\www\Mall\Storage\view\compile\d1789a3e220e607bb98342c6e716939b.php (164).
[ 2016-05-30T09:38:00+08:00 ]NOTICE: Invalid argument supplied for foreach()E:\wamp\www\Mall\Storage\view\compile\d1789a3e220e607bb98342c6e716939b.php (164).
[ 2016-05-30T09:39:13+08:00 ]NOTICE: Undefined variable: dataE:\wamp\www\Mall\Storage\view\compile\d1789a3e220e607bb98342c6e716939b.php (164).
[ 2016-05-30T09:39:13+08:00 ]NOTICE: Invalid argument supplied for foreach()E:\wamp\www\Mall\Storage\view\compile\d1789a3e220e607bb98342c6e716939b.php (164).
[ 2016-05-30T09:40:08+08:00 ]NOTICE: Undefined variable: dataE:\wamp\www\Mall\Storage\view\compile\d1789a3e220e607bb98342c6e716939b.php (164).
[ 2016-05-30T09:40:08+08:00 ]NOTICE: Invalid argument supplied for foreach()E:\wamp\www\Mall\Storage\view\compile\d1789a3e220e607bb98342c6e716939b.php (164).
[ 2016-05-30T09:40:08+08:00 ]NOTICE: Uninitialized string offset: 0E:\wamp\www\Mall\Storage\view\compile\d1789a3e220e607bb98342c6e716939b.php (239).
[ 2016-05-30T09:40:08+08:00 ]NOTICE: Undefined index: galleryE:\wamp\www\Mall\Storage\view\compile\d1789a3e220e607bb98342c6e716939b.php (239).
[ 2016-05-30T09:41:47+08:00 ]NOTICE: Undefined variable: dataE:\wamp\www\Mall\Storage\view\compile\d1789a3e220e607bb98342c6e716939b.php (164).
[ 2016-05-30T09:41:47+08:00 ]NOTICE: Invalid argument supplied for foreach()E:\wamp\www\Mall\Storage\view\compile\d1789a3e220e607bb98342c6e716939b.php (164).
[ 2016-05-30T09:41:47+08:00 ]NOTICE: Uninitialized string offset: 0E:\wamp\www\Mall\Storage\view\compile\d1789a3e220e607bb98342c6e716939b.php (239).
[ 2016-05-30T09:41:47+08:00 ]NOTICE: Undefined index: galleryE:\wamp\www\Mall\Storage\view\compile\d1789a3e220e607bb98342c6e716939b.php (239).
[ 2016-05-30T09:42:39+08:00 ]NOTICE: Undefined variable: dataE:\wamp\www\Mall\Storage\view\compile\d1789a3e220e607bb98342c6e716939b.php (164).
[ 2016-05-30T09:42:39+08:00 ]NOTICE: Invalid argument supplied for foreach()E:\wamp\www\Mall\Storage\view\compile\d1789a3e220e607bb98342c6e716939b.php (164).
[ 2016-05-30T09:42:39+08:00 ]NOTICE: Uninitialized string offset: 0E:\wamp\www\Mall\Storage\view\compile\d1789a3e220e607bb98342c6e716939b.php (239).
[ 2016-05-30T09:42:39+08:00 ]NOTICE: Undefined index: galleryE:\wamp\www\Mall\Storage\view\compile\d1789a3e220e607bb98342c6e716939b.php (239).
[ 2016-05-30T09:43:10+08:00 ]NOTICE: Undefined variable: dataE:\wamp\www\Mall\Storage\view\compile\d1789a3e220e607bb98342c6e716939b.php (164).
[ 2016-05-30T09:43:10+08:00 ]NOTICE: Invalid argument supplied for foreach()E:\wamp\www\Mall\Storage\view\compile\d1789a3e220e607bb98342c6e716939b.php (164).
[ 2016-05-30T09:43:10+08:00 ]NOTICE: Uninitialized string offset: 0E:\wamp\www\Mall\Storage\view\compile\d1789a3e220e607bb98342c6e716939b.php (239).
[ 2016-05-30T09:43:10+08:00 ]NOTICE: Undefined index: galleryE:\wamp\www\Mall\Storage\view\compile\d1789a3e220e607bb98342c6e716939b.php (239).
[ 2016-05-30T09:43:45+08:00 ]NOTICE: Undefined variable: dataE:\wamp\www\Mall\Storage\view\compile\d1789a3e220e607bb98342c6e716939b.php (164).
[ 2016-05-30T09:43:45+08:00 ]NOTICE: Invalid argument supplied for foreach()E:\wamp\www\Mall\Storage\view\compile\d1789a3e220e607bb98342c6e716939b.php (164).
[ 2016-05-30T10:06:11+08:00 ]NOTICE: Undefined variable: dataE:\wamp\www\Mall\Storage\view\compile\d1789a3e220e607bb98342c6e716939b.php (164).
[ 2016-05-30T10:06:11+08:00 ]NOTICE: Invalid argument supplied for foreach()E:\wamp\www\Mall\Storage\view\compile\d1789a3e220e607bb98342c6e716939b.php (164).
[ 2016-05-30T10:29:38+08:00 ]NOTICE: Undefined variable: dataE:\wamp\www\Mall\Storage\view\compile\d1789a3e220e607bb98342c6e716939b.php (164).
[ 2016-05-30T10:29:38+08:00 ]NOTICE: Invalid argument supplied for foreach()E:\wamp\www\Mall\Storage\view\compile\d1789a3e220e607bb98342c6e716939b.php (164).
[ 2016-05-30T10:29:59+08:00 ]NOTICE: Undefined variable: dataE:\wamp\www\Mall\Storage\view\compile\d1789a3e220e607bb98342c6e716939b.php (164).
[ 2016-05-30T10:29:59+08:00 ]NOTICE: Invalid argument supplied for foreach()E:\wamp\www\Mall\Storage\view\compile\d1789a3e220e607bb98342c6e716939b.php (164).
[ 2016-05-30T10:54:37+08:00 ]NOTICE: Undefined variable: dataE:\wamp\www\Mall\Storage\view\compile\d1789a3e220e607bb98342c6e716939b.php (164).
[ 2016-05-30T10:54:37+08:00 ]NOTICE: Invalid argument supplied for foreach()E:\wamp\www\Mall\Storage\view\compile\d1789a3e220e607bb98342c6e716939b.php (164).
[ 2016-05-30T11:41:23+08:00 ]NOTICE: Undefined variable: dataE:\wamp\www\Mall\Storage\view\compile\d1789a3e220e607bb98342c6e716939b.php (164).
[ 2016-05-30T11:41:23+08:00 ]NOTICE: Invalid argument supplied for foreach()E:\wamp\www\Mall\Storage\view\compile\d1789a3e220e607bb98342c6e716939b.php (164).
[ 2016-05-30T11:44:32+08:00 ]NOTICE: Undefined variable: dataE:\wamp\www\Mall\Storage\view\compile\d1789a3e220e607bb98342c6e716939b.php (164).
[ 2016-05-30T11:44:32+08:00 ]NOTICE: Invalid argument supplied for foreach()E:\wamp\www\Mall\Storage\view\compile\d1789a3e220e607bb98342c6e716939b.php (164).
[ 2016-05-30T11:47:56+08:00 ]NOTICE: Undefined variable: dataE:\wamp\www\Mall\Storage\view\compile\d1789a3e220e607bb98342c6e716939b.php (165).
[ 2016-05-30T11:47:56+08:00 ]NOTICE: Invalid argument supplied for foreach()E:\wamp\www\Mall\Storage\view\compile\d1789a3e220e607bb98342c6e716939b.php (165).
[ 2016-05-30T11:50:59+08:00 ]NOTICE: Undefined variable: dataE:\wamp\www\Mall\Storage\view\compile\d1789a3e220e607bb98342c6e716939b.php (166).
[ 2016-05-30T11:50:59+08:00 ]NOTICE: Invalid argument supplied for foreach()E:\wamp\www\Mall\Storage\view\compile\d1789a3e220e607bb98342c6e716939b.php (166).
[ 2016-05-30T11:54:13+08:00 ]NOTICE: Undefined variable: dataE:\wamp\www\Mall\Storage\view\compile\d1789a3e220e607bb98342c6e716939b.php (166).
[ 2016-05-30T11:54:13+08:00 ]NOTICE: Invalid argument supplied for foreach()E:\wamp\www\Mall\Storage\view\compile\d1789a3e220e607bb98342c6e716939b.php (166).
[ 2016-05-30T11:56:45+08:00 ]NOTICE: Undefined variable: dataE:\wamp\www\Mall\Storage\view\compile\d1789a3e220e607bb98342c6e716939b.php (169).
[ 2016-05-30T11:56:45+08:00 ]NOTICE: Invalid argument supplied for foreach()E:\wamp\www\Mall\Storage\view\compile\d1789a3e220e607bb98342c6e716939b.php (169).
[ 2016-05-30T12:08:48+08:00 ]NOTICE: Undefined variable: dataE:\wamp\www\Mall\Storage\view\compile\d1789a3e220e607bb98342c6e716939b.php (171).
[ 2016-05-30T12:08:48+08:00 ]NOTICE: Invalid argument supplied for foreach()E:\wamp\www\Mall\Storage\view\compile\d1789a3e220e607bb98342c6e716939b.php (171).
[ 2016-05-30T12:17:12+08:00 ]NOTICE: Undefined index: pidE:\wamp\www\Mall\Storage\view\compile\d1789a3e220e607bb98342c6e716939b.php (135).
[ 2016-05-30T12:17:12+08:00 ]NOTICE: Undefined index: pidE:\wamp\www\Mall\Storage\view\compile\d1789a3e220e607bb98342c6e716939b.php (135).
[ 2016-05-30T12:17:12+08:00 ]NOTICE: Undefined index: pidE:\wamp\www\Mall\Storage\view\compile\d1789a3e220e607bb98342c6e716939b.php (135).
[ 2016-05-30T12:17:12+08:00 ]NOTICE: Undefined index: pidE:\wamp\www\Mall\Storage\view\compile\d1789a3e220e607bb98342c6e716939b.php (135).
[ 2016-05-30T12:17:12+08:00 ]NOTICE: Undefined index: pidE:\wamp\www\Mall\Storage\view\compile\d1789a3e220e607bb98342c6e716939b.php (135).
[ 2016-05-30T12:17:12+08:00 ]NOTICE: Undefined index: pidE:\wamp\www\Mall\Storage\view\compile\d1789a3e220e607bb98342c6e716939b.php (135).
[ 2016-05-30T12:17:12+08:00 ]NOTICE: Undefined variable: dataE:\wamp\www\Mall\Storage\view\compile\d1789a3e220e607bb98342c6e716939b.php (172).
[ 2016-05-30T12:17:12+08:00 ]NOTICE: Invalid argument supplied for foreach()E:\wamp\www\Mall\Storage\view\compile\d1789a3e220e607bb98342c6e716939b.php (172).
[ 2016-05-30T12:19:15+08:00 ]NOTICE: Undefined index: pidE:\wamp\www\Mall\Storage\view\compile\d1789a3e220e607bb98342c6e716939b.php (135).
[ 2016-05-30T12:19:15+08:00 ]NOTICE: Undefined index: pidE:\wamp\www\Mall\Storage\view\compile\d1789a3e220e607bb98342c6e716939b.php (135).
[ 2016-05-30T12:19:15+08:00 ]NOTICE: Undefined index: pidE:\wamp\www\Mall\Storage\view\compile\d1789a3e220e607bb98342c6e716939b.php (135).
[ 2016-05-30T12:19:15+08:00 ]NOTICE: Undefined index: pidE:\wamp\www\Mall\Storage\view\compile\d1789a3e220e607bb98342c6e716939b.php (135).
[ 2016-05-30T12:19:15+08:00 ]NOTICE: Undefined index: pidE:\wamp\www\Mall\Storage\view\compile\d1789a3e220e607bb98342c6e716939b.php (135).
[ 2016-05-30T12:19:15+08:00 ]NOTICE: Undefined index: pidE:\wamp\www\Mall\Storage\view\compile\d1789a3e220e607bb98342c6e716939b.php (135).
[ 2016-05-30T12:19:15+08:00 ]NOTICE: Undefined variable: dataE:\wamp\www\Mall\Storage\view\compile\d1789a3e220e607bb98342c6e716939b.php (172).
[ 2016-05-30T12:19:15+08:00 ]NOTICE: Invalid argument supplied for foreach()E:\wamp\www\Mall\Storage\view\compile\d1789a3e220e607bb98342c6e716939b.php (172).
[ 2016-05-30T12:19:29+08:00 ]NOTICE: Undefined index: pidE:\wamp\www\Mall\Storage\view\compile\d1789a3e220e607bb98342c6e716939b.php (135).
[ 2016-05-30T12:19:29+08:00 ]NOTICE: Undefined index: pidE:\wamp\www\Mall\Storage\view\compile\d1789a3e220e607bb98342c6e716939b.php (135).
[ 2016-05-30T12:19:29+08:00 ]NOTICE: Undefined index: pidE:\wamp\www\Mall\Storage\view\compile\d1789a3e220e607bb98342c6e716939b.php (135).
[ 2016-05-30T12:19:29+08:00 ]NOTICE: Undefined index: pidE:\wamp\www\Mall\Storage\view\compile\d1789a3e220e607bb98342c6e716939b.php (135).
[ 2016-05-30T12:19:29+08:00 ]NOTICE: Undefined index: pidE:\wamp\www\Mall\Storage\view\compile\d1789a3e220e607bb98342c6e716939b.php (135).
[ 2016-05-30T12:19:29+08:00 ]NOTICE: Undefined index: pidE:\wamp\www\Mall\Storage\view\compile\d1789a3e220e607bb98342c6e716939b.php (135).
[ 2016-05-30T12:19:29+08:00 ]NOTICE: Undefined variable: dataE:\wamp\www\Mall\Storage\view\compile\d1789a3e220e607bb98342c6e716939b.php (172).
[ 2016-05-30T12:19:29+08:00 ]NOTICE: Invalid argument supplied for foreach()E:\wamp\www\Mall\Storage\view\compile\d1789a3e220e607bb98342c6e716939b.php (172).
[ 2016-05-30T12:23:00+08:00 ]NOTICE: Undefined variable: dataE:\wamp\www\Mall\Storage\view\compile\d1789a3e220e607bb98342c6e716939b.php (172).
[ 2016-05-30T12:23:00+08:00 ]NOTICE: Invalid argument supplied for foreach()E:\wamp\www\Mall\Storage\view\compile\d1789a3e220e607bb98342c6e716939b.php (172).
[ 2016-05-30T12:27:05+08:00 ]NOTICE: Undefined variable: dataE:\wamp\www\Mall\Storage\view\compile\d1789a3e220e607bb98342c6e716939b.php (172).
[ 2016-05-30T12:27:05+08:00 ]NOTICE: Invalid argument supplied for foreach()E:\wamp\www\Mall\Storage\view\compile\d1789a3e220e607bb98342c6e716939b.php (172).
[ 2016-05-30T12:49:02+08:00 ]EXCEPTION: INSERT INTO goods (`category_cid`,`band_bid`,`gname`,`gunit`,`cprice`,`mprice`,`click`,`listpic`,`addtime`,`user_uid`,`type_tid`)VALUES(?,?,?,?,?,?,?,?,?,?,?) ;BindParams:array (
  0 => '',
  1 => '',
  2 => '7676',
  3 => '',
  4 => '',
  5 => '',
  6 => '',
  7 => 'Upload/Content/16/05/13451464583728.jpg',
  8 => 1464583741,
  9 => '1',
  10 => NULL,
)23000;1048;Column 'type_tid' cannot be null
[ 2016-05-30T13:54:15+08:00 ]EXCEPTION: INSERT INTO goods (`category_cid`,`band_bid`,`gname`,`gunit`,`cprice`,`mprice`,`click`,`listpic`,`addtime`,`user_uid`,`type_tid`)VALUES(?,?,?,?,?,?,?,?,?,?,?) ;BindParams:array (
  0 => '',
  1 => '',
  2 => '23',
  3 => '',
  4 => '',
  5 => '',
  6 => '',
  7 => 'Upload/Content/16/05/6011464587520.png',
  8 => 1464587654,
  9 => '1',
  10 => NULL,
)23000;1048;Column 'type_tid' cannot be null
[ 2016-05-30T13:56:32+08:00 ]EXCEPTION: INSERT INTO goods (`category_cid`,`band_bid`,`gname`,`gunit`,`cprice`,`mprice`,`click`,`listpic`,`addtime`,`user_uid`,`type_tid`)VALUES(?,?,?,?,?,?,?,?,?,?,?) ;BindParams:array (
  0 => '',
  1 => '',
  2 => '23',
  3 => '',
  4 => '',
  5 => '',
  6 => '',
  7 => 'Upload/Content/16/05/6011464587520.png',
  8 => 1464587792,
  9 => '1',
  10 => NULL,
)23000;1048;Column 'type_tid' cannot be null
[ 2016-05-30T13:57:04+08:00 ]EXCEPTION: INSERT INTO goods (`category_cid`,`band_bid`,`gname`,`gunit`,`cprice`,`mprice`,`click`,`addtime`,`user_uid`,`type_tid`)VALUES(?,?,?,?,?,?,?,?,?,?) ;BindParams:array (
  0 => '',
  1 => '',
  2 => '345',
  3 => '',
  4 => '',
  5 => '',
  6 => '',
  7 => 1464587824,
  8 => '1',
  9 => NULL,
)23000;1048;Column 'type_tid' cannot be null
[ 2016-05-30T14:05:51+08:00 ]NOTICE: Undefined variable: dataE:\wamp\www\Mall\Storage\view\compile\d1789a3e220e607bb98342c6e716939b.php (172).
[ 2016-05-30T14:05:51+08:00 ]NOTICE: Invalid argument supplied for foreach()E:\wamp\www\Mall\Storage\view\compile\d1789a3e220e607bb98342c6e716939b.php (172).
[ 2016-05-30T14:07:16+08:00 ]NOTICE: Undefined index: pidE:\wamp\www\Mall\Storage\view\compile\d1789a3e220e607bb98342c6e716939b.php (135).
[ 2016-05-30T14:07:16+08:00 ]NOTICE: Undefined index: pidE:\wamp\www\Mall\Storage\view\compile\d1789a3e220e607bb98342c6e716939b.php (135).
[ 2016-05-30T14:07:16+08:00 ]NOTICE: Undefined index: pidE:\wamp\www\Mall\Storage\view\compile\d1789a3e220e607bb98342c6e716939b.php (135).
[ 2016-05-30T14:07:16+08:00 ]NOTICE: Undefined index: pidE:\wamp\www\Mall\Storage\view\compile\d1789a3e220e607bb98342c6e716939b.php (135).
[ 2016-05-30T14:07:16+08:00 ]NOTICE: Undefined index: pidE:\wamp\www\Mall\Storage\view\compile\d1789a3e220e607bb98342c6e716939b.php (135).
[ 2016-05-30T14:07:16+08:00 ]NOTICE: Undefined index: pidE:\wamp\www\Mall\Storage\view\compile\d1789a3e220e607bb98342c6e716939b.php (135).
[ 2016-05-30T14:07:16+08:00 ]NOTICE: Undefined variable: dataE:\wamp\www\Mall\Storage\view\compile\d1789a3e220e607bb98342c6e716939b.php (172).
[ 2016-05-30T14:07:16+08:00 ]NOTICE: Invalid argument supplied for foreach()E:\wamp\www\Mall\Storage\view\compile\d1789a3e220e607bb98342c6e716939b.php (172).
[ 2016-05-30T14:07:57+08:00 ]NOTICE: Undefined index: pidE:\wamp\www\Mall\Storage\view\compile\d1789a3e220e607bb98342c6e716939b.php (135).
[ 2016-05-30T14:07:57+08:00 ]NOTICE: Undefined index: pidE:\wamp\www\Mall\Storage\view\compile\d1789a3e220e607bb98342c6e716939b.php (135).
[ 2016-05-30T14:07:57+08:00 ]NOTICE: Undefined index: pidE:\wamp\www\Mall\Storage\view\compile\d1789a3e220e607bb98342c6e716939b.php (135).
[ 2016-05-30T14:07:57+08:00 ]NOTICE: Undefined index: pidE:\wamp\www\Mall\Storage\view\compile\d1789a3e220e607bb98342c6e716939b.php (135).
[ 2016-05-30T14:07:57+08:00 ]NOTICE: Undefined index: pidE:\wamp\www\Mall\Storage\view\compile\d1789a3e220e607bb98342c6e716939b.php (135).
[ 2016-05-30T14:07:57+08:00 ]NOTICE: Undefined index: pidE:\wamp\www\Mall\Storage\view\compile\d1789a3e220e607bb98342c6e716939b.php (135).
[ 2016-05-30T14:07:57+08:00 ]NOTICE: Undefined variable: dataE:\wamp\www\Mall\Storage\view\compile\d1789a3e220e607bb98342c6e716939b.php (172).
[ 2016-05-30T14:07:57+08:00 ]NOTICE: Invalid argument supplied for foreach()E:\wamp\www\Mall\Storage\view\compile\d1789a3e220e607bb98342c6e716939b.php (172).
[ 2016-05-30T14:08:48+08:00 ]NOTICE: Undefined index: pidE:\wamp\www\Mall\Storage\view\compile\d1789a3e220e607bb98342c6e716939b.php (135).
[ 2016-05-30T14:08:48+08:00 ]NOTICE: Undefined index: pidE:\wamp\www\Mall\Storage\view\compile\d1789a3e220e607bb98342c6e716939b.php (135).
[ 2016-05-30T14:08:48+08:00 ]NOTICE: Undefined index: pidE:\wamp\www\Mall\Storage\view\compile\d1789a3e220e607bb98342c6e716939b.php (135).
[ 2016-05-30T14:08:48+08:00 ]NOTICE: Undefined index: pidE:\wamp\www\Mall\Storage\view\compile\d1789a3e220e607bb98342c6e716939b.php (135).
[ 2016-05-30T14:08:48+08:00 ]NOTICE: Undefined index: pidE:\wamp\www\Mall\Storage\view\compile\d1789a3e220e607bb98342c6e716939b.php (135).
[ 2016-05-30T14:08:48+08:00 ]NOTICE: Undefined index: pidE:\wamp\www\Mall\Storage\view\compile\d1789a3e220e607bb98342c6e716939b.php (135).
[ 2016-05-30T14:08:48+08:00 ]NOTICE: Undefined variable: dataE:\wamp\www\Mall\Storage\view\compile\d1789a3e220e607bb98342c6e716939b.php (172).
[ 2016-05-30T14:08:48+08:00 ]NOTICE: Invalid argument supplied for foreach()E:\wamp\www\Mall\Storage\view\compile\d1789a3e220e607bb98342c6e716939b.php (172).
[ 2016-05-30T14:10:33+08:00 ]NOTICE: Undefined index: fromE:\wamp\www\Mall\Hdphp\View\HdphpTag.php (134).
[ 2016-05-30T14:10:45+08:00 ]NOTICE: Undefined index: pidE:\wamp\www\Mall\Storage\view\compile\d1789a3e220e607bb98342c6e716939b.php (135).
[ 2016-05-30T14:10:45+08:00 ]NOTICE: Undefined index: pidE:\wamp\www\Mall\Storage\view\compile\d1789a3e220e607bb98342c6e716939b.php (135).
[ 2016-05-30T14:10:45+08:00 ]NOTICE: Undefined index: pidE:\wamp\www\Mall\Storage\view\compile\d1789a3e220e607bb98342c6e716939b.php (135).
[ 2016-05-30T14:10:45+08:00 ]NOTICE: Undefined index: pidE:\wamp\www\Mall\Storage\view\compile\d1789a3e220e607bb98342c6e716939b.php (135).
[ 2016-05-30T14:10:45+08:00 ]NOTICE: Undefined index: pidE:\wamp\www\Mall\Storage\view\compile\d1789a3e220e607bb98342c6e716939b.php (135).
[ 2016-05-30T14:10:45+08:00 ]NOTICE: Undefined index: pidE:\wamp\www\Mall\Storage\view\compile\d1789a3e220e607bb98342c6e716939b.php (135).
[ 2016-05-30T14:10:45+08:00 ]NOTICE: Undefined variable: dataE:\wamp\www\Mall\Storage\view\compile\d1789a3e220e607bb98342c6e716939b.php (172).
[ 2016-05-30T14:10:45+08:00 ]NOTICE: Invalid argument supplied for foreach()E:\wamp\www\Mall\Storage\view\compile\d1789a3e220e607bb98342c6e716939b.php (172).
[ 2016-05-30T14:11:26+08:00 ]NOTICE: Undefined variable: dataE:\wamp\www\Mall\Storage\view\compile\d1789a3e220e607bb98342c6e716939b.php (172).
[ 2016-05-30T14:11:26+08:00 ]NOTICE: Invalid argument supplied for foreach()E:\wamp\www\Mall\Storage\view\compile\d1789a3e220e607bb98342c6e716939b.php (172).
[ 2016-05-30T14:16:40+08:00 ]NOTICE: Undefined variable: dataE:\wamp\www\Mall\Storage\view\compile\d1789a3e220e607bb98342c6e716939b.php (172).
[ 2016-05-30T14:16:40+08:00 ]NOTICE: Invalid argument supplied for foreach()E:\wamp\www\Mall\Storage\view\compile\d1789a3e220e607bb98342c6e716939b.php (172).
[ 2016-05-30T14:18:04+08:00 ]NOTICE: Undefined variable: dataE:\wamp\www\Mall\Storage\view\compile\d1789a3e220e607bb98342c6e716939b.php (172).
[ 2016-05-30T14:18:04+08:00 ]NOTICE: Invalid argument supplied for foreach()E:\wamp\www\Mall\Storage\view\compile\d1789a3e220e607bb98342c6e716939b.php (172).
[ 2016-05-30T14:18:46+08:00 ]NOTICE: Undefined variable: dataE:\wamp\www\Mall\Storage\view\compile\d1789a3e220e607bb98342c6e716939b.php (172).
[ 2016-05-30T14:18:46+08:00 ]NOTICE: Invalid argument supplied for foreach()E:\wamp\www\Mall\Storage\view\compile\d1789a3e220e607bb98342c6e716939b.php (172).
[ 2016-05-30T14:22:34+08:00 ]NOTICE: Undefined variable: dataE:\wamp\www\Mall\Storage\view\compile\d1789a3e220e607bb98342c6e716939b.php (173).
[ 2016-05-30T14:22:34+08:00 ]NOTICE: Invalid argument supplied for foreach()E:\wamp\www\Mall\Storage\view\compile\d1789a3e220e607bb98342c6e716939b.php (173).
[ 2016-05-30T14:22:43+08:00 ]NOTICE: Undefined variable: dataE:\wamp\www\Mall\Storage\view\compile\d1789a3e220e607bb98342c6e716939b.php (173).
[ 2016-05-30T14:22:43+08:00 ]NOTICE: Invalid argument supplied for foreach()E:\wamp\www\Mall\Storage\view\compile\d1789a3e220e607bb98342c6e716939b.php (173).
[ 2016-05-30T14:24:33+08:00 ]NOTICE: Undefined variable: dataE:\wamp\www\Mall\Storage\view\compile\d1789a3e220e607bb98342c6e716939b.php (173).
[ 2016-05-30T14:24:33+08:00 ]NOTICE: Invalid argument supplied for foreach()E:\wamp\www\Mall\Storage\view\compile\d1789a3e220e607bb98342c6e716939b.php (173).
[ 2016-05-30T14:26:46+08:00 ]NOTICE: Undefined variable: dataE:\wamp\www\Mall\Storage\view\compile\d1789a3e220e607bb98342c6e716939b.php (173).
[ 2016-05-30T14:26:46+08:00 ]NOTICE: Invalid argument supplied for foreach()E:\wamp\www\Mall\Storage\view\compile\d1789a3e220e607bb98342c6e716939b.php (173).
[ 2016-05-30T14:27:14+08:00 ]NOTICE: Undefined variable: dataE:\wamp\www\Mall\Storage\view\compile\d1789a3e220e607bb98342c6e716939b.php (174).
[ 2016-05-30T14:27:14+08:00 ]NOTICE: Invalid argument supplied for foreach()E:\wamp\www\Mall\Storage\view\compile\d1789a3e220e607bb98342c6e716939b.php (174).
[ 2016-05-30T14:27:27+08:00 ]NOTICE: Undefined variable: dataE:\wamp\www\Mall\Storage\view\compile\d1789a3e220e607bb98342c6e716939b.php (174).
[ 2016-05-30T14:27:27+08:00 ]NOTICE: Invalid argument supplied for foreach()E:\wamp\www\Mall\Storage\view\compile\d1789a3e220e607bb98342c6e716939b.php (174).
[ 2016-05-30T14:29:10+08:00 ]NOTICE: Undefined variable: dataE:\wamp\www\Mall\Storage\view\compile\d1789a3e220e607bb98342c6e716939b.php (172).
[ 2016-05-30T14:29:10+08:00 ]NOTICE: Invalid argument supplied for foreach()E:\wamp\www\Mall\Storage\view\compile\d1789a3e220e607bb98342c6e716939b.php (172).
[ 2016-05-30T14:29:43+08:00 ]NOTICE: Undefined variable: dataE:\wamp\www\Mall\Storage\view\compile\d1789a3e220e607bb98342c6e716939b.php (171).
[ 2016-05-30T14:29:43+08:00 ]NOTICE: Invalid argument supplied for foreach()E:\wamp\www\Mall\Storage\view\compile\d1789a3e220e607bb98342c6e716939b.php (171).
[ 2016-05-30T14:30:58+08:00 ]NOTICE: Undefined variable: dataE:\wamp\www\Mall\Storage\view\compile\d1789a3e220e607bb98342c6e716939b.php (171).
[ 2016-05-30T14:30:58+08:00 ]NOTICE: Invalid argument supplied for foreach()E:\wamp\www\Mall\Storage\view\compile\d1789a3e220e607bb98342c6e716939b.php (171).
[ 2016-05-30T14:31:43+08:00 ]NOTICE: Undefined variable: dataE:\wamp\www\Mall\Storage\view\compile\d1789a3e220e607bb98342c6e716939b.php (171).
[ 2016-05-30T14:31:43+08:00 ]NOTICE: Invalid argument supplied for foreach()E:\wamp\www\Mall\Storage\view\compile\d1789a3e220e607bb98342c6e716939b.php (171).
[ 2016-05-30T17:07:23+08:00 ]NOTICE: Undefined variable: dataE:\wamp\www\Mall\Storage\view\compile\d1789a3e220e607bb98342c6e716939b.php (171).
[ 2016-05-30T17:07:23+08:00 ]NOTICE: Invalid argument supplied for foreach()E:\wamp\www\Mall\Storage\view\compile\d1789a3e220e607bb98342c6e716939b.php (171).
[ 2016-05-30T17:09:01+08:00 ]EXCEPTION: SELECT  *  FROM property as p LEFT JOIN goods_property as gp ON property_pid = pid and class=0 gid=31 ;BindParams:array (
)42000;1064;You have an error in your SQL syntax; check the manual that corresponds to your MySQL server version for the right syntax to use near 'gid=31' at line 1
[ 2016-05-30T17:09:49+08:00 ]EXCEPTION: SELECT  *  FROM property as p LEFT JOIN goods_property as gp ON property_pid = pid and class=0 ;BindParams:array (
)42S22;1054;Unknown column 'class' in 'on clause'
[ 2016-05-30T17:31:25+08:00 ]NOTICE: Undefined index: valueE:\wamp\www\Mall\Hdphp\View\HdphpTag.php (154).
[ 2016-05-30T17:34:46+08:00 ]EXCEPTION: SELECT  *  FROM goods_property WHERE ptype=1 and type_tid="1" ;BindParams:array (
)42S22;1054;Unknown column 'ptype' in 'where clause'
[ 2016-05-30T20:01:42+08:00 ]NOTICE: Undefined variable: gidE:\wamp\www\Mall\App\Common\Model\Goods.php (64).
[ 2016-05-30T20:01:42+08:00 ]EXCEPTION: DELETE FROM product_detail WHERE goods_gid= ;BindParams:array (
)42000;1064;You have an error in your SQL syntax; check the manual that corresponds to your MySQL server version for the right syntax to use near '' at line 1
[ 2016-05-30T20:48:51+08:00 ]NOTICE: Undefined variable: goods_gidE:\wamp\www\Mall\App\Common\Model\Goods.php (75).
[ 2016-05-30T20:48:51+08:00 ]EXCEPTION: DELETE FROM goods_property WHERE =38 ;BindParams:array (
)42000;1064;You have an error in your SQL syntax; check the manual that corresponds to your MySQL server version for the right syntax to use near '=38' at line 1
[ 2016-05-30T22:16:03+08:00 ]NOTICE: Undefined offset: 0E:\wamp\www\Mall\App\Admin\Controller\GoodsController.php (74).
[ 2016-05-30T22:16:03+08:00 ]NOTICE: Undefined offset: 0E:\wamp\www\Mall\App\Admin\Controller\GoodsController.php (80).
[ 2016-05-30T22:16:03+08:00 ]NOTICE: Undefined offset: 0E:\wamp\www\Mall\App\Admin\Controller\GoodsController.php (83).
[ 2016-05-30T22:16:03+08:00 ]NOTICE: Undefined offset: 0E:\wamp\www\Mall\App\Admin\Controller\GoodsController.php (100).
[ 2016-05-30T22:16:03+08:00 ]NOTICE: Invalid argument supplied for foreach()E:\wamp\www\Mall\Storage\view\compile\d1789a3e220e607bb98342c6e716939b.php (291).
[ 2016-05-30T22:17:00+08:00 ]NOTICE: Undefined offset: 0E:\wamp\www\Mall\App\Admin\Controller\GoodsController.php (74).
[ 2016-05-30T22:17:00+08:00 ]NOTICE: Undefined offset: 0E:\wamp\www\Mall\App\Admin\Controller\GoodsController.php (80).
[ 2016-05-30T22:17:00+08:00 ]NOTICE: Undefined offset: 0E:\wamp\www\Mall\App\Admin\Controller\GoodsController.php (83).
[ 2016-05-30T22:17:00+08:00 ]NOTICE: Undefined offset: 0E:\wamp\www\Mall\App\Admin\Controller\GoodsController.php (100).
[ 2016-05-30T22:17:00+08:00 ]NOTICE: Invalid argument supplied for foreach()E:\wamp\www\Mall\Storage\view\compile\d1789a3e220e607bb98342c6e716939b.php (291).
[ 2016-05-30T22:37:53+08:00 ]NOTICE: Undefined offset: 0E:\wamp\www\Mall\App\Admin\Controller\GoodsController.php (74).
[ 2016-05-30T22:37:53+08:00 ]NOTICE: Undefined offset: 0E:\wamp\www\Mall\App\Admin\Controller\GoodsController.php (80).
[ 2016-05-30T22:37:53+08:00 ]NOTICE: Undefined offset: 0E:\wamp\www\Mall\App\Admin\Controller\GoodsController.php (83).
[ 2016-05-30T22:37:53+08:00 ]NOTICE: Undefined offset: 0E:\wamp\www\Mall\App\Admin\Controller\GoodsController.php (100).
[ 2016-05-30T22:37:54+08:00 ]NOTICE: Invalid argument supplied for foreach()E:\wamp\www\Mall\Storage\view\compile\d1789a3e220e607bb98342c6e716939b.php (291).
[ 2016-05-30T22:39:15+08:00 ]NOTICE: Undefined offset: 0E:\wamp\www\Mall\App\Admin\Controller\GoodsController.php (74).
[ 2016-05-30T22:39:15+08:00 ]NOTICE: Undefined offset: 0E:\wamp\www\Mall\App\Admin\Controller\GoodsController.php (80).
[ 2016-05-30T22:39:15+08:00 ]NOTICE: Undefined offset: 0E:\wamp\www\Mall\App\Admin\Controller\GoodsController.php (83).
[ 2016-05-30T22:39:15+08:00 ]NOTICE: Undefined offset: 0E:\wamp\www\Mall\App\Admin\Controller\GoodsController.php (100).
[ 2016-05-30T22:39:15+08:00 ]NOTICE: Invalid argument supplied for foreach()E:\wamp\www\Mall\Storage\view\compile\d1789a3e220e607bb98342c6e716939b.php (291).
[ 2016-05-30T22:39:47+08:00 ]NOTICE: Undefined offset: 0E:\wamp\www\Mall\App\Admin\Controller\GoodsController.php (74).
[ 2016-05-30T22:39:47+08:00 ]NOTICE: Undefined offset: 0E:\wamp\www\Mall\App\Admin\Controller\GoodsController.php (80).
[ 2016-05-30T22:39:47+08:00 ]NOTICE: Undefined offset: 0E:\wamp\www\Mall\App\Admin\Controller\GoodsController.php (83).
[ 2016-05-30T22:39:47+08:00 ]NOTICE: Undefined offset: 0E:\wamp\www\Mall\App\Admin\Controller\GoodsController.php (100).
[ 2016-05-30T22:39:47+08:00 ]NOTICE: Invalid argument supplied for foreach()E:\wamp\www\Mall\Storage\view\compile\d1789a3e220e607bb98342c6e716939b.php (291).
[ 2016-05-30T22:43:00+08:00 ]NOTICE: Undefined offset: 0E:\wamp\www\Mall\App\Admin\Controller\GoodsController.php (74).
[ 2016-05-30T22:43:00+08:00 ]NOTICE: Undefined offset: 0E:\wamp\www\Mall\App\Admin\Controller\GoodsController.php (80).
[ 2016-05-30T22:43:00+08:00 ]NOTICE: Undefined offset: 0E:\wamp\www\Mall\App\Admin\Controller\GoodsController.php (83).
[ 2016-05-30T22:43:00+08:00 ]NOTICE: Undefined offset: 0E:\wamp\www\Mall\App\Admin\Controller\GoodsController.php (100).
[ 2016-05-30T22:43:00+08:00 ]NOTICE: Invalid argument supplied for foreach()E:\wamp\www\Mall\Storage\view\compile\d1789a3e220e607bb98342c6e716939b.php (291).
[ 2016-05-30T22:47:06+08:00 ]NOTICE: Undefined offset: 0E:\wamp\www\Mall\App\Admin\Controller\GoodsController.php (74).
[ 2016-05-30T22:47:06+08:00 ]NOTICE: Undefined offset: 0E:\wamp\www\Mall\App\Admin\Controller\GoodsController.php (80).
[ 2016-05-30T22:47:06+08:00 ]NOTICE: Undefined offset: 0E:\wamp\www\Mall\App\Admin\Controller\GoodsController.php (83).
[ 2016-05-30T22:47:06+08:00 ]NOTICE: Undefined offset: 0E:\wamp\www\Mall\App\Admin\Controller\GoodsController.php (100).
[ 2016-05-30T22:47:06+08:00 ]NOTICE: Invalid argument supplied for foreach()E:\wamp\www\Mall\Storage\view\compile\d1789a3e220e607bb98342c6e716939b.php (291).
[ 2016-05-30T22:49:39+08:00 ]NOTICE: Undefined offset: 0E:\wamp\www\Mall\App\Admin\Controller\GoodsController.php (74).
[ 2016-05-30T22:49:39+08:00 ]NOTICE: Undefined offset: 0E:\wamp\www\Mall\App\Admin\Controller\GoodsController.php (80).
[ 2016-05-30T22:49:39+08:00 ]NOTICE: Undefined offset: 0E:\wamp\www\Mall\App\Admin\Controller\GoodsController.php (83).
[ 2016-05-30T22:49:39+08:00 ]NOTICE: Undefined offset: 0E:\wamp\www\Mall\App\Admin\Controller\GoodsController.php (100).
[ 2016-05-30T22:49:39+08:00 ]NOTICE: Invalid argument supplied for foreach()E:\wamp\www\Mall\Storage\view\compile\d1789a3e220e607bb98342c6e716939b.php (291).
[ 2016-05-30T23:35:50+08:00 ]NOTICE: Undefined index: type_tidE:\wamp\www\Mall\App\Admin\Controller\GoodsController.php (74).
[ 2016-05-30T23:35:50+08:00 ]NOTICE: Undefined index: gidE:\wamp\www\Mall\App\Admin\Controller\GoodsController.php (80).
[ 2016-05-30T23:35:50+08:00 ]NOTICE: Undefined index: type_tidE:\wamp\www\Mall\App\Admin\Controller\GoodsController.php (83).
[ 2016-05-30T23:35:50+08:00 ]NOTICE: Undefined offset: 0E:\wamp\www\Mall\App\Admin\Controller\GoodsController.php (100).
[ 2016-05-30T23:35:50+08:00 ]NOTICE: Invalid argument supplied for foreach()E:\wamp\www\Mall\Storage\view\compile\d1789a3e220e607bb98342c6e716939b.php (291).
[ 2016-05-30T23:36:28+08:00 ]NOTICE: Undefined index: type_tidE:\wamp\www\Mall\App\Admin\Controller\GoodsController.php (74).
[ 2016-05-30T23:36:28+08:00 ]NOTICE: Undefined index: gidE:\wamp\www\Mall\App\Admin\Controller\GoodsController.php (80).
[ 2016-05-30T23:36:28+08:00 ]NOTICE: Undefined index: type_tidE:\wamp\www\Mall\App\Admin\Controller\GoodsController.php (83).
[ 2016-05-30T23:36:28+08:00 ]NOTICE: Undefined offset: 0E:\wamp\www\Mall\App\Admin\Controller\GoodsController.php (100).
[ 2016-05-30T23:36:28+08:00 ]NOTICE: Invalid argument supplied for foreach()E:\wamp\www\Mall\Storage\view\compile\d1789a3e220e607bb98342c6e716939b.php (291).
[ 2016-05-30T23:37:08+08:00 ]NOTICE: Undefined offset: 0E:\wamp\www\Mall\App\Admin\Controller\GoodsController.php (74).
[ 2016-05-30T23:37:08+08:00 ]NOTICE: Undefined index: gidE:\wamp\www\Mall\App\Admin\Controller\GoodsController.php (80).
[ 2016-05-30T23:37:08+08:00 ]NOTICE: Undefined index: type_tidE:\wamp\www\Mall\App\Admin\Controller\GoodsController.php (83).
[ 2016-05-30T23:37:08+08:00 ]NOTICE: Undefined offset: 0E:\wamp\www\Mall\App\Admin\Controller\GoodsController.php (100).
[ 2016-05-30T23:37:08+08:00 ]NOTICE: Invalid argument supplied for foreach()E:\wamp\www\Mall\Storage\view\compile\d1789a3e220e607bb98342c6e716939b.php (291).
[ 2016-05-30T23:41:15+08:00 ]NOTICE: Array to string conversionE:\wamp\www\Mall\App\Admin\Controller\GoodsController.php (97).
[ 2016-05-30T23:41:15+08:00 ]NOTICE: Array to string conversionE:\wamp\www\Mall\App\Admin\Controller\GoodsController.php (97).
[ 2016-05-30T23:41:15+08:00 ]NOTICE: Uninitialized string offset: 0E:\wamp\www\Mall\App\Admin\Controller\GoodsController.php (97).
[ 2016-05-30T23:41:15+08:00 ]NOTICE: Array to string conversionE:\wamp\www\Mall\App\Admin\Controller\GoodsController.php (97).
[ 2016-05-30T23:41:15+08:00 ]NOTICE: Array to string conversionE:\wamp\www\Mall\App\Admin\Controller\GoodsController.php (97).
[ 2016-05-30T23:41:15+08:00 ]NOTICE: Array to string conversionE:\wamp\www\Mall\App\Admin\Controller\GoodsController.php (97).
[ 2016-05-30T23:41:15+08:00 ]NOTICE: Array to string conversionE:\wamp\www\Mall\App\Admin\Controller\GoodsController.php (97).
[ 2016-05-30T23:41:15+08:00 ]NOTICE: Array to string conversionE:\wamp\www\Mall\App\Admin\Controller\GoodsController.php (97).
[ 2016-05-30T23:41:15+08:00 ]NOTICE: Array to string conversionE:\wamp\www\Mall\App\Admin\Controller\GoodsController.php (97).
[ 2016-05-30T23:41:15+08:00 ]NOTICE: Array to string conversionE:\wamp\www\Mall\App\Admin\Controller\GoodsController.php (97).
[ 2016-05-30T23:41:15+08:00 ]NOTICE: Array to string conversionE:\wamp\www\Mall\App\Admin\Controller\GoodsController.php (97).
[ 2016-05-30T23:41:15+08:00 ]NOTICE: Array to string conversionE:\wamp\www\Mall\App\Admin\Controller\GoodsController.php (97).
[ 2016-05-30T23:41:15+08:00 ]NOTICE: Array to string conversionE:\wamp\www\Mall\App\Admin\Controller\GoodsController.php (97).
[ 2016-05-30T23:41:15+08:00 ]NOTICE: Array to string conversionE:\wamp\www\Mall\App\Admin\Controller\GoodsController.php (97).
[ 2016-05-30T23:41:15+08:00 ]NOTICE: Array to string conversionE:\wamp\www\Mall\App\Admin\Controller\GoodsController.php (97).
[ 2016-05-30T23:41:15+08:00 ]NOTICE: Array to string conversionE:\wamp\www\Mall\App\Admin\Controller\GoodsController.php (97).
[ 2016-05-30T23:41:15+08:00 ]NOTICE: Array to string conversionE:\wamp\www\Mall\App\Admin\Controller\GoodsController.php (97).
[ 2016-05-30T23:41:15+08:00 ]NOTICE: Array to string conversionE:\wamp\www\Mall\App\Admin\Controller\GoodsController.php (97).
[ 2016-05-30T23:41:15+08:00 ]NOTICE: Array to string conversionE:\wamp\www\Mall\App\Admin\Controller\GoodsController.php (97).
[ 2016-05-30T23:41:15+08:00 ]NOTICE: Invalid argument supplied for foreach()E:\wamp\www\Mall\Storage\view\compile\d1789a3e220e607bb98342c6e716939b.php (291).
[ 2016-05-30T23:42:27+08:00 ]NOTICE: Undefined index: galleryE:\wamp\www\Mall\App\Admin\Controller\GoodsController.php (96).
[ 2016-05-30T23:51:23+08:00 ]NOTICE: Undefined offset: 0E:\wamp\www\Mall\App\Admin\Controller\GoodsController.php (74).
[ 2016-05-30T23:51:23+08:00 ]NOTICE: Undefined offset: 0E:\wamp\www\Mall\App\Admin\Controller\GoodsController.php (80).
[ 2016-05-30T23:51:23+08:00 ]NOTICE: Undefined offset: 0E:\wamp\www\Mall\App\Admin\Controller\GoodsController.php (83).
[ 2016-05-30T23:51:23+08:00 ]NOTICE: Undefined offset: 0E:\wamp\www\Mall\App\Admin\Controller\GoodsController.php (100).
[ 2016-05-30T23:51:23+08:00 ]NOTICE: Invalid argument supplied for foreach()E:\wamp\www\Mall\Storage\view\compile\d1789a3e220e607bb98342c6e716939b.php (291).
