[ 2016-06-01T00:02:21+08:00 ]EXCEPTION: 模板不存在:App/Admin/View/GoodsList/edit.php
[ 2016-06-01T00:04:59+08:00 ]NOTICE: Undefined variable: newattrE:\wamp\www\Mall\Storage\view\compile\cc18b76cbaff28a2b4ec5e862490977e.php (23).
[ 2016-06-01T00:04:59+08:00 ]NOTICE: Invalid argument supplied for foreach()E:\wamp\www\Mall\Storage\view\compile\cc18b76cbaff28a2b4ec5e862490977e.php (23).
[ 2016-06-01T00:04:59+08:00 ]NOTICE: Undefined variable: dataE:\wamp\www\Mall\Storage\view\compile\cc18b76cbaff28a2b4ec5e862490977e.php (30).
[ 2016-06-01T00:04:59+08:00 ]NOTICE: Invalid argument supplied for foreach()E:\wamp\www\Mall\Storage\view\compile\cc18b76cbaff28a2b4ec5e862490977e.php (30).
[ 2016-06-01T00:04:59+08:00 ]NOTICE: Undefined variable: newattrE:\wamp\www\Mall\Storage\view\compile\cc18b76cbaff28a2b4ec5e862490977e.php (58).
[ 2016-06-01T00:04:59+08:00 ]NOTICE: Invalid argument supplied for foreach()E:\wamp\www\Mall\Storage\view\compile\cc18b76cbaff28a2b4ec5e862490977e.php (58).
[ 2016-06-01T00:04:59+08:00 ]NOTICE: Undefined index: gidE:\wamp\www\Mall\Storage\view\compile\cc18b76cbaff28a2b4ec5e862490977e.php (72).
[ 2016-06-01T00:07:58+08:00 ]NOTICE: Undefined variable: newattrE:\wamp\www\Mall\Storage\view\compile\cc18b76cbaff28a2b4ec5e862490977e.php (23).
[ 2016-06-01T00:07:58+08:00 ]NOTICE: Invalid argument supplied for foreach()E:\wamp\www\Mall\Storage\view\compile\cc18b76cbaff28a2b4ec5e862490977e.php (23).
[ 2016-06-01T00:07:58+08:00 ]NOTICE: Undefined variable: dataE:\wamp\www\Mall\Storage\view\compile\cc18b76cbaff28a2b4ec5e862490977e.php (30).
[ 2016-06-01T00:07:58+08:00 ]NOTICE: Invalid argument supplied for foreach()E:\wamp\www\Mall\Storage\view\compile\cc18b76cbaff28a2b4ec5e862490977e.php (30).
[ 2016-06-01T00:07:58+08:00 ]NOTICE: Undefined variable: newattrE:\wamp\www\Mall\Storage\view\compile\cc18b76cbaff28a2b4ec5e862490977e.php (48).
[ 2016-06-01T00:07:58+08:00 ]NOTICE: Invalid argument supplied for foreach()E:\wamp\www\Mall\Storage\view\compile\cc18b76cbaff28a2b4ec5e862490977e.php (48).
[ 2016-06-01T00:07:58+08:00 ]NOTICE: Undefined index: gidE:\wamp\www\Mall\Storage\view\compile\cc18b76cbaff28a2b4ec5e862490977e.php (62).
[ 2016-06-01T00:08:02+08:00 ]NOTICE: Undefined variable: newattrE:\wamp\www\Mall\Storage\view\compile\cc18b76cbaff28a2b4ec5e862490977e.php (23).
[ 2016-06-01T00:08:02+08:00 ]NOTICE: Invalid argument supplied for foreach()E:\wamp\www\Mall\Storage\view\compile\cc18b76cbaff28a2b4ec5e862490977e.php (23).
[ 2016-06-01T00:08:02+08:00 ]NOTICE: Undefined variable: dataE:\wamp\www\Mall\Storage\view\compile\cc18b76cbaff28a2b4ec5e862490977e.php (30).
[ 2016-06-01T00:08:02+08:00 ]NOTICE: Invalid argument supplied for foreach()E:\wamp\www\Mall\Storage\view\compile\cc18b76cbaff28a2b4ec5e862490977e.php (30).
[ 2016-06-01T00:08:02+08:00 ]NOTICE: Undefined variable: newattrE:\wamp\www\Mall\Storage\view\compile\cc18b76cbaff28a2b4ec5e862490977e.php (48).
[ 2016-06-01T00:08:02+08:00 ]NOTICE: Invalid argument supplied for foreach()E:\wamp\www\Mall\Storage\view\compile\cc18b76cbaff28a2b4ec5e862490977e.php (48).
[ 2016-06-01T00:08:02+08:00 ]NOTICE: Undefined index: gidE:\wamp\www\Mall\Storage\view\compile\cc18b76cbaff28a2b4ec5e862490977e.php (62).
[ 2016-06-01T00:10:05+08:00 ]NOTICE: Undefined variable: newattrE:\wamp\www\Mall\Storage\view\compile\cc18b76cbaff28a2b4ec5e862490977e.php (23).
[ 2016-06-01T00:10:05+08:00 ]NOTICE: Invalid argument supplied for foreach()E:\wamp\www\Mall\Storage\view\compile\cc18b76cbaff28a2b4ec5e862490977e.php (23).
[ 2016-06-01T00:10:05+08:00 ]NOTICE: Undefined variable: dataE:\wamp\www\Mall\Storage\view\compile\cc18b76cbaff28a2b4ec5e862490977e.php (30).
[ 2016-06-01T00:10:05+08:00 ]NOTICE: Invalid argument supplied for foreach()E:\wamp\www\Mall\Storage\view\compile\cc18b76cbaff28a2b4ec5e862490977e.php (30).
[ 2016-06-01T00:10:05+08:00 ]NOTICE: Undefined variable: newattrE:\wamp\www\Mall\Storage\view\compile\cc18b76cbaff28a2b4ec5e862490977e.php (48).
[ 2016-06-01T00:10:05+08:00 ]NOTICE: Invalid argument supplied for foreach()E:\wamp\www\Mall\Storage\view\compile\cc18b76cbaff28a2b4ec5e862490977e.php (48).
[ 2016-06-01T00:10:05+08:00 ]NOTICE: Undefined index: gidE:\wamp\www\Mall\Storage\view\compile\cc18b76cbaff28a2b4ec5e862490977e.php (62).
[ 2016-06-01T02:01:21+08:00 ]NOTICE: Undefined variable: newattrE:\wamp\www\Mall\Storage\view\compile\cc18b76cbaff28a2b4ec5e862490977e.php (23).
[ 2016-06-01T02:01:21+08:00 ]NOTICE: Invalid argument supplied for foreach()E:\wamp\www\Mall\Storage\view\compile\cc18b76cbaff28a2b4ec5e862490977e.php (23).
[ 2016-06-01T02:01:21+08:00 ]NOTICE: Undefined variable: dataE:\wamp\www\Mall\Storage\view\compile\cc18b76cbaff28a2b4ec5e862490977e.php (30).
[ 2016-06-01T02:01:21+08:00 ]NOTICE: Invalid argument supplied for foreach()E:\wamp\www\Mall\Storage\view\compile\cc18b76cbaff28a2b4ec5e862490977e.php (30).
[ 2016-06-01T02:01:21+08:00 ]NOTICE: Undefined variable: newattrE:\wamp\www\Mall\Storage\view\compile\cc18b76cbaff28a2b4ec5e862490977e.php (48).
[ 2016-06-01T02:01:21+08:00 ]NOTICE: Invalid argument supplied for foreach()E:\wamp\www\Mall\Storage\view\compile\cc18b76cbaff28a2b4ec5e862490977e.php (48).
[ 2016-06-01T02:01:21+08:00 ]NOTICE: Undefined index: gidE:\wamp\www\Mall\Storage\view\compile\cc18b76cbaff28a2b4ec5e862490977e.php (62).
[ 2016-06-01T02:12:41+08:00 ]NOTICE: Undefined variable: newattrE:\wamp\www\Mall\Storage\view\compile\cc18b76cbaff28a2b4ec5e862490977e.php (23).
[ 2016-06-01T02:12:41+08:00 ]NOTICE: Invalid argument supplied for foreach()E:\wamp\www\Mall\Storage\view\compile\cc18b76cbaff28a2b4ec5e862490977e.php (23).
[ 2016-06-01T02:12:41+08:00 ]NOTICE: Undefined variable: dataE:\wamp\www\Mall\Storage\view\compile\cc18b76cbaff28a2b4ec5e862490977e.php (30).
[ 2016-06-01T02:12:41+08:00 ]NOTICE: Invalid argument supplied for foreach()E:\wamp\www\Mall\Storage\view\compile\cc18b76cbaff28a2b4ec5e862490977e.php (30).
[ 2016-06-01T02:12:41+08:00 ]NOTICE: Undefined variable: newattrE:\wamp\www\Mall\Storage\view\compile\cc18b76cbaff28a2b4ec5e862490977e.php (48).
[ 2016-06-01T02:12:41+08:00 ]NOTICE: Invalid argument supplied for foreach()E:\wamp\www\Mall\Storage\view\compile\cc18b76cbaff28a2b4ec5e862490977e.php (48).
[ 2016-06-01T02:12:41+08:00 ]NOTICE: Undefined index: gidE:\wamp\www\Mall\Storage\view\compile\cc18b76cbaff28a2b4ec5e862490977e.php (62).
[ 2016-06-01T02:13:19+08:00 ]NOTICE: Undefined variable: newattrE:\wamp\www\Mall\Storage\view\compile\cc18b76cbaff28a2b4ec5e862490977e.php (23).
[ 2016-06-01T02:13:19+08:00 ]NOTICE: Invalid argument supplied for foreach()E:\wamp\www\Mall\Storage\view\compile\cc18b76cbaff28a2b4ec5e862490977e.php (23).
[ 2016-06-01T02:13:19+08:00 ]NOTICE: Undefined variable: dataE:\wamp\www\Mall\Storage\view\compile\cc18b76cbaff28a2b4ec5e862490977e.php (30).
[ 2016-06-01T02:13:19+08:00 ]NOTICE: Invalid argument supplied for foreach()E:\wamp\www\Mall\Storage\view\compile\cc18b76cbaff28a2b4ec5e862490977e.php (30).
[ 2016-06-01T02:13:19+08:00 ]NOTICE: Undefined variable: newattrE:\wamp\www\Mall\Storage\view\compile\cc18b76cbaff28a2b4ec5e862490977e.php (48).
[ 2016-06-01T02:13:19+08:00 ]NOTICE: Invalid argument supplied for foreach()E:\wamp\www\Mall\Storage\view\compile\cc18b76cbaff28a2b4ec5e862490977e.php (48).
[ 2016-06-01T02:13:19+08:00 ]NOTICE: Undefined index: gidE:\wamp\www\Mall\Storage\view\compile\cc18b76cbaff28a2b4ec5e862490977e.php (62).
[ 2016-06-01T02:13:26+08:00 ]NOTICE: Undefined variable: newattrE:\wamp\www\Mall\Storage\view\compile\cc18b76cbaff28a2b4ec5e862490977e.php (23).
[ 2016-06-01T02:13:26+08:00 ]NOTICE: Invalid argument supplied for foreach()E:\wamp\www\Mall\Storage\view\compile\cc18b76cbaff28a2b4ec5e862490977e.php (23).
[ 2016-06-01T02:13:26+08:00 ]NOTICE: Undefined variable: dataE:\wamp\www\Mall\Storage\view\compile\cc18b76cbaff28a2b4ec5e862490977e.php (30).
[ 2016-06-01T02:13:26+08:00 ]NOTICE: Invalid argument supplied for foreach()E:\wamp\www\Mall\Storage\view\compile\cc18b76cbaff28a2b4ec5e862490977e.php (30).
[ 2016-06-01T02:13:26+08:00 ]NOTICE: Undefined variable: newattrE:\wamp\www\Mall\Storage\view\compile\cc18b76cbaff28a2b4ec5e862490977e.php (48).
[ 2016-06-01T02:13:26+08:00 ]NOTICE: Invalid argument supplied for foreach()E:\wamp\www\Mall\Storage\view\compile\cc18b76cbaff28a2b4ec5e862490977e.php (48).
[ 2016-06-01T02:13:26+08:00 ]NOTICE: Undefined index: gidE:\wamp\www\Mall\Storage\view\compile\cc18b76cbaff28a2b4ec5e862490977e.php (62).
[ 2016-06-01T02:13:33+08:00 ]NOTICE: Undefined variable: newattrE:\wamp\www\Mall\Storage\view\compile\cc18b76cbaff28a2b4ec5e862490977e.php (23).
[ 2016-06-01T02:13:33+08:00 ]NOTICE: Invalid argument supplied for foreach()E:\wamp\www\Mall\Storage\view\compile\cc18b76cbaff28a2b4ec5e862490977e.php (23).
[ 2016-06-01T02:13:33+08:00 ]NOTICE: Undefined variable: dataE:\wamp\www\Mall\Storage\view\compile\cc18b76cbaff28a2b4ec5e862490977e.php (30).
[ 2016-06-01T02:13:33+08:00 ]NOTICE: Invalid argument supplied for foreach()E:\wamp\www\Mall\Storage\view\compile\cc18b76cbaff28a2b4ec5e862490977e.php (30).
[ 2016-06-01T02:13:33+08:00 ]NOTICE: Undefined variable: newattrE:\wamp\www\Mall\Storage\view\compile\cc18b76cbaff28a2b4ec5e862490977e.php (48).
[ 2016-06-01T02:13:33+08:00 ]NOTICE: Invalid argument supplied for foreach()E:\wamp\www\Mall\Storage\view\compile\cc18b76cbaff28a2b4ec5e862490977e.php (48).
[ 2016-06-01T02:13:33+08:00 ]NOTICE: Undefined index: gidE:\wamp\www\Mall\Storage\view\compile\cc18b76cbaff28a2b4ec5e862490977e.php (62).
[ 2016-06-01T02:17:21+08:00 ]NOTICE: Undefined variable: newattrE:\wamp\www\Mall\Storage\view\compile\cc18b76cbaff28a2b4ec5e862490977e.php (23).
[ 2016-06-01T02:17:21+08:00 ]NOTICE: Invalid argument supplied for foreach()E:\wamp\www\Mall\Storage\view\compile\cc18b76cbaff28a2b4ec5e862490977e.php (23).
[ 2016-06-01T02:17:21+08:00 ]NOTICE: Undefined variable: dataE:\wamp\www\Mall\Storage\view\compile\cc18b76cbaff28a2b4ec5e862490977e.php (30).
[ 2016-06-01T02:17:21+08:00 ]NOTICE: Invalid argument supplied for foreach()E:\wamp\www\Mall\Storage\view\compile\cc18b76cbaff28a2b4ec5e862490977e.php (30).
[ 2016-06-01T02:17:21+08:00 ]NOTICE: Undefined variable: newattrE:\wamp\www\Mall\Storage\view\compile\cc18b76cbaff28a2b4ec5e862490977e.php (48).
[ 2016-06-01T02:17:21+08:00 ]NOTICE: Invalid argument supplied for foreach()E:\wamp\www\Mall\Storage\view\compile\cc18b76cbaff28a2b4ec5e862490977e.php (48).
[ 2016-06-01T02:17:45+08:00 ]NOTICE: Undefined variable: newattrE:\wamp\www\Mall\Storage\view\compile\cc18b76cbaff28a2b4ec5e862490977e.php (23).
[ 2016-06-01T02:17:45+08:00 ]NOTICE: Invalid argument supplied for foreach()E:\wamp\www\Mall\Storage\view\compile\cc18b76cbaff28a2b4ec5e862490977e.php (23).
[ 2016-06-01T02:17:45+08:00 ]NOTICE: Undefined variable: dataE:\wamp\www\Mall\Storage\view\compile\cc18b76cbaff28a2b4ec5e862490977e.php (30).
[ 2016-06-01T02:17:45+08:00 ]NOTICE: Invalid argument supplied for foreach()E:\wamp\www\Mall\Storage\view\compile\cc18b76cbaff28a2b4ec5e862490977e.php (30).
[ 2016-06-01T02:17:45+08:00 ]NOTICE: Undefined variable: newattrE:\wamp\www\Mall\Storage\view\compile\cc18b76cbaff28a2b4ec5e862490977e.php (48).
[ 2016-06-01T02:17:45+08:00 ]NOTICE: Invalid argument supplied for foreach()E:\wamp\www\Mall\Storage\view\compile\cc18b76cbaff28a2b4ec5e862490977e.php (48).
[ 2016-06-01T02:18:36+08:00 ]NOTICE: Undefined variable: gidE:\wamp\www\Mall\App\Admin\Controller\GoodsListController.php (69).
[ 2016-06-01T02:18:36+08:00 ]EXCEPTION: SELECT  *  FROM goods_property INNER JOIN property ON property_pid = pid WHERE ptype=1 AND goods_gid= ;BindParams:array (
)42000;1064;You have an error in your SQL syntax; check the manual that corresponds to your MySQL server version for the right syntax to use near '' at line 1
[ 2016-06-01T03:01:34+08:00 ]NOTICE: Undefined variable: newattrE:\wamp\www\Mall\Storage\view\compile\cc18b76cbaff28a2b4ec5e862490977e.php (23).
[ 2016-06-01T03:01:34+08:00 ]NOTICE: Invalid argument supplied for foreach()E:\wamp\www\Mall\Storage\view\compile\cc18b76cbaff28a2b4ec5e862490977e.php (23).
[ 2016-06-01T03:01:34+08:00 ]NOTICE: Undefined variable: dataE:\wamp\www\Mall\Storage\view\compile\cc18b76cbaff28a2b4ec5e862490977e.php (30).
[ 2016-06-01T03:01:34+08:00 ]NOTICE: Invalid argument supplied for foreach()E:\wamp\www\Mall\Storage\view\compile\cc18b76cbaff28a2b4ec5e862490977e.php (30).
[ 2016-06-01T03:01:34+08:00 ]NOTICE: Undefined variable: newattrE:\wamp\www\Mall\Storage\view\compile\cc18b76cbaff28a2b4ec5e862490977e.php (48).
[ 2016-06-01T03:01:34+08:00 ]NOTICE: Invalid argument supplied for foreach()E:\wamp\www\Mall\Storage\view\compile\cc18b76cbaff28a2b4ec5e862490977e.php (48).
[ 2016-06-01T03:17:52+08:00 ]NOTICE: Undefined variable: gidE:\wamp\www\Mall\App\Admin\Controller\GoodsListController.php (67).
[ 2016-06-01T03:17:52+08:00 ]EXCEPTION: SELECT  *  FROM goods_property INNER JOIN property ON property_pid = pid WHERE ptype=1 AND goods_gid= ;BindParams:array (
)42000;1064;You have an error in your SQL syntax; check the manual that corresponds to your MySQL server version for the right syntax to use near '' at line 1
[ 2016-06-01T03:18:44+08:00 ]NOTICE: Undefined variable: newattrE:\wamp\www\Mall\Storage\view\compile\cc18b76cbaff28a2b4ec5e862490977e.php (23).
[ 2016-06-01T03:18:44+08:00 ]NOTICE: Invalid argument supplied for foreach()E:\wamp\www\Mall\Storage\view\compile\cc18b76cbaff28a2b4ec5e862490977e.php (23).
[ 2016-06-01T03:18:44+08:00 ]NOTICE: Undefined variable: dataE:\wamp\www\Mall\Storage\view\compile\cc18b76cbaff28a2b4ec5e862490977e.php (30).
[ 2016-06-01T03:18:44+08:00 ]NOTICE: Invalid argument supplied for foreach()E:\wamp\www\Mall\Storage\view\compile\cc18b76cbaff28a2b4ec5e862490977e.php (30).
[ 2016-06-01T03:18:44+08:00 ]NOTICE: Undefined variable: newattrE:\wamp\www\Mall\Storage\view\compile\cc18b76cbaff28a2b4ec5e862490977e.php (48).
[ 2016-06-01T03:18:44+08:00 ]NOTICE: Invalid argument supplied for foreach()E:\wamp\www\Mall\Storage\view\compile\cc18b76cbaff28a2b4ec5e862490977e.php (48).
[ 2016-06-01T03:18:44+08:00 ]NOTICE: Undefined index: gidE:\wamp\www\Mall\Storage\view\compile\cc18b76cbaff28a2b4ec5e862490977e.php (62).
[ 2016-06-01T03:25:02+08:00 ]NOTICE: Undefined offset: 0E:\wamp\www\Mall\Storage\view\compile\cc18b76cbaff28a2b4ec5e862490977e.php (24).
[ 2016-06-01T03:25:02+08:00 ]NOTICE: Undefined offset: 0E:\wamp\www\Mall\Storage\view\compile\cc18b76cbaff28a2b4ec5e862490977e.php (24).
[ 2016-06-01T03:25:02+08:00 ]NOTICE: Undefined offset: 0E:\wamp\www\Mall\Storage\view\compile\cc18b76cbaff28a2b4ec5e862490977e.php (24).
[ 2016-06-01T03:25:02+08:00 ]NOTICE: Undefined offset: 0E:\wamp\www\Mall\Storage\view\compile\cc18b76cbaff28a2b4ec5e862490977e.php (24).
[ 2016-06-01T03:25:02+08:00 ]NOTICE: Undefined offset: 0E:\wamp\www\Mall\Storage\view\compile\cc18b76cbaff28a2b4ec5e862490977e.php (24).
[ 2016-06-01T03:25:02+08:00 ]NOTICE: Undefined variable: dataE:\wamp\www\Mall\Storage\view\compile\cc18b76cbaff28a2b4ec5e862490977e.php (30).
[ 2016-06-01T03:25:02+08:00 ]NOTICE: Invalid argument supplied for foreach()E:\wamp\www\Mall\Storage\view\compile\cc18b76cbaff28a2b4ec5e862490977e.php (30).
[ 2016-06-01T03:25:02+08:00 ]NOTICE: Undefined index: gidE:\wamp\www\Mall\Storage\view\compile\cc18b76cbaff28a2b4ec5e862490977e.php (62).
[ 2016-06-01T03:25:41+08:00 ]NOTICE: Undefined offset: 0E:\wamp\www\Mall\Storage\view\compile\cc18b76cbaff28a2b4ec5e862490977e.php (24).
[ 2016-06-01T03:25:41+08:00 ]NOTICE: Undefined offset: 0E:\wamp\www\Mall\Storage\view\compile\cc18b76cbaff28a2b4ec5e862490977e.php (24).
[ 2016-06-01T03:25:41+08:00 ]NOTICE: Undefined offset: 0E:\wamp\www\Mall\Storage\view\compile\cc18b76cbaff28a2b4ec5e862490977e.php (24).
[ 2016-06-01T03:25:41+08:00 ]NOTICE: Undefined offset: 0E:\wamp\www\Mall\Storage\view\compile\cc18b76cbaff28a2b4ec5e862490977e.php (24).
[ 2016-06-01T03:25:41+08:00 ]NOTICE: Undefined offset: 0E:\wamp\www\Mall\Storage\view\compile\cc18b76cbaff28a2b4ec5e862490977e.php (24).
[ 2016-06-01T03:25:41+08:00 ]NOTICE: Undefined variable: dataE:\wamp\www\Mall\Storage\view\compile\cc18b76cbaff28a2b4ec5e862490977e.php (30).
[ 2016-06-01T03:25:41+08:00 ]NOTICE: Invalid argument supplied for foreach()E:\wamp\www\Mall\Storage\view\compile\cc18b76cbaff28a2b4ec5e862490977e.php (30).
[ 2016-06-01T03:25:41+08:00 ]NOTICE: Undefined index: gidE:\wamp\www\Mall\Storage\view\compile\cc18b76cbaff28a2b4ec5e862490977e.php (62).
[ 2016-06-01T03:26:10+08:00 ]NOTICE: Undefined offset: 0E:\wamp\www\Mall\Storage\view\compile\cc18b76cbaff28a2b4ec5e862490977e.php (24).
[ 2016-06-01T03:26:10+08:00 ]NOTICE: Undefined offset: 0E:\wamp\www\Mall\Storage\view\compile\cc18b76cbaff28a2b4ec5e862490977e.php (24).
[ 2016-06-01T03:26:10+08:00 ]NOTICE: Undefined offset: 0E:\wamp\www\Mall\Storage\view\compile\cc18b76cbaff28a2b4ec5e862490977e.php (24).
[ 2016-06-01T03:26:10+08:00 ]NOTICE: Undefined offset: 0E:\wamp\www\Mall\Storage\view\compile\cc18b76cbaff28a2b4ec5e862490977e.php (24).
[ 2016-06-01T03:26:10+08:00 ]NOTICE: Undefined offset: 0E:\wamp\www\Mall\Storage\view\compile\cc18b76cbaff28a2b4ec5e862490977e.php (24).
[ 2016-06-01T03:26:10+08:00 ]NOTICE: Undefined variable: dataE:\wamp\www\Mall\Storage\view\compile\cc18b76cbaff28a2b4ec5e862490977e.php (30).
[ 2016-06-01T03:26:10+08:00 ]NOTICE: Invalid argument supplied for foreach()E:\wamp\www\Mall\Storage\view\compile\cc18b76cbaff28a2b4ec5e862490977e.php (30).
[ 2016-06-01T03:26:10+08:00 ]NOTICE: Undefined index: gidE:\wamp\www\Mall\Storage\view\compile\cc18b76cbaff28a2b4ec5e862490977e.php (62).
[ 2016-06-01T03:26:28+08:00 ]NOTICE: Undefined offset: 0E:\wamp\www\Mall\Storage\view\compile\cc18b76cbaff28a2b4ec5e862490977e.php (24).
[ 2016-06-01T03:26:28+08:00 ]NOTICE: Undefined offset: 0E:\wamp\www\Mall\Storage\view\compile\cc18b76cbaff28a2b4ec5e862490977e.php (24).
[ 2016-06-01T03:26:28+08:00 ]NOTICE: Undefined offset: 0E:\wamp\www\Mall\Storage\view\compile\cc18b76cbaff28a2b4ec5e862490977e.php (24).
[ 2016-06-01T03:26:28+08:00 ]NOTICE: Undefined offset: 0E:\wamp\www\Mall\Storage\view\compile\cc18b76cbaff28a2b4ec5e862490977e.php (24).
[ 2016-06-01T03:26:28+08:00 ]NOTICE: Undefined offset: 0E:\wamp\www\Mall\Storage\view\compile\cc18b76cbaff28a2b4ec5e862490977e.php (24).
[ 2016-06-01T03:26:28+08:00 ]NOTICE: Undefined variable: dataE:\wamp\www\Mall\Storage\view\compile\cc18b76cbaff28a2b4ec5e862490977e.php (30).
[ 2016-06-01T03:26:28+08:00 ]NOTICE: Invalid argument supplied for foreach()E:\wamp\www\Mall\Storage\view\compile\cc18b76cbaff28a2b4ec5e862490977e.php (30).
[ 2016-06-01T03:26:28+08:00 ]NOTICE: Undefined index: gidE:\wamp\www\Mall\Storage\view\compile\cc18b76cbaff28a2b4ec5e862490977e.php (62).
[ 2016-06-01T03:27:17+08:00 ]NOTICE: Undefined offset: 0E:\wamp\www\Mall\Storage\view\compile\cc18b76cbaff28a2b4ec5e862490977e.php (24).
[ 2016-06-01T03:27:17+08:00 ]NOTICE: Undefined offset: 0E:\wamp\www\Mall\Storage\view\compile\cc18b76cbaff28a2b4ec5e862490977e.php (24).
[ 2016-06-01T03:27:17+08:00 ]NOTICE: Undefined offset: 0E:\wamp\www\Mall\Storage\view\compile\cc18b76cbaff28a2b4ec5e862490977e.php (24).
[ 2016-06-01T03:27:17+08:00 ]NOTICE: Undefined offset: 0E:\wamp\www\Mall\Storage\view\compile\cc18b76cbaff28a2b4ec5e862490977e.php (24).
[ 2016-06-01T03:27:17+08:00 ]NOTICE: Undefined offset: 0E:\wamp\www\Mall\Storage\view\compile\cc18b76cbaff28a2b4ec5e862490977e.php (24).
[ 2016-06-01T03:27:17+08:00 ]NOTICE: Undefined variable: dataE:\wamp\www\Mall\Storage\view\compile\cc18b76cbaff28a2b4ec5e862490977e.php (30).
[ 2016-06-01T03:27:17+08:00 ]NOTICE: Invalid argument supplied for foreach()E:\wamp\www\Mall\Storage\view\compile\cc18b76cbaff28a2b4ec5e862490977e.php (30).
[ 2016-06-01T03:27:17+08:00 ]NOTICE: Undefined index: gidE:\wamp\www\Mall\Storage\view\compile\cc18b76cbaff28a2b4ec5e862490977e.php (62).
[ 2016-06-01T03:27:58+08:00 ]NOTICE: Undefined variable: dataE:\wamp\www\Mall\Storage\view\compile\cc18b76cbaff28a2b4ec5e862490977e.php (30).
[ 2016-06-01T03:27:58+08:00 ]NOTICE: Invalid argument supplied for foreach()E:\wamp\www\Mall\Storage\view\compile\cc18b76cbaff28a2b4ec5e862490977e.php (30).
[ 2016-06-01T03:27:58+08:00 ]NOTICE: Undefined index: gidE:\wamp\www\Mall\Storage\view\compile\cc18b76cbaff28a2b4ec5e862490977e.php (62).
[ 2016-06-01T03:29:18+08:00 ]NOTICE: Undefined variable: gidE:\wamp\www\Mall\App\Admin\Controller\GoodsListController.php (68).
[ 2016-06-01T03:29:18+08:00 ]EXCEPTION: SELECT  *  FROM goods_property INNER JOIN property ON property_pid = pid WHERE ptype=1 AND goods_gid= ;BindParams:array (
)42000;1064;You have an error in your SQL syntax; check the manual that corresponds to your MySQL server version for the right syntax to use near '' at line 1
[ 2016-06-01T07:29:18+08:00 ]NOTICE: Undefined variable: dataE:\wamp\www\Mall\Storage\view\compile\cc18b76cbaff28a2b4ec5e862490977e.php (30).
[ 2016-06-01T07:29:18+08:00 ]NOTICE: Invalid argument supplied for foreach()E:\wamp\www\Mall\Storage\view\compile\cc18b76cbaff28a2b4ec5e862490977e.php (30).
[ 2016-06-01T07:29:18+08:00 ]NOTICE: Undefined index: gidE:\wamp\www\Mall\Storage\view\compile\cc18b76cbaff28a2b4ec5e862490977e.php (62).
[ 2016-06-01T07:33:14+08:00 ]NOTICE: Undefined variable: dataE:\wamp\www\Mall\Storage\view\compile\cc18b76cbaff28a2b4ec5e862490977e.php (30).
[ 2016-06-01T07:33:14+08:00 ]NOTICE: Invalid argument supplied for foreach()E:\wamp\www\Mall\Storage\view\compile\cc18b76cbaff28a2b4ec5e862490977e.php (30).
[ 2016-06-01T07:33:14+08:00 ]NOTICE: Undefined index: gidE:\wamp\www\Mall\Storage\view\compile\cc18b76cbaff28a2b4ec5e862490977e.php (62).
[ 2016-06-01T07:35:34+08:00 ]NOTICE: Undefined index: gidE:\wamp\www\Mall\Storage\view\compile\cc18b76cbaff28a2b4ec5e862490977e.php (50).
[ 2016-06-01T07:36:10+08:00 ]NOTICE: Undefined index: gidE:\wamp\www\Mall\Storage\view\compile\cc18b76cbaff28a2b4ec5e862490977e.php (50).
[ 2016-06-01T07:37:08+08:00 ]NOTICE: Undefined index: gidE:\wamp\www\Mall\Storage\view\compile\cc18b76cbaff28a2b4ec5e862490977e.php (50).
[ 2016-06-01T07:56:39+08:00 ]NOTICE: Undefined index: gidE:\wamp\www\Mall\Storage\view\compile\cc18b76cbaff28a2b4ec5e862490977e.php (50).
[ 2016-06-01T07:56:46+08:00 ]NOTICE: Undefined index: gidE:\wamp\www\Mall\Storage\view\compile\cc18b76cbaff28a2b4ec5e862490977e.php (50).
[ 2016-06-01T07:59:13+08:00 ]NOTICE: Undefined variable: gidE:\wamp\www\Mall\App\Admin\Controller\GoodsListController.php (55).
[ 2016-06-01T07:59:13+08:00 ]EXCEPTION: SELECT  *  FROM goods_property INNER JOIN property ON property_pid = pid WHERE ptype=1 AND goods_gid= ;BindParams:array (
)42000;1064;You have an error in your SQL syntax; check the manual that corresponds to your MySQL server version for the right syntax to use near '' at line 1
[ 2016-06-01T08:22:58+08:00 ]NOTICE: Undefined variable: dataE:\wamp\www\Mall\Storage\view\compile\cc18b76cbaff28a2b4ec5e862490977e.php (30).
[ 2016-06-01T08:22:58+08:00 ]NOTICE: Invalid argument supplied for foreach()E:\wamp\www\Mall\Storage\view\compile\cc18b76cbaff28a2b4ec5e862490977e.php (30).
[ 2016-06-01T08:24:53+08:00 ]NOTICE: Undefined variable: gidE:\wamp\www\Mall\App\Admin\Controller\GoodsListController.php (51).
[ 2016-06-01T08:24:53+08:00 ]EXCEPTION: SELECT  *  FROM goodsList WHERE goods_gid= ;BindParams:array (
)42000;1064;You have an error in your SQL syntax; check the manual that corresponds to your MySQL server version for the right syntax to use near '' at line 1
[ 2016-06-01T08:59:19+08:00 ]EXCEPTION: 模板不存在:App/Home/View/Index/index.php
[ 2016-06-01T11:50:57+08:00 ]NOTICE: Use of undefined constant pid - assumed 'pid'E:\wamp\www\Mall\Storage\view\compile\0c28e7150ba5d668f4a1564650d3d0d8.php (127).
[ 2016-06-01T12:31:16+08:00 ]NOTICE: Undefined variable: totalE:\wamp\www\Mall\App\Admin\Controller\CateController.php (160).
[ 2016-06-01T14:17:27+08:00 ]NOTICE: Undefined variable: dataE:\wamp\www\Mall\App\Admin\Controller\GoodsController.php (151).
[ 2016-06-01T14:17:28+08:00 ]NOTICE: Invalid argument supplied for foreach()E:\wamp\www\Mall\Storage\view\compile\b0cef37a0386a1faffd967a594ec1e7e.php (153).
[ 2016-06-01T14:17:28+08:00 ]NOTICE: Undefined variable: dataE:\wamp\www\Mall\App\Admin\Controller\GoodsController.php (151).
[ 2016-06-01T14:17:28+08:00 ]NOTICE: Invalid argument supplied for foreach()E:\wamp\www\Mall\Storage\view\compile\b0cef37a0386a1faffd967a594ec1e7e.php (153).
[ 2016-06-01T14:31:46+08:00 ]NOTICE: Undefined variable: dataE:\wamp\www\Mall\App\Admin\Controller\GoodsController.php (149).
[ 2016-06-01T14:31:50+08:00 ]NOTICE: Undefined variable: dataE:\wamp\www\Mall\App\Admin\Controller\GoodsController.php (149).
[ 2016-06-01T14:31:53+08:00 ]NOTICE: Undefined variable: dataE:\wamp\www\Mall\App\Admin\Controller\GoodsController.php (149).
[ 2016-06-01T14:34:12+08:00 ]NOTICE: Undefined variable: dataE:\wamp\www\Mall\Storage\view\compile\b0cef37a0386a1faffd967a594ec1e7e.php (153).
[ 2016-06-01T14:34:12+08:00 ]NOTICE: Invalid argument supplied for foreach()E:\wamp\www\Mall\Storage\view\compile\b0cef37a0386a1faffd967a594ec1e7e.php (153).
[ 2016-06-01T14:58:11+08:00 ]EXCEPTION: Home\Controller\ListController 不存在
[ 2016-06-01T14:59:21+08:00 ]NOTICE: Undefined variable: dataE:\wamp\www\Mall\Storage\view\compile\b0cef37a0386a1faffd967a594ec1e7e.php (153).
[ 2016-06-01T14:59:21+08:00 ]NOTICE: Invalid argument supplied for foreach()E:\wamp\www\Mall\Storage\view\compile\b0cef37a0386a1faffd967a594ec1e7e.php (153).
[ 2016-06-01T15:01:45+08:00 ]NOTICE: Undefined variable: dataE:\wamp\www\Mall\Storage\view\compile\b0cef37a0386a1faffd967a594ec1e7e.php (153).
[ 2016-06-01T15:01:45+08:00 ]NOTICE: Invalid argument supplied for foreach()E:\wamp\www\Mall\Storage\view\compile\b0cef37a0386a1faffd967a594ec1e7e.php (153).
[ 2016-06-01T15:13:05+08:00 ]NOTICE: Invalid argument supplied for foreach()E:\wamp\www\Mall\Storage\view\compile\0c28e7150ba5d668f4a1564650d3d0d8.php (139).
[ 2016-06-01T15:13:05+08:00 ]NOTICE: Invalid argument supplied for foreach()E:\wamp\www\Mall\Storage\view\compile\0c28e7150ba5d668f4a1564650d3d0d8.php (139).
[ 2016-06-01T15:13:05+08:00 ]NOTICE: Invalid argument supplied for foreach()E:\wamp\www\Mall\Storage\view\compile\0c28e7150ba5d668f4a1564650d3d0d8.php (139).
[ 2016-06-01T15:13:05+08:00 ]NOTICE: Invalid argument supplied for foreach()E:\wamp\www\Mall\Storage\view\compile\0c28e7150ba5d668f4a1564650d3d0d8.php (139).
[ 2016-06-01T15:13:05+08:00 ]NOTICE: Invalid argument supplied for foreach()E:\wamp\www\Mall\Storage\view\compile\0c28e7150ba5d668f4a1564650d3d0d8.php (139).
[ 2016-06-01T15:13:05+08:00 ]NOTICE: Invalid argument supplied for foreach()E:\wamp\www\Mall\Storage\view\compile\0c28e7150ba5d668f4a1564650d3d0d8.php (139).
[ 2016-06-01T15:13:05+08:00 ]NOTICE: Invalid argument supplied for foreach()E:\wamp\www\Mall\Storage\view\compile\0c28e7150ba5d668f4a1564650d3d0d8.php (139).
[ 2016-06-01T15:13:05+08:00 ]NOTICE: Invalid argument supplied for foreach()E:\wamp\www\Mall\Storage\view\compile\0c28e7150ba5d668f4a1564650d3d0d8.php (139).
[ 2016-06-01T15:14:04+08:00 ]NOTICE: Invalid argument supplied for foreach()E:\wamp\www\Mall\Storage\view\compile\0c28e7150ba5d668f4a1564650d3d0d8.php (139).
[ 2016-06-01T15:14:04+08:00 ]NOTICE: Invalid argument supplied for foreach()E:\wamp\www\Mall\Storage\view\compile\0c28e7150ba5d668f4a1564650d3d0d8.php (139).
[ 2016-06-01T15:14:04+08:00 ]NOTICE: Invalid argument supplied for foreach()E:\wamp\www\Mall\Storage\view\compile\0c28e7150ba5d668f4a1564650d3d0d8.php (139).
[ 2016-06-01T15:14:04+08:00 ]NOTICE: Invalid argument supplied for foreach()E:\wamp\www\Mall\Storage\view\compile\0c28e7150ba5d668f4a1564650d3d0d8.php (139).
[ 2016-06-01T15:14:04+08:00 ]NOTICE: Invalid argument supplied for foreach()E:\wamp\www\Mall\Storage\view\compile\0c28e7150ba5d668f4a1564650d3d0d8.php (139).
[ 2016-06-01T15:14:04+08:00 ]NOTICE: Invalid argument supplied for foreach()E:\wamp\www\Mall\Storage\view\compile\0c28e7150ba5d668f4a1564650d3d0d8.php (139).
[ 2016-06-01T15:14:04+08:00 ]NOTICE: Invalid argument supplied for foreach()E:\wamp\www\Mall\Storage\view\compile\0c28e7150ba5d668f4a1564650d3d0d8.php (139).
[ 2016-06-01T15:14:04+08:00 ]NOTICE: Invalid argument supplied for foreach()E:\wamp\www\Mall\Storage\view\compile\0c28e7150ba5d668f4a1564650d3d0d8.php (139).
[ 2016-06-01T15:14:08+08:00 ]NOTICE: Invalid argument supplied for foreach()E:\wamp\www\Mall\Storage\view\compile\0c28e7150ba5d668f4a1564650d3d0d8.php (139).
[ 2016-06-01T15:14:08+08:00 ]NOTICE: Invalid argument supplied for foreach()E:\wamp\www\Mall\Storage\view\compile\0c28e7150ba5d668f4a1564650d3d0d8.php (139).
[ 2016-06-01T15:14:08+08:00 ]NOTICE: Invalid argument supplied for foreach()E:\wamp\www\Mall\Storage\view\compile\0c28e7150ba5d668f4a1564650d3d0d8.php (139).
[ 2016-06-01T15:14:08+08:00 ]NOTICE: Invalid argument supplied for foreach()E:\wamp\www\Mall\Storage\view\compile\0c28e7150ba5d668f4a1564650d3d0d8.php (139).
[ 2016-06-01T15:14:08+08:00 ]NOTICE: Invalid argument supplied for foreach()E:\wamp\www\Mall\Storage\view\compile\0c28e7150ba5d668f4a1564650d3d0d8.php (139).
[ 2016-06-01T15:14:08+08:00 ]NOTICE: Invalid argument supplied for foreach()E:\wamp\www\Mall\Storage\view\compile\0c28e7150ba5d668f4a1564650d3d0d8.php (139).
[ 2016-06-01T15:14:08+08:00 ]NOTICE: Invalid argument supplied for foreach()E:\wamp\www\Mall\Storage\view\compile\0c28e7150ba5d668f4a1564650d3d0d8.php (139).
[ 2016-06-01T15:14:08+08:00 ]NOTICE: Invalid argument supplied for foreach()E:\wamp\www\Mall\Storage\view\compile\0c28e7150ba5d668f4a1564650d3d0d8.php (139).
[ 2016-06-01T15:14:18+08:00 ]NOTICE: Invalid argument supplied for foreach()E:\wamp\www\Mall\Storage\view\compile\0c28e7150ba5d668f4a1564650d3d0d8.php (139).
[ 2016-06-01T15:14:18+08:00 ]NOTICE: Invalid argument supplied for foreach()E:\wamp\www\Mall\Storage\view\compile\0c28e7150ba5d668f4a1564650d3d0d8.php (139).
[ 2016-06-01T15:14:18+08:00 ]NOTICE: Invalid argument supplied for foreach()E:\wamp\www\Mall\Storage\view\compile\0c28e7150ba5d668f4a1564650d3d0d8.php (139).
[ 2016-06-01T15:14:18+08:00 ]NOTICE: Invalid argument supplied for foreach()E:\wamp\www\Mall\Storage\view\compile\0c28e7150ba5d668f4a1564650d3d0d8.php (139).
[ 2016-06-01T15:14:18+08:00 ]NOTICE: Invalid argument supplied for foreach()E:\wamp\www\Mall\Storage\view\compile\0c28e7150ba5d668f4a1564650d3d0d8.php (139).
[ 2016-06-01T15:14:18+08:00 ]NOTICE: Invalid argument supplied for foreach()E:\wamp\www\Mall\Storage\view\compile\0c28e7150ba5d668f4a1564650d3d0d8.php (139).
[ 2016-06-01T15:14:18+08:00 ]NOTICE: Invalid argument supplied for foreach()E:\wamp\www\Mall\Storage\view\compile\0c28e7150ba5d668f4a1564650d3d0d8.php (139).
[ 2016-06-01T15:14:18+08:00 ]NOTICE: Invalid argument supplied for foreach()E:\wamp\www\Mall\Storage\view\compile\0c28e7150ba5d668f4a1564650d3d0d8.php (139).
[ 2016-06-01T15:14:44+08:00 ]NOTICE: Invalid argument supplied for foreach()E:\wamp\www\Mall\Storage\view\compile\0c28e7150ba5d668f4a1564650d3d0d8.php (139).
[ 2016-06-01T15:14:44+08:00 ]NOTICE: Invalid argument supplied for foreach()E:\wamp\www\Mall\Storage\view\compile\0c28e7150ba5d668f4a1564650d3d0d8.php (139).
[ 2016-06-01T15:14:44+08:00 ]NOTICE: Invalid argument supplied for foreach()E:\wamp\www\Mall\Storage\view\compile\0c28e7150ba5d668f4a1564650d3d0d8.php (139).
[ 2016-06-01T15:14:44+08:00 ]NOTICE: Invalid argument supplied for foreach()E:\wamp\www\Mall\Storage\view\compile\0c28e7150ba5d668f4a1564650d3d0d8.php (139).
[ 2016-06-01T15:14:44+08:00 ]NOTICE: Invalid argument supplied for foreach()E:\wamp\www\Mall\Storage\view\compile\0c28e7150ba5d668f4a1564650d3d0d8.php (139).
[ 2016-06-01T15:14:44+08:00 ]NOTICE: Invalid argument supplied for foreach()E:\wamp\www\Mall\Storage\view\compile\0c28e7150ba5d668f4a1564650d3d0d8.php (139).
[ 2016-06-01T15:14:44+08:00 ]NOTICE: Invalid argument supplied for foreach()E:\wamp\www\Mall\Storage\view\compile\0c28e7150ba5d668f4a1564650d3d0d8.php (139).
[ 2016-06-01T15:14:44+08:00 ]NOTICE: Invalid argument supplied for foreach()E:\wamp\www\Mall\Storage\view\compile\0c28e7150ba5d668f4a1564650d3d0d8.php (139).
[ 2016-06-01T15:15:23+08:00 ]NOTICE: Invalid argument supplied for foreach()E:\wamp\www\Mall\Storage\view\compile\0c28e7150ba5d668f4a1564650d3d0d8.php (138).
[ 2016-06-01T15:15:23+08:00 ]NOTICE: Invalid argument supplied for foreach()E:\wamp\www\Mall\Storage\view\compile\0c28e7150ba5d668f4a1564650d3d0d8.php (138).
[ 2016-06-01T15:15:23+08:00 ]NOTICE: Invalid argument supplied for foreach()E:\wamp\www\Mall\Storage\view\compile\0c28e7150ba5d668f4a1564650d3d0d8.php (138).
[ 2016-06-01T15:15:23+08:00 ]NOTICE: Invalid argument supplied for foreach()E:\wamp\www\Mall\Storage\view\compile\0c28e7150ba5d668f4a1564650d3d0d8.php (138).
[ 2016-06-01T15:15:23+08:00 ]NOTICE: Invalid argument supplied for foreach()E:\wamp\www\Mall\Storage\view\compile\0c28e7150ba5d668f4a1564650d3d0d8.php (138).
[ 2016-06-01T15:15:23+08:00 ]NOTICE: Invalid argument supplied for foreach()E:\wamp\www\Mall\Storage\view\compile\0c28e7150ba5d668f4a1564650d3d0d8.php (138).
[ 2016-06-01T15:15:23+08:00 ]NOTICE: Invalid argument supplied for foreach()E:\wamp\www\Mall\Storage\view\compile\0c28e7150ba5d668f4a1564650d3d0d8.php (138).
[ 2016-06-01T15:15:23+08:00 ]NOTICE: Invalid argument supplied for foreach()E:\wamp\www\Mall\Storage\view\compile\0c28e7150ba5d668f4a1564650d3d0d8.php (138).
[ 2016-06-01T15:15:23+08:00 ]NOTICE: Invalid argument supplied for foreach()E:\wamp\www\Mall\Storage\view\compile\0c28e7150ba5d668f4a1564650d3d0d8.php (138).
[ 2016-06-01T15:15:23+08:00 ]NOTICE: Invalid argument supplied for foreach()E:\wamp\www\Mall\Storage\view\compile\0c28e7150ba5d668f4a1564650d3d0d8.php (138).
[ 2016-06-01T15:15:23+08:00 ]NOTICE: Invalid argument supplied for foreach()E:\wamp\www\Mall\Storage\view\compile\0c28e7150ba5d668f4a1564650d3d0d8.php (138).
[ 2016-06-01T15:15:23+08:00 ]NOTICE: Invalid argument supplied for foreach()E:\wamp\www\Mall\Storage\view\compile\0c28e7150ba5d668f4a1564650d3d0d8.php (138).
[ 2016-06-01T15:15:23+08:00 ]NOTICE: Invalid argument supplied for foreach()E:\wamp\www\Mall\Storage\view\compile\0c28e7150ba5d668f4a1564650d3d0d8.php (138).
[ 2016-06-01T15:15:23+08:00 ]NOTICE: Invalid argument supplied for foreach()E:\wamp\www\Mall\Storage\view\compile\0c28e7150ba5d668f4a1564650d3d0d8.php (138).
[ 2016-06-01T15:15:23+08:00 ]NOTICE: Invalid argument supplied for foreach()E:\wamp\www\Mall\Storage\view\compile\0c28e7150ba5d668f4a1564650d3d0d8.php (138).
[ 2016-06-01T15:15:23+08:00 ]NOTICE: Invalid argument supplied for foreach()E:\wamp\www\Mall\Storage\view\compile\0c28e7150ba5d668f4a1564650d3d0d8.php (138).
[ 2016-06-01T15:15:23+08:00 ]NOTICE: Invalid argument supplied for foreach()E:\wamp\www\Mall\Storage\view\compile\0c28e7150ba5d668f4a1564650d3d0d8.php (138).
[ 2016-06-01T15:15:23+08:00 ]NOTICE: Invalid argument supplied for foreach()E:\wamp\www\Mall\Storage\view\compile\0c28e7150ba5d668f4a1564650d3d0d8.php (138).
[ 2016-06-01T15:15:23+08:00 ]NOTICE: Invalid argument supplied for foreach()E:\wamp\www\Mall\Storage\view\compile\0c28e7150ba5d668f4a1564650d3d0d8.php (138).
[ 2016-06-01T15:15:23+08:00 ]NOTICE: Invalid argument supplied for foreach()E:\wamp\www\Mall\Storage\view\compile\0c28e7150ba5d668f4a1564650d3d0d8.php (138).
[ 2016-06-01T15:15:23+08:00 ]NOTICE: Invalid argument supplied for foreach()E:\wamp\www\Mall\Storage\view\compile\0c28e7150ba5d668f4a1564650d3d0d8.php (138).
[ 2016-06-01T15:15:23+08:00 ]NOTICE: Invalid argument supplied for foreach()E:\wamp\www\Mall\Storage\view\compile\0c28e7150ba5d668f4a1564650d3d0d8.php (138).
[ 2016-06-01T15:15:23+08:00 ]NOTICE: Invalid argument supplied for foreach()E:\wamp\www\Mall\Storage\view\compile\0c28e7150ba5d668f4a1564650d3d0d8.php (138).
[ 2016-06-01T15:15:23+08:00 ]NOTICE: Invalid argument supplied for foreach()E:\wamp\www\Mall\Storage\view\compile\0c28e7150ba5d668f4a1564650d3d0d8.php (138).
[ 2016-06-01T15:15:23+08:00 ]NOTICE: Invalid argument supplied for foreach()E:\wamp\www\Mall\Storage\view\compile\0c28e7150ba5d668f4a1564650d3d0d8.php (138).
[ 2016-06-01T15:15:23+08:00 ]NOTICE: Invalid argument supplied for foreach()E:\wamp\www\Mall\Storage\view\compile\0c28e7150ba5d668f4a1564650d3d0d8.php (138).
[ 2016-06-01T15:15:23+08:00 ]NOTICE: Invalid argument supplied for foreach()E:\wamp\www\Mall\Storage\view\compile\0c28e7150ba5d668f4a1564650d3d0d8.php (138).
[ 2016-06-01T15:15:23+08:00 ]NOTICE: Invalid argument supplied for foreach()E:\wamp\www\Mall\Storage\view\compile\0c28e7150ba5d668f4a1564650d3d0d8.php (138).
[ 2016-06-01T15:15:57+08:00 ]NOTICE: Invalid argument supplied for foreach()E:\wamp\www\Mall\Storage\view\compile\0c28e7150ba5d668f4a1564650d3d0d8.php (138).
[ 2016-06-01T15:15:57+08:00 ]NOTICE: Invalid argument supplied for foreach()E:\wamp\www\Mall\Storage\view\compile\0c28e7150ba5d668f4a1564650d3d0d8.php (138).
[ 2016-06-01T15:15:57+08:00 ]NOTICE: Invalid argument supplied for foreach()E:\wamp\www\Mall\Storage\view\compile\0c28e7150ba5d668f4a1564650d3d0d8.php (138).
[ 2016-06-01T15:15:57+08:00 ]NOTICE: Invalid argument supplied for foreach()E:\wamp\www\Mall\Storage\view\compile\0c28e7150ba5d668f4a1564650d3d0d8.php (138).
[ 2016-06-01T15:15:57+08:00 ]NOTICE: Invalid argument supplied for foreach()E:\wamp\www\Mall\Storage\view\compile\0c28e7150ba5d668f4a1564650d3d0d8.php (138).
[ 2016-06-01T15:15:57+08:00 ]NOTICE: Invalid argument supplied for foreach()E:\wamp\www\Mall\Storage\view\compile\0c28e7150ba5d668f4a1564650d3d0d8.php (138).
[ 2016-06-01T15:15:57+08:00 ]NOTICE: Invalid argument supplied for foreach()E:\wamp\www\Mall\Storage\view\compile\0c28e7150ba5d668f4a1564650d3d0d8.php (138).
[ 2016-06-01T15:15:57+08:00 ]NOTICE: Invalid argument supplied for foreach()E:\wamp\www\Mall\Storage\view\compile\0c28e7150ba5d668f4a1564650d3d0d8.php (138).
[ 2016-06-01T15:15:57+08:00 ]NOTICE: Invalid argument supplied for foreach()E:\wamp\www\Mall\Storage\view\compile\0c28e7150ba5d668f4a1564650d3d0d8.php (138).
[ 2016-06-01T15:15:57+08:00 ]NOTICE: Invalid argument supplied for foreach()E:\wamp\www\Mall\Storage\view\compile\0c28e7150ba5d668f4a1564650d3d0d8.php (138).
[ 2016-06-01T15:15:57+08:00 ]NOTICE: Invalid argument supplied for foreach()E:\wamp\www\Mall\Storage\view\compile\0c28e7150ba5d668f4a1564650d3d0d8.php (138).
[ 2016-06-01T15:15:57+08:00 ]NOTICE: Invalid argument supplied for foreach()E:\wamp\www\Mall\Storage\view\compile\0c28e7150ba5d668f4a1564650d3d0d8.php (138).
[ 2016-06-01T15:15:57+08:00 ]NOTICE: Invalid argument supplied for foreach()E:\wamp\www\Mall\Storage\view\compile\0c28e7150ba5d668f4a1564650d3d0d8.php (138).
[ 2016-06-01T15:15:57+08:00 ]NOTICE: Invalid argument supplied for foreach()E:\wamp\www\Mall\Storage\view\compile\0c28e7150ba5d668f4a1564650d3d0d8.php (138).
[ 2016-06-01T15:15:57+08:00 ]NOTICE: Invalid argument supplied for foreach()E:\wamp\www\Mall\Storage\view\compile\0c28e7150ba5d668f4a1564650d3d0d8.php (138).
[ 2016-06-01T15:15:57+08:00 ]NOTICE: Invalid argument supplied for foreach()E:\wamp\www\Mall\Storage\view\compile\0c28e7150ba5d668f4a1564650d3d0d8.php (138).
[ 2016-06-01T15:15:57+08:00 ]NOTICE: Invalid argument supplied for foreach()E:\wamp\www\Mall\Storage\view\compile\0c28e7150ba5d668f4a1564650d3d0d8.php (138).
[ 2016-06-01T15:15:57+08:00 ]NOTICE: Invalid argument supplied for foreach()E:\wamp\www\Mall\Storage\view\compile\0c28e7150ba5d668f4a1564650d3d0d8.php (138).
[ 2016-06-01T15:15:57+08:00 ]NOTICE: Invalid argument supplied for foreach()E:\wamp\www\Mall\Storage\view\compile\0c28e7150ba5d668f4a1564650d3d0d8.php (138).
[ 2016-06-01T15:15:57+08:00 ]NOTICE: Invalid argument supplied for foreach()E:\wamp\www\Mall\Storage\view\compile\0c28e7150ba5d668f4a1564650d3d0d8.php (138).
[ 2016-06-01T15:15:57+08:00 ]NOTICE: Invalid argument supplied for foreach()E:\wamp\www\Mall\Storage\view\compile\0c28e7150ba5d668f4a1564650d3d0d8.php (138).
[ 2016-06-01T15:15:57+08:00 ]NOTICE: Invalid argument supplied for foreach()E:\wamp\www\Mall\Storage\view\compile\0c28e7150ba5d668f4a1564650d3d0d8.php (138).
[ 2016-06-01T15:15:57+08:00 ]NOTICE: Invalid argument supplied for foreach()E:\wamp\www\Mall\Storage\view\compile\0c28e7150ba5d668f4a1564650d3d0d8.php (138).
[ 2016-06-01T15:15:57+08:00 ]NOTICE: Invalid argument supplied for foreach()E:\wamp\www\Mall\Storage\view\compile\0c28e7150ba5d668f4a1564650d3d0d8.php (138).
[ 2016-06-01T15:15:57+08:00 ]NOTICE: Invalid argument supplied for foreach()E:\wamp\www\Mall\Storage\view\compile\0c28e7150ba5d668f4a1564650d3d0d8.php (138).
[ 2016-06-01T15:15:57+08:00 ]NOTICE: Invalid argument supplied for foreach()E:\wamp\www\Mall\Storage\view\compile\0c28e7150ba5d668f4a1564650d3d0d8.php (138).
[ 2016-06-01T15:15:57+08:00 ]NOTICE: Invalid argument supplied for foreach()E:\wamp\www\Mall\Storage\view\compile\0c28e7150ba5d668f4a1564650d3d0d8.php (138).
[ 2016-06-01T15:15:57+08:00 ]NOTICE: Invalid argument supplied for foreach()E:\wamp\www\Mall\Storage\view\compile\0c28e7150ba5d668f4a1564650d3d0d8.php (138).
[ 2016-06-01T15:16:19+08:00 ]NOTICE: Invalid argument supplied for foreach()E:\wamp\www\Mall\Storage\view\compile\0c28e7150ba5d668f4a1564650d3d0d8.php (138).
[ 2016-06-01T15:16:19+08:00 ]NOTICE: Invalid argument supplied for foreach()E:\wamp\www\Mall\Storage\view\compile\0c28e7150ba5d668f4a1564650d3d0d8.php (138).
[ 2016-06-01T15:16:19+08:00 ]NOTICE: Invalid argument supplied for foreach()E:\wamp\www\Mall\Storage\view\compile\0c28e7150ba5d668f4a1564650d3d0d8.php (138).
[ 2016-06-01T15:16:19+08:00 ]NOTICE: Invalid argument supplied for foreach()E:\wamp\www\Mall\Storage\view\compile\0c28e7150ba5d668f4a1564650d3d0d8.php (138).
[ 2016-06-01T15:16:19+08:00 ]NOTICE: Invalid argument supplied for foreach()E:\wamp\www\Mall\Storage\view\compile\0c28e7150ba5d668f4a1564650d3d0d8.php (138).
[ 2016-06-01T15:16:19+08:00 ]NOTICE: Invalid argument supplied for foreach()E:\wamp\www\Mall\Storage\view\compile\0c28e7150ba5d668f4a1564650d3d0d8.php (138).
[ 2016-06-01T15:16:19+08:00 ]NOTICE: Invalid argument supplied for foreach()E:\wamp\www\Mall\Storage\view\compile\0c28e7150ba5d668f4a1564650d3d0d8.php (138).
[ 2016-06-01T15:16:19+08:00 ]NOTICE: Invalid argument supplied for foreach()E:\wamp\www\Mall\Storage\view\compile\0c28e7150ba5d668f4a1564650d3d0d8.php (138).
[ 2016-06-01T15:16:19+08:00 ]NOTICE: Invalid argument supplied for foreach()E:\wamp\www\Mall\Storage\view\compile\0c28e7150ba5d668f4a1564650d3d0d8.php (138).
[ 2016-06-01T15:16:19+08:00 ]NOTICE: Invalid argument supplied for foreach()E:\wamp\www\Mall\Storage\view\compile\0c28e7150ba5d668f4a1564650d3d0d8.php (138).
[ 2016-06-01T15:16:19+08:00 ]NOTICE: Invalid argument supplied for foreach()E:\wamp\www\Mall\Storage\view\compile\0c28e7150ba5d668f4a1564650d3d0d8.php (138).
[ 2016-06-01T15:16:19+08:00 ]NOTICE: Invalid argument supplied for foreach()E:\wamp\www\Mall\Storage\view\compile\0c28e7150ba5d668f4a1564650d3d0d8.php (138).
[ 2016-06-01T15:16:19+08:00 ]NOTICE: Invalid argument supplied for foreach()E:\wamp\www\Mall\Storage\view\compile\0c28e7150ba5d668f4a1564650d3d0d8.php (138).
[ 2016-06-01T15:16:19+08:00 ]NOTICE: Invalid argument supplied for foreach()E:\wamp\www\Mall\Storage\view\compile\0c28e7150ba5d668f4a1564650d3d0d8.php (138).
[ 2016-06-01T15:16:19+08:00 ]NOTICE: Invalid argument supplied for foreach()E:\wamp\www\Mall\Storage\view\compile\0c28e7150ba5d668f4a1564650d3d0d8.php (138).
[ 2016-06-01T15:16:19+08:00 ]NOTICE: Invalid argument supplied for foreach()E:\wamp\www\Mall\Storage\view\compile\0c28e7150ba5d668f4a1564650d3d0d8.php (138).
[ 2016-06-01T15:16:19+08:00 ]NOTICE: Invalid argument supplied for foreach()E:\wamp\www\Mall\Storage\view\compile\0c28e7150ba5d668f4a1564650d3d0d8.php (138).
[ 2016-06-01T15:16:19+08:00 ]NOTICE: Invalid argument supplied for foreach()E:\wamp\www\Mall\Storage\view\compile\0c28e7150ba5d668f4a1564650d3d0d8.php (138).
[ 2016-06-01T15:16:19+08:00 ]NOTICE: Invalid argument supplied for foreach()E:\wamp\www\Mall\Storage\view\compile\0c28e7150ba5d668f4a1564650d3d0d8.php (138).
[ 2016-06-01T15:16:19+08:00 ]NOTICE: Invalid argument supplied for foreach()E:\wamp\www\Mall\Storage\view\compile\0c28e7150ba5d668f4a1564650d3d0d8.php (138).
[ 2016-06-01T15:16:19+08:00 ]NOTICE: Invalid argument supplied for foreach()E:\wamp\www\Mall\Storage\view\compile\0c28e7150ba5d668f4a1564650d3d0d8.php (138).
[ 2016-06-01T15:16:19+08:00 ]NOTICE: Invalid argument supplied for foreach()E:\wamp\www\Mall\Storage\view\compile\0c28e7150ba5d668f4a1564650d3d0d8.php (138).
[ 2016-06-01T15:16:19+08:00 ]NOTICE: Invalid argument supplied for foreach()E:\wamp\www\Mall\Storage\view\compile\0c28e7150ba5d668f4a1564650d3d0d8.php (138).
[ 2016-06-01T15:16:19+08:00 ]NOTICE: Invalid argument supplied for foreach()E:\wamp\www\Mall\Storage\view\compile\0c28e7150ba5d668f4a1564650d3d0d8.php (138).
[ 2016-06-01T15:16:19+08:00 ]NOTICE: Invalid argument supplied for foreach()E:\wamp\www\Mall\Storage\view\compile\0c28e7150ba5d668f4a1564650d3d0d8.php (138).
[ 2016-06-01T15:16:19+08:00 ]NOTICE: Invalid argument supplied for foreach()E:\wamp\www\Mall\Storage\view\compile\0c28e7150ba5d668f4a1564650d3d0d8.php (138).
[ 2016-06-01T15:16:19+08:00 ]NOTICE: Invalid argument supplied for foreach()E:\wamp\www\Mall\Storage\view\compile\0c28e7150ba5d668f4a1564650d3d0d8.php (138).
[ 2016-06-01T15:16:19+08:00 ]NOTICE: Invalid argument supplied for foreach()E:\wamp\www\Mall\Storage\view\compile\0c28e7150ba5d668f4a1564650d3d0d8.php (138).
[ 2016-06-01T15:26:35+08:00 ]NOTICE: Undefined variable: kE:\wamp\www\Mall\Storage\view\compile\0c28e7150ba5d668f4a1564650d3d0d8.php (130).
[ 2016-06-01T15:26:35+08:00 ]EXCEPTION: SELECT  *  FROM category WHERE pid not in(0) LIMIT ,2 ;BindParams:array (
)42000;1064;You have an error in your SQL syntax; check the manual that corresponds to your MySQL server version for the right syntax to use near '2' at line 1
[ 2016-06-01T15:26:56+08:00 ]NOTICE: Undefined variable: kE:\wamp\www\Mall\Storage\view\compile\0c28e7150ba5d668f4a1564650d3d0d8.php (130).
[ 2016-06-01T15:26:56+08:00 ]EXCEPTION: SELECT  *  FROM category LIMIT ,2 ;BindParams:array (
)42000;1064;You have an error in your SQL syntax; check the manual that corresponds to your MySQL server version for the right syntax to use near '2' at line 1
[ 2016-06-01T15:36:38+08:00 ]NOTICE: Undefined index: cidE:\wamp\www\Mall\Storage\view\compile\0c28e7150ba5d668f4a1564650d3d0d8.php (130).
[ 2016-06-01T15:36:38+08:00 ]EXCEPTION: SELECT  *  FROM category WHERE pid={$cid} ;BindParams:array (
)42000;1064;You have an error in your SQL syntax; check the manual that corresponds to your MySQL server version for the right syntax to use near '}' at line 1
[ 2016-06-01T15:37:27+08:00 ]NOTICE: Undefined index: cidE:\wamp\www\Mall\Storage\view\compile\0c28e7150ba5d668f4a1564650d3d0d8.php (134).
[ 2016-06-01T15:37:27+08:00 ]EXCEPTION: SELECT  *  FROM category WHERE pid={$cid} ;BindParams:array (
)42000;1064;You have an error in your SQL syntax; check the manual that corresponds to your MySQL server version for the right syntax to use near '}' at line 1
[ 2016-06-01T15:37:50+08:00 ]EXCEPTION: SELECT  *  FROM category WHERE pid={$cid} ;BindParams:array (
)42000;1064;You have an error in your SQL syntax; check the manual that corresponds to your MySQL server version for the right syntax to use near '}' at line 1
[ 2016-06-01T15:38:14+08:00 ]EXCEPTION: SELECT  *  FROM category WHERE pid={$cid} ;BindParams:array (
)42000;1064;You have an error in your SQL syntax; check the manual that corresponds to your MySQL server version for the right syntax to use near '}' at line 1
[ 2016-06-01T15:41:10+08:00 ]NOTICE: Undefined index: cidE:\wamp\www\Mall\Storage\view\compile\0c28e7150ba5d668f4a1564650d3d0d8.php (137).
[ 2016-06-01T15:41:10+08:00 ]EXCEPTION: SELECT  *  FROM category WHERE pid= ;BindParams:array (
)42000;1064;You have an error in your SQL syntax; check the manual that corresponds to your MySQL server version for the right syntax to use near '' at line 1
[ 2016-06-01T15:41:35+08:00 ]NOTICE: Undefined index: faE:\wamp\www\Mall\Storage\view\compile\0c28e7150ba5d668f4a1564650d3d0d8.php (135).
[ 2016-06-01T15:41:35+08:00 ]NOTICE: Invalid argument supplied for foreach()E:\wamp\www\Mall\Storage\view\compile\0c28e7150ba5d668f4a1564650d3d0d8.php (135).
[ 2016-06-01T15:42:06+08:00 ]NOTICE: Undefined index: faE:\wamp\www\Mall\Storage\view\compile\0c28e7150ba5d668f4a1564650d3d0d8.php (135).
[ 2016-06-01T15:42:06+08:00 ]NOTICE: Invalid argument supplied for foreach()E:\wamp\www\Mall\Storage\view\compile\0c28e7150ba5d668f4a1564650d3d0d8.php (135).
[ 2016-06-01T15:47:18+08:00 ]NOTICE: Undefined variable: totalE:\wamp\www\Mall\App\Admin\Controller\CateController.php (160).
[ 2016-06-01T15:47:30+08:00 ]NOTICE: Undefined variable: totalE:\wamp\www\Mall\App\Admin\Controller\CateController.php (160).
[ 2016-06-01T15:47:41+08:00 ]NOTICE: Undefined variable: totalE:\wamp\www\Mall\App\Admin\Controller\CateController.php (160).
[ 2016-06-01T15:48:41+08:00 ]NOTICE: Undefined variable: pageE:\wamp\www\Mall\Storage\view\compile\d2321ff4dbba56fbf66d46561f7ef14d.php (46).
[ 2016-06-01T15:49:04+08:00 ]NOTICE: Undefined variable: pageE:\wamp\www\Mall\Storage\view\compile\d2321ff4dbba56fbf66d46561f7ef14d.php (46).
[ 2016-06-01T15:49:13+08:00 ]NOTICE: Undefined variable: pageE:\wamp\www\Mall\Storage\view\compile\d2321ff4dbba56fbf66d46561f7ef14d.php (46).
[ 2016-06-01T16:03:23+08:00 ]NOTICE: Undefined variable: cateDataE:\wamp\www\Mall\Storage\view\compile\0c28e7150ba5d668f4a1564650d3d0d8.php (153).
[ 2016-06-01T16:03:23+08:00 ]NOTICE: Invalid argument supplied for foreach()E:\wamp\www\Mall\Storage\view\compile\0c28e7150ba5d668f4a1564650d3d0d8.php (153).
[ 2016-06-01T16:22:41+08:00 ]NOTICE: Undefined index: faE:\wamp\www\Mall\Storage\view\compile\0c28e7150ba5d668f4a1564650d3d0d8.php (159).
[ 2016-06-01T16:22:41+08:00 ]NOTICE: Invalid argument supplied for foreach()E:\wamp\www\Mall\Storage\view\compile\0c28e7150ba5d668f4a1564650d3d0d8.php (159).
[ 2016-06-01T16:22:41+08:00 ]NOTICE: Undefined index: faE:\wamp\www\Mall\Storage\view\compile\0c28e7150ba5d668f4a1564650d3d0d8.php (159).
[ 2016-06-01T16:22:41+08:00 ]NOTICE: Invalid argument supplied for foreach()E:\wamp\www\Mall\Storage\view\compile\0c28e7150ba5d668f4a1564650d3d0d8.php (159).
[ 2016-06-01T16:22:41+08:00 ]NOTICE: Undefined index: faE:\wamp\www\Mall\Storage\view\compile\0c28e7150ba5d668f4a1564650d3d0d8.php (159).
[ 2016-06-01T16:22:41+08:00 ]NOTICE: Invalid argument supplied for foreach()E:\wamp\www\Mall\Storage\view\compile\0c28e7150ba5d668f4a1564650d3d0d8.php (159).
[ 2016-06-01T16:22:41+08:00 ]NOTICE: Undefined index: faE:\wamp\www\Mall\Storage\view\compile\0c28e7150ba5d668f4a1564650d3d0d8.php (159).
[ 2016-06-01T16:22:41+08:00 ]NOTICE: Invalid argument supplied for foreach()E:\wamp\www\Mall\Storage\view\compile\0c28e7150ba5d668f4a1564650d3d0d8.php (159).
[ 2016-06-01T16:22:41+08:00 ]NOTICE: Undefined index: faE:\wamp\www\Mall\Storage\view\compile\0c28e7150ba5d668f4a1564650d3d0d8.php (159).
[ 2016-06-01T16:22:41+08:00 ]NOTICE: Invalid argument supplied for foreach()E:\wamp\www\Mall\Storage\view\compile\0c28e7150ba5d668f4a1564650d3d0d8.php (159).
[ 2016-06-01T16:22:41+08:00 ]NOTICE: Undefined index: faE:\wamp\www\Mall\Storage\view\compile\0c28e7150ba5d668f4a1564650d3d0d8.php (159).
[ 2016-06-01T16:22:41+08:00 ]NOTICE: Invalid argument supplied for foreach()E:\wamp\www\Mall\Storage\view\compile\0c28e7150ba5d668f4a1564650d3d0d8.php (159).
[ 2016-06-01T16:22:41+08:00 ]NOTICE: Undefined index: faE:\wamp\www\Mall\Storage\view\compile\0c28e7150ba5d668f4a1564650d3d0d8.php (159).
[ 2016-06-01T16:22:41+08:00 ]NOTICE: Invalid argument supplied for foreach()E:\wamp\www\Mall\Storage\view\compile\0c28e7150ba5d668f4a1564650d3d0d8.php (159).
[ 2016-06-01T16:22:41+08:00 ]NOTICE: Undefined index: faE:\wamp\www\Mall\Storage\view\compile\0c28e7150ba5d668f4a1564650d3d0d8.php (159).
[ 2016-06-01T16:22:41+08:00 ]NOTICE: Invalid argument supplied for foreach()E:\wamp\www\Mall\Storage\view\compile\0c28e7150ba5d668f4a1564650d3d0d8.php (159).
[ 2016-06-01T16:22:41+08:00 ]NOTICE: Undefined index: faE:\wamp\www\Mall\Storage\view\compile\0c28e7150ba5d668f4a1564650d3d0d8.php (159).
[ 2016-06-01T16:22:41+08:00 ]NOTICE: Invalid argument supplied for foreach()E:\wamp\www\Mall\Storage\view\compile\0c28e7150ba5d668f4a1564650d3d0d8.php (159).
[ 2016-06-01T16:22:41+08:00 ]NOTICE: Undefined index: faE:\wamp\www\Mall\Storage\view\compile\0c28e7150ba5d668f4a1564650d3d0d8.php (159).
[ 2016-06-01T16:22:41+08:00 ]NOTICE: Invalid argument supplied for foreach()E:\wamp\www\Mall\Storage\view\compile\0c28e7150ba5d668f4a1564650d3d0d8.php (159).
[ 2016-06-01T16:22:41+08:00 ]NOTICE: Undefined index: faE:\wamp\www\Mall\Storage\view\compile\0c28e7150ba5d668f4a1564650d3d0d8.php (159).
[ 2016-06-01T16:22:41+08:00 ]NOTICE: Invalid argument supplied for foreach()E:\wamp\www\Mall\Storage\view\compile\0c28e7150ba5d668f4a1564650d3d0d8.php (159).
[ 2016-06-01T16:22:41+08:00 ]NOTICE: Undefined index: faE:\wamp\www\Mall\Storage\view\compile\0c28e7150ba5d668f4a1564650d3d0d8.php (159).
[ 2016-06-01T16:22:41+08:00 ]NOTICE: Invalid argument supplied for foreach()E:\wamp\www\Mall\Storage\view\compile\0c28e7150ba5d668f4a1564650d3d0d8.php (159).
[ 2016-06-01T16:22:41+08:00 ]NOTICE: Undefined index: faE:\wamp\www\Mall\Storage\view\compile\0c28e7150ba5d668f4a1564650d3d0d8.php (159).
[ 2016-06-01T16:22:41+08:00 ]NOTICE: Invalid argument supplied for foreach()E:\wamp\www\Mall\Storage\view\compile\0c28e7150ba5d668f4a1564650d3d0d8.php (159).
[ 2016-06-01T16:22:41+08:00 ]NOTICE: Undefined index: faE:\wamp\www\Mall\Storage\view\compile\0c28e7150ba5d668f4a1564650d3d0d8.php (159).
[ 2016-06-01T16:22:41+08:00 ]NOTICE: Invalid argument supplied for foreach()E:\wamp\www\Mall\Storage\view\compile\0c28e7150ba5d668f4a1564650d3d0d8.php (159).
[ 2016-06-01T16:22:41+08:00 ]NOTICE: Undefined index: faE:\wamp\www\Mall\Storage\view\compile\0c28e7150ba5d668f4a1564650d3d0d8.php (159).
[ 2016-06-01T16:22:41+08:00 ]NOTICE: Invalid argument supplied for foreach()E:\wamp\www\Mall\Storage\view\compile\0c28e7150ba5d668f4a1564650d3d0d8.php (159).
[ 2016-06-01T16:22:41+08:00 ]NOTICE: Undefined index: faE:\wamp\www\Mall\Storage\view\compile\0c28e7150ba5d668f4a1564650d3d0d8.php (159).
[ 2016-06-01T16:22:42+08:00 ]NOTICE: Invalid argument supplied for foreach()E:\wamp\www\Mall\Storage\view\compile\0c28e7150ba5d668f4a1564650d3d0d8.php (159).
[ 2016-06-01T16:22:42+08:00 ]NOTICE: Undefined index: faE:\wamp\www\Mall\Storage\view\compile\0c28e7150ba5d668f4a1564650d3d0d8.php (159).
[ 2016-06-01T16:22:42+08:00 ]NOTICE: Invalid argument supplied for foreach()E:\wamp\www\Mall\Storage\view\compile\0c28e7150ba5d668f4a1564650d3d0d8.php (159).
[ 2016-06-01T16:22:42+08:00 ]NOTICE: Undefined index: faE:\wamp\www\Mall\Storage\view\compile\0c28e7150ba5d668f4a1564650d3d0d8.php (159).
[ 2016-06-01T16:22:42+08:00 ]NOTICE: Invalid argument supplied for foreach()E:\wamp\www\Mall\Storage\view\compile\0c28e7150ba5d668f4a1564650d3d0d8.php (159).
[ 2016-06-01T16:39:38+08:00 ]NOTICE: Undefined index: dcodeE:\wamp\www\Mall\Storage\view\compile\cc18b76cbaff28a2b4ec5e862490977e.php (46).
[ 2016-06-01T16:39:38+08:00 ]NOTICE: Undefined index: dstockE:\wamp\www\Mall\Storage\view\compile\cc18b76cbaff28a2b4ec5e862490977e.php (47).
[ 2016-06-01T16:43:24+08:00 ]NOTICE: Undefined index: dcodeE:\wamp\www\Mall\Storage\view\compile\cc18b76cbaff28a2b4ec5e862490977e.php (33).
[ 2016-06-01T16:43:24+08:00 ]NOTICE: Undefined index: dstockE:\wamp\www\Mall\Storage\view\compile\cc18b76cbaff28a2b4ec5e862490977e.php (34).
[ 2016-06-01T16:46:39+08:00 ]NOTICE: Undefined index: didE:\wamp\www\Mall\Storage\view\compile\cc18b76cbaff28a2b4ec5e862490977e.php (31).
[ 2016-06-01T16:46:39+08:00 ]NOTICE: Undefined index: dcodeE:\wamp\www\Mall\Storage\view\compile\cc18b76cbaff28a2b4ec5e862490977e.php (33).
[ 2016-06-01T16:46:39+08:00 ]NOTICE: Undefined index: dstockE:\wamp\www\Mall\Storage\view\compile\cc18b76cbaff28a2b4ec5e862490977e.php (34).
[ 2016-06-01T16:49:41+08:00 ]NOTICE: Undefined index: didE:\wamp\www\Mall\Storage\view\compile\cc18b76cbaff28a2b4ec5e862490977e.php (31).
[ 2016-06-01T16:49:41+08:00 ]NOTICE: Undefined index: dcodeE:\wamp\www\Mall\Storage\view\compile\cc18b76cbaff28a2b4ec5e862490977e.php (33).
[ 2016-06-01T16:49:41+08:00 ]NOTICE: Undefined index: dstockE:\wamp\www\Mall\Storage\view\compile\cc18b76cbaff28a2b4ec5e862490977e.php (34).
[ 2016-06-01T17:01:47+08:00 ]NOTICE: Undefined index: dcodeE:\wamp\www\Mall\Storage\view\compile\cc18b76cbaff28a2b4ec5e862490977e.php (45).
[ 2016-06-01T17:01:47+08:00 ]NOTICE: Undefined index: dcodeE:\wamp\www\Mall\Storage\view\compile\cc18b76cbaff28a2b4ec5e862490977e.php (45).
[ 2016-06-01T17:06:32+08:00 ]NOTICE: Undefined index: dcodeE:\wamp\www\Mall\Storage\view\compile\cc18b76cbaff28a2b4ec5e862490977e.php (45).
[ 2016-06-01T17:06:32+08:00 ]NOTICE: Undefined index: dcodeE:\wamp\www\Mall\Storage\view\compile\cc18b76cbaff28a2b4ec5e862490977e.php (45).
[ 2016-06-01T17:08:44+08:00 ]NOTICE: Undefined index: dcodeE:\wamp\www\Mall\Storage\view\compile\cc18b76cbaff28a2b4ec5e862490977e.php (45).
[ 2016-06-01T17:08:44+08:00 ]NOTICE: Undefined index: dcodeE:\wamp\www\Mall\Storage\view\compile\cc18b76cbaff28a2b4ec5e862490977e.php (45).
[ 2016-06-01T17:08:44+08:00 ]NOTICE: Undefined index: dcodeE:\wamp\www\Mall\Storage\view\compile\cc18b76cbaff28a2b4ec5e862490977e.php (45).
[ 2016-06-01T17:09:20+08:00 ]NOTICE: Undefined index: dcodeE:\wamp\www\Mall\Storage\view\compile\cc18b76cbaff28a2b4ec5e862490977e.php (45).
[ 2016-06-01T17:09:20+08:00 ]NOTICE: Undefined index: dcodeE:\wamp\www\Mall\Storage\view\compile\cc18b76cbaff28a2b4ec5e862490977e.php (45).
[ 2016-06-01T17:09:20+08:00 ]NOTICE: Undefined index: dcodeE:\wamp\www\Mall\Storage\view\compile\cc18b76cbaff28a2b4ec5e862490977e.php (45).
[ 2016-06-01T17:10:48+08:00 ]NOTICE: Undefined index: dcodeE:\wamp\www\Mall\Storage\view\compile\cc18b76cbaff28a2b4ec5e862490977e.php (45).
[ 2016-06-01T17:10:48+08:00 ]NOTICE: Undefined index: dcodeE:\wamp\www\Mall\Storage\view\compile\cc18b76cbaff28a2b4ec5e862490977e.php (45).
[ 2016-06-01T17:10:48+08:00 ]NOTICE: Undefined index: dcodeE:\wamp\www\Mall\Storage\view\compile\cc18b76cbaff28a2b4ec5e862490977e.php (45).
[ 2016-06-01T17:15:59+08:00 ]NOTICE: Undefined index: cnameE:\wamp\www\Mall\Storage\view\compile\cc18b76cbaff28a2b4ec5e862490977e.php (27).
[ 2016-06-01T17:15:59+08:00 ]NOTICE: Undefined variable: cateE:\wamp\www\Mall\Storage\view\compile\cc18b76cbaff28a2b4ec5e862490977e.php (34).
[ 2016-06-01T17:15:59+08:00 ]NOTICE: Invalid argument supplied for foreach()E:\wamp\www\Mall\Storage\view\compile\cc18b76cbaff28a2b4ec5e862490977e.php (34).
[ 2016-06-01T17:15:59+08:00 ]NOTICE: Undefined variable: typeE:\wamp\www\Mall\Storage\view\compile\cc18b76cbaff28a2b4ec5e862490977e.php (44).
[ 2016-06-01T17:15:59+08:00 ]NOTICE: Invalid argument supplied for foreach()E:\wamp\www\Mall\Storage\view\compile\cc18b76cbaff28a2b4ec5e862490977e.php (44).
[ 2016-06-01T17:15:59+08:00 ]NOTICE: Undefined index: sortE:\wamp\www\Mall\Storage\view\compile\cc18b76cbaff28a2b4ec5e862490977e.php (53).
[ 2016-06-01T17:15:59+08:00 ]NOTICE: Undefined index: cidE:\wamp\www\Mall\Storage\view\compile\cc18b76cbaff28a2b4ec5e862490977e.php (55).
[ 2016-06-01T17:18:12+08:00 ]NOTICE: Undefined index: cnameE:\wamp\www\Mall\Storage\view\compile\cc18b76cbaff28a2b4ec5e862490977e.php (27).
[ 2016-06-01T17:18:12+08:00 ]NOTICE: Undefined index: cnameE:\wamp\www\Mall\Storage\view\compile\cc18b76cbaff28a2b4ec5e862490977e.php (31).
[ 2016-06-01T17:18:12+08:00 ]NOTICE: Undefined index: sortE:\wamp\www\Mall\Storage\view\compile\cc18b76cbaff28a2b4ec5e862490977e.php (35).
[ 2016-06-01T17:18:12+08:00 ]NOTICE: Undefined index: sortE:\wamp\www\Mall\Storage\view\compile\cc18b76cbaff28a2b4ec5e862490977e.php (39).
[ 2016-06-01T17:18:12+08:00 ]NOTICE: Undefined index: cidE:\wamp\www\Mall\Storage\view\compile\cc18b76cbaff28a2b4ec5e862490977e.php (41).
[ 2016-06-01T17:19:42+08:00 ]NOTICE: Undefined index: cnameE:\wamp\www\Mall\Storage\view\compile\cc18b76cbaff28a2b4ec5e862490977e.php (27).
[ 2016-06-01T17:19:42+08:00 ]NOTICE: Undefined index: cnameE:\wamp\www\Mall\Storage\view\compile\cc18b76cbaff28a2b4ec5e862490977e.php (31).
[ 2016-06-01T17:19:42+08:00 ]NOTICE: Undefined index: sortE:\wamp\www\Mall\Storage\view\compile\cc18b76cbaff28a2b4ec5e862490977e.php (35).
[ 2016-06-01T17:19:42+08:00 ]NOTICE: Undefined index: sortE:\wamp\www\Mall\Storage\view\compile\cc18b76cbaff28a2b4ec5e862490977e.php (39).
[ 2016-06-01T17:19:42+08:00 ]NOTICE: Undefined index: cidE:\wamp\www\Mall\Storage\view\compile\cc18b76cbaff28a2b4ec5e862490977e.php (41).
[ 2016-06-01T17:25:03+08:00 ]NOTICE: Undefined index: dcodeE:\wamp\www\Mall\Storage\view\compile\cc18b76cbaff28a2b4ec5e862490977e.php (44).
[ 2016-06-01T17:25:03+08:00 ]NOTICE: Undefined index: dstcokE:\wamp\www\Mall\Storage\view\compile\cc18b76cbaff28a2b4ec5e862490977e.php (48).
[ 2016-06-01T17:26:52+08:00 ]NOTICE: Undefined index: dstockE:\wamp\www\Mall\Storage\view\compile\cc18b76cbaff28a2b4ec5e862490977e.php (35).
[ 2016-06-01T17:26:52+08:00 ]NOTICE: Undefined index: dcodeE:\wamp\www\Mall\Storage\view\compile\cc18b76cbaff28a2b4ec5e862490977e.php (39).
[ 2016-06-01T17:28:35+08:00 ]NOTICE: Undefined index: dstockE:\wamp\www\Mall\Storage\view\compile\cc18b76cbaff28a2b4ec5e862490977e.php (35).
[ 2016-06-01T17:28:35+08:00 ]NOTICE: Undefined index: dcodeE:\wamp\www\Mall\Storage\view\compile\cc18b76cbaff28a2b4ec5e862490977e.php (39).
[ 2016-06-01T17:32:47+08:00 ]NOTICE: Undefined variable: pageE:\wamp\www\Mall\Storage\view\compile\d2321ff4dbba56fbf66d46561f7ef14d.php (46).
[ 2016-06-01T18:01:42+08:00 ]NOTICE: Undefined offset: 0E:\wamp\www\Mall\Storage\view\compile\0c28e7150ba5d668f4a1564650d3d0d8.php (136).
[ 2016-06-01T18:01:42+08:00 ]NOTICE: Undefined offset: 0E:\wamp\www\Mall\Storage\view\compile\0c28e7150ba5d668f4a1564650d3d0d8.php (136).
[ 2016-06-01T18:01:42+08:00 ]NOTICE: Undefined offset: 0E:\wamp\www\Mall\Storage\view\compile\0c28e7150ba5d668f4a1564650d3d0d8.php (136).
[ 2016-06-01T18:01:42+08:00 ]NOTICE: Undefined offset: 0E:\wamp\www\Mall\Storage\view\compile\0c28e7150ba5d668f4a1564650d3d0d8.php (136).
[ 2016-06-01T18:01:42+08:00 ]NOTICE: Undefined offset: 0E:\wamp\www\Mall\Storage\view\compile\0c28e7150ba5d668f4a1564650d3d0d8.php (136).
[ 2016-06-01T18:01:42+08:00 ]NOTICE: Undefined offset: 0E:\wamp\www\Mall\Storage\view\compile\0c28e7150ba5d668f4a1564650d3d0d8.php (136).
[ 2016-06-01T18:01:42+08:00 ]NOTICE: Undefined offset: 0E:\wamp\www\Mall\Storage\view\compile\0c28e7150ba5d668f4a1564650d3d0d8.php (136).
[ 2016-06-01T18:01:42+08:00 ]NOTICE: Undefined offset: 0E:\wamp\www\Mall\Storage\view\compile\0c28e7150ba5d668f4a1564650d3d0d8.php (136).
[ 2016-06-01T18:02:17+08:00 ]NOTICE: Undefined index: cnameE:\wamp\www\Mall\Storage\view\compile\0c28e7150ba5d668f4a1564650d3d0d8.php (136).
[ 2016-06-01T18:07:43+08:00 ]NOTICE: Undefined index: cnameE:\wamp\www\Mall\Storage\view\compile\0c28e7150ba5d668f4a1564650d3d0d8.php (136).
[ 2016-06-01T19:01:34+08:00 ]NOTICE: Undefined index: pnameE:\wamp\www\Mall\Storage\view\compile\0c28e7150ba5d668f4a1564650d3d0d8.php (136).
[ 2016-06-01T19:01:34+08:00 ]NOTICE: Undefined index: pnameE:\wamp\www\Mall\Storage\view\compile\0c28e7150ba5d668f4a1564650d3d0d8.php (136).
[ 2016-06-01T19:01:34+08:00 ]NOTICE: Undefined index: pnameE:\wamp\www\Mall\Storage\view\compile\0c28e7150ba5d668f4a1564650d3d0d8.php (136).
[ 2016-06-01T19:01:34+08:00 ]NOTICE: Undefined index: pnameE:\wamp\www\Mall\Storage\view\compile\0c28e7150ba5d668f4a1564650d3d0d8.php (136).
[ 2016-06-01T19:01:34+08:00 ]NOTICE: Undefined index: pnameE:\wamp\www\Mall\Storage\view\compile\0c28e7150ba5d668f4a1564650d3d0d8.php (136).
[ 2016-06-01T19:01:34+08:00 ]NOTICE: Undefined index: pnameE:\wamp\www\Mall\Storage\view\compile\0c28e7150ba5d668f4a1564650d3d0d8.php (136).
[ 2016-06-01T19:02:31+08:00 ]NOTICE: Invalid argument supplied for foreach()E:\wamp\www\Mall\Storage\view\compile\0c28e7150ba5d668f4a1564650d3d0d8.php (135).
[ 2016-06-01T19:02:31+08:00 ]NOTICE: Invalid argument supplied for foreach()E:\wamp\www\Mall\Storage\view\compile\0c28e7150ba5d668f4a1564650d3d0d8.php (135).
[ 2016-06-01T19:02:31+08:00 ]NOTICE: Invalid argument supplied for foreach()E:\wamp\www\Mall\Storage\view\compile\0c28e7150ba5d668f4a1564650d3d0d8.php (135).
[ 2016-06-01T19:02:31+08:00 ]NOTICE: Invalid argument supplied for foreach()E:\wamp\www\Mall\Storage\view\compile\0c28e7150ba5d668f4a1564650d3d0d8.php (135).
[ 2016-06-01T19:02:31+08:00 ]NOTICE: Invalid argument supplied for foreach()E:\wamp\www\Mall\Storage\view\compile\0c28e7150ba5d668f4a1564650d3d0d8.php (135).
[ 2016-06-01T19:02:31+08:00 ]NOTICE: Undefined index: cnameE:\wamp\www\Mall\Storage\view\compile\0c28e7150ba5d668f4a1564650d3d0d8.php (135).
[ 2016-06-01T19:02:31+08:00 ]NOTICE: Invalid argument supplied for foreach()E:\wamp\www\Mall\Storage\view\compile\0c28e7150ba5d668f4a1564650d3d0d8.php (135).
[ 2016-06-01T19:06:17+08:00 ]NOTICE: Undefined offset: 0E:\wamp\www\Mall\Storage\view\compile\cc18b76cbaff28a2b4ec5e862490977e.php (27).
[ 2016-06-01T19:06:17+08:00 ]NOTICE: Undefined offset: 0E:\wamp\www\Mall\Storage\view\compile\cc18b76cbaff28a2b4ec5e862490977e.php (27).
[ 2016-06-01T19:06:53+08:00 ]NOTICE: Undefined offset: 0E:\wamp\www\Mall\Storage\view\compile\cc18b76cbaff28a2b4ec5e862490977e.php (27).
[ 2016-06-01T19:06:53+08:00 ]NOTICE: Undefined offset: 0E:\wamp\www\Mall\Storage\view\compile\cc18b76cbaff28a2b4ec5e862490977e.php (27).
[ 2016-06-01T20:09:00+08:00 ]NOTICE: Undefined variable: newCatE:\wamp\www\Mall\Storage\view\compile\0c28e7150ba5d668f4a1564650d3d0d8.php (131).
[ 2016-06-01T20:09:00+08:00 ]NOTICE: Invalid argument supplied for foreach()E:\wamp\www\Mall\Storage\view\compile\0c28e7150ba5d668f4a1564650d3d0d8.php (131).
[ 2016-06-01T20:15:11+08:00 ]NOTICE: Undefined index: _dataE:\wamp\www\Mall\Storage\view\compile\0c28e7150ba5d668f4a1564650d3d0d8.php (135).
[ 2016-06-01T20:15:11+08:00 ]NOTICE: Invalid argument supplied for foreach()E:\wamp\www\Mall\Storage\view\compile\0c28e7150ba5d668f4a1564650d3d0d8.php (135).
[ 2016-06-01T20:15:11+08:00 ]NOTICE: Undefined index: _dataE:\wamp\www\Mall\Storage\view\compile\0c28e7150ba5d668f4a1564650d3d0d8.php (135).
[ 2016-06-01T20:15:11+08:00 ]NOTICE: Invalid argument supplied for foreach()E:\wamp\www\Mall\Storage\view\compile\0c28e7150ba5d668f4a1564650d3d0d8.php (135).
[ 2016-06-01T20:15:11+08:00 ]NOTICE: Undefined index: _dataE:\wamp\www\Mall\Storage\view\compile\0c28e7150ba5d668f4a1564650d3d0d8.php (135).
[ 2016-06-01T20:15:11+08:00 ]NOTICE: Invalid argument supplied for foreach()E:\wamp\www\Mall\Storage\view\compile\0c28e7150ba5d668f4a1564650d3d0d8.php (135).
[ 2016-06-01T20:15:11+08:00 ]NOTICE: Undefined index: _dataE:\wamp\www\Mall\Storage\view\compile\0c28e7150ba5d668f4a1564650d3d0d8.php (135).
[ 2016-06-01T20:15:11+08:00 ]NOTICE: Invalid argument supplied for foreach()E:\wamp\www\Mall\Storage\view\compile\0c28e7150ba5d668f4a1564650d3d0d8.php (135).
[ 2016-06-01T20:15:11+08:00 ]NOTICE: Undefined index: _dataE:\wamp\www\Mall\Storage\view\compile\0c28e7150ba5d668f4a1564650d3d0d8.php (135).
[ 2016-06-01T20:15:11+08:00 ]NOTICE: Invalid argument supplied for foreach()E:\wamp\www\Mall\Storage\view\compile\0c28e7150ba5d668f4a1564650d3d0d8.php (135).
[ 2016-06-01T20:15:11+08:00 ]NOTICE: Undefined index: _dataE:\wamp\www\Mall\Storage\view\compile\0c28e7150ba5d668f4a1564650d3d0d8.php (135).
[ 2016-06-01T20:15:11+08:00 ]NOTICE: Invalid argument supplied for foreach()E:\wamp\www\Mall\Storage\view\compile\0c28e7150ba5d668f4a1564650d3d0d8.php (135).
[ 2016-06-01T20:15:11+08:00 ]NOTICE: Undefined index: _dataE:\wamp\www\Mall\Storage\view\compile\0c28e7150ba5d668f4a1564650d3d0d8.php (135).
[ 2016-06-01T20:15:11+08:00 ]NOTICE: Invalid argument supplied for foreach()E:\wamp\www\Mall\Storage\view\compile\0c28e7150ba5d668f4a1564650d3d0d8.php (135).
[ 2016-06-01T20:15:11+08:00 ]NOTICE: Undefined index: _dataE:\wamp\www\Mall\Storage\view\compile\0c28e7150ba5d668f4a1564650d3d0d8.php (135).
[ 2016-06-01T20:15:11+08:00 ]NOTICE: Invalid argument supplied for foreach()E:\wamp\www\Mall\Storage\view\compile\0c28e7150ba5d668f4a1564650d3d0d8.php (135).
[ 2016-06-01T20:15:11+08:00 ]NOTICE: Undefined index: _dataE:\wamp\www\Mall\Storage\view\compile\0c28e7150ba5d668f4a1564650d3d0d8.php (135).
[ 2016-06-01T20:15:11+08:00 ]NOTICE: Invalid argument supplied for foreach()E:\wamp\www\Mall\Storage\view\compile\0c28e7150ba5d668f4a1564650d3d0d8.php (135).
[ 2016-06-01T20:15:11+08:00 ]NOTICE: Undefined index: _dataE:\wamp\www\Mall\Storage\view\compile\0c28e7150ba5d668f4a1564650d3d0d8.php (135).
[ 2016-06-01T20:15:11+08:00 ]NOTICE: Invalid argument supplied for foreach()E:\wamp\www\Mall\Storage\view\compile\0c28e7150ba5d668f4a1564650d3d0d8.php (135).
[ 2016-06-01T20:15:11+08:00 ]NOTICE: Undefined index: _dataE:\wamp\www\Mall\Storage\view\compile\0c28e7150ba5d668f4a1564650d3d0d8.php (135).
[ 2016-06-01T20:15:11+08:00 ]NOTICE: Invalid argument supplied for foreach()E:\wamp\www\Mall\Storage\view\compile\0c28e7150ba5d668f4a1564650d3d0d8.php (135).
[ 2016-06-01T20:15:11+08:00 ]NOTICE: Undefined index: _dataE:\wamp\www\Mall\Storage\view\compile\0c28e7150ba5d668f4a1564650d3d0d8.php (135).
[ 2016-06-01T20:15:11+08:00 ]NOTICE: Invalid argument supplied for foreach()E:\wamp\www\Mall\Storage\view\compile\0c28e7150ba5d668f4a1564650d3d0d8.php (135).
[ 2016-06-01T20:15:11+08:00 ]NOTICE: Undefined index: _dataE:\wamp\www\Mall\Storage\view\compile\0c28e7150ba5d668f4a1564650d3d0d8.php (135).
[ 2016-06-01T20:15:11+08:00 ]NOTICE: Invalid argument supplied for foreach()E:\wamp\www\Mall\Storage\view\compile\0c28e7150ba5d668f4a1564650d3d0d8.php (135).
[ 2016-06-01T20:15:11+08:00 ]NOTICE: Undefined index: _dataE:\wamp\www\Mall\Storage\view\compile\0c28e7150ba5d668f4a1564650d3d0d8.php (135).
[ 2016-06-01T20:15:11+08:00 ]NOTICE: Invalid argument supplied for foreach()E:\wamp\www\Mall\Storage\view\compile\0c28e7150ba5d668f4a1564650d3d0d8.php (135).
[ 2016-06-01T20:15:11+08:00 ]NOTICE: Undefined index: _dataE:\wamp\www\Mall\Storage\view\compile\0c28e7150ba5d668f4a1564650d3d0d8.php (135).
[ 2016-06-01T20:15:11+08:00 ]NOTICE: Invalid argument supplied for foreach()E:\wamp\www\Mall\Storage\view\compile\0c28e7150ba5d668f4a1564650d3d0d8.php (135).
[ 2016-06-01T20:15:11+08:00 ]NOTICE: Undefined index: _dataE:\wamp\www\Mall\Storage\view\compile\0c28e7150ba5d668f4a1564650d3d0d8.php (135).
[ 2016-06-01T20:15:11+08:00 ]NOTICE: Invalid argument supplied for foreach()E:\wamp\www\Mall\Storage\view\compile\0c28e7150ba5d668f4a1564650d3d0d8.php (135).
[ 2016-06-01T20:15:11+08:00 ]NOTICE: Undefined index: _dataE:\wamp\www\Mall\Storage\view\compile\0c28e7150ba5d668f4a1564650d3d0d8.php (135).
[ 2016-06-01T20:15:11+08:00 ]NOTICE: Invalid argument supplied for foreach()E:\wamp\www\Mall\Storage\view\compile\0c28e7150ba5d668f4a1564650d3d0d8.php (135).
[ 2016-06-01T20:15:11+08:00 ]NOTICE: Undefined index: _dataE:\wamp\www\Mall\Storage\view\compile\0c28e7150ba5d668f4a1564650d3d0d8.php (135).
[ 2016-06-01T20:15:11+08:00 ]NOTICE: Invalid argument supplied for foreach()E:\wamp\www\Mall\Storage\view\compile\0c28e7150ba5d668f4a1564650d3d0d8.php (135).
[ 2016-06-01T20:15:11+08:00 ]NOTICE: Undefined index: _dataE:\wamp\www\Mall\Storage\view\compile\0c28e7150ba5d668f4a1564650d3d0d8.php (135).
[ 2016-06-01T20:15:11+08:00 ]NOTICE: Invalid argument supplied for foreach()E:\wamp\www\Mall\Storage\view\compile\0c28e7150ba5d668f4a1564650d3d0d8.php (135).
[ 2016-06-01T20:15:11+08:00 ]NOTICE: Undefined index: _dataE:\wamp\www\Mall\Storage\view\compile\0c28e7150ba5d668f4a1564650d3d0d8.php (135).
[ 2016-06-01T20:15:11+08:00 ]NOTICE: Invalid argument supplied for foreach()E:\wamp\www\Mall\Storage\view\compile\0c28e7150ba5d668f4a1564650d3d0d8.php (135).
[ 2016-06-01T20:15:11+08:00 ]NOTICE: Undefined index: _dataE:\wamp\www\Mall\Storage\view\compile\0c28e7150ba5d668f4a1564650d3d0d8.php (135).
[ 2016-06-01T20:15:11+08:00 ]NOTICE: Invalid argument supplied for foreach()E:\wamp\www\Mall\Storage\view\compile\0c28e7150ba5d668f4a1564650d3d0d8.php (135).
[ 2016-06-01T20:15:11+08:00 ]NOTICE: Undefined index: _dataE:\wamp\www\Mall\Storage\view\compile\0c28e7150ba5d668f4a1564650d3d0d8.php (135).
[ 2016-06-01T20:15:11+08:00 ]NOTICE: Invalid argument supplied for foreach()E:\wamp\www\Mall\Storage\view\compile\0c28e7150ba5d668f4a1564650d3d0d8.php (135).
[ 2016-06-01T20:15:11+08:00 ]NOTICE: Undefined index: _dataE:\wamp\www\Mall\Storage\view\compile\0c28e7150ba5d668f4a1564650d3d0d8.php (135).
[ 2016-06-01T20:15:11+08:00 ]NOTICE: Invalid argument supplied for foreach()E:\wamp\www\Mall\Storage\view\compile\0c28e7150ba5d668f4a1564650d3d0d8.php (135).
[ 2016-06-01T20:15:11+08:00 ]NOTICE: Undefined index: _dataE:\wamp\www\Mall\Storage\view\compile\0c28e7150ba5d668f4a1564650d3d0d8.php (135).
[ 2016-06-01T20:15:11+08:00 ]NOTICE: Invalid argument supplied for foreach()E:\wamp\www\Mall\Storage\view\compile\0c28e7150ba5d668f4a1564650d3d0d8.php (135).
[ 2016-06-01T20:15:11+08:00 ]NOTICE: Undefined index: _dataE:\wamp\www\Mall\Storage\view\compile\0c28e7150ba5d668f4a1564650d3d0d8.php (135).
[ 2016-06-01T20:15:11+08:00 ]NOTICE: Invalid argument supplied for foreach()E:\wamp\www\Mall\Storage\view\compile\0c28e7150ba5d668f4a1564650d3d0d8.php (135).
[ 2016-06-01T20:15:11+08:00 ]NOTICE: Undefined index: _dataE:\wamp\www\Mall\Storage\view\compile\0c28e7150ba5d668f4a1564650d3d0d8.php (135).
[ 2016-06-01T20:15:11+08:00 ]NOTICE: Invalid argument supplied for foreach()E:\wamp\www\Mall\Storage\view\compile\0c28e7150ba5d668f4a1564650d3d0d8.php (135).
[ 2016-06-01T20:15:11+08:00 ]NOTICE: Undefined index: _dataE:\wamp\www\Mall\Storage\view\compile\0c28e7150ba5d668f4a1564650d3d0d8.php (135).
[ 2016-06-01T20:15:11+08:00 ]NOTICE: Invalid argument supplied for foreach()E:\wamp\www\Mall\Storage\view\compile\0c28e7150ba5d668f4a1564650d3d0d8.php (135).
[ 2016-06-01T20:15:11+08:00 ]NOTICE: Undefined index: _dataE:\wamp\www\Mall\Storage\view\compile\0c28e7150ba5d668f4a1564650d3d0d8.php (135).
[ 2016-06-01T20:15:11+08:00 ]NOTICE: Invalid argument supplied for foreach()E:\wamp\www\Mall\Storage\view\compile\0c28e7150ba5d668f4a1564650d3d0d8.php (135).
[ 2016-06-01T20:15:11+08:00 ]NOTICE: Undefined index: _dataE:\wamp\www\Mall\Storage\view\compile\0c28e7150ba5d668f4a1564650d3d0d8.php (135).
[ 2016-06-01T20:15:11+08:00 ]NOTICE: Invalid argument supplied for foreach()E:\wamp\www\Mall\Storage\view\compile\0c28e7150ba5d668f4a1564650d3d0d8.php (135).
[ 2016-06-01T20:15:11+08:00 ]NOTICE: Undefined index: _dataE:\wamp\www\Mall\Storage\view\compile\0c28e7150ba5d668f4a1564650d3d0d8.php (135).
[ 2016-06-01T20:15:11+08:00 ]NOTICE: Invalid argument supplied for foreach()E:\wamp\www\Mall\Storage\view\compile\0c28e7150ba5d668f4a1564650d3d0d8.php (135).
[ 2016-06-01T20:53:51+08:00 ]NOTICE: Undefined variable: lastArrE:\wamp\www\Mall\App\Admin\Controller\GoodsListController.php (93).
[ 2016-06-01T21:02:45+08:00 ]NOTICE: Undefined variable: newattrE:\wamp\www\Mall\Storage\view\compile\cc18b76cbaff28a2b4ec5e862490977e.php (28).
[ 2016-06-01T21:02:45+08:00 ]NOTICE: Invalid argument supplied for foreach()E:\wamp\www\Mall\Storage\view\compile\cc18b76cbaff28a2b4ec5e862490977e.php (28).
[ 2016-06-01T21:02:45+08:00 ]NOTICE: Undefined variable: newattrE:\wamp\www\Mall\Storage\view\compile\cc18b76cbaff28a2b4ec5e862490977e.php (28).
[ 2016-06-01T21:02:45+08:00 ]NOTICE: Invalid argument supplied for foreach()E:\wamp\www\Mall\Storage\view\compile\cc18b76cbaff28a2b4ec5e862490977e.php (28).
[ 2016-06-01T21:03:37+08:00 ]NOTICE: Undefined variable: newattrE:\wamp\www\Mall\Storage\view\compile\cc18b76cbaff28a2b4ec5e862490977e.php (28).
[ 2016-06-01T21:03:37+08:00 ]NOTICE: Invalid argument supplied for foreach()E:\wamp\www\Mall\Storage\view\compile\cc18b76cbaff28a2b4ec5e862490977e.php (28).
[ 2016-06-01T21:03:37+08:00 ]NOTICE: Undefined variable: newattrE:\wamp\www\Mall\Storage\view\compile\cc18b76cbaff28a2b4ec5e862490977e.php (28).
[ 2016-06-01T21:03:37+08:00 ]NOTICE: Invalid argument supplied for foreach()E:\wamp\www\Mall\Storage\view\compile\cc18b76cbaff28a2b4ec5e862490977e.php (28).
[ 2016-06-01T21:04:01+08:00 ]NOTICE: Undefined variable: newattrE:\wamp\www\Mall\Storage\view\compile\cc18b76cbaff28a2b4ec5e862490977e.php (28).
[ 2016-06-01T21:04:01+08:00 ]NOTICE: Invalid argument supplied for foreach()E:\wamp\www\Mall\Storage\view\compile\cc18b76cbaff28a2b4ec5e862490977e.php (28).
[ 2016-06-01T21:04:01+08:00 ]NOTICE: Undefined variable: newattrE:\wamp\www\Mall\Storage\view\compile\cc18b76cbaff28a2b4ec5e862490977e.php (28).
[ 2016-06-01T21:04:01+08:00 ]NOTICE: Invalid argument supplied for foreach()E:\wamp\www\Mall\Storage\view\compile\cc18b76cbaff28a2b4ec5e862490977e.php (28).
[ 2016-06-01T21:07:14+08:00 ]NOTICE: Undefined variable: newattrE:\wamp\www\Mall\Storage\view\compile\cc18b76cbaff28a2b4ec5e862490977e.php (29).
[ 2016-06-01T21:07:14+08:00 ]NOTICE: Invalid argument supplied for foreach()E:\wamp\www\Mall\Storage\view\compile\cc18b76cbaff28a2b4ec5e862490977e.php (29).
[ 2016-06-01T21:07:14+08:00 ]NOTICE: Undefined variable: newattrE:\wamp\www\Mall\Storage\view\compile\cc18b76cbaff28a2b4ec5e862490977e.php (29).
[ 2016-06-01T21:07:14+08:00 ]NOTICE: Invalid argument supplied for foreach()E:\wamp\www\Mall\Storage\view\compile\cc18b76cbaff28a2b4ec5e862490977e.php (29).
[ 2016-06-01T21:07:36+08:00 ]NOTICE: Undefined variable: newattrE:\wamp\www\Mall\Storage\view\compile\cc18b76cbaff28a2b4ec5e862490977e.php (29).
[ 2016-06-01T21:07:36+08:00 ]NOTICE: Invalid argument supplied for foreach()E:\wamp\www\Mall\Storage\view\compile\cc18b76cbaff28a2b4ec5e862490977e.php (29).
[ 2016-06-01T21:07:36+08:00 ]NOTICE: Undefined variable: newattrE:\wamp\www\Mall\Storage\view\compile\cc18b76cbaff28a2b4ec5e862490977e.php (29).
[ 2016-06-01T21:07:36+08:00 ]NOTICE: Invalid argument supplied for foreach()E:\wamp\www\Mall\Storage\view\compile\cc18b76cbaff28a2b4ec5e862490977e.php (29).
[ 2016-06-01T21:07:53+08:00 ]NOTICE: Undefined variable: newattrE:\wamp\www\Mall\Storage\view\compile\cc18b76cbaff28a2b4ec5e862490977e.php (29).
[ 2016-06-01T21:07:53+08:00 ]NOTICE: Invalid argument supplied for foreach()E:\wamp\www\Mall\Storage\view\compile\cc18b76cbaff28a2b4ec5e862490977e.php (29).
[ 2016-06-01T21:07:53+08:00 ]NOTICE: Undefined variable: newattrE:\wamp\www\Mall\Storage\view\compile\cc18b76cbaff28a2b4ec5e862490977e.php (29).
[ 2016-06-01T21:07:53+08:00 ]NOTICE: Invalid argument supplied for foreach()E:\wamp\www\Mall\Storage\view\compile\cc18b76cbaff28a2b4ec5e862490977e.php (29).
[ 2016-06-01T21:10:31+08:00 ]NOTICE: Array to string conversionE:\wamp\www\Mall\Hdphp\Db\Mysql.php (204).
[ 2016-06-01T21:10:58+08:00 ]NOTICE: Array to string conversionE:\wamp\www\Mall\Hdphp\Db\Mysql.php (204).
[ 2016-06-01T21:11:29+08:00 ]NOTICE: Array to string conversionE:\wamp\www\Mall\Hdphp\Db\Mysql.php (204).
[ 2016-06-01T21:18:29+08:00 ]NOTICE: Array to string conversionE:\wamp\www\Mall\Hdphp\Db\Mysql.php (204).
[ 2016-06-01T21:32:04+08:00 ]NOTICE: Array to string conversionE:\wamp\www\Mall\Hdphp\Db\Mysql.php (204).
[ 2016-06-01T21:33:03+08:00 ]NOTICE: Array to string conversionE:\wamp\www\Mall\Hdphp\Db\Mysql.php (204).
[ 2016-06-01T21:35:07+08:00 ]NOTICE: Array to string conversionE:\wamp\www\Mall\Hdphp\Db\Mysql.php (204).
[ 2016-06-01T21:40:48+08:00 ]NOTICE: Array to string conversionE:\wamp\www\Mall\Hdphp\Db\Mysql.php (204).
[ 2016-06-01T22:03:45+08:00 ]NOTICE: Undefined index: grouppidE:\wamp\www\Mall\Storage\view\compile\cc18b76cbaff28a2b4ec5e862490977e.php (33).
[ 2016-06-01T22:03:45+08:00 ]NOTICE: Undefined variable: vv2E:\wamp\www\Mall\Storage\view\compile\cc18b76cbaff28a2b4ec5e862490977e.php (33).
[ 2016-06-01T22:03:45+08:00 ]NOTICE: Undefined index: grouppidE:\wamp\www\Mall\Storage\view\compile\cc18b76cbaff28a2b4ec5e862490977e.php (33).
[ 2016-06-01T22:03:45+08:00 ]NOTICE: Undefined variable: vv2E:\wamp\www\Mall\Storage\view\compile\cc18b76cbaff28a2b4ec5e862490977e.php (33).
[ 2016-06-01T22:03:45+08:00 ]NOTICE: Undefined index: grouppidE:\wamp\www\Mall\Storage\view\compile\cc18b76cbaff28a2b4ec5e862490977e.php (33).
[ 2016-06-01T22:03:45+08:00 ]NOTICE: Undefined variable: vv2E:\wamp\www\Mall\Storage\view\compile\cc18b76cbaff28a2b4ec5e862490977e.php (33).
[ 2016-06-01T22:03:45+08:00 ]NOTICE: Undefined index: grouppidE:\wamp\www\Mall\Storage\view\compile\cc18b76cbaff28a2b4ec5e862490977e.php (33).
[ 2016-06-01T22:03:45+08:00 ]NOTICE: Undefined variable: vv2E:\wamp\www\Mall\Storage\view\compile\cc18b76cbaff28a2b4ec5e862490977e.php (33).
[ 2016-06-01T22:03:45+08:00 ]NOTICE: Undefined index: grouppidE:\wamp\www\Mall\Storage\view\compile\cc18b76cbaff28a2b4ec5e862490977e.php (33).
[ 2016-06-01T22:03:45+08:00 ]NOTICE: Undefined variable: vv2E:\wamp\www\Mall\Storage\view\compile\cc18b76cbaff28a2b4ec5e862490977e.php (33).
[ 2016-06-01T22:03:45+08:00 ]NOTICE: Undefined index: grouppidE:\wamp\www\Mall\Storage\view\compile\cc18b76cbaff28a2b4ec5e862490977e.php (33).
[ 2016-06-01T22:03:45+08:00 ]NOTICE: Undefined variable: vv2E:\wamp\www\Mall\Storage\view\compile\cc18b76cbaff28a2b4ec5e862490977e.php (33).
[ 2016-06-01T22:03:45+08:00 ]NOTICE: Undefined index: grouppidE:\wamp\www\Mall\Storage\view\compile\cc18b76cbaff28a2b4ec5e862490977e.php (33).
[ 2016-06-01T22:03:45+08:00 ]NOTICE: Undefined variable: vv2E:\wamp\www\Mall\Storage\view\compile\cc18b76cbaff28a2b4ec5e862490977e.php (33).
[ 2016-06-01T22:03:45+08:00 ]NOTICE: Undefined index: grouppidE:\wamp\www\Mall\Storage\view\compile\cc18b76cbaff28a2b4ec5e862490977e.php (33).
[ 2016-06-01T22:03:45+08:00 ]NOTICE: Undefined variable: vv2E:\wamp\www\Mall\Storage\view\compile\cc18b76cbaff28a2b4ec5e862490977e.php (33).
[ 2016-06-01T22:03:45+08:00 ]NOTICE: Undefined index: grouppidE:\wamp\www\Mall\Storage\view\compile\cc18b76cbaff28a2b4ec5e862490977e.php (33).
[ 2016-06-01T22:03:45+08:00 ]NOTICE: Undefined variable: vv2E:\wamp\www\Mall\Storage\view\compile\cc18b76cbaff28a2b4ec5e862490977e.php (33).
[ 2016-06-01T22:04:33+08:00 ]NOTICE: Undefined variable: vv2E:\wamp\www\Mall\Storage\view\compile\cc18b76cbaff28a2b4ec5e862490977e.php (33).
[ 2016-06-01T22:04:33+08:00 ]NOTICE: Undefined variable: vv2E:\wamp\www\Mall\Storage\view\compile\cc18b76cbaff28a2b4ec5e862490977e.php (33).
[ 2016-06-01T22:04:33+08:00 ]NOTICE: Undefined variable: vv2E:\wamp\www\Mall\Storage\view\compile\cc18b76cbaff28a2b4ec5e862490977e.php (33).
[ 2016-06-01T22:04:33+08:00 ]NOTICE: Undefined variable: vv2E:\wamp\www\Mall\Storage\view\compile\cc18b76cbaff28a2b4ec5e862490977e.php (33).
[ 2016-06-01T22:04:33+08:00 ]NOTICE: Undefined variable: vv2E:\wamp\www\Mall\Storage\view\compile\cc18b76cbaff28a2b4ec5e862490977e.php (33).
[ 2016-06-01T22:04:33+08:00 ]NOTICE: Undefined variable: vv2E:\wamp\www\Mall\Storage\view\compile\cc18b76cbaff28a2b4ec5e862490977e.php (33).
[ 2016-06-01T22:04:33+08:00 ]NOTICE: Undefined variable: vv2E:\wamp\www\Mall\Storage\view\compile\cc18b76cbaff28a2b4ec5e862490977e.php (33).
[ 2016-06-01T22:04:33+08:00 ]NOTICE: Undefined variable: vv2E:\wamp\www\Mall\Storage\view\compile\cc18b76cbaff28a2b4ec5e862490977e.php (33).
[ 2016-06-01T22:04:33+08:00 ]NOTICE: Undefined variable: vv2E:\wamp\www\Mall\Storage\view\compile\cc18b76cbaff28a2b4ec5e862490977e.php (33).
