[ 2016-06-02T07:20:35+08:00 ]NOTICE: Uninitialized string offset: 0E:\wamp\www\Mall\Storage\view\compile\0c28e7150ba5d668f4a1564650d3d0d8.php (275).
[ 2016-06-02T07:20:35+08:00 ]NOTICE: Undefined index: cnameE:\wamp\www\Mall\Storage\view\compile\0c28e7150ba5d668f4a1564650d3d0d8.php (275).
[ 2016-06-02T07:20:35+08:00 ]NOTICE: Uninitialized string offset: 0E:\wamp\www\Mall\Storage\view\compile\0c28e7150ba5d668f4a1564650d3d0d8.php (275).
[ 2016-06-02T07:20:35+08:00 ]NOTICE: Undefined index: cnameE:\wamp\www\Mall\Storage\view\compile\0c28e7150ba5d668f4a1564650d3d0d8.php (275).
[ 2016-06-02T07:20:35+08:00 ]NOTICE: Uninitialized string offset: 0E:\wamp\www\Mall\Storage\view\compile\0c28e7150ba5d668f4a1564650d3d0d8.php (275).
[ 2016-06-02T07:20:35+08:00 ]NOTICE: Undefined index: cnameE:\wamp\www\Mall\Storage\view\compile\0c28e7150ba5d668f4a1564650d3d0d8.php (275).
[ 2016-06-02T07:20:35+08:00 ]NOTICE: Uninitialized string offset: 0E:\wamp\www\Mall\Storage\view\compile\0c28e7150ba5d668f4a1564650d3d0d8.php (275).
[ 2016-06-02T07:20:35+08:00 ]NOTICE: Undefined index: cnameE:\wamp\www\Mall\Storage\view\compile\0c28e7150ba5d668f4a1564650d3d0d8.php (275).
[ 2016-06-02T07:20:35+08:00 ]NOTICE: Uninitialized string offset: 0E:\wamp\www\Mall\Storage\view\compile\0c28e7150ba5d668f4a1564650d3d0d8.php (275).
[ 2016-06-02T07:20:35+08:00 ]NOTICE: Undefined index: cnameE:\wamp\www\Mall\Storage\view\compile\0c28e7150ba5d668f4a1564650d3d0d8.php (275).
[ 2016-06-02T07:20:35+08:00 ]NOTICE: Uninitialized string offset: 0E:\wamp\www\Mall\Storage\view\compile\0c28e7150ba5d668f4a1564650d3d0d8.php (275).
[ 2016-06-02T07:20:35+08:00 ]NOTICE: Undefined index: cnameE:\wamp\www\Mall\Storage\view\compile\0c28e7150ba5d668f4a1564650d3d0d8.php (275).
[ 2016-06-02T07:20:35+08:00 ]NOTICE: Uninitialized string offset: 0E:\wamp\www\Mall\Storage\view\compile\0c28e7150ba5d668f4a1564650d3d0d8.php (275).
[ 2016-06-02T07:20:35+08:00 ]NOTICE: Undefined index: cnameE:\wamp\www\Mall\Storage\view\compile\0c28e7150ba5d668f4a1564650d3d0d8.php (275).
[ 2016-06-02T07:20:35+08:00 ]NOTICE: Uninitialized string offset: 0E:\wamp\www\Mall\Storage\view\compile\0c28e7150ba5d668f4a1564650d3d0d8.php (275).
[ 2016-06-02T07:20:35+08:00 ]NOTICE: Undefined index: cnameE:\wamp\www\Mall\Storage\view\compile\0c28e7150ba5d668f4a1564650d3d0d8.php (275).
[ 2016-06-02T07:31:21+08:00 ]NOTICE: Undefined variable: cE:\wamp\www\Mall\App\Home\Controller\IndexController.php (23).
[ 2016-06-02T07:31:21+08:00 ]NOTICE: Undefined variable: newCatsE:\wamp\www\Mall\Storage\view\compile\0c28e7150ba5d668f4a1564650d3d0d8.php (131).
[ 2016-06-02T07:31:21+08:00 ]NOTICE: Invalid argument supplied for foreach()E:\wamp\www\Mall\Storage\view\compile\0c28e7150ba5d668f4a1564650d3d0d8.php (131).
[ 2016-06-02T07:31:21+08:00 ]NOTICE: Undefined variable: oldCatsE:\wamp\www\Mall\Storage\view\compile\0c28e7150ba5d668f4a1564650d3d0d8.php (272).
[ 2016-06-02T07:31:21+08:00 ]NOTICE: Invalid argument supplied for foreach()E:\wamp\www\Mall\Storage\view\compile\0c28e7150ba5d668f4a1564650d3d0d8.php (272).
[ 2016-06-02T07:32:13+08:00 ]NOTICE: Undefined variable: newCatsE:\wamp\www\Mall\Storage\view\compile\0c28e7150ba5d668f4a1564650d3d0d8.php (131).
[ 2016-06-02T07:32:13+08:00 ]NOTICE: Invalid argument supplied for foreach()E:\wamp\www\Mall\Storage\view\compile\0c28e7150ba5d668f4a1564650d3d0d8.php (131).
[ 2016-06-02T07:32:13+08:00 ]NOTICE: Undefined variable: vE:\wamp\www\Mall\Storage\view\compile\0c28e7150ba5d668f4a1564650d3d0d8.php (274).
[ 2016-06-02T07:32:13+08:00 ]NOTICE: Undefined variable: vE:\wamp\www\Mall\Storage\view\compile\0c28e7150ba5d668f4a1564650d3d0d8.php (274).
[ 2016-06-02T07:32:13+08:00 ]NOTICE: Undefined variable: vE:\wamp\www\Mall\Storage\view\compile\0c28e7150ba5d668f4a1564650d3d0d8.php (274).
[ 2016-06-02T07:32:13+08:00 ]NOTICE: Undefined variable: vE:\wamp\www\Mall\Storage\view\compile\0c28e7150ba5d668f4a1564650d3d0d8.php (274).
[ 2016-06-02T07:32:13+08:00 ]NOTICE: Undefined variable: vE:\wamp\www\Mall\Storage\view\compile\0c28e7150ba5d668f4a1564650d3d0d8.php (274).
[ 2016-06-02T07:32:13+08:00 ]NOTICE: Undefined variable: vE:\wamp\www\Mall\Storage\view\compile\0c28e7150ba5d668f4a1564650d3d0d8.php (274).
[ 2016-06-02T07:32:13+08:00 ]NOTICE: Undefined variable: vE:\wamp\www\Mall\Storage\view\compile\0c28e7150ba5d668f4a1564650d3d0d8.php (274).
[ 2016-06-02T07:32:13+08:00 ]NOTICE: Undefined variable: vE:\wamp\www\Mall\Storage\view\compile\0c28e7150ba5d668f4a1564650d3d0d8.php (274).
[ 2016-06-02T07:32:40+08:00 ]NOTICE: Undefined variable: newCatsE:\wamp\www\Mall\Storage\view\compile\0c28e7150ba5d668f4a1564650d3d0d8.php (131).
[ 2016-06-02T07:32:40+08:00 ]NOTICE: Invalid argument supplied for foreach()E:\wamp\www\Mall\Storage\view\compile\0c28e7150ba5d668f4a1564650d3d0d8.php (131).
[ 2016-06-02T08:35:25+08:00 ]NOTICE: Undefined variable: pageE:\wamp\www\Mall\Storage\view\compile\d2321ff4dbba56fbf66d46561f7ef14d.php (46).
[ 2016-06-02T09:07:06+08:00 ]NOTICE: Undefined variable: dataE:\wamp\www\Mall\Storage\view\compile\b0cef37a0386a1faffd967a594ec1e7e.php (153).
[ 2016-06-02T09:07:06+08:00 ]NOTICE: Invalid argument supplied for foreach()E:\wamp\www\Mall\Storage\view\compile\b0cef37a0386a1faffd967a594ec1e7e.php (153).
[ 2016-06-02T09:28:00+08:00 ]NOTICE: Undefined variable: dataE:\wamp\www\Mall\Storage\view\compile\b0cef37a0386a1faffd967a594ec1e7e.php (153).
[ 2016-06-02T09:28:00+08:00 ]NOTICE: Invalid argument supplied for foreach()E:\wamp\www\Mall\Storage\view\compile\b0cef37a0386a1faffd967a594ec1e7e.php (153).
[ 2016-06-02T09:28:01+08:00 ]NOTICE: Undefined variable: dataE:\wamp\www\Mall\Storage\view\compile\b0cef37a0386a1faffd967a594ec1e7e.php (153).
[ 2016-06-02T09:28:01+08:00 ]NOTICE: Invalid argument supplied for foreach()E:\wamp\www\Mall\Storage\view\compile\b0cef37a0386a1faffd967a594ec1e7e.php (153).
[ 2016-06-02T09:59:40+08:00 ]NOTICE: Undefined index: gidE:\wamp\www\Mall\Storage\view\compile\9c5abaaa6f02cf73c9209d43230d6294.php (993).
[ 2016-06-02T09:59:40+08:00 ]NOTICE: Undefined index: listpicE:\wamp\www\Mall\Storage\view\compile\9c5abaaa6f02cf73c9209d43230d6294.php (995).
[ 2016-06-02T09:59:40+08:00 ]NOTICE: Undefined index: gnameE:\wamp\www\Mall\Storage\view\compile\9c5abaaa6f02cf73c9209d43230d6294.php (999).
[ 2016-06-02T09:59:40+08:00 ]NOTICE: Undefined index: mpriceE:\wamp\www\Mall\Storage\view\compile\9c5abaaa6f02cf73c9209d43230d6294.php (1003).
[ 2016-06-02T09:59:40+08:00 ]NOTICE: Undefined index: gidE:\wamp\www\Mall\Storage\view\compile\9c5abaaa6f02cf73c9209d43230d6294.php (993).
[ 2016-06-02T09:59:40+08:00 ]NOTICE: Undefined index: listpicE:\wamp\www\Mall\Storage\view\compile\9c5abaaa6f02cf73c9209d43230d6294.php (995).
[ 2016-06-02T09:59:40+08:00 ]NOTICE: Undefined index: gnameE:\wamp\www\Mall\Storage\view\compile\9c5abaaa6f02cf73c9209d43230d6294.php (999).
[ 2016-06-02T09:59:40+08:00 ]NOTICE: Undefined index: mpriceE:\wamp\www\Mall\Storage\view\compile\9c5abaaa6f02cf73c9209d43230d6294.php (1003).
[ 2016-06-02T10:00:33+08:00 ]NOTICE: Undefined index: gidE:\wamp\www\Mall\Storage\view\compile\9c5abaaa6f02cf73c9209d43230d6294.php (993).
[ 2016-06-02T10:00:33+08:00 ]NOTICE: Undefined index: listpicE:\wamp\www\Mall\Storage\view\compile\9c5abaaa6f02cf73c9209d43230d6294.php (995).
[ 2016-06-02T10:00:33+08:00 ]NOTICE: Undefined index: gnameE:\wamp\www\Mall\Storage\view\compile\9c5abaaa6f02cf73c9209d43230d6294.php (999).
[ 2016-06-02T10:00:33+08:00 ]NOTICE: Undefined index: mpriceE:\wamp\www\Mall\Storage\view\compile\9c5abaaa6f02cf73c9209d43230d6294.php (1003).
[ 2016-06-02T10:00:33+08:00 ]NOTICE: Undefined index: gidE:\wamp\www\Mall\Storage\view\compile\9c5abaaa6f02cf73c9209d43230d6294.php (993).
[ 2016-06-02T10:00:33+08:00 ]NOTICE: Undefined index: listpicE:\wamp\www\Mall\Storage\view\compile\9c5abaaa6f02cf73c9209d43230d6294.php (995).
[ 2016-06-02T10:00:33+08:00 ]NOTICE: Undefined index: gnameE:\wamp\www\Mall\Storage\view\compile\9c5abaaa6f02cf73c9209d43230d6294.php (999).
[ 2016-06-02T10:00:33+08:00 ]NOTICE: Undefined index: mpriceE:\wamp\www\Mall\Storage\view\compile\9c5abaaa6f02cf73c9209d43230d6294.php (1003).
[ 2016-06-02T10:03:47+08:00 ]NOTICE: Undefined index: gidE:\wamp\www\Mall\Storage\view\compile\9c5abaaa6f02cf73c9209d43230d6294.php (993).
[ 2016-06-02T10:03:47+08:00 ]NOTICE: Undefined index: listpicE:\wamp\www\Mall\Storage\view\compile\9c5abaaa6f02cf73c9209d43230d6294.php (995).
[ 2016-06-02T10:03:47+08:00 ]NOTICE: Undefined index: gnameE:\wamp\www\Mall\Storage\view\compile\9c5abaaa6f02cf73c9209d43230d6294.php (999).
[ 2016-06-02T10:03:47+08:00 ]NOTICE: Undefined index: mpriceE:\wamp\www\Mall\Storage\view\compile\9c5abaaa6f02cf73c9209d43230d6294.php (1003).
[ 2016-06-02T10:03:47+08:00 ]NOTICE: Undefined index: gidE:\wamp\www\Mall\Storage\view\compile\9c5abaaa6f02cf73c9209d43230d6294.php (993).
[ 2016-06-02T10:03:47+08:00 ]NOTICE: Undefined index: listpicE:\wamp\www\Mall\Storage\view\compile\9c5abaaa6f02cf73c9209d43230d6294.php (995).
[ 2016-06-02T10:03:47+08:00 ]NOTICE: Undefined index: gnameE:\wamp\www\Mall\Storage\view\compile\9c5abaaa6f02cf73c9209d43230d6294.php (999).
[ 2016-06-02T10:03:47+08:00 ]NOTICE: Undefined index: mpriceE:\wamp\www\Mall\Storage\view\compile\9c5abaaa6f02cf73c9209d43230d6294.php (1003).
[ 2016-06-02T10:04:12+08:00 ]NOTICE: Undefined index: gidE:\wamp\www\Mall\Storage\view\compile\9c5abaaa6f02cf73c9209d43230d6294.php (993).
[ 2016-06-02T10:04:12+08:00 ]NOTICE: Undefined index: listpicE:\wamp\www\Mall\Storage\view\compile\9c5abaaa6f02cf73c9209d43230d6294.php (995).
[ 2016-06-02T10:04:12+08:00 ]NOTICE: Undefined index: gnameE:\wamp\www\Mall\Storage\view\compile\9c5abaaa6f02cf73c9209d43230d6294.php (999).
[ 2016-06-02T10:04:12+08:00 ]NOTICE: Undefined index: mpriceE:\wamp\www\Mall\Storage\view\compile\9c5abaaa6f02cf73c9209d43230d6294.php (1003).
[ 2016-06-02T10:04:12+08:00 ]NOTICE: Undefined index: gidE:\wamp\www\Mall\Storage\view\compile\9c5abaaa6f02cf73c9209d43230d6294.php (993).
[ 2016-06-02T10:04:12+08:00 ]NOTICE: Undefined index: listpicE:\wamp\www\Mall\Storage\view\compile\9c5abaaa6f02cf73c9209d43230d6294.php (995).
[ 2016-06-02T10:04:12+08:00 ]NOTICE: Undefined index: gnameE:\wamp\www\Mall\Storage\view\compile\9c5abaaa6f02cf73c9209d43230d6294.php (999).
[ 2016-06-02T10:04:12+08:00 ]NOTICE: Undefined index: mpriceE:\wamp\www\Mall\Storage\view\compile\9c5abaaa6f02cf73c9209d43230d6294.php (1003).
[ 2016-06-02T10:04:12+08:00 ]NOTICE: Undefined index: gidE:\wamp\www\Mall\Storage\view\compile\9c5abaaa6f02cf73c9209d43230d6294.php (993).
[ 2016-06-02T10:04:12+08:00 ]NOTICE: Undefined index: listpicE:\wamp\www\Mall\Storage\view\compile\9c5abaaa6f02cf73c9209d43230d6294.php (995).
[ 2016-06-02T10:04:12+08:00 ]NOTICE: Undefined index: gnameE:\wamp\www\Mall\Storage\view\compile\9c5abaaa6f02cf73c9209d43230d6294.php (999).
[ 2016-06-02T10:04:12+08:00 ]NOTICE: Undefined index: mpriceE:\wamp\www\Mall\Storage\view\compile\9c5abaaa6f02cf73c9209d43230d6294.php (1003).
[ 2016-06-02T10:04:12+08:00 ]NOTICE: Undefined index: gidE:\wamp\www\Mall\Storage\view\compile\9c5abaaa6f02cf73c9209d43230d6294.php (993).
[ 2016-06-02T10:04:12+08:00 ]NOTICE: Undefined index: listpicE:\wamp\www\Mall\Storage\view\compile\9c5abaaa6f02cf73c9209d43230d6294.php (995).
[ 2016-06-02T10:04:12+08:00 ]NOTICE: Undefined index: gnameE:\wamp\www\Mall\Storage\view\compile\9c5abaaa6f02cf73c9209d43230d6294.php (999).
[ 2016-06-02T10:04:12+08:00 ]NOTICE: Undefined index: mpriceE:\wamp\www\Mall\Storage\view\compile\9c5abaaa6f02cf73c9209d43230d6294.php (1003).
[ 2016-06-02T10:04:12+08:00 ]NOTICE: Undefined index: gidE:\wamp\www\Mall\Storage\view\compile\9c5abaaa6f02cf73c9209d43230d6294.php (993).
[ 2016-06-02T10:04:12+08:00 ]NOTICE: Undefined index: listpicE:\wamp\www\Mall\Storage\view\compile\9c5abaaa6f02cf73c9209d43230d6294.php (995).
[ 2016-06-02T10:04:12+08:00 ]NOTICE: Undefined index: gnameE:\wamp\www\Mall\Storage\view\compile\9c5abaaa6f02cf73c9209d43230d6294.php (999).
[ 2016-06-02T10:04:12+08:00 ]NOTICE: Undefined index: mpriceE:\wamp\www\Mall\Storage\view\compile\9c5abaaa6f02cf73c9209d43230d6294.php (1003).
[ 2016-06-02T10:04:12+08:00 ]NOTICE: Undefined index: gidE:\wamp\www\Mall\Storage\view\compile\9c5abaaa6f02cf73c9209d43230d6294.php (993).
[ 2016-06-02T10:04:12+08:00 ]NOTICE: Undefined index: listpicE:\wamp\www\Mall\Storage\view\compile\9c5abaaa6f02cf73c9209d43230d6294.php (995).
[ 2016-06-02T10:04:12+08:00 ]NOTICE: Undefined index: gnameE:\wamp\www\Mall\Storage\view\compile\9c5abaaa6f02cf73c9209d43230d6294.php (999).
[ 2016-06-02T10:04:12+08:00 ]NOTICE: Undefined index: mpriceE:\wamp\www\Mall\Storage\view\compile\9c5abaaa6f02cf73c9209d43230d6294.php (1003).
[ 2016-06-02T10:04:12+08:00 ]NOTICE: Undefined index: gidE:\wamp\www\Mall\Storage\view\compile\9c5abaaa6f02cf73c9209d43230d6294.php (993).
[ 2016-06-02T10:04:12+08:00 ]NOTICE: Undefined index: listpicE:\wamp\www\Mall\Storage\view\compile\9c5abaaa6f02cf73c9209d43230d6294.php (995).
[ 2016-06-02T10:04:12+08:00 ]NOTICE: Undefined index: gnameE:\wamp\www\Mall\Storage\view\compile\9c5abaaa6f02cf73c9209d43230d6294.php (999).
[ 2016-06-02T10:04:12+08:00 ]NOTICE: Undefined index: mpriceE:\wamp\www\Mall\Storage\view\compile\9c5abaaa6f02cf73c9209d43230d6294.php (1003).
[ 2016-06-02T10:04:12+08:00 ]NOTICE: Undefined index: gidE:\wamp\www\Mall\Storage\view\compile\9c5abaaa6f02cf73c9209d43230d6294.php (993).
[ 2016-06-02T10:04:12+08:00 ]NOTICE: Undefined index: listpicE:\wamp\www\Mall\Storage\view\compile\9c5abaaa6f02cf73c9209d43230d6294.php (995).
[ 2016-06-02T10:04:12+08:00 ]NOTICE: Undefined index: gnameE:\wamp\www\Mall\Storage\view\compile\9c5abaaa6f02cf73c9209d43230d6294.php (999).
[ 2016-06-02T10:04:12+08:00 ]NOTICE: Undefined index: mpriceE:\wamp\www\Mall\Storage\view\compile\9c5abaaa6f02cf73c9209d43230d6294.php (1003).
[ 2016-06-02T10:04:12+08:00 ]NOTICE: Undefined index: gidE:\wamp\www\Mall\Storage\view\compile\9c5abaaa6f02cf73c9209d43230d6294.php (993).
[ 2016-06-02T10:04:12+08:00 ]NOTICE: Undefined index: listpicE:\wamp\www\Mall\Storage\view\compile\9c5abaaa6f02cf73c9209d43230d6294.php (995).
[ 2016-06-02T10:04:12+08:00 ]NOTICE: Undefined index: gnameE:\wamp\www\Mall\Storage\view\compile\9c5abaaa6f02cf73c9209d43230d6294.php (999).
[ 2016-06-02T10:04:12+08:00 ]NOTICE: Undefined index: mpriceE:\wamp\www\Mall\Storage\view\compile\9c5abaaa6f02cf73c9209d43230d6294.php (1003).
[ 2016-06-02T10:04:12+08:00 ]NOTICE: Undefined index: gidE:\wamp\www\Mall\Storage\view\compile\9c5abaaa6f02cf73c9209d43230d6294.php (993).
[ 2016-06-02T10:04:12+08:00 ]NOTICE: Undefined index: listpicE:\wamp\www\Mall\Storage\view\compile\9c5abaaa6f02cf73c9209d43230d6294.php (995).
[ 2016-06-02T10:04:12+08:00 ]NOTICE: Undefined index: gnameE:\wamp\www\Mall\Storage\view\compile\9c5abaaa6f02cf73c9209d43230d6294.php (999).
[ 2016-06-02T10:04:12+08:00 ]NOTICE: Undefined index: mpriceE:\wamp\www\Mall\Storage\view\compile\9c5abaaa6f02cf73c9209d43230d6294.php (1003).
[ 2016-06-02T10:04:12+08:00 ]NOTICE: Undefined index: gidE:\wamp\www\Mall\Storage\view\compile\9c5abaaa6f02cf73c9209d43230d6294.php (993).
[ 2016-06-02T10:04:12+08:00 ]NOTICE: Undefined index: listpicE:\wamp\www\Mall\Storage\view\compile\9c5abaaa6f02cf73c9209d43230d6294.php (995).
[ 2016-06-02T10:04:12+08:00 ]NOTICE: Undefined index: gnameE:\wamp\www\Mall\Storage\view\compile\9c5abaaa6f02cf73c9209d43230d6294.php (999).
[ 2016-06-02T10:04:12+08:00 ]NOTICE: Undefined index: mpriceE:\wamp\www\Mall\Storage\view\compile\9c5abaaa6f02cf73c9209d43230d6294.php (1003).
[ 2016-06-02T10:04:12+08:00 ]NOTICE: Undefined index: gidE:\wamp\www\Mall\Storage\view\compile\9c5abaaa6f02cf73c9209d43230d6294.php (993).
[ 2016-06-02T10:04:12+08:00 ]NOTICE: Undefined index: listpicE:\wamp\www\Mall\Storage\view\compile\9c5abaaa6f02cf73c9209d43230d6294.php (995).
[ 2016-06-02T10:04:12+08:00 ]NOTICE: Undefined index: gnameE:\wamp\www\Mall\Storage\view\compile\9c5abaaa6f02cf73c9209d43230d6294.php (999).
[ 2016-06-02T10:04:12+08:00 ]NOTICE: Undefined index: mpriceE:\wamp\www\Mall\Storage\view\compile\9c5abaaa6f02cf73c9209d43230d6294.php (1003).
[ 2016-06-02T10:04:12+08:00 ]NOTICE: Undefined index: gidE:\wamp\www\Mall\Storage\view\compile\9c5abaaa6f02cf73c9209d43230d6294.php (993).
[ 2016-06-02T10:04:12+08:00 ]NOTICE: Undefined index: listpicE:\wamp\www\Mall\Storage\view\compile\9c5abaaa6f02cf73c9209d43230d6294.php (995).
[ 2016-06-02T10:04:12+08:00 ]NOTICE: Undefined index: gnameE:\wamp\www\Mall\Storage\view\compile\9c5abaaa6f02cf73c9209d43230d6294.php (999).
[ 2016-06-02T10:04:12+08:00 ]NOTICE: Undefined index: mpriceE:\wamp\www\Mall\Storage\view\compile\9c5abaaa6f02cf73c9209d43230d6294.php (1003).
[ 2016-06-02T10:04:12+08:00 ]NOTICE: Undefined index: gidE:\wamp\www\Mall\Storage\view\compile\9c5abaaa6f02cf73c9209d43230d6294.php (993).
[ 2016-06-02T10:04:12+08:00 ]NOTICE: Undefined index: listpicE:\wamp\www\Mall\Storage\view\compile\9c5abaaa6f02cf73c9209d43230d6294.php (995).
[ 2016-06-02T10:04:12+08:00 ]NOTICE: Undefined index: gnameE:\wamp\www\Mall\Storage\view\compile\9c5abaaa6f02cf73c9209d43230d6294.php (999).
[ 2016-06-02T10:04:12+08:00 ]NOTICE: Undefined index: mpriceE:\wamp\www\Mall\Storage\view\compile\9c5abaaa6f02cf73c9209d43230d6294.php (1003).
[ 2016-06-02T10:04:39+08:00 ]NOTICE: Undefined index: gidE:\wamp\www\Mall\Storage\view\compile\9c5abaaa6f02cf73c9209d43230d6294.php (993).
[ 2016-06-02T10:04:39+08:00 ]NOTICE: Undefined index: listpicE:\wamp\www\Mall\Storage\view\compile\9c5abaaa6f02cf73c9209d43230d6294.php (995).
[ 2016-06-02T10:04:39+08:00 ]NOTICE: Undefined index: gnameE:\wamp\www\Mall\Storage\view\compile\9c5abaaa6f02cf73c9209d43230d6294.php (999).
[ 2016-06-02T10:04:39+08:00 ]NOTICE: Undefined index: mpriceE:\wamp\www\Mall\Storage\view\compile\9c5abaaa6f02cf73c9209d43230d6294.php (1003).
[ 2016-06-02T10:04:39+08:00 ]NOTICE: Undefined index: gidE:\wamp\www\Mall\Storage\view\compile\9c5abaaa6f02cf73c9209d43230d6294.php (993).
[ 2016-06-02T10:04:39+08:00 ]NOTICE: Undefined index: listpicE:\wamp\www\Mall\Storage\view\compile\9c5abaaa6f02cf73c9209d43230d6294.php (995).
[ 2016-06-02T10:04:39+08:00 ]NOTICE: Undefined index: gnameE:\wamp\www\Mall\Storage\view\compile\9c5abaaa6f02cf73c9209d43230d6294.php (999).
[ 2016-06-02T10:04:39+08:00 ]NOTICE: Undefined index: mpriceE:\wamp\www\Mall\Storage\view\compile\9c5abaaa6f02cf73c9209d43230d6294.php (1003).
[ 2016-06-02T10:04:39+08:00 ]NOTICE: Undefined index: gidE:\wamp\www\Mall\Storage\view\compile\9c5abaaa6f02cf73c9209d43230d6294.php (993).
[ 2016-06-02T10:04:39+08:00 ]NOTICE: Undefined index: listpicE:\wamp\www\Mall\Storage\view\compile\9c5abaaa6f02cf73c9209d43230d6294.php (995).
[ 2016-06-02T10:04:39+08:00 ]NOTICE: Undefined index: gnameE:\wamp\www\Mall\Storage\view\compile\9c5abaaa6f02cf73c9209d43230d6294.php (999).
[ 2016-06-02T10:04:39+08:00 ]NOTICE: Undefined index: mpriceE:\wamp\www\Mall\Storage\view\compile\9c5abaaa6f02cf73c9209d43230d6294.php (1003).
[ 2016-06-02T10:04:40+08:00 ]NOTICE: Undefined index: gidE:\wamp\www\Mall\Storage\view\compile\9c5abaaa6f02cf73c9209d43230d6294.php (993).
[ 2016-06-02T10:04:40+08:00 ]NOTICE: Undefined index: listpicE:\wamp\www\Mall\Storage\view\compile\9c5abaaa6f02cf73c9209d43230d6294.php (995).
[ 2016-06-02T10:04:40+08:00 ]NOTICE: Undefined index: gnameE:\wamp\www\Mall\Storage\view\compile\9c5abaaa6f02cf73c9209d43230d6294.php (999).
[ 2016-06-02T10:04:40+08:00 ]NOTICE: Undefined index: mpriceE:\wamp\www\Mall\Storage\view\compile\9c5abaaa6f02cf73c9209d43230d6294.php (1003).
[ 2016-06-02T10:04:40+08:00 ]NOTICE: Undefined index: gidE:\wamp\www\Mall\Storage\view\compile\9c5abaaa6f02cf73c9209d43230d6294.php (993).
[ 2016-06-02T10:04:40+08:00 ]NOTICE: Undefined index: listpicE:\wamp\www\Mall\Storage\view\compile\9c5abaaa6f02cf73c9209d43230d6294.php (995).
[ 2016-06-02T10:04:40+08:00 ]NOTICE: Undefined index: gnameE:\wamp\www\Mall\Storage\view\compile\9c5abaaa6f02cf73c9209d43230d6294.php (999).
[ 2016-06-02T10:04:40+08:00 ]NOTICE: Undefined index: mpriceE:\wamp\www\Mall\Storage\view\compile\9c5abaaa6f02cf73c9209d43230d6294.php (1003).
[ 2016-06-02T10:04:40+08:00 ]NOTICE: Undefined index: gidE:\wamp\www\Mall\Storage\view\compile\9c5abaaa6f02cf73c9209d43230d6294.php (993).
[ 2016-06-02T10:04:40+08:00 ]NOTICE: Undefined index: listpicE:\wamp\www\Mall\Storage\view\compile\9c5abaaa6f02cf73c9209d43230d6294.php (995).
[ 2016-06-02T10:04:40+08:00 ]NOTICE: Undefined index: gnameE:\wamp\www\Mall\Storage\view\compile\9c5abaaa6f02cf73c9209d43230d6294.php (999).
[ 2016-06-02T10:04:40+08:00 ]NOTICE: Undefined index: mpriceE:\wamp\www\Mall\Storage\view\compile\9c5abaaa6f02cf73c9209d43230d6294.php (1003).
[ 2016-06-02T10:04:40+08:00 ]NOTICE: Undefined index: gidE:\wamp\www\Mall\Storage\view\compile\9c5abaaa6f02cf73c9209d43230d6294.php (993).
[ 2016-06-02T10:04:40+08:00 ]NOTICE: Undefined index: listpicE:\wamp\www\Mall\Storage\view\compile\9c5abaaa6f02cf73c9209d43230d6294.php (995).
[ 2016-06-02T10:04:40+08:00 ]NOTICE: Undefined index: gnameE:\wamp\www\Mall\Storage\view\compile\9c5abaaa6f02cf73c9209d43230d6294.php (999).
[ 2016-06-02T10:04:40+08:00 ]NOTICE: Undefined index: mpriceE:\wamp\www\Mall\Storage\view\compile\9c5abaaa6f02cf73c9209d43230d6294.php (1003).
[ 2016-06-02T10:04:40+08:00 ]NOTICE: Undefined index: gidE:\wamp\www\Mall\Storage\view\compile\9c5abaaa6f02cf73c9209d43230d6294.php (993).
[ 2016-06-02T10:04:40+08:00 ]NOTICE: Undefined index: listpicE:\wamp\www\Mall\Storage\view\compile\9c5abaaa6f02cf73c9209d43230d6294.php (995).
[ 2016-06-02T10:04:40+08:00 ]NOTICE: Undefined index: gnameE:\wamp\www\Mall\Storage\view\compile\9c5abaaa6f02cf73c9209d43230d6294.php (999).
[ 2016-06-02T10:04:40+08:00 ]NOTICE: Undefined index: mpriceE:\wamp\www\Mall\Storage\view\compile\9c5abaaa6f02cf73c9209d43230d6294.php (1003).
[ 2016-06-02T10:04:40+08:00 ]NOTICE: Undefined index: gidE:\wamp\www\Mall\Storage\view\compile\9c5abaaa6f02cf73c9209d43230d6294.php (993).
[ 2016-06-02T10:04:40+08:00 ]NOTICE: Undefined index: listpicE:\wamp\www\Mall\Storage\view\compile\9c5abaaa6f02cf73c9209d43230d6294.php (995).
[ 2016-06-02T10:04:40+08:00 ]NOTICE: Undefined index: gnameE:\wamp\www\Mall\Storage\view\compile\9c5abaaa6f02cf73c9209d43230d6294.php (999).
[ 2016-06-02T10:04:40+08:00 ]NOTICE: Undefined index: mpriceE:\wamp\www\Mall\Storage\view\compile\9c5abaaa6f02cf73c9209d43230d6294.php (1003).
[ 2016-06-02T10:04:40+08:00 ]NOTICE: Undefined index: gidE:\wamp\www\Mall\Storage\view\compile\9c5abaaa6f02cf73c9209d43230d6294.php (993).
[ 2016-06-02T10:04:40+08:00 ]NOTICE: Undefined index: listpicE:\wamp\www\Mall\Storage\view\compile\9c5abaaa6f02cf73c9209d43230d6294.php (995).
[ 2016-06-02T10:04:40+08:00 ]NOTICE: Undefined index: gnameE:\wamp\www\Mall\Storage\view\compile\9c5abaaa6f02cf73c9209d43230d6294.php (999).
[ 2016-06-02T10:04:40+08:00 ]NOTICE: Undefined index: mpriceE:\wamp\www\Mall\Storage\view\compile\9c5abaaa6f02cf73c9209d43230d6294.php (1003).
[ 2016-06-02T10:04:40+08:00 ]NOTICE: Undefined index: gidE:\wamp\www\Mall\Storage\view\compile\9c5abaaa6f02cf73c9209d43230d6294.php (993).
[ 2016-06-02T10:04:40+08:00 ]NOTICE: Undefined index: listpicE:\wamp\www\Mall\Storage\view\compile\9c5abaaa6f02cf73c9209d43230d6294.php (995).
[ 2016-06-02T10:04:40+08:00 ]NOTICE: Undefined index: gnameE:\wamp\www\Mall\Storage\view\compile\9c5abaaa6f02cf73c9209d43230d6294.php (999).
[ 2016-06-02T10:04:40+08:00 ]NOTICE: Undefined index: mpriceE:\wamp\www\Mall\Storage\view\compile\9c5abaaa6f02cf73c9209d43230d6294.php (1003).
[ 2016-06-02T10:04:40+08:00 ]NOTICE: Undefined index: gidE:\wamp\www\Mall\Storage\view\compile\9c5abaaa6f02cf73c9209d43230d6294.php (993).
[ 2016-06-02T10:04:40+08:00 ]NOTICE: Undefined index: listpicE:\wamp\www\Mall\Storage\view\compile\9c5abaaa6f02cf73c9209d43230d6294.php (995).
[ 2016-06-02T10:04:40+08:00 ]NOTICE: Undefined index: gnameE:\wamp\www\Mall\Storage\view\compile\9c5abaaa6f02cf73c9209d43230d6294.php (999).
[ 2016-06-02T10:04:40+08:00 ]NOTICE: Undefined index: mpriceE:\wamp\www\Mall\Storage\view\compile\9c5abaaa6f02cf73c9209d43230d6294.php (1003).
[ 2016-06-02T10:04:40+08:00 ]NOTICE: Undefined index: gidE:\wamp\www\Mall\Storage\view\compile\9c5abaaa6f02cf73c9209d43230d6294.php (993).
[ 2016-06-02T10:04:40+08:00 ]NOTICE: Undefined index: listpicE:\wamp\www\Mall\Storage\view\compile\9c5abaaa6f02cf73c9209d43230d6294.php (995).
[ 2016-06-02T10:04:40+08:00 ]NOTICE: Undefined index: gnameE:\wamp\www\Mall\Storage\view\compile\9c5abaaa6f02cf73c9209d43230d6294.php (999).
[ 2016-06-02T10:04:40+08:00 ]NOTICE: Undefined index: mpriceE:\wamp\www\Mall\Storage\view\compile\9c5abaaa6f02cf73c9209d43230d6294.php (1003).
[ 2016-06-02T10:04:40+08:00 ]NOTICE: Undefined index: gidE:\wamp\www\Mall\Storage\view\compile\9c5abaaa6f02cf73c9209d43230d6294.php (993).
[ 2016-06-02T10:04:40+08:00 ]NOTICE: Undefined index: listpicE:\wamp\www\Mall\Storage\view\compile\9c5abaaa6f02cf73c9209d43230d6294.php (995).
[ 2016-06-02T10:04:40+08:00 ]NOTICE: Undefined index: gnameE:\wamp\www\Mall\Storage\view\compile\9c5abaaa6f02cf73c9209d43230d6294.php (999).
[ 2016-06-02T10:04:40+08:00 ]NOTICE: Undefined index: mpriceE:\wamp\www\Mall\Storage\view\compile\9c5abaaa6f02cf73c9209d43230d6294.php (1003).
[ 2016-06-02T10:05:35+08:00 ]NOTICE: Undefined index: gidE:\wamp\www\Mall\Storage\view\compile\9c5abaaa6f02cf73c9209d43230d6294.php (993).
[ 2016-06-02T10:05:35+08:00 ]NOTICE: Undefined index: gidE:\wamp\www\Mall\Storage\view\compile\9c5abaaa6f02cf73c9209d43230d6294.php (993).
[ 2016-06-02T10:05:35+08:00 ]NOTICE: Undefined index: gidE:\wamp\www\Mall\Storage\view\compile\9c5abaaa6f02cf73c9209d43230d6294.php (993).
[ 2016-06-02T10:05:35+08:00 ]NOTICE: Uninitialized string offset: 0E:\wamp\www\Mall\Storage\view\compile\9c5abaaa6f02cf73c9209d43230d6294.php (995).
[ 2016-06-02T10:05:35+08:00 ]NOTICE: Uninitialized string offset: 0E:\wamp\www\Mall\Storage\view\compile\9c5abaaa6f02cf73c9209d43230d6294.php (999).
[ 2016-06-02T10:05:35+08:00 ]NOTICE: Uninitialized string offset: 0E:\wamp\www\Mall\Storage\view\compile\9c5abaaa6f02cf73c9209d43230d6294.php (1003).
[ 2016-06-02T10:05:35+08:00 ]NOTICE: Undefined index: gidE:\wamp\www\Mall\Storage\view\compile\9c5abaaa6f02cf73c9209d43230d6294.php (993).
[ 2016-06-02T10:05:35+08:00 ]NOTICE: Undefined index: gidE:\wamp\www\Mall\Storage\view\compile\9c5abaaa6f02cf73c9209d43230d6294.php (993).
[ 2016-06-02T10:05:35+08:00 ]NOTICE: Undefined index: gidE:\wamp\www\Mall\Storage\view\compile\9c5abaaa6f02cf73c9209d43230d6294.php (993).
[ 2016-06-02T10:05:35+08:00 ]NOTICE: Undefined index: gidE:\wamp\www\Mall\Storage\view\compile\9c5abaaa6f02cf73c9209d43230d6294.php (993).
[ 2016-06-02T10:05:35+08:00 ]NOTICE: Undefined index: gidE:\wamp\www\Mall\Storage\view\compile\9c5abaaa6f02cf73c9209d43230d6294.php (993).
[ 2016-06-02T10:05:35+08:00 ]NOTICE: Undefined index: gidE:\wamp\www\Mall\Storage\view\compile\9c5abaaa6f02cf73c9209d43230d6294.php (993).
[ 2016-06-02T10:05:35+08:00 ]NOTICE: Undefined index: gidE:\wamp\www\Mall\Storage\view\compile\9c5abaaa6f02cf73c9209d43230d6294.php (993).
[ 2016-06-02T10:05:35+08:00 ]NOTICE: Undefined index: gidE:\wamp\www\Mall\Storage\view\compile\9c5abaaa6f02cf73c9209d43230d6294.php (993).
[ 2016-06-02T10:05:35+08:00 ]NOTICE: Undefined index: gidE:\wamp\www\Mall\Storage\view\compile\9c5abaaa6f02cf73c9209d43230d6294.php (993).
[ 2016-06-02T10:05:35+08:00 ]NOTICE: Undefined index: gidE:\wamp\www\Mall\Storage\view\compile\9c5abaaa6f02cf73c9209d43230d6294.php (993).
[ 2016-06-02T10:05:35+08:00 ]NOTICE: Undefined index: gidE:\wamp\www\Mall\Storage\view\compile\9c5abaaa6f02cf73c9209d43230d6294.php (993).
[ 2016-06-02T10:06:32+08:00 ]NOTICE: Undefined index: gidE:\wamp\www\Mall\Storage\view\compile\9c5abaaa6f02cf73c9209d43230d6294.php (993).
[ 2016-06-02T10:06:32+08:00 ]NOTICE: Undefined index: gidE:\wamp\www\Mall\Storage\view\compile\9c5abaaa6f02cf73c9209d43230d6294.php (993).
[ 2016-06-02T10:07:20+08:00 ]NOTICE: Undefined index: gidE:\wamp\www\Mall\Storage\view\compile\9c5abaaa6f02cf73c9209d43230d6294.php (993).
[ 2016-06-02T10:07:20+08:00 ]NOTICE: Undefined index: gidE:\wamp\www\Mall\Storage\view\compile\9c5abaaa6f02cf73c9209d43230d6294.php (993).
[ 2016-06-02T10:11:34+08:00 ]NOTICE: Undefined index: dstockE:\wamp\www\Mall\Storage\view\compile\9c5abaaa6f02cf73c9209d43230d6294.php (1009).
[ 2016-06-02T10:11:34+08:00 ]NOTICE: Undefined index: dstockE:\wamp\www\Mall\Storage\view\compile\9c5abaaa6f02cf73c9209d43230d6294.php (1009).
[ 2016-06-02T10:40:31+08:00 ]EXCEPTION: SELECT  count(*) AS c  FROM category INNER JOIN goods ON goods_gid = gid LIMIT 1 ;BindParams:array (
)42S22;1054;Unknown column 'goods_gid' in 'on clause'
[ 2016-06-02T10:40:38+08:00 ]EXCEPTION: SELECT  count(*) AS c  FROM category INNER JOIN goods ON goods_gid = gid LIMIT 1 ;BindParams:array (
)42S22;1054;Unknown column 'goods_gid' in 'on clause'
[ 2016-06-02T10:41:22+08:00 ]EXCEPTION: SELECT  *  FROM category INNER JOIN goods ON goods_gid = gid ORDER BY  sort ASC  LIMIT 0,5 ;BindParams:array (
)42S22;1054;Unknown column 'goods_gid' in 'on clause'
[ 2016-06-02T10:42:23+08:00 ]EXCEPTION: SELECT  *  FROM category INNER JOIN type_tid ON type_tid = gid ORDER BY  sort ASC  LIMIT 0,5 ;BindParams:array (
)42S02;1146;Table 'mall.type_tid' doesn't exist
[ 2016-06-02T10:42:40+08:00 ]EXCEPTION: SELECT  *  FROM category INNER JOIN type_tid ON type_tid = gid ORDER BY  sort ASC  LIMIT 0,5 ;BindParams:array (
)42S02;1146;Table 'mall.type_tid' doesn't exist
[ 2016-06-02T10:43:17+08:00 ]EXCEPTION: SELECT  *  FROM category INNER JOIN goods ON type_tid = type_tid ORDER BY  sort ASC  LIMIT 0,5 ;BindParams:array (
)23000;1052;Column 'type_tid' in on clause is ambiguous
[ 2016-06-02T10:45:25+08:00 ]NOTICE: Undefined variable: pageE:\wamp\www\Mall\Storage\view\compile\d2321ff4dbba56fbf66d46561f7ef14d.php (46).
[ 2016-06-02T10:55:48+08:00 ]NOTICE: Undefined variable: dataE:\wamp\www\Mall\Storage\view\compile\b0cef37a0386a1faffd967a594ec1e7e.php (153).
[ 2016-06-02T10:55:48+08:00 ]NOTICE: Invalid argument supplied for foreach()E:\wamp\www\Mall\Storage\view\compile\b0cef37a0386a1faffd967a594ec1e7e.php (153).
[ 2016-06-02T10:55:52+08:00 ]NOTICE: Undefined variable: dataE:\wamp\www\Mall\Storage\view\compile\b0cef37a0386a1faffd967a594ec1e7e.php (153).
[ 2016-06-02T10:55:52+08:00 ]NOTICE: Invalid argument supplied for foreach()E:\wamp\www\Mall\Storage\view\compile\b0cef37a0386a1faffd967a594ec1e7e.php (153).
[ 2016-06-02T10:56:38+08:00 ]EXCEPTION: Home\Controller\ContentController 不存在
[ 2016-06-02T10:56:54+08:00 ]EXCEPTION: 模板不存在:App/Home/View/Content/index.php
[ 2016-06-02T11:23:05+08:00 ]NOTICE: Uninitialized string offset: 0E:\wamp\www\Mall\Storage\view\compile\2285f5ecd290c2ae060f2c24a56dc0d2.php (182).
[ 2016-06-02T11:23:35+08:00 ]NOTICE: Uninitialized string offset: 0E:\wamp\www\Mall\Storage\view\compile\2285f5ecd290c2ae060f2c24a56dc0d2.php (182).
[ 2016-06-02T11:39:23+08:00 ]NOTICE: Invalid argument supplied for foreach()E:\wamp\www\Mall\App\Home\Controller\ContentController.php (26).
[ 2016-06-02T11:39:23+08:00 ]NOTICE: Uninitialized string offset: 0E:\wamp\www\Mall\Storage\view\compile\2285f5ecd290c2ae060f2c24a56dc0d2.php (182).
[ 2016-06-02T11:45:45+08:00 ]NOTICE: Uninitialized string offset: 0E:\wamp\www\Mall\Storage\view\compile\2285f5ecd290c2ae060f2c24a56dc0d2.php (182).
[ 2016-06-02T11:45:45+08:00 ]NOTICE: Undefined index: galleryE:\wamp\www\Mall\Storage\view\compile\2285f5ecd290c2ae060f2c24a56dc0d2.php (182).
[ 2016-06-02T11:49:07+08:00 ]NOTICE: Uninitialized string offset: 0E:\wamp\www\Mall\Storage\view\compile\2285f5ecd290c2ae060f2c24a56dc0d2.php (168).
[ 2016-06-02T11:49:07+08:00 ]NOTICE: Uninitialized string offset: 0E:\wamp\www\Mall\Storage\view\compile\2285f5ecd290c2ae060f2c24a56dc0d2.php (181).
[ 2016-06-02T11:49:07+08:00 ]NOTICE: Undefined index: listpicE:\wamp\www\Mall\Storage\view\compile\2285f5ecd290c2ae060f2c24a56dc0d2.php (168).
[ 2016-06-02T11:49:07+08:00 ]NOTICE: Undefined index: galleryE:\wamp\www\Mall\Storage\view\compile\2285f5ecd290c2ae060f2c24a56dc0d2.php (181).
[ 2016-06-02T11:52:59+08:00 ]NOTICE: Undefined index: valueE:\wamp\www\Mall\Hdphp\View\HdphpTag.php (134).
[ 2016-06-02T11:54:04+08:00 ]NOTICE: Undefined index: valueE:\wamp\www\Mall\Hdphp\View\HdphpTag.php (134).
[ 2016-06-02T11:55:06+08:00 ]NOTICE: Undefined offset: 0E:\wamp\www\Mall\Storage\view\compile\2285f5ecd290c2ae060f2c24a56dc0d2.php (180).
[ 2016-06-02T11:55:06+08:00 ]NOTICE: Invalid argument supplied for foreach()E:\wamp\www\Mall\Storage\view\compile\2285f5ecd290c2ae060f2c24a56dc0d2.php (180).
[ 2016-06-02T14:37:41+08:00 ]NOTICE: Undefined variable: dataE:\wamp\www\Mall\Storage\view\compile\b0cef37a0386a1faffd967a594ec1e7e.php (153).
[ 2016-06-02T14:37:41+08:00 ]NOTICE: Invalid argument supplied for foreach()E:\wamp\www\Mall\Storage\view\compile\b0cef37a0386a1faffd967a594ec1e7e.php (153).
[ 2016-06-02T14:43:36+08:00 ]NOTICE: Undefined variable: dataE:\wamp\www\Mall\Storage\view\compile\b0cef37a0386a1faffd967a594ec1e7e.php (153).
[ 2016-06-02T14:43:36+08:00 ]NOTICE: Invalid argument supplied for foreach()E:\wamp\www\Mall\Storage\view\compile\b0cef37a0386a1faffd967a594ec1e7e.php (153).
[ 2016-06-02T14:43:53+08:00 ]NOTICE: Undefined variable: dataE:\wamp\www\Mall\Storage\view\compile\b0cef37a0386a1faffd967a594ec1e7e.php (153).
[ 2016-06-02T14:43:53+08:00 ]NOTICE: Invalid argument supplied for foreach()E:\wamp\www\Mall\Storage\view\compile\b0cef37a0386a1faffd967a594ec1e7e.php (153).
[ 2016-06-02T14:44:27+08:00 ]NOTICE: Undefined variable: dataE:\wamp\www\Mall\Storage\view\compile\b0cef37a0386a1faffd967a594ec1e7e.php (153).
[ 2016-06-02T14:44:27+08:00 ]NOTICE: Invalid argument supplied for foreach()E:\wamp\www\Mall\Storage\view\compile\b0cef37a0386a1faffd967a594ec1e7e.php (153).
[ 2016-06-02T14:48:30+08:00 ]NOTICE: Undefined variable: dataE:\wamp\www\Mall\Storage\view\compile\b0cef37a0386a1faffd967a594ec1e7e.php (153).
[ 2016-06-02T14:48:30+08:00 ]NOTICE: Invalid argument supplied for foreach()E:\wamp\www\Mall\Storage\view\compile\b0cef37a0386a1faffd967a594ec1e7e.php (153).
[ 2016-06-02T14:48:58+08:00 ]NOTICE: Undefined variable: dataE:\wamp\www\Mall\Storage\view\compile\b0cef37a0386a1faffd967a594ec1e7e.php (153).
[ 2016-06-02T14:48:58+08:00 ]NOTICE: Invalid argument supplied for foreach()E:\wamp\www\Mall\Storage\view\compile\b0cef37a0386a1faffd967a594ec1e7e.php (153).
[ 2016-06-02T14:49:28+08:00 ]NOTICE: Undefined variable: dataE:\wamp\www\Mall\Storage\view\compile\b0cef37a0386a1faffd967a594ec1e7e.php (153).
[ 2016-06-02T14:49:28+08:00 ]NOTICE: Invalid argument supplied for foreach()E:\wamp\www\Mall\Storage\view\compile\b0cef37a0386a1faffd967a594ec1e7e.php (153).
[ 2016-06-02T14:50:19+08:00 ]NOTICE: Undefined variable: dataE:\wamp\www\Mall\Storage\view\compile\b0cef37a0386a1faffd967a594ec1e7e.php (153).
[ 2016-06-02T14:50:19+08:00 ]NOTICE: Invalid argument supplied for foreach()E:\wamp\www\Mall\Storage\view\compile\b0cef37a0386a1faffd967a594ec1e7e.php (153).
[ 2016-06-02T14:53:54+08:00 ]NOTICE: Undefined variable: dataE:\wamp\www\Mall\Storage\view\compile\b0cef37a0386a1faffd967a594ec1e7e.php (156).
[ 2016-06-02T14:53:54+08:00 ]NOTICE: Invalid argument supplied for foreach()E:\wamp\www\Mall\Storage\view\compile\b0cef37a0386a1faffd967a594ec1e7e.php (156).
[ 2016-06-02T14:56:09+08:00 ]NOTICE: Undefined variable: dataE:\wamp\www\Mall\Storage\view\compile\b0cef37a0386a1faffd967a594ec1e7e.php (155).
[ 2016-06-02T14:56:09+08:00 ]NOTICE: Invalid argument supplied for foreach()E:\wamp\www\Mall\Storage\view\compile\b0cef37a0386a1faffd967a594ec1e7e.php (155).
[ 2016-06-02T14:58:51+08:00 ]NOTICE: Undefined variable: dataE:\wamp\www\Mall\Storage\view\compile\b0cef37a0386a1faffd967a594ec1e7e.php (155).
[ 2016-06-02T14:58:51+08:00 ]NOTICE: Invalid argument supplied for foreach()E:\wamp\www\Mall\Storage\view\compile\b0cef37a0386a1faffd967a594ec1e7e.php (155).
[ 2016-06-02T15:14:36+08:00 ]EXCEPTION: SELECT  *  FROM goods_property INNER JOIN propery ON property_pid = pid WHERE goods_gid=2 ;BindParams:array (
)42S02;1146;Table 'mall.propery' doesn't exist
[ 2016-06-02T15:48:44+08:00 ]NOTICE: Undefined index: pnameE:\wamp\www\Mall\Storage\view\compile\2285f5ecd290c2ae060f2c24a56dc0d2.php (288).
[ 2016-06-02T15:48:44+08:00 ]NOTICE: Undefined index: pnameE:\wamp\www\Mall\Storage\view\compile\2285f5ecd290c2ae060f2c24a56dc0d2.php (304).
[ 2016-06-02T15:49:17+08:00 ]NOTICE: Undefined index: pnameE:\wamp\www\Mall\Storage\view\compile\2285f5ecd290c2ae060f2c24a56dc0d2.php (288).
[ 2016-06-02T15:49:17+08:00 ]NOTICE: Undefined index: pnameE:\wamp\www\Mall\Storage\view\compile\2285f5ecd290c2ae060f2c24a56dc0d2.php (304).
[ 2016-06-02T15:51:19+08:00 ]NOTICE: Use of undefined constant proData - assumed 'proData'E:\wamp\www\Mall\Storage\view\compile\2285f5ecd290c2ae060f2c24a56dc0d2.php (287).
[ 2016-06-02T15:51:19+08:00 ]NOTICE: Invalid argument supplied for foreach()E:\wamp\www\Mall\Storage\view\compile\2285f5ecd290c2ae060f2c24a56dc0d2.php (287).
[ 2016-06-02T15:52:08+08:00 ]NOTICE: Use of undefined constant pro - assumed 'pro'E:\wamp\www\Mall\Storage\view\compile\2285f5ecd290c2ae060f2c24a56dc0d2.php (287).
[ 2016-06-02T15:52:08+08:00 ]NOTICE: Invalid argument supplied for foreach()E:\wamp\www\Mall\Storage\view\compile\2285f5ecd290c2ae060f2c24a56dc0d2.php (287).
[ 2016-06-02T16:49:35+08:00 ]NOTICE: Undefined variable: dataE:\wamp\www\Mall\Storage\view\compile\b0cef37a0386a1faffd967a594ec1e7e.php (157).
[ 2016-06-02T16:49:35+08:00 ]NOTICE: Invalid argument supplied for foreach()E:\wamp\www\Mall\Storage\view\compile\b0cef37a0386a1faffd967a594ec1e7e.php (157).
[ 2016-06-02T19:14:54+08:00 ]NOTICE: Undefined variable: dataE:\wamp\www\Mall\Storage\view\compile\b0cef37a0386a1faffd967a594ec1e7e.php (157).
[ 2016-06-02T19:14:54+08:00 ]NOTICE: Invalid argument supplied for foreach()E:\wamp\www\Mall\Storage\view\compile\b0cef37a0386a1faffd967a594ec1e7e.php (157).
[ 2016-06-02T19:41:03+08:00 ]EXCEPTION: Method Admin\Controller\GoodsController::uploads() does not exist
[ 2016-06-02T19:42:37+08:00 ]EXCEPTION: Method Admin\Controller\GoodsController::uploads() does not exist
[ 2016-06-02T19:42:37+08:00 ]EXCEPTION: Method Admin\Controller\GoodsController::uploads() does not exist
[ 2016-06-02T19:42:38+08:00 ]EXCEPTION: Method Admin\Controller\GoodsController::uploads() does not exist
[ 2016-06-02T19:42:38+08:00 ]EXCEPTION: Method Admin\Controller\GoodsController::uploads() does not exist
[ 2016-06-02T19:42:38+08:00 ]EXCEPTION: Method Admin\Controller\GoodsController::uploads() does not exist
[ 2016-06-02T19:44:00+08:00 ]EXCEPTION: Method Admin\Controller\GoodsController::uploads() does not exist
[ 2016-06-02T19:44:32+08:00 ]NOTICE: Undefined variable: dataE:\wamp\www\Mall\Storage\view\compile\b0cef37a0386a1faffd967a594ec1e7e.php (157).
[ 2016-06-02T19:44:32+08:00 ]NOTICE: Invalid argument supplied for foreach()E:\wamp\www\Mall\Storage\view\compile\b0cef37a0386a1faffd967a594ec1e7e.php (157).
[ 2016-06-02T19:44:44+08:00 ]EXCEPTION: Method Admin\Controller\GoodsController::uploads() does not exist
[ 2016-06-02T19:44:49+08:00 ]EXCEPTION: Method Admin\Controller\GoodsController::uploads() does not exist
[ 2016-06-02T19:45:49+08:00 ]NOTICE: Undefined variable: dataE:\wamp\www\Mall\Storage\view\compile\b0cef37a0386a1faffd967a594ec1e7e.php (157).
[ 2016-06-02T19:45:49+08:00 ]NOTICE: Invalid argument supplied for foreach()E:\wamp\www\Mall\Storage\view\compile\b0cef37a0386a1faffd967a594ec1e7e.php (157).
[ 2016-06-02T19:46:51+08:00 ]NOTICE: Undefined variable: dataE:\wamp\www\Mall\Storage\view\compile\b0cef37a0386a1faffd967a594ec1e7e.php (157).
[ 2016-06-02T19:46:51+08:00 ]NOTICE: Invalid argument supplied for foreach()E:\wamp\www\Mall\Storage\view\compile\b0cef37a0386a1faffd967a594ec1e7e.php (157).
[ 2016-06-02T19:47:01+08:00 ]NOTICE: Undefined variable: dataE:\wamp\www\Mall\Storage\view\compile\b0cef37a0386a1faffd967a594ec1e7e.php (157).
[ 2016-06-02T19:47:01+08:00 ]NOTICE: Invalid argument supplied for foreach()E:\wamp\www\Mall\Storage\view\compile\b0cef37a0386a1faffd967a594ec1e7e.php (157).
[ 2016-06-02T19:59:53+08:00 ]NOTICE: pathinfo() expects parameter 1 to be string, array givenE:\wamp\www\Mall\Storage\view\compile\2285f5ecd290c2ae060f2c24a56dc0d2.php (176).
[ 2016-06-02T19:59:53+08:00 ]NOTICE: pathinfo() expects parameter 1 to be string, array givenE:\wamp\www\Mall\Storage\view\compile\2285f5ecd290c2ae060f2c24a56dc0d2.php (176).
[ 2016-06-02T19:59:53+08:00 ]NOTICE: pathinfo() expects parameter 1 to be string, array givenE:\wamp\www\Mall\Storage\view\compile\2285f5ecd290c2ae060f2c24a56dc0d2.php (176).
[ 2016-06-02T19:59:53+08:00 ]NOTICE: pathinfo() expects parameter 1 to be string, array givenE:\wamp\www\Mall\Storage\view\compile\2285f5ecd290c2ae060f2c24a56dc0d2.php (176).
[ 2016-06-02T19:59:53+08:00 ]NOTICE: pathinfo() expects parameter 1 to be string, array givenE:\wamp\www\Mall\Storage\view\compile\2285f5ecd290c2ae060f2c24a56dc0d2.php (176).
[ 2016-06-02T19:59:53+08:00 ]NOTICE: pathinfo() expects parameter 1 to be string, array givenE:\wamp\www\Mall\Storage\view\compile\2285f5ecd290c2ae060f2c24a56dc0d2.php (176).
[ 2016-06-02T19:59:53+08:00 ]NOTICE: pathinfo() expects parameter 1 to be string, array givenE:\wamp\www\Mall\Storage\view\compile\2285f5ecd290c2ae060f2c24a56dc0d2.php (176).
[ 2016-06-02T19:59:53+08:00 ]NOTICE: pathinfo() expects parameter 1 to be string, array givenE:\wamp\www\Mall\Storage\view\compile\2285f5ecd290c2ae060f2c24a56dc0d2.php (176).
[ 2016-06-02T19:59:53+08:00 ]NOTICE: pathinfo() expects parameter 1 to be string, array givenE:\wamp\www\Mall\Storage\view\compile\2285f5ecd290c2ae060f2c24a56dc0d2.php (176).
[ 2016-06-02T19:59:53+08:00 ]NOTICE: pathinfo() expects parameter 1 to be string, array givenE:\wamp\www\Mall\Storage\view\compile\2285f5ecd290c2ae060f2c24a56dc0d2.php (176).
[ 2016-06-02T20:00:08+08:00 ]NOTICE: pathinfo() expects parameter 1 to be string, array givenE:\wamp\www\Mall\Storage\view\compile\2285f5ecd290c2ae060f2c24a56dc0d2.php (176).
[ 2016-06-02T20:00:08+08:00 ]NOTICE: pathinfo() expects parameter 1 to be string, array givenE:\wamp\www\Mall\Storage\view\compile\2285f5ecd290c2ae060f2c24a56dc0d2.php (176).
[ 2016-06-02T20:00:08+08:00 ]NOTICE: pathinfo() expects parameter 1 to be string, array givenE:\wamp\www\Mall\Storage\view\compile\2285f5ecd290c2ae060f2c24a56dc0d2.php (176).
[ 2016-06-02T20:00:08+08:00 ]NOTICE: pathinfo() expects parameter 1 to be string, array givenE:\wamp\www\Mall\Storage\view\compile\2285f5ecd290c2ae060f2c24a56dc0d2.php (176).
[ 2016-06-02T20:00:08+08:00 ]NOTICE: pathinfo() expects parameter 1 to be string, array givenE:\wamp\www\Mall\Storage\view\compile\2285f5ecd290c2ae060f2c24a56dc0d2.php (176).
[ 2016-06-02T20:00:08+08:00 ]NOTICE: pathinfo() expects parameter 1 to be string, array givenE:\wamp\www\Mall\Storage\view\compile\2285f5ecd290c2ae060f2c24a56dc0d2.php (176).
[ 2016-06-02T20:00:08+08:00 ]NOTICE: pathinfo() expects parameter 1 to be string, array givenE:\wamp\www\Mall\Storage\view\compile\2285f5ecd290c2ae060f2c24a56dc0d2.php (176).
[ 2016-06-02T20:00:08+08:00 ]NOTICE: pathinfo() expects parameter 1 to be string, array givenE:\wamp\www\Mall\Storage\view\compile\2285f5ecd290c2ae060f2c24a56dc0d2.php (176).
[ 2016-06-02T20:00:08+08:00 ]NOTICE: pathinfo() expects parameter 1 to be string, array givenE:\wamp\www\Mall\Storage\view\compile\2285f5ecd290c2ae060f2c24a56dc0d2.php (176).
[ 2016-06-02T20:00:08+08:00 ]NOTICE: pathinfo() expects parameter 1 to be string, array givenE:\wamp\www\Mall\Storage\view\compile\2285f5ecd290c2ae060f2c24a56dc0d2.php (176).
[ 2016-06-02T20:02:03+08:00 ]NOTICE: pathinfo() expects parameter 1 to be string, array givenE:\wamp\www\Mall\Storage\view\compile\2285f5ecd290c2ae060f2c24a56dc0d2.php (168).
[ 2016-06-02T20:02:03+08:00 ]NOTICE: pathinfo() expects parameter 1 to be string, array givenE:\wamp\www\Mall\Storage\view\compile\2285f5ecd290c2ae060f2c24a56dc0d2.php (168).
[ 2016-06-02T20:03:41+08:00 ]NOTICE: pathinfo() expects parameter 1 to be string, array givenE:\wamp\www\Mall\Storage\view\compile\2285f5ecd290c2ae060f2c24a56dc0d2.php (168).
[ 2016-06-02T20:03:41+08:00 ]NOTICE: pathinfo() expects parameter 1 to be string, array givenE:\wamp\www\Mall\Storage\view\compile\2285f5ecd290c2ae060f2c24a56dc0d2.php (168).
[ 2016-06-02T20:04:33+08:00 ]NOTICE: Undefined variable: v2E:\wamp\www\Mall\Storage\view\compile\2285f5ecd290c2ae060f2c24a56dc0d2.php (168).
[ 2016-06-02T20:04:33+08:00 ]NOTICE: Undefined variable: v2E:\wamp\www\Mall\Storage\view\compile\2285f5ecd290c2ae060f2c24a56dc0d2.php (168).
[ 2016-06-02T20:06:13+08:00 ]NOTICE: pathinfo() expects parameter 1 to be string, array givenE:\wamp\www\Mall\Storage\view\compile\2285f5ecd290c2ae060f2c24a56dc0d2.php (168).
[ 2016-06-02T20:06:13+08:00 ]NOTICE: pathinfo() expects parameter 1 to be string, array givenE:\wamp\www\Mall\Storage\view\compile\2285f5ecd290c2ae060f2c24a56dc0d2.php (168).
[ 2016-06-02T20:07:50+08:00 ]NOTICE: pathinfo() expects parameter 1 to be string, array givenE:\wamp\www\Mall\Storage\view\compile\2285f5ecd290c2ae060f2c24a56dc0d2.php (168).
[ 2016-06-02T20:07:50+08:00 ]NOTICE: pathinfo() expects parameter 1 to be string, array givenE:\wamp\www\Mall\Storage\view\compile\2285f5ecd290c2ae060f2c24a56dc0d2.php (168).
[ 2016-06-02T20:08:51+08:00 ]NOTICE: pathinfo() expects parameter 1 to be string, array givenE:\wamp\www\Mall\Storage\view\compile\2285f5ecd290c2ae060f2c24a56dc0d2.php (168).
[ 2016-06-02T20:08:51+08:00 ]NOTICE: pathinfo() expects parameter 1 to be string, array givenE:\wamp\www\Mall\Storage\view\compile\2285f5ecd290c2ae060f2c24a56dc0d2.php (168).
