[ 2016-06-03T09:49:01+08:00 ]NOTICE: Undefined variable: v2E:\wamp\www\Mall\Storage\view\compile\2285f5ecd290c2ae060f2c24a56dc0d2.php (187).
[ 2016-06-03T09:49:01+08:00 ]NOTICE: Undefined variable: v2E:\wamp\www\Mall\Storage\view\compile\2285f5ecd290c2ae060f2c24a56dc0d2.php (187).
[ 2016-06-03T14:46:28+08:00 ]NOTICE: Undefined variable: dataE:\wamp\www\Mall\Storage\view\compile\b0cef37a0386a1faffd967a594ec1e7e.php (157).
[ 2016-06-03T14:46:28+08:00 ]NOTICE: Invalid argument supplied for foreach()E:\wamp\www\Mall\Storage\view\compile\b0cef37a0386a1faffd967a594ec1e7e.php (157).
[ 2016-06-03T14:48:09+08:00 ]NOTICE: Undefined index: glnameE:\wamp\www\Mall\App\Admin\Controller\GoodsListController.php (89).
[ 2016-06-03T14:48:09+08:00 ]NOTICE: Undefined index: glnameE:\wamp\www\Mall\App\Admin\Controller\GoodsListController.php (89).
[ 2016-06-03T14:52:56+08:00 ]NOTICE: Undefined index: glnameE:\wamp\www\Mall\App\Admin\Controller\GoodsListController.php (89).
[ 2016-06-03T14:52:56+08:00 ]NOTICE: Undefined index: glnameE:\wamp\www\Mall\App\Admin\Controller\GoodsListController.php (89).
[ 2016-06-03T14:54:28+08:00 ]NOTICE: Undefined index: glnameE:\wamp\www\Mall\App\Admin\Controller\GoodsListController.php (89).
[ 2016-06-03T14:54:28+08:00 ]NOTICE: Undefined index: glnameE:\wamp\www\Mall\App\Admin\Controller\GoodsListController.php (89).
[ 2016-06-03T16:08:12+08:00 ]NOTICE: Undefined variable: dataE:\wamp\www\Mall\Storage\view\compile\b0cef37a0386a1faffd967a594ec1e7e.php (157).
[ 2016-06-03T16:08:12+08:00 ]NOTICE: Invalid argument supplied for foreach()E:\wamp\www\Mall\Storage\view\compile\b0cef37a0386a1faffd967a594ec1e7e.php (157).
[ 2016-06-03T16:14:44+08:00 ]NOTICE: Undefined variable: dataE:\wamp\www\Mall\Storage\view\compile\b0cef37a0386a1faffd967a594ec1e7e.php (157).
[ 2016-06-03T16:14:44+08:00 ]NOTICE: Invalid argument supplied for foreach()E:\wamp\www\Mall\Storage\view\compile\b0cef37a0386a1faffd967a594ec1e7e.php (157).
[ 2016-06-03T16:16:33+08:00 ]NOTICE: Undefined variable: dataE:\wamp\www\Mall\Storage\view\compile\b0cef37a0386a1faffd967a594ec1e7e.php (157).
[ 2016-06-03T16:16:33+08:00 ]NOTICE: Invalid argument supplied for foreach()E:\wamp\www\Mall\Storage\view\compile\b0cef37a0386a1faffd967a594ec1e7e.php (157).
[ 2016-06-03T16:19:02+08:00 ]NOTICE: Undefined variable: dataE:\wamp\www\Mall\Storage\view\compile\b0cef37a0386a1faffd967a594ec1e7e.php (157).
[ 2016-06-03T16:19:02+08:00 ]NOTICE: Invalid argument supplied for foreach()E:\wamp\www\Mall\Storage\view\compile\b0cef37a0386a1faffd967a594ec1e7e.php (157).
[ 2016-06-03T16:19:21+08:00 ]NOTICE: Undefined variable: dataE:\wamp\www\Mall\Storage\view\compile\b0cef37a0386a1faffd967a594ec1e7e.php (157).
[ 2016-06-03T16:19:21+08:00 ]NOTICE: Invalid argument supplied for foreach()E:\wamp\www\Mall\Storage\view\compile\b0cef37a0386a1faffd967a594ec1e7e.php (157).
[ 2016-06-03T16:32:12+08:00 ]NOTICE: Undefined variable: dataE:\wamp\www\Mall\Storage\view\compile\b0cef37a0386a1faffd967a594ec1e7e.php (157).
[ 2016-06-03T16:32:12+08:00 ]NOTICE: Invalid argument supplied for foreach()E:\wamp\www\Mall\Storage\view\compile\b0cef37a0386a1faffd967a594ec1e7e.php (157).
[ 2016-06-03T16:35:58+08:00 ]NOTICE: Undefined variable: dataE:\wamp\www\Mall\Storage\view\compile\b0cef37a0386a1faffd967a594ec1e7e.php (157).
[ 2016-06-03T16:35:58+08:00 ]NOTICE: Invalid argument supplied for foreach()E:\wamp\www\Mall\Storage\view\compile\b0cef37a0386a1faffd967a594ec1e7e.php (157).
[ 2016-06-03T16:51:00+08:00 ]NOTICE: Use of undefined constant newGoods - assumed 'newGoods'E:\wamp\www\Mall\Storage\view\compile\2285f5ecd290c2ae060f2c24a56dc0d2.php (427).
[ 2016-06-03T16:51:00+08:00 ]NOTICE: Invalid argument supplied for foreach()E:\wamp\www\Mall\Storage\view\compile\2285f5ecd290c2ae060f2c24a56dc0d2.php (427).
[ 2016-06-03T16:53:27+08:00 ]NOTICE: Undefined variable: dataE:\wamp\www\Mall\Storage\view\compile\b0cef37a0386a1faffd967a594ec1e7e.php (157).
[ 2016-06-03T16:53:27+08:00 ]NOTICE: Invalid argument supplied for foreach()E:\wamp\www\Mall\Storage\view\compile\b0cef37a0386a1faffd967a594ec1e7e.php (157).
[ 2016-06-03T19:36:26+08:00 ]NOTICE: Undefined variable: v2E:\wamp\www\Mall\Storage\view\compile\2285f5ecd290c2ae060f2c24a56dc0d2.php (185).
[ 2016-06-03T19:36:26+08:00 ]NOTICE: Undefined variable: v2E:\wamp\www\Mall\Storage\view\compile\2285f5ecd290c2ae060f2c24a56dc0d2.php (185).
[ 2016-06-03T19:37:05+08:00 ]NOTICE: pathinfo() expects parameter 1 to be string, array givenE:\wamp\www\Mall\Storage\view\compile\2285f5ecd290c2ae060f2c24a56dc0d2.php (185).
[ 2016-06-03T19:37:05+08:00 ]NOTICE: pathinfo() expects parameter 1 to be string, array givenE:\wamp\www\Mall\Storage\view\compile\2285f5ecd290c2ae060f2c24a56dc0d2.php (185).
[ 2016-06-03T19:38:17+08:00 ]NOTICE: pathinfo() expects parameter 1 to be string, array givenE:\wamp\www\Mall\Storage\view\compile\2285f5ecd290c2ae060f2c24a56dc0d2.php (185).
[ 2016-06-03T19:38:17+08:00 ]NOTICE: pathinfo() expects parameter 1 to be string, array givenE:\wamp\www\Mall\Storage\view\compile\2285f5ecd290c2ae060f2c24a56dc0d2.php (185).
[ 2016-06-03T19:40:58+08:00 ]NOTICE: pathinfo() expects parameter 1 to be string, array givenE:\wamp\www\Mall\Storage\view\compile\2285f5ecd290c2ae060f2c24a56dc0d2.php (185).
[ 2016-06-03T19:40:58+08:00 ]NOTICE: pathinfo() expects parameter 1 to be string, array givenE:\wamp\www\Mall\Storage\view\compile\2285f5ecd290c2ae060f2c24a56dc0d2.php (185).
[ 2016-06-03T19:46:05+08:00 ]NOTICE: pathinfo() expects parameter 1 to be string, array givenE:\wamp\www\Mall\Storage\view\compile\2285f5ecd290c2ae060f2c24a56dc0d2.php (185).
[ 2016-06-03T19:46:05+08:00 ]NOTICE: pathinfo() expects parameter 1 to be string, array givenE:\wamp\www\Mall\Storage\view\compile\2285f5ecd290c2ae060f2c24a56dc0d2.php (185).
[ 2016-06-03T19:46:39+08:00 ]NOTICE: pathinfo() expects parameter 1 to be string, array givenE:\wamp\www\Mall\Storage\view\compile\2285f5ecd290c2ae060f2c24a56dc0d2.php (185).
[ 2016-06-03T19:46:39+08:00 ]NOTICE: pathinfo() expects parameter 1 to be string, array givenE:\wamp\www\Mall\Storage\view\compile\2285f5ecd290c2ae060f2c24a56dc0d2.php (185).
[ 2016-06-03T19:56:30+08:00 ]NOTICE: pathinfo() expects parameter 1 to be string, array givenE:\wamp\www\Mall\Storage\view\compile\2285f5ecd290c2ae060f2c24a56dc0d2.php (185).
[ 2016-06-03T19:56:30+08:00 ]NOTICE: pathinfo() expects parameter 1 to be string, array givenE:\wamp\www\Mall\Storage\view\compile\2285f5ecd290c2ae060f2c24a56dc0d2.php (185).
[ 2016-06-03T20:28:14+08:00 ]NOTICE: pathinfo() expects parameter 1 to be string, array givenE:\wamp\www\Mall\Storage\view\compile\2285f5ecd290c2ae060f2c24a56dc0d2.php (185).
[ 2016-06-03T20:28:14+08:00 ]NOTICE: pathinfo() expects parameter 1 to be string, array givenE:\wamp\www\Mall\Storage\view\compile\2285f5ecd290c2ae060f2c24a56dc0d2.php (185).
[ 2016-06-03T20:33:35+08:00 ]NOTICE: pathinfo() expects parameter 1 to be string, array givenE:\wamp\www\Mall\Storage\view\compile\2285f5ecd290c2ae060f2c24a56dc0d2.php (185).
[ 2016-06-03T20:33:35+08:00 ]NOTICE: pathinfo() expects parameter 1 to be string, array givenE:\wamp\www\Mall\Storage\view\compile\2285f5ecd290c2ae060f2c24a56dc0d2.php (185).
[ 2016-06-03T20:35:24+08:00 ]NOTICE: pathinfo() expects parameter 1 to be string, array givenE:\wamp\www\Mall\Storage\view\compile\2285f5ecd290c2ae060f2c24a56dc0d2.php (185).
[ 2016-06-03T20:35:24+08:00 ]NOTICE: pathinfo() expects parameter 1 to be string, array givenE:\wamp\www\Mall\Storage\view\compile\2285f5ecd290c2ae060f2c24a56dc0d2.php (185).
[ 2016-06-03T20:38:37+08:00 ]NOTICE: pathinfo() expects parameter 1 to be string, array givenE:\wamp\www\Mall\Storage\view\compile\2285f5ecd290c2ae060f2c24a56dc0d2.php (185).
[ 2016-06-03T20:38:37+08:00 ]NOTICE: pathinfo() expects parameter 1 to be string, array givenE:\wamp\www\Mall\Storage\view\compile\2285f5ecd290c2ae060f2c24a56dc0d2.php (185).
[ 2016-06-03T20:39:58+08:00 ]NOTICE: pathinfo() expects parameter 1 to be string, array givenE:\wamp\www\Mall\Storage\view\compile\2285f5ecd290c2ae060f2c24a56dc0d2.php (185).
[ 2016-06-03T20:39:58+08:00 ]NOTICE: pathinfo() expects parameter 1 to be string, array givenE:\wamp\www\Mall\Storage\view\compile\2285f5ecd290c2ae060f2c24a56dc0d2.php (185).
[ 2016-06-03T20:46:45+08:00 ]NOTICE: pathinfo() expects parameter 1 to be string, array givenE:\wamp\www\Mall\Storage\view\compile\2285f5ecd290c2ae060f2c24a56dc0d2.php (185).
[ 2016-06-03T20:46:45+08:00 ]NOTICE: pathinfo() expects parameter 1 to be string, array givenE:\wamp\www\Mall\Storage\view\compile\2285f5ecd290c2ae060f2c24a56dc0d2.php (185).
[ 2016-06-03T21:44:49+08:00 ]NOTICE: pathinfo() expects parameter 1 to be string, array givenE:\wamp\www\Mall\Storage\view\compile\2285f5ecd290c2ae060f2c24a56dc0d2.php (185).
[ 2016-06-03T21:44:49+08:00 ]NOTICE: pathinfo() expects parameter 1 to be string, array givenE:\wamp\www\Mall\Storage\view\compile\2285f5ecd290c2ae060f2c24a56dc0d2.php (185).
[ 2016-06-03T21:45:41+08:00 ]NOTICE: pathinfo() expects parameter 1 to be string, array givenE:\wamp\www\Mall\Storage\view\compile\2285f5ecd290c2ae060f2c24a56dc0d2.php (185).
[ 2016-06-03T21:45:41+08:00 ]NOTICE: pathinfo() expects parameter 1 to be string, array givenE:\wamp\www\Mall\Storage\view\compile\2285f5ecd290c2ae060f2c24a56dc0d2.php (185).
[ 2016-06-03T21:50:17+08:00 ]NOTICE: pathinfo() expects parameter 1 to be string, array givenE:\wamp\www\Mall\Storage\view\compile\2285f5ecd290c2ae060f2c24a56dc0d2.php (185).
[ 2016-06-03T21:50:17+08:00 ]NOTICE: pathinfo() expects parameter 1 to be string, array givenE:\wamp\www\Mall\Storage\view\compile\2285f5ecd290c2ae060f2c24a56dc0d2.php (185).
[ 2016-06-03T21:52:36+08:00 ]NOTICE: pathinfo() expects parameter 1 to be string, array givenE:\wamp\www\Mall\Storage\view\compile\2285f5ecd290c2ae060f2c24a56dc0d2.php (185).
[ 2016-06-03T21:52:36+08:00 ]NOTICE: pathinfo() expects parameter 1 to be string, array givenE:\wamp\www\Mall\Storage\view\compile\2285f5ecd290c2ae060f2c24a56dc0d2.php (185).
[ 2016-06-03T21:53:24+08:00 ]NOTICE: pathinfo() expects parameter 1 to be string, array givenE:\wamp\www\Mall\Storage\view\compile\2285f5ecd290c2ae060f2c24a56dc0d2.php (185).
[ 2016-06-03T21:53:24+08:00 ]NOTICE: pathinfo() expects parameter 1 to be string, array givenE:\wamp\www\Mall\Storage\view\compile\2285f5ecd290c2ae060f2c24a56dc0d2.php (185).
[ 2016-06-03T22:17:00+08:00 ]NOTICE: pathinfo() expects parameter 1 to be string, array givenE:\wamp\www\Mall\Storage\view\compile\2285f5ecd290c2ae060f2c24a56dc0d2.php (181).
[ 2016-06-03T22:17:00+08:00 ]NOTICE: pathinfo() expects parameter 1 to be string, array givenE:\wamp\www\Mall\Storage\view\compile\2285f5ecd290c2ae060f2c24a56dc0d2.php (181).
[ 2016-06-03T22:17:00+08:00 ]NOTICE: pathinfo() expects parameter 1 to be string, array givenE:\wamp\www\Mall\Storage\view\compile\2285f5ecd290c2ae060f2c24a56dc0d2.php (185).
[ 2016-06-03T22:17:00+08:00 ]NOTICE: pathinfo() expects parameter 1 to be string, array givenE:\wamp\www\Mall\Storage\view\compile\2285f5ecd290c2ae060f2c24a56dc0d2.php (185).
[ 2016-06-03T22:18:43+08:00 ]NOTICE: pathinfo() expects parameter 1 to be string, array givenE:\wamp\www\Mall\Storage\view\compile\2285f5ecd290c2ae060f2c24a56dc0d2.php (181).
[ 2016-06-03T22:18:43+08:00 ]NOTICE: pathinfo() expects parameter 1 to be string, array givenE:\wamp\www\Mall\Storage\view\compile\2285f5ecd290c2ae060f2c24a56dc0d2.php (181).
[ 2016-06-03T22:18:43+08:00 ]NOTICE: pathinfo() expects parameter 1 to be string, array givenE:\wamp\www\Mall\Storage\view\compile\2285f5ecd290c2ae060f2c24a56dc0d2.php (185).
[ 2016-06-03T22:18:43+08:00 ]NOTICE: pathinfo() expects parameter 1 to be string, array givenE:\wamp\www\Mall\Storage\view\compile\2285f5ecd290c2ae060f2c24a56dc0d2.php (185).
[ 2016-06-03T22:18:43+08:00 ]NOTICE: pathinfo() expects parameter 1 to be string, array givenE:\wamp\www\Mall\Storage\view\compile\2285f5ecd290c2ae060f2c24a56dc0d2.php (192).
[ 2016-06-03T22:18:43+08:00 ]NOTICE: pathinfo() expects parameter 1 to be string, array givenE:\wamp\www\Mall\Storage\view\compile\2285f5ecd290c2ae060f2c24a56dc0d2.php (192).
[ 2016-06-03T22:21:41+08:00 ]NOTICE: pathinfo() expects parameter 1 to be string, array givenE:\wamp\www\Mall\Storage\view\compile\2285f5ecd290c2ae060f2c24a56dc0d2.php (192).
[ 2016-06-03T22:21:41+08:00 ]NOTICE: pathinfo() expects parameter 1 to be string, array givenE:\wamp\www\Mall\Storage\view\compile\2285f5ecd290c2ae060f2c24a56dc0d2.php (192).
