[ 2016-06-05T00:53:01+08:00 ]EXCEPTION: SELECT  SUM(appendprice) as price  FROM goods_property WHERE gpid IN () LIMIT 1 ;BindParams:array (
)42000;1064;You have an error in your SQL syntax; check the manual that corresponds to your MySQL server version for the right syntax to use near ') LIMIT 1' at line 1
[ 2016-06-05T00:53:02+08:00 ]EXCEPTION: SELECT  SUM(appendprice) as price  FROM goods_property WHERE gpid IN () LIMIT 1 ;BindParams:array (
)42000;1064;You have an error in your SQL syntax; check the manual that corresponds to your MySQL server version for the right syntax to use near ') LIMIT 1' at line 1
[ 2016-06-05T00:53:03+08:00 ]EXCEPTION: SELECT  SUM(appendprice) as price  FROM goods_property WHERE gpid IN () LIMIT 1 ;BindParams:array (
)42000;1064;You have an error in your SQL syntax; check the manual that corresponds to your MySQL server version for the right syntax to use near ') LIMIT 1' at line 1
[ 2016-06-05T00:53:04+08:00 ]EXCEPTION: SELECT  SUM(appendprice) as price  FROM goods_property WHERE gpid IN () LIMIT 1 ;BindParams:array (
)42000;1064;You have an error in your SQL syntax; check the manual that corresponds to your MySQL server version for the right syntax to use near ') LIMIT 1' at line 1
[ 2016-06-05T00:53:05+08:00 ]EXCEPTION: SELECT  SUM(appendprice) as price  FROM goods_property WHERE gpid IN () LIMIT 1 ;BindParams:array (
)42000;1064;You have an error in your SQL syntax; check the manual that corresponds to your MySQL server version for the right syntax to use near ') LIMIT 1' at line 1
[ 2016-06-05T00:53:06+08:00 ]EXCEPTION: SELECT  SUM(appendprice) as price  FROM goods_property WHERE gpid IN () LIMIT 1 ;BindParams:array (
)42000;1064;You have an error in your SQL syntax; check the manual that corresponds to your MySQL server version for the right syntax to use near ') LIMIT 1' at line 1
[ 2016-06-05T00:53:06+08:00 ]EXCEPTION: SELECT  SUM(appendprice) as price  FROM goods_property WHERE gpid IN () LIMIT 1 ;BindParams:array (
)42000;1064;You have an error in your SQL syntax; check the manual that corresponds to your MySQL server version for the right syntax to use near ') LIMIT 1' at line 1
[ 2016-06-05T00:55:15+08:00 ]EXCEPTION: SELECT  SUM(appendprice) as price  FROM goods_property WHERE gpid IN () LIMIT 1 ;BindParams:array (
)42000;1064;You have an error in your SQL syntax; check the manual that corresponds to your MySQL server version for the right syntax to use near ') LIMIT 1' at line 1
[ 2016-06-05T00:55:21+08:00 ]EXCEPTION: SELECT  SUM(appendprice) as price  FROM goods_property WHERE gpid IN () LIMIT 1 ;BindParams:array (
)42000;1064;You have an error in your SQL syntax; check the manual that corresponds to your MySQL server version for the right syntax to use near ') LIMIT 1' at line 1
[ 2016-06-05T00:55:23+08:00 ]EXCEPTION: SELECT  SUM(appendprice) as price  FROM goods_property WHERE gpid IN () LIMIT 1 ;BindParams:array (
)42000;1064;You have an error in your SQL syntax; check the manual that corresponds to your MySQL server version for the right syntax to use near ') LIMIT 1' at line 1
[ 2016-06-05T00:55:24+08:00 ]EXCEPTION: SELECT  SUM(appendprice) as price  FROM goods_property WHERE gpid IN () LIMIT 1 ;BindParams:array (
)42000;1064;You have an error in your SQL syntax; check the manual that corresponds to your MySQL server version for the right syntax to use near ') LIMIT 1' at line 1
[ 2016-06-05T00:55:25+08:00 ]EXCEPTION: SELECT  SUM(appendprice) as price  FROM goods_property WHERE gpid IN () LIMIT 1 ;BindParams:array (
)42000;1064;You have an error in your SQL syntax; check the manual that corresponds to your MySQL server version for the right syntax to use near ') LIMIT 1' at line 1
[ 2016-06-05T00:55:26+08:00 ]EXCEPTION: SELECT  SUM(appendprice) as price  FROM goods_property WHERE gpid IN () LIMIT 1 ;BindParams:array (
)42000;1064;You have an error in your SQL syntax; check the manual that corresponds to your MySQL server version for the right syntax to use near ') LIMIT 1' at line 1
[ 2016-06-05T00:55:26+08:00 ]EXCEPTION: SELECT  SUM(appendprice) as price  FROM goods_property WHERE gpid IN () LIMIT 1 ;BindParams:array (
)42000;1064;You have an error in your SQL syntax; check the manual that corresponds to your MySQL server version for the right syntax to use near ') LIMIT 1' at line 1
[ 2016-06-05T00:55:27+08:00 ]EXCEPTION: SELECT  SUM(appendprice) as price  FROM goods_property WHERE gpid IN () LIMIT 1 ;BindParams:array (
)42000;1064;You have an error in your SQL syntax; check the manual that corresponds to your MySQL server version for the right syntax to use near ') LIMIT 1' at line 1
[ 2016-06-05T00:55:28+08:00 ]EXCEPTION: SELECT  SUM(appendprice) as price  FROM goods_property WHERE gpid IN () LIMIT 1 ;BindParams:array (
)42000;1064;You have an error in your SQL syntax; check the manual that corresponds to your MySQL server version for the right syntax to use near ') LIMIT 1' at line 1
[ 2016-06-05T00:55:29+08:00 ]EXCEPTION: SELECT  SUM(appendprice) as price  FROM goods_property WHERE gpid IN () LIMIT 1 ;BindParams:array (
)42000;1064;You have an error in your SQL syntax; check the manual that corresponds to your MySQL server version for the right syntax to use near ') LIMIT 1' at line 1
[ 2016-06-05T00:55:30+08:00 ]EXCEPTION: SELECT  SUM(appendprice) as price  FROM goods_property WHERE gpid IN () LIMIT 1 ;BindParams:array (
)42000;1064;You have an error in your SQL syntax; check the manual that corresponds to your MySQL server version for the right syntax to use near ') LIMIT 1' at line 1
[ 2016-06-05T00:55:30+08:00 ]EXCEPTION: SELECT  SUM(appendprice) as price  FROM goods_property WHERE gpid IN () LIMIT 1 ;BindParams:array (
)42000;1064;You have an error in your SQL syntax; check the manual that corresponds to your MySQL server version for the right syntax to use near ') LIMIT 1' at line 1
[ 2016-06-05T00:55:31+08:00 ]EXCEPTION: SELECT  SUM(appendprice) as price  FROM goods_property WHERE gpid IN () LIMIT 1 ;BindParams:array (
)42000;1064;You have an error in your SQL syntax; check the manual that corresponds to your MySQL server version for the right syntax to use near ') LIMIT 1' at line 1
[ 2016-06-05T00:55:31+08:00 ]EXCEPTION: SELECT  SUM(appendprice) as price  FROM goods_property WHERE gpid IN () LIMIT 1 ;BindParams:array (
)42000;1064;You have an error in your SQL syntax; check the manual that corresponds to your MySQL server version for the right syntax to use near ') LIMIT 1' at line 1
[ 2016-06-05T00:55:32+08:00 ]EXCEPTION: SELECT  SUM(appendprice) as price  FROM goods_property WHERE gpid IN () LIMIT 1 ;BindParams:array (
)42000;1064;You have an error in your SQL syntax; check the manual that corresponds to your MySQL server version for the right syntax to use near ') LIMIT 1' at line 1
[ 2016-06-05T00:55:33+08:00 ]EXCEPTION: SELECT  SUM(appendprice) as price  FROM goods_property WHERE gpid IN () LIMIT 1 ;BindParams:array (
)42000;1064;You have an error in your SQL syntax; check the manual that corresponds to your MySQL server version for the right syntax to use near ') LIMIT 1' at line 1
[ 2016-06-05T00:55:49+08:00 ]EXCEPTION: SELECT  SUM(appendprice) as price  FROM goods_property WHERE gpid IN () LIMIT 1 ;BindParams:array (
)42000;1064;You have an error in your SQL syntax; check the manual that corresponds to your MySQL server version for the right syntax to use near ') LIMIT 1' at line 1
[ 2016-06-05T00:55:52+08:00 ]EXCEPTION: SELECT  SUM(appendprice) as price  FROM goods_property WHERE gpid IN () LIMIT 1 ;BindParams:array (
)42000;1064;You have an error in your SQL syntax; check the manual that corresponds to your MySQL server version for the right syntax to use near ') LIMIT 1' at line 1
[ 2016-06-05T00:55:55+08:00 ]EXCEPTION: SELECT  SUM(appendprice) as price  FROM goods_property WHERE gpid IN () LIMIT 1 ;BindParams:array (
)42000;1064;You have an error in your SQL syntax; check the manual that corresponds to your MySQL server version for the right syntax to use near ') LIMIT 1' at line 1
[ 2016-06-05T00:58:20+08:00 ]EXCEPTION: SELECT  SUM(appendprice) as price  FROM goods_property WHERE gpid IN () LIMIT 1 ;BindParams:array (
)42000;1064;You have an error in your SQL syntax; check the manual that corresponds to your MySQL server version for the right syntax to use near ') LIMIT 1' at line 1
[ 2016-06-05T00:58:21+08:00 ]EXCEPTION: SELECT  SUM(appendprice) as price  FROM goods_property WHERE gpid IN () LIMIT 1 ;BindParams:array (
)42000;1064;You have an error in your SQL syntax; check the manual that corresponds to your MySQL server version for the right syntax to use near ') LIMIT 1' at line 1
[ 2016-06-05T00:58:21+08:00 ]EXCEPTION: SELECT  SUM(appendprice) as price  FROM goods_property WHERE gpid IN () LIMIT 1 ;BindParams:array (
)42000;1064;You have an error in your SQL syntax; check the manual that corresponds to your MySQL server version for the right syntax to use near ') LIMIT 1' at line 1
[ 2016-06-05T00:58:22+08:00 ]EXCEPTION: SELECT  SUM(appendprice) as price  FROM goods_property WHERE gpid IN () LIMIT 1 ;BindParams:array (
)42000;1064;You have an error in your SQL syntax; check the manual that corresponds to your MySQL server version for the right syntax to use near ') LIMIT 1' at line 1
[ 2016-06-05T00:58:23+08:00 ]EXCEPTION: SELECT  SUM(appendprice) as price  FROM goods_property WHERE gpid IN () LIMIT 1 ;BindParams:array (
)42000;1064;You have an error in your SQL syntax; check the manual that corresponds to your MySQL server version for the right syntax to use near ') LIMIT 1' at line 1
[ 2016-06-05T00:58:23+08:00 ]EXCEPTION: SELECT  SUM(appendprice) as price  FROM goods_property WHERE gpid IN () LIMIT 1 ;BindParams:array (
)42000;1064;You have an error in your SQL syntax; check the manual that corresponds to your MySQL server version for the right syntax to use near ') LIMIT 1' at line 1
[ 2016-06-05T00:58:24+08:00 ]EXCEPTION: SELECT  SUM(appendprice) as price  FROM goods_property WHERE gpid IN () LIMIT 1 ;BindParams:array (
)42000;1064;You have an error in your SQL syntax; check the manual that corresponds to your MySQL server version for the right syntax to use near ') LIMIT 1' at line 1
[ 2016-06-05T00:58:24+08:00 ]EXCEPTION: SELECT  SUM(appendprice) as price  FROM goods_property WHERE gpid IN () LIMIT 1 ;BindParams:array (
)42000;1064;You have an error in your SQL syntax; check the manual that corresponds to your MySQL server version for the right syntax to use near ') LIMIT 1' at line 1
[ 2016-06-05T01:00:25+08:00 ]EXCEPTION: SELECT  SUM(appendprice) as price  FROM goods_property WHERE gpid IN () LIMIT 1 ;BindParams:array (
)42000;1064;You have an error in your SQL syntax; check the manual that corresponds to your MySQL server version for the right syntax to use near ') LIMIT 1' at line 1
[ 2016-06-05T01:01:06+08:00 ]EXCEPTION: SELECT  SUM(appendprice) as price  FROM goods_property WHERE gpid IN () LIMIT 1 ;BindParams:array (
)42000;1064;You have an error in your SQL syntax; check the manual that corresponds to your MySQL server version for the right syntax to use near ') LIMIT 1' at line 1
[ 2016-06-05T01:01:07+08:00 ]EXCEPTION: SELECT  SUM(appendprice) as price  FROM goods_property WHERE gpid IN () LIMIT 1 ;BindParams:array (
)42000;1064;You have an error in your SQL syntax; check the manual that corresponds to your MySQL server version for the right syntax to use near ') LIMIT 1' at line 1
[ 2016-06-05T01:01:11+08:00 ]EXCEPTION: SELECT  SUM(appendprice) as price  FROM goods_property WHERE gpid IN () LIMIT 1 ;BindParams:array (
)42000;1064;You have an error in your SQL syntax; check the manual that corresponds to your MySQL server version for the right syntax to use near ') LIMIT 1' at line 1
[ 2016-06-05T01:01:44+08:00 ]EXCEPTION: SELECT  SUM(appendprice) as price  FROM goods_property WHERE gpid IN () LIMIT 1 ;BindParams:array (
)42000;1064;You have an error in your SQL syntax; check the manual that corresponds to your MySQL server version for the right syntax to use near ') LIMIT 1' at line 1
[ 2016-06-05T01:03:45+08:00 ]EXCEPTION: SELECT  SUM(appendprice) as price  FROM goods_property WHERE gpid IN () LIMIT 1 ;BindParams:array (
)42000;1064;You have an error in your SQL syntax; check the manual that corresponds to your MySQL server version for the right syntax to use near ') LIMIT 1' at line 1
[ 2016-06-05T01:03:47+08:00 ]EXCEPTION: SELECT  SUM(appendprice) as price  FROM goods_property WHERE gpid IN () LIMIT 1 ;BindParams:array (
)42000;1064;You have an error in your SQL syntax; check the manual that corresponds to your MySQL server version for the right syntax to use near ') LIMIT 1' at line 1
[ 2016-06-05T01:03:48+08:00 ]EXCEPTION: SELECT  SUM(appendprice) as price  FROM goods_property WHERE gpid IN () LIMIT 1 ;BindParams:array (
)42000;1064;You have an error in your SQL syntax; check the manual that corresponds to your MySQL server version for the right syntax to use near ') LIMIT 1' at line 1
[ 2016-06-05T01:03:49+08:00 ]EXCEPTION: SELECT  SUM(appendprice) as price  FROM goods_property WHERE gpid IN () LIMIT 1 ;BindParams:array (
)42000;1064;You have an error in your SQL syntax; check the manual that corresponds to your MySQL server version for the right syntax to use near ') LIMIT 1' at line 1
[ 2016-06-05T01:03:50+08:00 ]EXCEPTION: SELECT  SUM(appendprice) as price  FROM goods_property WHERE gpid IN () LIMIT 1 ;BindParams:array (
)42000;1064;You have an error in your SQL syntax; check the manual that corresponds to your MySQL server version for the right syntax to use near ') LIMIT 1' at line 1
[ 2016-06-05T01:04:27+08:00 ]EXCEPTION: SELECT  SUM(appendprice) as price  FROM goods_property WHERE gpid IN () LIMIT 1 ;BindParams:array (
)42000;1064;You have an error in your SQL syntax; check the manual that corresponds to your MySQL server version for the right syntax to use near ') LIMIT 1' at line 1
[ 2016-06-05T01:04:29+08:00 ]EXCEPTION: SELECT  SUM(appendprice) as price  FROM goods_property WHERE gpid IN () LIMIT 1 ;BindParams:array (
)42000;1064;You have an error in your SQL syntax; check the manual that corresponds to your MySQL server version for the right syntax to use near ') LIMIT 1' at line 1
[ 2016-06-05T01:04:29+08:00 ]EXCEPTION: SELECT  SUM(appendprice) as price  FROM goods_property WHERE gpid IN (,) LIMIT 1 ;BindParams:array (
)42000;1064;You have an error in your SQL syntax; check the manual that corresponds to your MySQL server version for the right syntax to use near ') LIMIT 1' at line 1
[ 2016-06-05T01:04:30+08:00 ]EXCEPTION: SELECT  SUM(appendprice) as price  FROM goods_property WHERE gpid IN (,) LIMIT 1 ;BindParams:array (
)42000;1064;You have an error in your SQL syntax; check the manual that corresponds to your MySQL server version for the right syntax to use near ') LIMIT 1' at line 1
[ 2016-06-05T01:04:30+08:00 ]EXCEPTION: SELECT  SUM(appendprice) as price  FROM goods_property WHERE gpid IN (,) LIMIT 1 ;BindParams:array (
)42000;1064;You have an error in your SQL syntax; check the manual that corresponds to your MySQL server version for the right syntax to use near ') LIMIT 1' at line 1
[ 2016-06-05T01:04:42+08:00 ]EXCEPTION: SELECT  SUM(appendprice) as price  FROM goods_property WHERE gpid IN (,) LIMIT 1 ;BindParams:array (
)42000;1064;You have an error in your SQL syntax; check the manual that corresponds to your MySQL server version for the right syntax to use near ') LIMIT 1' at line 1
[ 2016-06-05T01:04:43+08:00 ]EXCEPTION: SELECT  SUM(appendprice) as price  FROM goods_property WHERE gpid IN (,) LIMIT 1 ;BindParams:array (
)42000;1064;You have an error in your SQL syntax; check the manual that corresponds to your MySQL server version for the right syntax to use near ') LIMIT 1' at line 1
[ 2016-06-05T01:04:44+08:00 ]EXCEPTION: SELECT  SUM(appendprice) as price  FROM goods_property WHERE gpid IN (,) LIMIT 1 ;BindParams:array (
)42000;1064;You have an error in your SQL syntax; check the manual that corresponds to your MySQL server version for the right syntax to use near ') LIMIT 1' at line 1
[ 2016-06-05T01:04:45+08:00 ]EXCEPTION: SELECT  SUM(appendprice) as price  FROM goods_property WHERE gpid IN (,) LIMIT 1 ;BindParams:array (
)42000;1064;You have an error in your SQL syntax; check the manual that corresponds to your MySQL server version for the right syntax to use near ') LIMIT 1' at line 1
[ 2016-06-05T01:04:46+08:00 ]EXCEPTION: SELECT  SUM(appendprice) as price  FROM goods_property WHERE gpid IN (,) LIMIT 1 ;BindParams:array (
)42000;1064;You have an error in your SQL syntax; check the manual that corresponds to your MySQL server version for the right syntax to use near ') LIMIT 1' at line 1
[ 2016-06-05T01:04:47+08:00 ]EXCEPTION: SELECT  SUM(appendprice) as price  FROM goods_property WHERE gpid IN (,) LIMIT 1 ;BindParams:array (
)42000;1064;You have an error in your SQL syntax; check the manual that corresponds to your MySQL server version for the right syntax to use near ') LIMIT 1' at line 1
[ 2016-06-05T01:04:48+08:00 ]EXCEPTION: SELECT  SUM(appendprice) as price  FROM goods_property WHERE gpid IN (,) LIMIT 1 ;BindParams:array (
)42000;1064;You have an error in your SQL syntax; check the manual that corresponds to your MySQL server version for the right syntax to use near ') LIMIT 1' at line 1
[ 2016-06-05T01:04:49+08:00 ]EXCEPTION: SELECT  SUM(appendprice) as price  FROM goods_property WHERE gpid IN (,) LIMIT 1 ;BindParams:array (
)42000;1064;You have an error in your SQL syntax; check the manual that corresponds to your MySQL server version for the right syntax to use near ') LIMIT 1' at line 1
[ 2016-06-05T01:04:50+08:00 ]EXCEPTION: SELECT  SUM(appendprice) as price  FROM goods_property WHERE gpid IN (,) LIMIT 1 ;BindParams:array (
)42000;1064;You have an error in your SQL syntax; check the manual that corresponds to your MySQL server version for the right syntax to use near ') LIMIT 1' at line 1
[ 2016-06-05T01:04:51+08:00 ]EXCEPTION: SELECT  SUM(appendprice) as price  FROM goods_property WHERE gpid IN (,) LIMIT 1 ;BindParams:array (
)42000;1064;You have an error in your SQL syntax; check the manual that corresponds to your MySQL server version for the right syntax to use near ') LIMIT 1' at line 1
[ 2016-06-05T01:04:52+08:00 ]EXCEPTION: SELECT  SUM(appendprice) as price  FROM goods_property WHERE gpid IN (,) LIMIT 1 ;BindParams:array (
)42000;1064;You have an error in your SQL syntax; check the manual that corresponds to your MySQL server version for the right syntax to use near ') LIMIT 1' at line 1
[ 2016-06-05T01:05:02+08:00 ]EXCEPTION: SELECT  SUM(appendprice) as price  FROM goods_property WHERE gpid IN (,) LIMIT 1 ;BindParams:array (
)42000;1064;You have an error in your SQL syntax; check the manual that corresponds to your MySQL server version for the right syntax to use near ') LIMIT 1' at line 1
[ 2016-06-05T01:05:03+08:00 ]EXCEPTION: SELECT  SUM(appendprice) as price  FROM goods_property WHERE gpid IN (,) LIMIT 1 ;BindParams:array (
)42000;1064;You have an error in your SQL syntax; check the manual that corresponds to your MySQL server version for the right syntax to use near ') LIMIT 1' at line 1
[ 2016-06-05T01:05:03+08:00 ]EXCEPTION: SELECT  SUM(appendprice) as price  FROM goods_property WHERE gpid IN (,) LIMIT 1 ;BindParams:array (
)42000;1064;You have an error in your SQL syntax; check the manual that corresponds to your MySQL server version for the right syntax to use near ') LIMIT 1' at line 1
[ 2016-06-05T01:05:04+08:00 ]EXCEPTION: SELECT  SUM(appendprice) as price  FROM goods_property WHERE gpid IN (,) LIMIT 1 ;BindParams:array (
)42000;1064;You have an error in your SQL syntax; check the manual that corresponds to your MySQL server version for the right syntax to use near ') LIMIT 1' at line 1
[ 2016-06-05T01:05:05+08:00 ]EXCEPTION: SELECT  SUM(appendprice) as price  FROM goods_property WHERE gpid IN (,) LIMIT 1 ;BindParams:array (
)42000;1064;You have an error in your SQL syntax; check the manual that corresponds to your MySQL server version for the right syntax to use near ') LIMIT 1' at line 1
[ 2016-06-05T01:05:07+08:00 ]EXCEPTION: SELECT  SUM(appendprice) as price  FROM goods_property WHERE gpid IN (,) LIMIT 1 ;BindParams:array (
)42000;1064;You have an error in your SQL syntax; check the manual that corresponds to your MySQL server version for the right syntax to use near ') LIMIT 1' at line 1
[ 2016-06-05T01:05:08+08:00 ]EXCEPTION: SELECT  SUM(appendprice) as price  FROM goods_property WHERE gpid IN (,) LIMIT 1 ;BindParams:array (
)42000;1064;You have an error in your SQL syntax; check the manual that corresponds to your MySQL server version for the right syntax to use near ') LIMIT 1' at line 1
[ 2016-06-05T01:05:08+08:00 ]EXCEPTION: SELECT  SUM(appendprice) as price  FROM goods_property WHERE gpid IN (,) LIMIT 1 ;BindParams:array (
)42000;1064;You have an error in your SQL syntax; check the manual that corresponds to your MySQL server version for the right syntax to use near ') LIMIT 1' at line 1
[ 2016-06-05T01:05:09+08:00 ]EXCEPTION: SELECT  SUM(appendprice) as price  FROM goods_property WHERE gpid IN (,) LIMIT 1 ;BindParams:array (
)42000;1064;You have an error in your SQL syntax; check the manual that corresponds to your MySQL server version for the right syntax to use near ') LIMIT 1' at line 1
[ 2016-06-05T01:05:10+08:00 ]EXCEPTION: SELECT  SUM(appendprice) as price  FROM goods_property WHERE gpid IN (,) LIMIT 1 ;BindParams:array (
)42000;1064;You have an error in your SQL syntax; check the manual that corresponds to your MySQL server version for the right syntax to use near ') LIMIT 1' at line 1
[ 2016-06-05T01:05:16+08:00 ]EXCEPTION: SELECT  SUM(appendprice) as price  FROM goods_property WHERE gpid IN (,) LIMIT 1 ;BindParams:array (
)42000;1064;You have an error in your SQL syntax; check the manual that corresponds to your MySQL server version for the right syntax to use near ') LIMIT 1' at line 1
[ 2016-06-05T01:05:18+08:00 ]EXCEPTION: SELECT  SUM(appendprice) as price  FROM goods_property WHERE gpid IN (,) LIMIT 1 ;BindParams:array (
)42000;1064;You have an error in your SQL syntax; check the manual that corresponds to your MySQL server version for the right syntax to use near ') LIMIT 1' at line 1
[ 2016-06-05T01:05:25+08:00 ]EXCEPTION: SELECT  SUM(appendprice) as price  FROM goods_property WHERE gpid IN (,) LIMIT 1 ;BindParams:array (
)42000;1064;You have an error in your SQL syntax; check the manual that corresponds to your MySQL server version for the right syntax to use near ') LIMIT 1' at line 1
[ 2016-06-05T01:06:15+08:00 ]EXCEPTION: SELECT  SUM(appendprice) as price  FROM goods_property WHERE gpid IN () LIMIT 1 ;BindParams:array (
)42000;1064;You have an error in your SQL syntax; check the manual that corresponds to your MySQL server version for the right syntax to use near ') LIMIT 1' at line 1
[ 2016-06-05T01:06:16+08:00 ]EXCEPTION: SELECT  SUM(appendprice) as price  FROM goods_property WHERE gpid IN () LIMIT 1 ;BindParams:array (
)42000;1064;You have an error in your SQL syntax; check the manual that corresponds to your MySQL server version for the right syntax to use near ') LIMIT 1' at line 1
[ 2016-06-05T01:06:17+08:00 ]EXCEPTION: SELECT  SUM(appendprice) as price  FROM goods_property WHERE gpid IN () LIMIT 1 ;BindParams:array (
)42000;1064;You have an error in your SQL syntax; check the manual that corresponds to your MySQL server version for the right syntax to use near ') LIMIT 1' at line 1
[ 2016-06-05T01:06:17+08:00 ]EXCEPTION: SELECT  SUM(appendprice) as price  FROM goods_property WHERE gpid IN () LIMIT 1 ;BindParams:array (
)42000;1064;You have an error in your SQL syntax; check the manual that corresponds to your MySQL server version for the right syntax to use near ') LIMIT 1' at line 1
[ 2016-06-05T14:33:09+08:00 ]NOTICE: Undefined index: goods_gidE:\wamp\www\Mall\Storage\view\compile\2285f5ecd290c2ae060f2c24a56dc0d2.php (360).
[ 2016-06-05T18:09:27+08:00 ]NOTICE: Undefined variable: dE:\wamp\www\Mall\App\Home\Controller\CartController.php (36).
[ 2016-06-05T18:15:45+08:00 ]EXCEPTION: SELECT  *  FROM goods WHERE gid= ;BindParams:array (
)42000;1064;You have an error in your SQL syntax; check the manual that corresponds to your MySQL server version for the right syntax to use near '' at line 1
[ 2016-06-05T20:04:51+08:00 ]NOTICE: implode() [<a href='function.implode'>function.implode</a>]: Invalid arguments passedE:\wamp\www\Mall\App\Home\Controller\CartController.php (40).
[ 2016-06-05T20:05:26+08:00 ]NOTICE: implode() [<a href='function.implode'>function.implode</a>]: Invalid arguments passedE:\wamp\www\Mall\App\Home\Controller\CartController.php (40).
[ 2016-06-05T20:05:54+08:00 ]NOTICE: implode() [<a href='function.implode'>function.implode</a>]: Invalid arguments passedE:\wamp\www\Mall\App\Home\Controller\CartController.php (40).
[ 2016-06-05T20:09:43+08:00 ]NOTICE: implode() [<a href='function.implode'>function.implode</a>]: Invalid arguments passedE:\wamp\www\Mall\App\Home\Controller\CartController.php (40).
[ 2016-06-05T20:10:43+08:00 ]NOTICE: implode() [<a href='function.implode'>function.implode</a>]: Invalid arguments passedE:\wamp\www\Mall\App\Home\Controller\CartController.php (40).
[ 2016-06-05T20:13:26+08:00 ]NOTICE: Use of undefined constant sIds - assumed 'sIds'E:\wamp\www\Mall\App\Home\Controller\CartController.php (40).
[ 2016-06-05T20:13:26+08:00 ]NOTICE: implode() [<a href='function.implode'>function.implode</a>]: Invalid arguments passedE:\wamp\www\Mall\App\Home\Controller\CartController.php (41).
[ 2016-06-05T20:13:26+08:00 ]NOTICE: implode() [<a href='function.implode'>function.implode</a>]: Invalid arguments passedE:\wamp\www\Mall\App\Home\Controller\CartController.php (42).
[ 2016-06-05T20:14:00+08:00 ]NOTICE: Use of undefined constant sIds - assumed 'sIds'E:\wamp\www\Mall\App\Home\Controller\CartController.php (40).
[ 2016-06-05T20:14:00+08:00 ]NOTICE: implode() [<a href='function.implode'>function.implode</a>]: Invalid arguments passedE:\wamp\www\Mall\App\Home\Controller\CartController.php (41).
[ 2016-06-05T20:14:00+08:00 ]NOTICE: implode() [<a href='function.implode'>function.implode</a>]: Invalid arguments passedE:\wamp\www\Mall\App\Home\Controller\CartController.php (42).
[ 2016-06-05T20:15:44+08:00 ]NOTICE: Use of undefined constant sIds - assumed 'sIds'E:\wamp\www\Mall\App\Home\Controller\CartController.php (40).
[ 2016-06-05T20:15:44+08:00 ]NOTICE: implode() [<a href='function.implode'>function.implode</a>]: Invalid arguments passedE:\wamp\www\Mall\App\Home\Controller\CartController.php (41).
[ 2016-06-05T20:16:04+08:00 ]NOTICE: implode() [<a href='function.implode'>function.implode</a>]: Invalid arguments passedE:\wamp\www\Mall\App\Home\Controller\CartController.php (41).
[ 2016-06-05T21:09:32+08:00 ]NOTICE: Undefined offset: 0E:\wamp\www\Mall\Storage\view\compile\2de049ed93926d6670b5e788c68c3e51.php (113).
[ 2016-06-05T21:09:49+08:00 ]NOTICE: Undefined index: priceE:\wamp\www\Mall\Storage\view\compile\2de049ed93926d6670b5e788c68c3e51.php (113).
[ 2016-06-05T21:10:09+08:00 ]NOTICE: Undefined offset: 0E:\wamp\www\Mall\Storage\view\compile\2de049ed93926d6670b5e788c68c3e51.php (113).
[ 2016-06-05T21:12:45+08:00 ]NOTICE: Undefined offset: 0E:\wamp\www\Mall\Storage\view\compile\2de049ed93926d6670b5e788c68c3e51.php (113).
[ 2016-06-05T21:13:05+08:00 ]NOTICE: Undefined offset: 0E:\wamp\www\Mall\Storage\view\compile\2de049ed93926d6670b5e788c68c3e51.php (113).
[ 2016-06-05T21:13:29+08:00 ]NOTICE: Undefined offset: 0E:\wamp\www\Mall\Storage\view\compile\2de049ed93926d6670b5e788c68c3e51.php (113).
[ 2016-06-05T21:22:07+08:00 ]NOTICE: Undefined index: priceE:\wamp\www\Mall\Storage\view\compile\2de049ed93926d6670b5e788c68c3e51.php (116).
[ 2016-06-05T21:22:07+08:00 ]NOTICE: Undefined index: priceE:\wamp\www\Mall\Storage\view\compile\2de049ed93926d6670b5e788c68c3e51.php (116).
[ 2016-06-05T21:22:07+08:00 ]NOTICE: Undefined index: priceE:\wamp\www\Mall\Storage\view\compile\2de049ed93926d6670b5e788c68c3e51.php (116).
[ 2016-06-05T21:25:32+08:00 ]NOTICE: Undefined offset: 0E:\wamp\www\Mall\Storage\view\compile\2de049ed93926d6670b5e788c68c3e51.php (116).
[ 2016-06-05T21:25:32+08:00 ]NOTICE: Undefined offset: 0E:\wamp\www\Mall\Storage\view\compile\2de049ed93926d6670b5e788c68c3e51.php (116).
[ 2016-06-05T21:25:32+08:00 ]NOTICE: Undefined offset: 0E:\wamp\www\Mall\Storage\view\compile\2de049ed93926d6670b5e788c68c3e51.php (116).
[ 2016-06-05T21:25:32+08:00 ]NOTICE: Undefined offset: 0E:\wamp\www\Mall\Storage\view\compile\2de049ed93926d6670b5e788c68c3e51.php (116).
[ 2016-06-05T21:25:32+08:00 ]NOTICE: Undefined offset: 0E:\wamp\www\Mall\Storage\view\compile\2de049ed93926d6670b5e788c68c3e51.php (116).
[ 2016-06-05T21:25:32+08:00 ]NOTICE: Undefined offset: 0E:\wamp\www\Mall\Storage\view\compile\2de049ed93926d6670b5e788c68c3e51.php (116).
[ 2016-06-05T21:25:32+08:00 ]NOTICE: Undefined offset: 0E:\wamp\www\Mall\Storage\view\compile\2de049ed93926d6670b5e788c68c3e51.php (116).
[ 2016-06-05T21:25:32+08:00 ]NOTICE: Undefined offset: 0E:\wamp\www\Mall\Storage\view\compile\2de049ed93926d6670b5e788c68c3e51.php (116).
[ 2016-06-05T21:25:32+08:00 ]NOTICE: Undefined offset: 0E:\wamp\www\Mall\Storage\view\compile\2de049ed93926d6670b5e788c68c3e51.php (116).
[ 2016-06-05T21:25:32+08:00 ]NOTICE: Undefined offset: 0E:\wamp\www\Mall\Storage\view\compile\2de049ed93926d6670b5e788c68c3e51.php (116).
[ 2016-06-05T21:25:32+08:00 ]NOTICE: Undefined offset: 0E:\wamp\www\Mall\Storage\view\compile\2de049ed93926d6670b5e788c68c3e51.php (116).
[ 2016-06-05T21:25:32+08:00 ]NOTICE: Undefined offset: 0E:\wamp\www\Mall\Storage\view\compile\2de049ed93926d6670b5e788c68c3e51.php (116).
[ 2016-06-05T21:25:32+08:00 ]NOTICE: Undefined offset: 0E:\wamp\www\Mall\Storage\view\compile\2de049ed93926d6670b5e788c68c3e51.php (116).
[ 2016-06-05T21:25:32+08:00 ]NOTICE: Undefined offset: 0E:\wamp\www\Mall\Storage\view\compile\2de049ed93926d6670b5e788c68c3e51.php (116).
[ 2016-06-05T21:25:32+08:00 ]NOTICE: Undefined offset: 0E:\wamp\www\Mall\Storage\view\compile\2de049ed93926d6670b5e788c68c3e51.php (116).
[ 2016-06-05T21:25:32+08:00 ]NOTICE: Undefined offset: 0E:\wamp\www\Mall\Storage\view\compile\2de049ed93926d6670b5e788c68c3e51.php (116).
[ 2016-06-05T21:25:32+08:00 ]NOTICE: Undefined offset: 0E:\wamp\www\Mall\Storage\view\compile\2de049ed93926d6670b5e788c68c3e51.php (116).
[ 2016-06-05T21:25:32+08:00 ]NOTICE: Undefined offset: 0E:\wamp\www\Mall\Storage\view\compile\2de049ed93926d6670b5e788c68c3e51.php (116).
[ 2016-06-05T21:25:32+08:00 ]NOTICE: Undefined offset: 0E:\wamp\www\Mall\Storage\view\compile\2de049ed93926d6670b5e788c68c3e51.php (116).
[ 2016-06-05T21:25:32+08:00 ]NOTICE: Undefined offset: 0E:\wamp\www\Mall\Storage\view\compile\2de049ed93926d6670b5e788c68c3e51.php (116).
[ 2016-06-05T21:25:32+08:00 ]NOTICE: Undefined offset: 0E:\wamp\www\Mall\Storage\view\compile\2de049ed93926d6670b5e788c68c3e51.php (116).
[ 2016-06-05T21:25:32+08:00 ]NOTICE: Undefined offset: 0E:\wamp\www\Mall\Storage\view\compile\2de049ed93926d6670b5e788c68c3e51.php (116).
[ 2016-06-05T21:25:32+08:00 ]NOTICE: Undefined offset: 0E:\wamp\www\Mall\Storage\view\compile\2de049ed93926d6670b5e788c68c3e51.php (116).
[ 2016-06-05T21:25:32+08:00 ]NOTICE: Undefined offset: 0E:\wamp\www\Mall\Storage\view\compile\2de049ed93926d6670b5e788c68c3e51.php (116).
[ 2016-06-05T21:30:00+08:00 ]NOTICE: Undefined offset: 0E:\wamp\www\Mall\Storage\view\compile\2de049ed93926d6670b5e788c68c3e51.php (116).
[ 2016-06-05T21:30:00+08:00 ]NOTICE: Undefined offset: 0E:\wamp\www\Mall\Storage\view\compile\2de049ed93926d6670b5e788c68c3e51.php (116).
[ 2016-06-05T21:30:00+08:00 ]NOTICE: Undefined offset: 0E:\wamp\www\Mall\Storage\view\compile\2de049ed93926d6670b5e788c68c3e51.php (116).
[ 2016-06-05T21:30:00+08:00 ]NOTICE: Undefined offset: 0E:\wamp\www\Mall\Storage\view\compile\2de049ed93926d6670b5e788c68c3e51.php (116).
[ 2016-06-05T21:30:00+08:00 ]NOTICE: Undefined offset: 0E:\wamp\www\Mall\Storage\view\compile\2de049ed93926d6670b5e788c68c3e51.php (116).
[ 2016-06-05T21:30:01+08:00 ]NOTICE: Undefined offset: 0E:\wamp\www\Mall\Storage\view\compile\2de049ed93926d6670b5e788c68c3e51.php (116).
[ 2016-06-05T21:30:01+08:00 ]NOTICE: Undefined offset: 0E:\wamp\www\Mall\Storage\view\compile\2de049ed93926d6670b5e788c68c3e51.php (116).
[ 2016-06-05T21:30:01+08:00 ]NOTICE: Undefined offset: 0E:\wamp\www\Mall\Storage\view\compile\2de049ed93926d6670b5e788c68c3e51.php (116).
[ 2016-06-05T21:30:01+08:00 ]NOTICE: Undefined offset: 0E:\wamp\www\Mall\Storage\view\compile\2de049ed93926d6670b5e788c68c3e51.php (116).
[ 2016-06-05T21:30:01+08:00 ]NOTICE: Undefined offset: 0E:\wamp\www\Mall\Storage\view\compile\2de049ed93926d6670b5e788c68c3e51.php (116).
[ 2016-06-05T21:30:01+08:00 ]NOTICE: Undefined offset: 0E:\wamp\www\Mall\Storage\view\compile\2de049ed93926d6670b5e788c68c3e51.php (116).
[ 2016-06-05T21:30:01+08:00 ]NOTICE: Undefined offset: 0E:\wamp\www\Mall\Storage\view\compile\2de049ed93926d6670b5e788c68c3e51.php (116).
[ 2016-06-05T21:30:01+08:00 ]NOTICE: Undefined offset: 0E:\wamp\www\Mall\Storage\view\compile\2de049ed93926d6670b5e788c68c3e51.php (116).
[ 2016-06-05T21:30:01+08:00 ]NOTICE: Undefined offset: 0E:\wamp\www\Mall\Storage\view\compile\2de049ed93926d6670b5e788c68c3e51.php (116).
[ 2016-06-05T21:30:01+08:00 ]NOTICE: Undefined offset: 0E:\wamp\www\Mall\Storage\view\compile\2de049ed93926d6670b5e788c68c3e51.php (116).
[ 2016-06-05T21:30:01+08:00 ]NOTICE: Undefined offset: 0E:\wamp\www\Mall\Storage\view\compile\2de049ed93926d6670b5e788c68c3e51.php (116).
[ 2016-06-05T21:30:01+08:00 ]NOTICE: Undefined offset: 0E:\wamp\www\Mall\Storage\view\compile\2de049ed93926d6670b5e788c68c3e51.php (116).
[ 2016-06-05T21:30:01+08:00 ]NOTICE: Undefined offset: 0E:\wamp\www\Mall\Storage\view\compile\2de049ed93926d6670b5e788c68c3e51.php (116).
[ 2016-06-05T21:30:01+08:00 ]NOTICE: Undefined offset: 0E:\wamp\www\Mall\Storage\view\compile\2de049ed93926d6670b5e788c68c3e51.php (116).
[ 2016-06-05T21:30:01+08:00 ]NOTICE: Undefined offset: 0E:\wamp\www\Mall\Storage\view\compile\2de049ed93926d6670b5e788c68c3e51.php (116).
[ 2016-06-05T21:30:01+08:00 ]NOTICE: Undefined offset: 0E:\wamp\www\Mall\Storage\view\compile\2de049ed93926d6670b5e788c68c3e51.php (116).
[ 2016-06-05T21:30:01+08:00 ]NOTICE: Undefined offset: 0E:\wamp\www\Mall\Storage\view\compile\2de049ed93926d6670b5e788c68c3e51.php (116).
[ 2016-06-05T21:30:01+08:00 ]NOTICE: Undefined offset: 0E:\wamp\www\Mall\Storage\view\compile\2de049ed93926d6670b5e788c68c3e51.php (116).
[ 2016-06-05T21:30:01+08:00 ]NOTICE: Undefined offset: 0E:\wamp\www\Mall\Storage\view\compile\2de049ed93926d6670b5e788c68c3e51.php (116).
[ 2016-06-05T21:38:46+08:00 ]NOTICE: Undefined offset: 0E:\wamp\www\Mall\Storage\view\compile\2de049ed93926d6670b5e788c68c3e51.php (116).
[ 2016-06-05T21:38:46+08:00 ]NOTICE: Undefined offset: 0E:\wamp\www\Mall\Storage\view\compile\2de049ed93926d6670b5e788c68c3e51.php (116).
[ 2016-06-05T21:38:46+08:00 ]NOTICE: Undefined offset: 0E:\wamp\www\Mall\Storage\view\compile\2de049ed93926d6670b5e788c68c3e51.php (116).
[ 2016-06-05T21:38:46+08:00 ]NOTICE: Undefined offset: 0E:\wamp\www\Mall\Storage\view\compile\2de049ed93926d6670b5e788c68c3e51.php (116).
[ 2016-06-05T21:38:46+08:00 ]NOTICE: Undefined offset: 0E:\wamp\www\Mall\Storage\view\compile\2de049ed93926d6670b5e788c68c3e51.php (116).
[ 2016-06-05T21:38:46+08:00 ]NOTICE: Undefined offset: 0E:\wamp\www\Mall\Storage\view\compile\2de049ed93926d6670b5e788c68c3e51.php (116).
[ 2016-06-05T21:38:46+08:00 ]NOTICE: Undefined offset: 0E:\wamp\www\Mall\Storage\view\compile\2de049ed93926d6670b5e788c68c3e51.php (116).
[ 2016-06-05T21:38:46+08:00 ]NOTICE: Undefined offset: 0E:\wamp\www\Mall\Storage\view\compile\2de049ed93926d6670b5e788c68c3e51.php (116).
[ 2016-06-05T21:38:46+08:00 ]NOTICE: Undefined offset: 0E:\wamp\www\Mall\Storage\view\compile\2de049ed93926d6670b5e788c68c3e51.php (116).
[ 2016-06-05T21:38:46+08:00 ]NOTICE: Undefined offset: 0E:\wamp\www\Mall\Storage\view\compile\2de049ed93926d6670b5e788c68c3e51.php (116).
[ 2016-06-05T21:38:46+08:00 ]NOTICE: Undefined offset: 0E:\wamp\www\Mall\Storage\view\compile\2de049ed93926d6670b5e788c68c3e51.php (116).
[ 2016-06-05T21:38:46+08:00 ]NOTICE: Undefined offset: 0E:\wamp\www\Mall\Storage\view\compile\2de049ed93926d6670b5e788c68c3e51.php (116).
[ 2016-06-05T21:38:46+08:00 ]NOTICE: Undefined offset: 0E:\wamp\www\Mall\Storage\view\compile\2de049ed93926d6670b5e788c68c3e51.php (116).
[ 2016-06-05T21:38:46+08:00 ]NOTICE: Undefined offset: 0E:\wamp\www\Mall\Storage\view\compile\2de049ed93926d6670b5e788c68c3e51.php (116).
[ 2016-06-05T21:38:46+08:00 ]NOTICE: Undefined offset: 0E:\wamp\www\Mall\Storage\view\compile\2de049ed93926d6670b5e788c68c3e51.php (116).
[ 2016-06-05T21:38:46+08:00 ]NOTICE: Undefined offset: 0E:\wamp\www\Mall\Storage\view\compile\2de049ed93926d6670b5e788c68c3e51.php (116).
[ 2016-06-05T21:38:46+08:00 ]NOTICE: Undefined offset: 0E:\wamp\www\Mall\Storage\view\compile\2de049ed93926d6670b5e788c68c3e51.php (116).
[ 2016-06-05T21:38:46+08:00 ]NOTICE: Undefined offset: 0E:\wamp\www\Mall\Storage\view\compile\2de049ed93926d6670b5e788c68c3e51.php (116).
[ 2016-06-05T21:38:46+08:00 ]NOTICE: Undefined offset: 0E:\wamp\www\Mall\Storage\view\compile\2de049ed93926d6670b5e788c68c3e51.php (116).
[ 2016-06-05T21:38:46+08:00 ]NOTICE: Undefined offset: 0E:\wamp\www\Mall\Storage\view\compile\2de049ed93926d6670b5e788c68c3e51.php (116).
[ 2016-06-05T21:38:46+08:00 ]NOTICE: Undefined offset: 0E:\wamp\www\Mall\Storage\view\compile\2de049ed93926d6670b5e788c68c3e51.php (116).
[ 2016-06-05T21:38:46+08:00 ]NOTICE: Undefined offset: 0E:\wamp\www\Mall\Storage\view\compile\2de049ed93926d6670b5e788c68c3e51.php (116).
[ 2016-06-05T21:38:46+08:00 ]NOTICE: Undefined offset: 0E:\wamp\www\Mall\Storage\view\compile\2de049ed93926d6670b5e788c68c3e51.php (116).
[ 2016-06-05T21:38:46+08:00 ]NOTICE: Undefined offset: 0E:\wamp\www\Mall\Storage\view\compile\2de049ed93926d6670b5e788c68c3e51.php (116).
[ 2016-06-05T21:51:43+08:00 ]NOTICE: Undefined variable: dataE:\wamp\www\Mall\Storage\view\compile\2de049ed93926d6670b5e788c68c3e51.php (105).
[ 2016-06-05T21:51:43+08:00 ]NOTICE: Invalid argument supplied for foreach()E:\wamp\www\Mall\Storage\view\compile\2de049ed93926d6670b5e788c68c3e51.php (105).
[ 2016-06-05T21:57:39+08:00 ]NOTICE: Undefined variable: dataE:\wamp\www\Mall\Storage\view\compile\2de049ed93926d6670b5e788c68c3e51.php (105).
[ 2016-06-05T21:57:39+08:00 ]NOTICE: Invalid argument supplied for foreach()E:\wamp\www\Mall\Storage\view\compile\2de049ed93926d6670b5e788c68c3e51.php (105).
[ 2016-06-05T22:15:21+08:00 ]NOTICE: Undefined variable: dataE:\wamp\www\Mall\Storage\view\compile\2de049ed93926d6670b5e788c68c3e51.php (105).
[ 2016-06-05T22:15:21+08:00 ]NOTICE: Invalid argument supplied for foreach()E:\wamp\www\Mall\Storage\view\compile\2de049ed93926d6670b5e788c68c3e51.php (105).
[ 2016-06-05T22:17:38+08:00 ]NOTICE: Undefined variable: v3E:\wamp\www\Mall\Storage\view\compile\2de049ed93926d6670b5e788c68c3e51.php (114).
[ 2016-06-05T22:17:38+08:00 ]NOTICE: Undefined variable: v3E:\wamp\www\Mall\Storage\view\compile\2de049ed93926d6670b5e788c68c3e51.php (114).
[ 2016-06-05T22:17:38+08:00 ]NOTICE: Undefined variable: v3E:\wamp\www\Mall\Storage\view\compile\2de049ed93926d6670b5e788c68c3e51.php (114).
[ 2016-06-05T22:17:38+08:00 ]NOTICE: Undefined variable: v3E:\wamp\www\Mall\Storage\view\compile\2de049ed93926d6670b5e788c68c3e51.php (114).
