[ 2016-06-06T07:30:50+08:00 ]NOTICE: Invalid argument supplied for foreach()E:\wamp\www\Mall\Storage\view\compile\2de049ed93926d6670b5e788c68c3e51.php (164).
[ 2016-06-06T08:28:17+08:00 ]NOTICE: Undefined index: listE:\wamp\www\Mall\Storage\view\compile\2de049ed93926d6670b5e788c68c3e51.php (169).
[ 2016-06-06T08:28:17+08:00 ]NOTICE: Undefined index: listE:\wamp\www\Mall\Storage\view\compile\2de049ed93926d6670b5e788c68c3e51.php (169).
[ 2016-06-06T08:29:13+08:00 ]NOTICE: Undefined index: listE:\wamp\www\Mall\Storage\view\compile\2de049ed93926d6670b5e788c68c3e51.php (169).
[ 2016-06-06T08:29:13+08:00 ]NOTICE: Undefined index: listE:\wamp\www\Mall\Storage\view\compile\2de049ed93926d6670b5e788c68c3e51.php (169).
[ 2016-06-06T08:29:42+08:00 ]NOTICE: Undefined index: listE:\wamp\www\Mall\Storage\view\compile\2de049ed93926d6670b5e788c68c3e51.php (169).
[ 2016-06-06T08:29:42+08:00 ]NOTICE: Undefined index: listE:\wamp\www\Mall\Storage\view\compile\2de049ed93926d6670b5e788c68c3e51.php (169).
[ 2016-06-06T08:31:14+08:00 ]NOTICE: Undefined index: listE:\wamp\www\Mall\Storage\view\compile\2de049ed93926d6670b5e788c68c3e51.php (169).
[ 2016-06-06T08:31:14+08:00 ]NOTICE: Undefined index: listE:\wamp\www\Mall\Storage\view\compile\2de049ed93926d6670b5e788c68c3e51.php (169).
[ 2016-06-06T08:33:49+08:00 ]NOTICE: Undefined index: listE:\wamp\www\Mall\Storage\view\compile\2de049ed93926d6670b5e788c68c3e51.php (169).
[ 2016-06-06T08:33:49+08:00 ]NOTICE: Undefined index: listE:\wamp\www\Mall\Storage\view\compile\2de049ed93926d6670b5e788c68c3e51.php (169).
[ 2016-06-06T08:37:34+08:00 ]NOTICE: Undefined index: listE:\wamp\www\Mall\Storage\view\compile\2de049ed93926d6670b5e788c68c3e51.php (169).
[ 2016-06-06T08:37:34+08:00 ]NOTICE: Undefined index: listE:\wamp\www\Mall\Storage\view\compile\2de049ed93926d6670b5e788c68c3e51.php (169).
[ 2016-06-06T08:39:04+08:00 ]NOTICE: Invalid argument supplied for foreach()E:\wamp\www\Mall\Storage\view\compile\2de049ed93926d6670b5e788c68c3e51.php (164).
[ 2016-06-06T09:27:35+08:00 ]NOTICE: Undefined offset: 0E:\wamp\www\Mall\App\Home\Controller\ContentController.php (49).
[ 2016-06-06T09:27:35+08:00 ]NOTICE: Undefined index: listpicE:\wamp\www\Mall\App\Home\Controller\ContentController.php (51).
[ 2016-06-06T09:27:35+08:00 ]NOTICE: Undefined index: gnameE:\wamp\www\Mall\Storage\view\compile\2285f5ecd290c2ae060f2c24a56dc0d2.php (228).
[ 2016-06-06T09:27:35+08:00 ]NOTICE: Undefined index: gidE:\wamp\www\Mall\Storage\view\compile\2285f5ecd290c2ae060f2c24a56dc0d2.php (228).
[ 2016-06-06T09:27:35+08:00 ]NOTICE: Undefined index: gnameE:\wamp\www\Mall\Storage\view\compile\2285f5ecd290c2ae060f2c24a56dc0d2.php (229).
[ 2016-06-06T09:27:35+08:00 ]NOTICE: Undefined index: mpriceE:\wamp\www\Mall\Storage\view\compile\2285f5ecd290c2ae060f2c24a56dc0d2.php (238).
[ 2016-06-06T09:27:35+08:00 ]NOTICE: Undefined index: mpriceE:\wamp\www\Mall\Storage\view\compile\2285f5ecd290c2ae060f2c24a56dc0d2.php (238).
[ 2016-06-06T09:27:35+08:00 ]NOTICE: Undefined index: detailE:\wamp\www\Mall\Storage\view\compile\2285f5ecd290c2ae060f2c24a56dc0d2.php (683).
[ 2016-06-06T09:31:41+08:00 ]NOTICE: implode() [<a href='function.implode'>function.implode</a>]: Invalid arguments passedE:\wamp\www\Mall\App\Home\Controller\CartController.php (18).
[ 2016-06-06T09:32:06+08:00 ]NOTICE: implode() [<a href='function.implode'>function.implode</a>]: Invalid arguments passedE:\wamp\www\Mall\App\Home\Controller\CartController.php (18).
[ 2016-06-06T09:49:16+08:00 ]NOTICE: implode() [<a href='function.implode'>function.implode</a>]: Invalid arguments passedE:\wamp\www\Mall\App\Home\Controller\CartController.php (18).
[ 2016-06-06T09:50:20+08:00 ]NOTICE: implode() [<a href='function.implode'>function.implode</a>]: Invalid arguments passedE:\wamp\www\Mall\App\Home\Controller\CartController.php (19).
[ 2016-06-06T09:52:12+08:00 ]NOTICE: implode() [<a href='function.implode'>function.implode</a>]: Invalid arguments passedE:\wamp\www\Mall\App\Home\Controller\CartController.php (18).
[ 2016-06-06T09:52:30+08:00 ]NOTICE: implode() [<a href='function.implode'>function.implode</a>]: Invalid arguments passedE:\wamp\www\Mall\App\Home\Controller\CartController.php (18).
[ 2016-06-06T09:55:17+08:00 ]NOTICE: implode() [<a href='function.implode'>function.implode</a>]: Invalid arguments passedE:\wamp\www\Mall\App\Home\Controller\CartController.php (18).
[ 2016-06-06T10:00:34+08:00 ]NOTICE: implode() [<a href='function.implode'>function.implode</a>]: Invalid arguments passedE:\wamp\www\Mall\App\Home\Controller\CartController.php (18).
[ 2016-06-06T10:03:17+08:00 ]NOTICE: Invalid argument supplied for foreach()E:\wamp\www\Mall\Storage\view\compile\2de049ed93926d6670b5e788c68c3e51.php (164).
[ 2016-06-06T10:51:19+08:00 ]NOTICE: Undefined index: optonsE:\wamp\www\Mall\Storage\view\compile\2de049ed93926d6670b5e788c68c3e51.php (185).
[ 2016-06-06T11:45:03+08:00 ]EXCEPTION: SELECT  *  FROM goodsList WHERE goods_gid=7 AND grouppid=534,531 ;BindParams:array (
)42000;1064;You have an error in your SQL syntax; check the manual that corresponds to your MySQL server version for the right syntax to use near '531' at line 1
[ 2016-06-06T11:47:15+08:00 ]NOTICE: Undefined variable: vE:\wamp\www\Mall\App\Home\Controller\CartController.php (57).
[ 2016-06-06T11:47:15+08:00 ]NOTICE: Undefined variable: vE:\wamp\www\Mall\App\Home\Controller\CartController.php (57).
[ 2016-06-06T11:47:15+08:00 ]EXCEPTION: SELECT  *  FROM goodsList WHERE goods_gid= AND grouppid= ;BindParams:array (
)42000;1064;You have an error in your SQL syntax; check the manual that corresponds to your MySQL server version for the right syntax to use near 'AND grouppid=' at line 1
[ 2016-06-06T11:48:36+08:00 ]EXCEPTION: SELECT  *  FROM goodsList WHERE goods_gid=7 AND grouppid=534,531 ;BindParams:array (
)42000;1064;You have an error in your SQL syntax; check the manual that corresponds to your MySQL server version for the right syntax to use near '531' at line 1
[ 2016-06-06T11:49:08+08:00 ]EXCEPTION: SELECT  *  FROM goodsList WHERE goods_gid=7 AND grouppid=534,531 ;BindParams:array (
)42000;1064;You have an error in your SQL syntax; check the manual that corresponds to your MySQL server version for the right syntax to use near '531' at line 1
[ 2016-06-06T11:49:31+08:00 ]EXCEPTION: SELECT  *  FROM goodsList WHERE goods_gid=7 AND grouppid=534,531 ;BindParams:array (
)42000;1064;You have an error in your SQL syntax; check the manual that corresponds to your MySQL server version for the right syntax to use near '531' at line 1
[ 2016-06-06T11:53:38+08:00 ]EXCEPTION: SELECT  *  FROM goodsList WHERE goods_gid=7 AND grouppid=534,531 ;BindParams:array (
)42000;1064;You have an error in your SQL syntax; check the manual that corresponds to your MySQL server version for the right syntax to use near '531' at line 1
[ 2016-06-06T11:56:23+08:00 ]EXCEPTION: SELECT  *  FROM goodsList WHERE goods_gid=0 AND grouppid= ;BindParams:array (
)42000;1064;You have an error in your SQL syntax; check the manual that corresponds to your MySQL server version for the right syntax to use near '' at line 1
[ 2016-06-06T12:12:09+08:00 ]EXCEPTION: Method Home\Controller\CartController::delOne() does not exist
[ 2016-06-06T12:13:59+08:00 ]NOTICE: Invalid argument supplied for foreach()E:\wamp\www\Mall\Storage\view\compile\2de049ed93926d6670b5e788c68c3e51.php (164).
[ 2016-06-06T13:09:24+08:00 ]NOTICE: Invalid argument supplied for foreach()E:\wamp\www\Mall\Storage\view\compile\2de049ed93926d6670b5e788c68c3e51.php (164).
[ 2016-06-06T13:12:49+08:00 ]EXCEPTION: SELECT  *  FROM goodsList WHERE goods_gid=7 AND grouppid=534,531 ;BindParams:array (
)42000;1064;You have an error in your SQL syntax; check the manual that corresponds to your MySQL server version for the right syntax to use near '531' at line 1
[ 2016-06-06T13:14:05+08:00 ]EXCEPTION: SELECT  *  FROM goodsList WHERE goods_gid=7 AND 'grouppid'=534,531 ;BindParams:array (
)42000;1064;You have an error in your SQL syntax; check the manual that corresponds to your MySQL server version for the right syntax to use near '531' at line 1
[ 2016-06-06T13:33:43+08:00 ]EXCEPTION: SELECT  *  FROM goodsList WHERE goods_gid=7 and gpid in(534,531) ;BindParams:array (
)42S22;1054;Unknown column 'gpid' in 'where clause'
[ 2016-06-06T13:46:08+08:00 ]NOTICE: Undefined variable: dataE:\wamp\www\Mall\Storage\view\compile\b0cef37a0386a1faffd967a594ec1e7e.php (157).
[ 2016-06-06T13:46:08+08:00 ]NOTICE: Invalid argument supplied for foreach()E:\wamp\www\Mall\Storage\view\compile\b0cef37a0386a1faffd967a594ec1e7e.php (157).
[ 2016-06-06T13:50:35+08:00 ]NOTICE: Undefined index: pnameE:\wamp\www\Mall\Storage\view\compile\2de049ed93926d6670b5e788c68c3e51.php (196).
[ 2016-06-06T13:50:35+08:00 ]NOTICE: Undefined index: gpvalueE:\wamp\www\Mall\Storage\view\compile\2de049ed93926d6670b5e788c68c3e51.php (196).
[ 2016-06-06T13:50:35+08:00 ]NOTICE: Undefined index: pnameE:\wamp\www\Mall\Storage\view\compile\2de049ed93926d6670b5e788c68c3e51.php (196).
[ 2016-06-06T13:50:35+08:00 ]NOTICE: Undefined index: gpvalueE:\wamp\www\Mall\Storage\view\compile\2de049ed93926d6670b5e788c68c3e51.php (196).
[ 2016-06-06T13:50:35+08:00 ]NOTICE: Undefined index: pnameE:\wamp\www\Mall\Storage\view\compile\2de049ed93926d6670b5e788c68c3e51.php (196).
[ 2016-06-06T13:50:35+08:00 ]NOTICE: Undefined index: gpvalueE:\wamp\www\Mall\Storage\view\compile\2de049ed93926d6670b5e788c68c3e51.php (196).
[ 2016-06-06T13:50:35+08:00 ]NOTICE: Undefined index: pnameE:\wamp\www\Mall\Storage\view\compile\2de049ed93926d6670b5e788c68c3e51.php (196).
[ 2016-06-06T13:50:35+08:00 ]NOTICE: Undefined index: gpvalueE:\wamp\www\Mall\Storage\view\compile\2de049ed93926d6670b5e788c68c3e51.php (196).
[ 2016-06-06T13:50:35+08:00 ]NOTICE: Undefined index: pnameE:\wamp\www\Mall\Storage\view\compile\2de049ed93926d6670b5e788c68c3e51.php (196).
[ 2016-06-06T13:50:35+08:00 ]NOTICE: Undefined index: gpvalueE:\wamp\www\Mall\Storage\view\compile\2de049ed93926d6670b5e788c68c3e51.php (196).
[ 2016-06-06T13:50:35+08:00 ]NOTICE: Undefined index: pnameE:\wamp\www\Mall\Storage\view\compile\2de049ed93926d6670b5e788c68c3e51.php (196).
[ 2016-06-06T13:50:35+08:00 ]NOTICE: Undefined index: gpvalueE:\wamp\www\Mall\Storage\view\compile\2de049ed93926d6670b5e788c68c3e51.php (196).
[ 2016-06-06T13:56:33+08:00 ]NOTICE: Undefined index: panmeE:\wamp\www\Mall\Storage\view\compile\2de049ed93926d6670b5e788c68c3e51.php (200).
[ 2016-06-06T13:56:33+08:00 ]NOTICE: Undefined index: panmeE:\wamp\www\Mall\Storage\view\compile\2de049ed93926d6670b5e788c68c3e51.php (200).
[ 2016-06-06T13:56:33+08:00 ]NOTICE: Undefined index: panmeE:\wamp\www\Mall\Storage\view\compile\2de049ed93926d6670b5e788c68c3e51.php (200).
[ 2016-06-06T13:56:33+08:00 ]NOTICE: Undefined index: panmeE:\wamp\www\Mall\Storage\view\compile\2de049ed93926d6670b5e788c68c3e51.php (200).
[ 2016-06-06T13:56:33+08:00 ]NOTICE: Undefined index: panmeE:\wamp\www\Mall\Storage\view\compile\2de049ed93926d6670b5e788c68c3e51.php (200).
[ 2016-06-06T13:56:33+08:00 ]NOTICE: Undefined index: panmeE:\wamp\www\Mall\Storage\view\compile\2de049ed93926d6670b5e788c68c3e51.php (200).
[ 2016-06-06T14:10:58+08:00 ]NOTICE: Undefined index: sidE:\wamp\www\Mall\Storage\view\compile\2de049ed93926d6670b5e788c68c3e51.php (229).
[ 2016-06-06T14:10:58+08:00 ]NOTICE: Undefined index: sidE:\wamp\www\Mall\Storage\view\compile\2de049ed93926d6670b5e788c68c3e51.php (229).
[ 2016-06-06T14:10:58+08:00 ]NOTICE: Undefined index: sidE:\wamp\www\Mall\Storage\view\compile\2de049ed93926d6670b5e788c68c3e51.php (229).
[ 2016-06-06T14:10:58+08:00 ]NOTICE: Undefined index: sidE:\wamp\www\Mall\Storage\view\compile\2de049ed93926d6670b5e788c68c3e51.php (229).
[ 2016-06-06T14:13:17+08:00 ]NOTICE: Undefined index: sidE:\wamp\www\Mall\Storage\view\compile\2de049ed93926d6670b5e788c68c3e51.php (229).
[ 2016-06-06T14:13:17+08:00 ]NOTICE: Undefined index: sidE:\wamp\www\Mall\Storage\view\compile\2de049ed93926d6670b5e788c68c3e51.php (229).
[ 2016-06-06T14:13:17+08:00 ]NOTICE: Undefined index: sidE:\wamp\www\Mall\Storage\view\compile\2de049ed93926d6670b5e788c68c3e51.php (229).
[ 2016-06-06T14:13:17+08:00 ]NOTICE: Undefined index: sidE:\wamp\www\Mall\Storage\view\compile\2de049ed93926d6670b5e788c68c3e51.php (229).
[ 2016-06-06T14:14:33+08:00 ]NOTICE: Undefined index: sidE:\wamp\www\Mall\Storage\view\compile\2de049ed93926d6670b5e788c68c3e51.php (229).
[ 2016-06-06T14:14:33+08:00 ]NOTICE: Undefined index: sidE:\wamp\www\Mall\Storage\view\compile\2de049ed93926d6670b5e788c68c3e51.php (229).
[ 2016-06-06T14:14:33+08:00 ]NOTICE: Undefined index: sidE:\wamp\www\Mall\Storage\view\compile\2de049ed93926d6670b5e788c68c3e51.php (229).
[ 2016-06-06T14:14:33+08:00 ]NOTICE: Undefined index: sidE:\wamp\www\Mall\Storage\view\compile\2de049ed93926d6670b5e788c68c3e51.php (229).
[ 2016-06-06T14:14:54+08:00 ]NOTICE: Undefined index: sidE:\wamp\www\Mall\Storage\view\compile\2de049ed93926d6670b5e788c68c3e51.php (229).
[ 2016-06-06T14:14:54+08:00 ]NOTICE: Undefined index: sidE:\wamp\www\Mall\Storage\view\compile\2de049ed93926d6670b5e788c68c3e51.php (229).
[ 2016-06-06T14:14:54+08:00 ]NOTICE: Undefined index: sidE:\wamp\www\Mall\Storage\view\compile\2de049ed93926d6670b5e788c68c3e51.php (229).
[ 2016-06-06T14:14:55+08:00 ]NOTICE: Undefined index: sidE:\wamp\www\Mall\Storage\view\compile\2de049ed93926d6670b5e788c68c3e51.php (229).
[ 2016-06-06T14:15:05+08:00 ]NOTICE: Undefined index: sidE:\wamp\www\Mall\Storage\view\compile\2de049ed93926d6670b5e788c68c3e51.php (229).
[ 2016-06-06T14:15:05+08:00 ]NOTICE: Undefined index: sidE:\wamp\www\Mall\Storage\view\compile\2de049ed93926d6670b5e788c68c3e51.php (229).
[ 2016-06-06T14:15:05+08:00 ]NOTICE: Undefined index: sidE:\wamp\www\Mall\Storage\view\compile\2de049ed93926d6670b5e788c68c3e51.php (229).
[ 2016-06-06T14:15:05+08:00 ]NOTICE: Undefined index: sidE:\wamp\www\Mall\Storage\view\compile\2de049ed93926d6670b5e788c68c3e51.php (229).
[ 2016-06-06T14:16:50+08:00 ]NOTICE: array_merge() [<a href='function.array-merge'>function.array-merge</a>]: Argument #2 is not an arrayE:\wamp\www\Mall\Hdphp\Kernel\Functions.php (36).
[ 2016-06-06T14:16:50+08:00 ]NOTICE: http_build_query() [<a href='function.http-build-query'>function.http-build-query</a>]: Parameter 1 expected to be Array or Object.  Incorrect value givenE:\wamp\www\Mall\Hdphp\Kernel\Functions.php (36).
[ 2016-06-06T14:16:50+08:00 ]NOTICE: array_merge() [<a href='function.array-merge'>function.array-merge</a>]: Argument #2 is not an arrayE:\wamp\www\Mall\Hdphp\Kernel\Functions.php (36).
[ 2016-06-06T14:16:50+08:00 ]NOTICE: http_build_query() [<a href='function.http-build-query'>function.http-build-query</a>]: Parameter 1 expected to be Array or Object.  Incorrect value givenE:\wamp\www\Mall\Hdphp\Kernel\Functions.php (36).
[ 2016-06-06T14:16:50+08:00 ]NOTICE: array_merge() [<a href='function.array-merge'>function.array-merge</a>]: Argument #2 is not an arrayE:\wamp\www\Mall\Hdphp\Kernel\Functions.php (36).
[ 2016-06-06T14:16:50+08:00 ]NOTICE: http_build_query() [<a href='function.http-build-query'>function.http-build-query</a>]: Parameter 1 expected to be Array or Object.  Incorrect value givenE:\wamp\www\Mall\Hdphp\Kernel\Functions.php (36).
[ 2016-06-06T14:16:50+08:00 ]NOTICE: array_merge() [<a href='function.array-merge'>function.array-merge</a>]: Argument #2 is not an arrayE:\wamp\www\Mall\Hdphp\Kernel\Functions.php (36).
[ 2016-06-06T14:16:50+08:00 ]NOTICE: http_build_query() [<a href='function.http-build-query'>function.http-build-query</a>]: Parameter 1 expected to be Array or Object.  Incorrect value givenE:\wamp\www\Mall\Hdphp\Kernel\Functions.php (36).
[ 2016-06-06T14:26:10+08:00 ]NOTICE: Invalid argument supplied for foreach()E:\wamp\www\Mall\Storage\view\compile\2de049ed93926d6670b5e788c68c3e51.php (164).
[ 2016-06-06T14:44:35+08:00 ]NOTICE: Invalid argument supplied for foreach()E:\wamp\www\Mall\Storage\view\compile\2de049ed93926d6670b5e788c68c3e51.php (164).
[ 2016-06-06T15:31:15+08:00 ]EXCEPTION: Method Home\Controller\CartController::pluc() does not exist
[ 2016-06-06T15:31:18+08:00 ]EXCEPTION: Method Home\Controller\CartController::pluc() does not exist
[ 2016-06-06T15:31:22+08:00 ]EXCEPTION: Method Home\Controller\CartController::pluc() does not exist
[ 2016-06-06T15:32:10+08:00 ]EXCEPTION: Method Home\Controller\CartController::pluc() does not exist
[ 2016-06-06T15:32:14+08:00 ]EXCEPTION: Method Home\Controller\CartController::pluc() does not exist
[ 2016-06-06T15:32:18+08:00 ]EXCEPTION: Method Home\Controller\CartController::pluc() does not exist
[ 2016-06-06T15:36:12+08:00 ]EXCEPTION: Method Home\Controller\CartController::pluc() does not exist
[ 2016-06-06T15:36:15+08:00 ]EXCEPTION: Method Home\Controller\CartController::pluc() does not exist
[ 2016-06-06T15:37:11+08:00 ]EXCEPTION: Method Home\Controller\CartController::pluc() does not exist
[ 2016-06-06T15:37:14+08:00 ]EXCEPTION: Method Home\Controller\CartController::pluc() does not exist
[ 2016-06-06T15:37:17+08:00 ]EXCEPTION: Method Home\Controller\CartController::pluc() does not exist
[ 2016-06-06T15:38:08+08:00 ]EXCEPTION: Method Home\Controller\CartController::pluc() does not exist
[ 2016-06-06T15:38:10+08:00 ]EXCEPTION: Method Home\Controller\CartController::pluc() does not exist
[ 2016-06-06T15:40:46+08:00 ]EXCEPTION: Method Home\Controller\CartController::pluc() does not exist
[ 2016-06-06T15:40:49+08:00 ]EXCEPTION: Method Home\Controller\CartController::pluc() does not exist
[ 2016-06-06T15:40:53+08:00 ]EXCEPTION: Method Home\Controller\CartController::pluc() does not exist
[ 2016-06-06T15:42:45+08:00 ]EXCEPTION: Method Home\Controller\CartController::pluc() does not exist
[ 2016-06-06T15:42:56+08:00 ]EXCEPTION: Method Home\Controller\CartController::pluc() does not exist
[ 2016-06-06T15:43:16+08:00 ]EXCEPTION: Method Home\Controller\CartController::pluc() does not exist
[ 2016-06-06T15:45:23+08:00 ]EXCEPTION: Method Home\Controller\CartController::pluc() does not exist
[ 2016-06-06T15:45:37+08:00 ]EXCEPTION: Method Home\Controller\CartController::pluc() does not exist
[ 2016-06-06T15:45:43+08:00 ]EXCEPTION: Method Home\Controller\CartController::pluc() does not exist
[ 2016-06-06T15:45:49+08:00 ]EXCEPTION: Method Home\Controller\CartController::pluc() does not exist
[ 2016-06-06T15:46:46+08:00 ]EXCEPTION: Method Home\Controller\CartController::pluc() does not exist
[ 2016-06-06T15:46:50+08:00 ]EXCEPTION: Method Home\Controller\CartController::pluc() does not exist
[ 2016-06-06T15:59:16+08:00 ]EXCEPTION: Method Home\Controller\CartController::pluc() does not exist
[ 2016-06-06T15:59:19+08:00 ]EXCEPTION: Method Home\Controller\CartController::pluc() does not exist
[ 2016-06-06T15:59:47+08:00 ]EXCEPTION: Method Home\Controller\CartController::pluc() does not exist
[ 2016-06-06T15:59:50+08:00 ]EXCEPTION: Method Home\Controller\CartController::pluc() does not exist
[ 2016-06-06T15:59:53+08:00 ]EXCEPTION: Method Home\Controller\CartController::pluc() does not exist
[ 2016-06-06T16:01:08+08:00 ]EXCEPTION: Method Home\Controller\CartController::pluc() does not exist
[ 2016-06-06T16:01:11+08:00 ]EXCEPTION: Method Home\Controller\CartController::pluc() does not exist
[ 2016-06-06T16:01:16+08:00 ]EXCEPTION: Method Home\Controller\CartController::pluc() does not exist
[ 2016-06-06T16:05:13+08:00 ]EXCEPTION: Method Home\Controller\CartController::pluc() does not exist
[ 2016-06-06T16:05:24+08:00 ]EXCEPTION: Method Home\Controller\CartController::pluc() does not exist
[ 2016-06-06T16:05:33+08:00 ]EXCEPTION: Method Home\Controller\CartController::pluc() does not exist
[ 2016-06-06T16:07:49+08:00 ]EXCEPTION: Method Home\Controller\CartController::pluc() does not exist
[ 2016-06-06T16:08:20+08:00 ]EXCEPTION: Method Home\Controller\CartController::pluc() does not exist
[ 2016-06-06T17:48:13+08:00 ]NOTICE: Invalid argument supplied for foreach()E:\wamp\www\Mall\Storage\view\compile\2de049ed93926d6670b5e788c68c3e51.php (166).
[ 2016-06-06T19:00:15+08:00 ]NOTICE: Invalid argument supplied for foreach()E:\wamp\www\Mall\Storage\view\compile\2de049ed93926d6670b5e788c68c3e51.php (166).
[ 2016-06-06T19:17:55+08:00 ]NOTICE: Invalid argument supplied for foreach()E:\wamp\www\Mall\Storage\view\compile\2de049ed93926d6670b5e788c68c3e51.php (166).
[ 2016-06-06T19:22:53+08:00 ]NOTICE: Invalid argument supplied for foreach()E:\wamp\www\Mall\Storage\view\compile\2de049ed93926d6670b5e788c68c3e51.php (166).
[ 2016-06-06T19:53:27+08:00 ]NOTICE: Invalid argument supplied for foreach()E:\wamp\www\Mall\Storage\view\compile\2de049ed93926d6670b5e788c68c3e51.php (166).
[ 2016-06-06T20:18:25+08:00 ]NOTICE: Invalid argument supplied for foreach()E:\wamp\www\Mall\Storage\view\compile\2de049ed93926d6670b5e788c68c3e51.php (162).
[ 2016-06-06T20:29:08+08:00 ]NOTICE: Invalid argument supplied for foreach()E:\wamp\www\Mall\Storage\view\compile\2de049ed93926d6670b5e788c68c3e51.php (162).
[ 2016-06-06T21:15:47+08:00 ]EXCEPTION: Home\Controller\OrderController 不存在
