[ 2016-06-07T00:38:28+08:00 ]NOTICE: Invalid argument supplied for foreach()E:\wamp\www\Mall\Hdphp\Cart\Cart.php (108).
[ 2016-06-07T00:38:28+08:00 ]NOTICE: Invalid argument supplied for foreach()E:\wamp\www\Mall\Hdphp\Cart\Cart.php (108).
[ 2016-06-07T00:38:28+08:00 ]NOTICE: Invalid argument supplied for foreach()E:\wamp\www\Mall\Hdphp\Cart\Cart.php (132).
[ 2016-06-07T00:38:28+08:00 ]NOTICE: Invalid argument supplied for foreach()E:\wamp\www\Mall\Hdphp\Cart\Cart.php (132).
[ 2016-06-07T00:38:28+08:00 ]NOTICE: Invalid argument supplied for foreach()E:\wamp\www\Mall\Hdphp\Cart\Cart.php (147).
[ 2016-06-07T00:38:28+08:00 ]NOTICE: Invalid argument supplied for foreach()E:\wamp\www\Mall\Hdphp\Cart\Cart.php (147).
[ 2016-06-07T10:12:39+08:00 ]EXCEPTION: SELECT  *  FROM user WHERE username='admin' AND password='7215ee9c7d9dc229d2921a40e899ec5f' ;BindParams:array (
)42S02;1146;Table 'mall.user' doesn't exist
[ 2016-06-07T10:44:33+08:00 ]EXCEPTION: Home\Controller\LoginController 不存在
[ 2016-06-07T10:44:39+08:00 ]EXCEPTION: Home\Controller\LoginController 不存在
[ 2016-06-07T13:22:38+08:00 ]EXCEPTION: Method Home\Controller\RegController::add() does not exist
[ 2016-06-07T16:09:30+08:00 ]NOTICE: Undefined variable: userDataE:\wamp\www\Mall\App\Home\Controller\LoginController.php (30).
[ 2016-06-07T16:09:41+08:00 ]NOTICE: Undefined variable: userDataE:\wamp\www\Mall\App\Home\Controller\LoginController.php (30).
[ 2016-06-07T16:09:49+08:00 ]NOTICE: Undefined variable: userDataE:\wamp\www\Mall\App\Home\Controller\LoginController.php (30).
[ 2016-06-07T16:43:24+08:00 ]NOTICE: Undefined variable: userDataE:\wamp\www\Mall\App\Home\Controller\LoginController.php (30).
[ 2016-06-07T16:43:49+08:00 ]NOTICE: Undefined variable: userDataE:\wamp\www\Mall\App\Home\Controller\LoginController.php (30).
[ 2016-06-07T16:46:02+08:00 ]NOTICE: Undefined variable: userDataE:\wamp\www\Mall\App\Home\Controller\LoginController.php (30).
[ 2016-06-07T16:46:02+08:00 ]NOTICE: Undefined property: Home\Controller\LoginController::$modelE:\wamp\www\Mall\App\Home\Controller\LoginController.php (38).
[ 2016-06-07T16:46:49+08:00 ]NOTICE: Undefined variable: userDataE:\wamp\www\Mall\App\Home\Controller\LoginController.php (30).
[ 2016-06-07T16:47:25+08:00 ]NOTICE: Undefined variable: userDataE:\wamp\www\Mall\App\Home\Controller\LoginController.php (30).
[ 2016-06-07T16:47:29+08:00 ]NOTICE: Undefined variable: userDataE:\wamp\www\Mall\App\Home\Controller\LoginController.php (30).
[ 2016-06-07T16:47:32+08:00 ]NOTICE: Undefined variable: userDataE:\wamp\www\Mall\App\Home\Controller\LoginController.php (30).
[ 2016-06-07T16:51:29+08:00 ]NOTICE: Undefined variable: passwordE:\wamp\www\Mall\App\Home\Controller\LoginController.php (25).
[ 2016-06-07T16:51:29+08:00 ]EXCEPTION: SELECT  *  FROM client WHERE nickname='76' AND password='' ;BindParams:array (
)42S22;1054;Unknown column 'password' in 'where clause'
[ 2016-06-07T16:52:23+08:00 ]NOTICE: Undefined variable: passwordE:\wamp\www\Mall\App\Home\Controller\LoginController.php (25).
[ 2016-06-07T16:52:28+08:00 ]NOTICE: Undefined variable: passwordE:\wamp\www\Mall\App\Home\Controller\LoginController.php (25).
[ 2016-06-07T16:52:31+08:00 ]NOTICE: Undefined variable: passwordE:\wamp\www\Mall\App\Home\Controller\LoginController.php (25).
[ 2016-06-07T20:21:33+08:00 ]NOTICE: Undefined index: $sidE:\wamp\www\Mall\App\Home\Controller\OrderController.php (11).
[ 2016-06-07T20:22:17+08:00 ]NOTICE: Illegal offset typeE:\wamp\www\Mall\App\Home\Controller\OrderController.php (11).
[ 2016-06-07T20:27:46+08:00 ]NOTICE: Illegal offset typeE:\wamp\www\Mall\App\Home\Controller\OrderController.php (11).
[ 2016-06-07T20:28:29+08:00 ]NOTICE: Illegal offset typeE:\wamp\www\Mall\App\Home\Controller\OrderController.php (12).
[ 2016-06-07T20:39:58+08:00 ]NOTICE: Undefined index: 2452190,2452190E:\wamp\www\Mall\App\Home\Controller\OrderController.php (13).
[ 2016-06-07T20:39:58+08:00 ]NOTICE: Undefined index: 2452190,2452190E:\wamp\www\Mall\Storage\view\compile\27dfbd60d443b92731eb83c8a7886759.php (237).
[ 2016-06-07T20:39:58+08:00 ]NOTICE: Invalid argument supplied for foreach()E:\wamp\www\Mall\Storage\view\compile\27dfbd60d443b92731eb83c8a7886759.php (237).
[ 2016-06-07T20:49:51+08:00 ]NOTICE: Use of undefined constant data - assumed 'data'E:\wamp\www\Mall\Storage\view\compile\27dfbd60d443b92731eb83c8a7886759.php (236).
[ 2016-06-07T20:49:51+08:00 ]NOTICE: Invalid argument supplied for foreach()E:\wamp\www\Mall\Storage\view\compile\27dfbd60d443b92731eb83c8a7886759.php (236).
[ 2016-06-07T20:52:10+08:00 ]NOTICE: Undefined index: c5471626,5e25532bE:\wamp\www\Mall\App\Home\Controller\OrderController.php (12).
[ 2016-06-07T20:52:10+08:00 ]NOTICE: Invalid argument supplied for foreach()E:\wamp\www\Mall\Storage\view\compile\27dfbd60d443b92731eb83c8a7886759.php (236).
[ 2016-06-07T20:52:36+08:00 ]NOTICE: Illegal offset typeE:\wamp\www\Mall\App\Home\Controller\OrderController.php (11).
[ 2016-06-07T20:52:36+08:00 ]NOTICE: Invalid argument supplied for foreach()E:\wamp\www\Mall\Storage\view\compile\27dfbd60d443b92731eb83c8a7886759.php (236).
[ 2016-06-07T20:54:23+08:00 ]NOTICE: Undefined variable: dataE:\wamp\www\Mall\App\Home\Controller\OrderController.php (13).
[ 2016-06-07T20:54:23+08:00 ]NOTICE: Invalid argument supplied for foreach()E:\wamp\www\Mall\Storage\view\compile\27dfbd60d443b92731eb83c8a7886759.php (236).
[ 2016-06-07T21:06:08+08:00 ]NOTICE: in_array() expects parameter 2 to be array, boolean givenE:\wamp\www\Mall\App\Home\Controller\OrderController.php (13).
[ 2016-06-07T21:17:54+08:00 ]NOTICE: Undefined variable: dataE:\wamp\www\Mall\Storage\view\compile\27dfbd60d443b92731eb83c8a7886759.php (236).
[ 2016-06-07T21:17:54+08:00 ]NOTICE: Invalid argument supplied for foreach()E:\wamp\www\Mall\Storage\view\compile\27dfbd60d443b92731eb83c8a7886759.php (236).
[ 2016-06-07T21:18:15+08:00 ]NOTICE: Undefined variable: dataE:\wamp\www\Mall\Storage\view\compile\27dfbd60d443b92731eb83c8a7886759.php (236).
[ 2016-06-07T21:18:15+08:00 ]NOTICE: Invalid argument supplied for foreach()E:\wamp\www\Mall\Storage\view\compile\27dfbd60d443b92731eb83c8a7886759.php (236).
[ 2016-06-07T23:04:36+08:00 ]EXCEPTION: Method Home\Controller\OrderController::add() does not exist
