[ 2016-06-08T09:43:54+08:00 ]NOTICE: in_array() expects parameter 2 to be array, null givenE:\wamp\www\Mall\App\Home\Controller\OrderController.php (34).
[ 2016-06-08T09:43:54+08:00 ]NOTICE: in_array() expects parameter 2 to be array, null givenE:\wamp\www\Mall\App\Home\Controller\OrderController.php (34).
[ 2016-06-08T09:43:54+08:00 ]NOTICE: in_array() expects parameter 2 to be array, null givenE:\wamp\www\Mall\App\Home\Controller\OrderController.php (34).
[ 2016-06-08T09:44:50+08:00 ]NOTICE: in_array() expects parameter 2 to be array, null givenE:\wamp\www\Mall\App\Home\Controller\OrderController.php (35).
[ 2016-06-08T09:44:50+08:00 ]NOTICE: in_array() expects parameter 2 to be array, null givenE:\wamp\www\Mall\App\Home\Controller\OrderController.php (35).
[ 2016-06-08T09:45:35+08:00 ]NOTICE: in_array() expects parameter 2 to be array, null givenE:\wamp\www\Mall\App\Home\Controller\OrderController.php (36).
[ 2016-06-08T09:45:35+08:00 ]NOTICE: in_array() expects parameter 2 to be array, null givenE:\wamp\www\Mall\App\Home\Controller\OrderController.php (36).
[ 2016-06-08T10:01:30+08:00 ]NOTICE: Undefined index: total_rowsE:\wamp\www\Mall\Storage\view\compile\27dfbd60d443b92731eb83c8a7886759.php (48).
[ 2016-06-08T10:01:59+08:00 ]NOTICE: Undefined index: total_rowsE:\wamp\www\Mall\Storage\view\compile\27dfbd60d443b92731eb83c8a7886759.php (48).
[ 2016-06-08T10:28:52+08:00 ]NOTICE: Undefined index: total_rowsE:\wamp\www\Mall\Storage\view\compile\2de049ed93926d6670b5e788c68c3e51.php (49).
[ 2016-06-08T10:29:05+08:00 ]NOTICE: Undefined index: total_rowsE:\wamp\www\Mall\Storage\view\compile\27dfbd60d443b92731eb83c8a7886759.php (48).
[ 2016-06-08T10:29:34+08:00 ]NOTICE: Undefined index: total_rowsE:\wamp\www\Mall\Storage\view\compile\27dfbd60d443b92731eb83c8a7886759.php (48).
[ 2016-06-08T10:29:48+08:00 ]NOTICE: Undefined index: total_rowsE:\wamp\www\Mall\Storage\view\compile\2de049ed93926d6670b5e788c68c3e51.php (49).
[ 2016-06-08T10:59:00+08:00 ]NOTICE: Undefined index: cartsE:\wamp\www\Mall\Storage\view\compile\27dfbd60d443b92731eb83c8a7886759.php (48).
[ 2016-06-08T10:59:37+08:00 ]NOTICE: Undefined index: cartsE:\wamp\www\Mall\Storage\view\compile\27dfbd60d443b92731eb83c8a7886759.php (48).
[ 2016-06-08T11:52:34+08:00 ]NOTICE: in_array() expects parameter 2 to be array, null givenE:\wamp\www\Mall\App\Home\Controller\OrderController.php (35).
[ 2016-06-08T11:52:34+08:00 ]NOTICE: in_array() expects parameter 2 to be array, null givenE:\wamp\www\Mall\App\Home\Controller\OrderController.php (35).
[ 2016-06-08T11:52:34+08:00 ]NOTICE: Undefined index: 5e25532bE:\wamp\www\Mall\App\Home\Controller\OrderController.php (41).
[ 2016-06-08T11:53:08+08:00 ]NOTICE: in_array() expects parameter 2 to be array, null givenE:\wamp\www\Mall\App\Home\Controller\OrderController.php (35).
[ 2016-06-08T11:53:08+08:00 ]NOTICE: in_array() expects parameter 2 to be array, null givenE:\wamp\www\Mall\App\Home\Controller\OrderController.php (35).
[ 2016-06-08T11:53:08+08:00 ]NOTICE: Undefined index: 5e25532bE:\wamp\www\Mall\App\Home\Controller\OrderController.php (41).
[ 2016-06-08T14:08:26+08:00 ]NOTICE: Undefined index: cartE:\wamp\www\Mall\App\Home\Controller\OrderController.php (32).
[ 2016-06-08T14:08:26+08:00 ]NOTICE: Undefined index: cartE:\wamp\www\Mall\App\Home\Controller\OrderController.php (35).
[ 2016-06-08T14:08:26+08:00 ]NOTICE: Invalid argument supplied for foreach()E:\wamp\www\Mall\App\Home\Controller\OrderController.php (35).
[ 2016-06-08T14:08:26+08:00 ]NOTICE: Undefined index: nicknameE:\wamp\www\Mall\Storage\view\compile\27dfbd60d443b92731eb83c8a7886759.php (21).
[ 2016-06-08T14:08:26+08:00 ]NOTICE: Undefined index: cartE:\wamp\www\Mall\Storage\view\compile\27dfbd60d443b92731eb83c8a7886759.php (48).
[ 2016-06-08T14:08:26+08:00 ]NOTICE: Undefined index: clidE:\wamp\www\Mall\Storage\view\compile\27dfbd60d443b92731eb83c8a7886759.php (179).
[ 2016-06-08T14:08:26+08:00 ]NOTICE: Undefined variable: dataE:\wamp\www\Mall\Storage\view\compile\27dfbd60d443b92731eb83c8a7886759.php (209).
[ 2016-06-08T14:08:26+08:00 ]NOTICE: Invalid argument supplied for foreach()E:\wamp\www\Mall\Storage\view\compile\27dfbd60d443b92731eb83c8a7886759.php (209).
[ 2016-06-08T14:08:41+08:00 ]NOTICE: Undefined index: cartE:\wamp\www\Mall\App\Home\Controller\OrderController.php (35).
[ 2016-06-08T14:08:41+08:00 ]NOTICE: Invalid argument supplied for foreach()E:\wamp\www\Mall\App\Home\Controller\OrderController.php (35).
[ 2016-06-08T14:08:41+08:00 ]NOTICE: Undefined index: nicknameE:\wamp\www\Mall\Storage\view\compile\27dfbd60d443b92731eb83c8a7886759.php (21).
[ 2016-06-08T14:08:41+08:00 ]NOTICE: Undefined index: cartE:\wamp\www\Mall\Storage\view\compile\27dfbd60d443b92731eb83c8a7886759.php (48).
[ 2016-06-08T14:08:41+08:00 ]NOTICE: Undefined index: clidE:\wamp\www\Mall\Storage\view\compile\27dfbd60d443b92731eb83c8a7886759.php (179).
[ 2016-06-08T14:10:34+08:00 ]NOTICE: Undefined index: cartE:\wamp\www\Mall\App\Home\Controller\OrderController.php (36).
[ 2016-06-08T14:10:34+08:00 ]NOTICE: Invalid argument supplied for foreach()E:\wamp\www\Mall\App\Home\Controller\OrderController.php (36).
[ 2016-06-08T14:10:34+08:00 ]NOTICE: Undefined index: nicknameE:\wamp\www\Mall\Storage\view\compile\27dfbd60d443b92731eb83c8a7886759.php (21).
[ 2016-06-08T14:10:34+08:00 ]NOTICE: Undefined index: cartE:\wamp\www\Mall\Storage\view\compile\27dfbd60d443b92731eb83c8a7886759.php (48).
[ 2016-06-08T14:10:34+08:00 ]NOTICE: Undefined index: clidE:\wamp\www\Mall\Storage\view\compile\27dfbd60d443b92731eb83c8a7886759.php (179).
[ 2016-06-08T14:32:47+08:00 ]NOTICE: Undefined index: idE:\wamp\www\Mall\App\Home\Controller\OrderController.php (49).
[ 2016-06-08T14:32:47+08:00 ]EXCEPTION: SELECT  *  FROM goodslist INNER JOIN goods_property ON goods_gid = goods_gid WHERE gid= ;BindParams:array (
)42000;1064;You have an error in your SQL syntax; check the manual that corresponds to your MySQL server version for the right syntax to use near '' at line 1
[ 2016-06-08T14:36:23+08:00 ]NOTICE: Undefined index: idE:\wamp\www\Mall\Storage\view\compile\27dfbd60d443b92731eb83c8a7886759.php (244).
[ 2016-06-08T14:36:23+08:00 ]EXCEPTION: SELECT  *  FROM goodslist INNER JOIN goods_property ON goods_gid = goods_gid WHERE gid= ;BindParams:array (
)42000;1064;You have an error in your SQL syntax; check the manual that corresponds to your MySQL server version for the right syntax to use near '' at line 1
[ 2016-06-08T14:37:20+08:00 ]EXCEPTION: SELECT  *  FROM goodslist INNER JOIN goods_property ON goods_gid = goods_gid WHERE gid='2' ;BindParams:array (
)42S22;1054;Unknown column 'gid' in 'where clause'
[ 2016-06-08T14:37:40+08:00 ]EXCEPTION: SELECT  *  FROM goodslist INNER JOIN goods_property ON goods_gid = goods_gid WHERE id='2' ;BindParams:array (
)42S22;1054;Unknown column 'id' in 'where clause'
[ 2016-06-08T14:38:07+08:00 ]EXCEPTION: SELECT  *  FROM goodslist INNER JOIN goods_property ON goods_gid = goods_gid WHERE goods_gid='2' ;BindParams:array (
)23000;1052;Column 'goods_gid' in where clause is ambiguous
[ 2016-06-08T14:40:50+08:00 ]EXCEPTION: SELECT  *  FROM goodslist INNER JOIN goods_property ON goods_gid = goods_gid ;BindParams:array (
)23000;1052;Column 'goods_gid' in on clause is ambiguous
[ 2016-06-08T14:42:18+08:00 ]EXCEPTION: SELECT  *  FROM goodslist INNER JOIN goods_property ON goods_gid = goods_gid WHERE goods_gid=2 ;BindParams:array (
)23000;1052;Column 'goods_gid' in where clause is ambiguous
[ 2016-06-08T14:43:10+08:00 ]EXCEPTION: SELECT  *  FROM goodslist as g INNER JOIN goods_property as gp ON g.goods_gid = gp.goods_gid WHERE goods_gid=2 ;BindParams:array (
)23000;1052;Column 'goods_gid' in where clause is ambiguous
[ 2016-06-08T14:43:49+08:00 ]EXCEPTION: SELECT  *  FROM goodslist INNER JOIN goods_property ON goodslist.goods_gid = goods_property.goods_gid WHERE goods_gid=2 ;BindParams:array (
)23000;1052;Column 'goods_gid' in where clause is ambiguous
[ 2016-06-08T14:47:47+08:00 ]EXCEPTION: SELECT  *  FROM goodslist INNER JOIN goods_property ON goodslist.goods_gid = goods_property.goods_gid WHERE id=2 ;BindParams:array (
)42S22;1054;Unknown column 'id' in 'where clause'
[ 2016-06-08T14:48:27+08:00 ]EXCEPTION: SELECT  *  FROM goodslist INNER JOIN goods_property ON goodslist.goods_gid = goods_property.goods_gid WHERE id=2 ;BindParams:array (
)42S22;1054;Unknown column 'id' in 'where clause'
[ 2016-06-08T14:48:35+08:00 ]NOTICE: in_array() expects parameter 2 to be array, null givenE:\wamp\www\Mall\App\Home\Controller\OrderController.php (39).
[ 2016-06-08T14:48:35+08:00 ]NOTICE: in_array() expects parameter 2 to be array, null givenE:\wamp\www\Mall\App\Home\Controller\OrderController.php (39).
[ 2016-06-08T14:48:35+08:00 ]NOTICE: in_array() expects parameter 2 to be array, null givenE:\wamp\www\Mall\App\Home\Controller\OrderController.php (39).
[ 2016-06-08T14:48:43+08:00 ]NOTICE: in_array() expects parameter 2 to be array, null givenE:\wamp\www\Mall\App\Home\Controller\OrderController.php (39).
[ 2016-06-08T14:48:43+08:00 ]NOTICE: in_array() expects parameter 2 to be array, null givenE:\wamp\www\Mall\App\Home\Controller\OrderController.php (39).
[ 2016-06-08T14:48:43+08:00 ]NOTICE: in_array() expects parameter 2 to be array, null givenE:\wamp\www\Mall\App\Home\Controller\OrderController.php (39).
[ 2016-06-08T14:48:46+08:00 ]NOTICE: in_array() expects parameter 2 to be array, null givenE:\wamp\www\Mall\App\Home\Controller\OrderController.php (39).
[ 2016-06-08T14:48:46+08:00 ]NOTICE: in_array() expects parameter 2 to be array, null givenE:\wamp\www\Mall\App\Home\Controller\OrderController.php (39).
[ 2016-06-08T14:48:46+08:00 ]NOTICE: in_array() expects parameter 2 to be array, null givenE:\wamp\www\Mall\App\Home\Controller\OrderController.php (39).
[ 2016-06-08T14:49:20+08:00 ]EXCEPTION: SELECT  *  FROM goodslist INNER JOIN goods_property ON goodslist.goods_gid = goods_property.goods_gid WHERE id=2 ;BindParams:array (
)42S22;1054;Unknown column 'id' in 'where clause'
[ 2016-06-08T16:29:49+08:00 ]NOTICE: in_array() expects parameter 2 to be array, null givenE:\wamp\www\Mall\App\Home\Controller\OrderController.php (39).
[ 2016-06-08T16:29:49+08:00 ]NOTICE: in_array() expects parameter 2 to be array, null givenE:\wamp\www\Mall\App\Home\Controller\OrderController.php (39).
[ 2016-06-08T16:29:49+08:00 ]NOTICE: in_array() expects parameter 2 to be array, null givenE:\wamp\www\Mall\App\Home\Controller\OrderController.php (39).
[ 2016-06-08T21:46:24+08:00 ]NOTICE: Undefined index: cartE:\wamp\www\Mall\App\Home\Controller\OrderController.php (36).
[ 2016-06-08T21:46:24+08:00 ]NOTICE: Invalid argument supplied for foreach()E:\wamp\www\Mall\App\Home\Controller\OrderController.php (36).
[ 2016-06-08T21:46:24+08:00 ]NOTICE: Invalid argument supplied for foreach()E:\wamp\www\Mall\Hdphp\Cart\Cart.php (147).
[ 2016-06-08T21:46:24+08:00 ]NOTICE: Undefined index: nicknameE:\wamp\www\Mall\Storage\view\compile\27dfbd60d443b92731eb83c8a7886759.php (21).
[ 2016-06-08T21:46:24+08:00 ]NOTICE: Undefined index: clidE:\wamp\www\Mall\Storage\view\compile\27dfbd60d443b92731eb83c8a7886759.php (179).
