[ 2016-06-09T08:53:48+08:00 ]NOTICE: Undefined index: cartE:\wamp\www\Mall\App\Home\Controller\OrderController.php (36).
[ 2016-06-09T08:53:48+08:00 ]NOTICE: Invalid argument supplied for foreach()E:\wamp\www\Mall\App\Home\Controller\OrderController.php (36).
[ 2016-06-09T08:53:48+08:00 ]NOTICE: Invalid argument supplied for foreach()E:\wamp\www\Mall\Hdphp\Cart\Cart.php (147).
[ 2016-06-09T08:53:48+08:00 ]NOTICE: Undefined index: nicknameE:\wamp\www\Mall\Storage\view\compile\27dfbd60d443b92731eb83c8a7886759.php (21).
[ 2016-06-09T08:53:48+08:00 ]NOTICE: Undefined index: clidE:\wamp\www\Mall\Storage\view\compile\27dfbd60d443b92731eb83c8a7886759.php (194).
[ 2016-06-09T08:55:40+08:00 ]EXCEPTION: SELECT  *  FROM goods_property INNER JOIN property ON property_pid = pid WHERE gpid in() ORDER BY  pid ASC  ;BindParams:array (
)42000;1064;You have an error in your SQL syntax; check the manual that corresponds to your MySQL server version for the right syntax to use near ') ORDER BY  pid ASC' at line 1
[ 2016-06-09T09:50:39+08:00 ]NOTICE: in_array() expects parameter 2 to be array, null givenE:\wamp\www\Mall\App\Home\Controller\OrderController.php (39).
[ 2016-06-09T09:50:39+08:00 ]NOTICE: in_array() expects parameter 2 to be array, null givenE:\wamp\www\Mall\App\Home\Controller\OrderController.php (39).
[ 2016-06-09T09:50:39+08:00 ]NOTICE: in_array() expects parameter 2 to be array, null givenE:\wamp\www\Mall\App\Home\Controller\OrderController.php (39).
[ 2016-06-09T09:52:26+08:00 ]NOTICE: in_array() expects parameter 2 to be array, null givenE:\wamp\www\Mall\App\Home\Controller\OrderController.php (39).
[ 2016-06-09T09:52:26+08:00 ]NOTICE: in_array() expects parameter 2 to be array, null givenE:\wamp\www\Mall\App\Home\Controller\OrderController.php (39).
[ 2016-06-09T09:52:26+08:00 ]NOTICE: in_array() expects parameter 2 to be array, null givenE:\wamp\www\Mall\App\Home\Controller\OrderController.php (39).
[ 2016-06-09T09:53:08+08:00 ]NOTICE: in_array() expects parameter 2 to be array, null givenE:\wamp\www\Mall\App\Home\Controller\OrderController.php (39).
[ 2016-06-09T09:53:08+08:00 ]NOTICE: in_array() expects parameter 2 to be array, null givenE:\wamp\www\Mall\App\Home\Controller\OrderController.php (39).
[ 2016-06-09T09:53:08+08:00 ]NOTICE: in_array() expects parameter 2 to be array, null givenE:\wamp\www\Mall\App\Home\Controller\OrderController.php (39).
[ 2016-06-09T09:55:59+08:00 ]NOTICE: in_array() expects parameter 2 to be array, null givenE:\wamp\www\Mall\App\Home\Controller\OrderController.php (41).
[ 2016-06-09T09:55:59+08:00 ]NOTICE: in_array() expects parameter 2 to be array, null givenE:\wamp\www\Mall\App\Home\Controller\OrderController.php (41).
[ 2016-06-09T09:55:59+08:00 ]NOTICE: in_array() expects parameter 2 to be array, null givenE:\wamp\www\Mall\App\Home\Controller\OrderController.php (41).
[ 2016-06-09T09:58:17+08:00 ]NOTICE: in_array() expects parameter 2 to be array, null givenE:\wamp\www\Mall\App\Home\Controller\OrderController.php (41).
[ 2016-06-09T09:58:17+08:00 ]NOTICE: in_array() expects parameter 2 to be array, null givenE:\wamp\www\Mall\App\Home\Controller\OrderController.php (41).
[ 2016-06-09T09:58:17+08:00 ]NOTICE: in_array() expects parameter 2 to be array, null givenE:\wamp\www\Mall\App\Home\Controller\OrderController.php (41).
[ 2016-06-09T09:59:40+08:00 ]NOTICE: in_array() expects parameter 2 to be array, null givenE:\wamp\www\Mall\App\Home\Controller\OrderController.php (41).
[ 2016-06-09T09:59:40+08:00 ]NOTICE: in_array() expects parameter 2 to be array, null givenE:\wamp\www\Mall\App\Home\Controller\OrderController.php (41).
[ 2016-06-09T09:59:40+08:00 ]NOTICE: in_array() expects parameter 2 to be array, null givenE:\wamp\www\Mall\App\Home\Controller\OrderController.php (41).
[ 2016-06-09T10:01:43+08:00 ]NOTICE: in_array() expects parameter 2 to be array, null givenE:\wamp\www\Mall\App\Home\Controller\OrderController.php (43).
[ 2016-06-09T10:01:43+08:00 ]NOTICE: in_array() expects parameter 2 to be array, null givenE:\wamp\www\Mall\App\Home\Controller\OrderController.php (43).
[ 2016-06-09T10:01:43+08:00 ]NOTICE: in_array() expects parameter 2 to be array, null givenE:\wamp\www\Mall\App\Home\Controller\OrderController.php (43).
[ 2016-06-09T10:04:30+08:00 ]NOTICE: in_array() expects parameter 2 to be array, null givenE:\wamp\www\Mall\App\Home\Controller\OrderController.php (41).
[ 2016-06-09T10:04:30+08:00 ]NOTICE: in_array() expects parameter 2 to be array, null givenE:\wamp\www\Mall\App\Home\Controller\OrderController.php (41).
[ 2016-06-09T10:04:30+08:00 ]NOTICE: in_array() expects parameter 2 to be array, null givenE:\wamp\www\Mall\App\Home\Controller\OrderController.php (41).
[ 2016-06-09T10:04:30+08:00 ]NOTICE: Undefined index: consigneeE:\wamp\www\Mall\Storage\view\compile\27dfbd60d443b92731eb83c8a7886759.php (116).
[ 2016-06-09T10:04:30+08:00 ]NOTICE: Undefined index: provinceE:\wamp\www\Mall\Storage\view\compile\27dfbd60d443b92731eb83c8a7886759.php (119).
[ 2016-06-09T10:04:30+08:00 ]NOTICE: Undefined index: cityE:\wamp\www\Mall\Storage\view\compile\27dfbd60d443b92731eb83c8a7886759.php (119).
[ 2016-06-09T10:04:30+08:00 ]NOTICE: Undefined index: areaE:\wamp\www\Mall\Storage\view\compile\27dfbd60d443b92731eb83c8a7886759.php (119).
[ 2016-06-09T10:04:30+08:00 ]NOTICE: Undefined index: FullAddressE:\wamp\www\Mall\Storage\view\compile\27dfbd60d443b92731eb83c8a7886759.php (119).
[ 2016-06-09T10:04:30+08:00 ]NOTICE: Undefined index: rphoneE:\wamp\www\Mall\Storage\view\compile\27dfbd60d443b92731eb83c8a7886759.php (119).
[ 2016-06-09T10:09:15+08:00 ]NOTICE: in_array() expects parameter 2 to be array, null givenE:\wamp\www\Mall\App\Home\Controller\OrderController.php (41).
[ 2016-06-09T10:09:15+08:00 ]NOTICE: in_array() expects parameter 2 to be array, null givenE:\wamp\www\Mall\App\Home\Controller\OrderController.php (41).
[ 2016-06-09T10:09:15+08:00 ]NOTICE: in_array() expects parameter 2 to be array, null givenE:\wamp\www\Mall\App\Home\Controller\OrderController.php (41).
[ 2016-06-09T10:09:15+08:00 ]NOTICE: Undefined index: consigneeE:\wamp\www\Mall\Storage\view\compile\27dfbd60d443b92731eb83c8a7886759.php (116).
[ 2016-06-09T10:09:15+08:00 ]NOTICE: Use of undefined constant province - assumed 'province'E:\wamp\www\Mall\Storage\view\compile\27dfbd60d443b92731eb83c8a7886759.php (119).
[ 2016-06-09T10:09:15+08:00 ]NOTICE: Undefined index: cityE:\wamp\www\Mall\Storage\view\compile\27dfbd60d443b92731eb83c8a7886759.php (119).
[ 2016-06-09T10:09:15+08:00 ]NOTICE: Undefined index: areaE:\wamp\www\Mall\Storage\view\compile\27dfbd60d443b92731eb83c8a7886759.php (119).
[ 2016-06-09T10:09:15+08:00 ]NOTICE: Undefined index: FullAddressE:\wamp\www\Mall\Storage\view\compile\27dfbd60d443b92731eb83c8a7886759.php (119).
[ 2016-06-09T10:09:15+08:00 ]NOTICE: Undefined index: rphoneE:\wamp\www\Mall\Storage\view\compile\27dfbd60d443b92731eb83c8a7886759.php (119).
[ 2016-06-09T10:09:41+08:00 ]NOTICE: in_array() expects parameter 2 to be array, null givenE:\wamp\www\Mall\App\Home\Controller\OrderController.php (41).
[ 2016-06-09T10:09:41+08:00 ]NOTICE: in_array() expects parameter 2 to be array, null givenE:\wamp\www\Mall\App\Home\Controller\OrderController.php (41).
[ 2016-06-09T10:09:41+08:00 ]NOTICE: in_array() expects parameter 2 to be array, null givenE:\wamp\www\Mall\App\Home\Controller\OrderController.php (41).
[ 2016-06-09T10:09:41+08:00 ]NOTICE: Use of undefined constant consignee - assumed 'consignee'E:\wamp\www\Mall\Storage\view\compile\27dfbd60d443b92731eb83c8a7886759.php (116).
[ 2016-06-09T10:09:41+08:00 ]NOTICE: Use of undefined constant province - assumed 'province'E:\wamp\www\Mall\Storage\view\compile\27dfbd60d443b92731eb83c8a7886759.php (119).
[ 2016-06-09T10:09:41+08:00 ]NOTICE: Undefined index: cityE:\wamp\www\Mall\Storage\view\compile\27dfbd60d443b92731eb83c8a7886759.php (119).
[ 2016-06-09T10:09:41+08:00 ]NOTICE: Undefined index: areaE:\wamp\www\Mall\Storage\view\compile\27dfbd60d443b92731eb83c8a7886759.php (119).
[ 2016-06-09T10:09:41+08:00 ]NOTICE: Undefined index: FullAddressE:\wamp\www\Mall\Storage\view\compile\27dfbd60d443b92731eb83c8a7886759.php (119).
[ 2016-06-09T10:09:41+08:00 ]NOTICE: Undefined index: rphoneE:\wamp\www\Mall\Storage\view\compile\27dfbd60d443b92731eb83c8a7886759.php (119).
[ 2016-06-09T10:10:11+08:00 ]NOTICE: in_array() expects parameter 2 to be array, null givenE:\wamp\www\Mall\App\Home\Controller\OrderController.php (41).
[ 2016-06-09T10:10:11+08:00 ]NOTICE: in_array() expects parameter 2 to be array, null givenE:\wamp\www\Mall\App\Home\Controller\OrderController.php (41).
[ 2016-06-09T10:10:11+08:00 ]NOTICE: in_array() expects parameter 2 to be array, null givenE:\wamp\www\Mall\App\Home\Controller\OrderController.php (41).
[ 2016-06-09T10:10:22+08:00 ]NOTICE: in_array() expects parameter 2 to be array, null givenE:\wamp\www\Mall\App\Home\Controller\OrderController.php (41).
[ 2016-06-09T10:10:22+08:00 ]NOTICE: in_array() expects parameter 2 to be array, null givenE:\wamp\www\Mall\App\Home\Controller\OrderController.php (41).
[ 2016-06-09T10:10:22+08:00 ]NOTICE: in_array() expects parameter 2 to be array, null givenE:\wamp\www\Mall\App\Home\Controller\OrderController.php (41).
[ 2016-06-09T10:11:30+08:00 ]EXCEPTION: SELECT  *  FROM goods_property INNER JOIN property ON property_pid = pid WHERE gpid in() ORDER BY  pid ASC  ;BindParams:array (
)42000;1064;You have an error in your SQL syntax; check the manual that corresponds to your MySQL server version for the right syntax to use near ') ORDER BY  pid ASC' at line 1
[ 2016-06-09T10:11:56+08:00 ]EXCEPTION: SELECT  *  FROM goods_property INNER JOIN property ON property_pid = pid WHERE gpid in() ORDER BY  pid ASC  ;BindParams:array (
)42000;1064;You have an error in your SQL syntax; check the manual that corresponds to your MySQL server version for the right syntax to use near ') ORDER BY  pid ASC' at line 1
[ 2016-06-09T10:12:35+08:00 ]EXCEPTION: SELECT  *  FROM goods_property INNER JOIN property ON property_pid = pid WHERE gpid in() ORDER BY  pid ASC  ;BindParams:array (
)42000;1064;You have an error in your SQL syntax; check the manual that corresponds to your MySQL server version for the right syntax to use near ') ORDER BY  pid ASC' at line 1
[ 2016-06-09T10:12:46+08:00 ]NOTICE: in_array() expects parameter 2 to be array, null givenE:\wamp\www\Mall\App\Home\Controller\OrderController.php (41).
[ 2016-06-09T10:12:46+08:00 ]NOTICE: in_array() expects parameter 2 to be array, null givenE:\wamp\www\Mall\App\Home\Controller\OrderController.php (41).
[ 2016-06-09T10:12:46+08:00 ]NOTICE: in_array() expects parameter 2 to be array, null givenE:\wamp\www\Mall\App\Home\Controller\OrderController.php (41).
[ 2016-06-09T10:12:52+08:00 ]EXCEPTION: SELECT  *  FROM goods_property INNER JOIN property ON property_pid = pid WHERE gpid in() ORDER BY  pid ASC  ;BindParams:array (
)42000;1064;You have an error in your SQL syntax; check the manual that corresponds to your MySQL server version for the right syntax to use near ') ORDER BY  pid ASC' at line 1
[ 2016-06-09T10:21:45+08:00 ]EXCEPTION: SELECT  *  FROM goods_property INNER JOIN property ON property_pid = pid WHERE gpid in() ORDER BY  pid ASC  ;BindParams:array (
)42000;1064;You have an error in your SQL syntax; check the manual that corresponds to your MySQL server version for the right syntax to use near ') ORDER BY  pid ASC' at line 1
[ 2016-06-09T10:25:02+08:00 ]EXCEPTION: SELECT  *  FROM goods_property INNER JOIN property ON property_pid = pid WHERE gpid in() ORDER BY  pid ASC  ;BindParams:array (
)42000;1064;You have an error in your SQL syntax; check the manual that corresponds to your MySQL server version for the right syntax to use near ') ORDER BY  pid ASC' at line 1
[ 2016-06-09T10:30:17+08:00 ]EXCEPTION: SELECT  *  FROM goods_property INNER JOIN property ON property_pid = pid WHERE gpid in() ORDER BY  pid ASC  ;BindParams:array (
)42000;1064;You have an error in your SQL syntax; check the manual that corresponds to your MySQL server version for the right syntax to use near ') ORDER BY  pid ASC' at line 1
[ 2016-06-09T10:30:20+08:00 ]EXCEPTION: SELECT  *  FROM goods_property INNER JOIN property ON property_pid = pid WHERE gpid in() ORDER BY  pid ASC  ;BindParams:array (
)42000;1064;You have an error in your SQL syntax; check the manual that corresponds to your MySQL server version for the right syntax to use near ') ORDER BY  pid ASC' at line 1
[ 2016-06-09T10:30:23+08:00 ]EXCEPTION: SELECT  *  FROM goods_property INNER JOIN property ON property_pid = pid WHERE gpid in() ORDER BY  pid ASC  ;BindParams:array (
)42000;1064;You have an error in your SQL syntax; check the manual that corresponds to your MySQL server version for the right syntax to use near ') ORDER BY  pid ASC' at line 1
[ 2016-06-09T10:30:26+08:00 ]EXCEPTION: SELECT  gpid,gpvalue  FROM goodslist g INNER JOIN goods_property gp ON g.goods_gid = gp.goods_gid WHERE gpid in() AND g.goods_gid=6 ;BindParams:array (
)42000;1064;You have an error in your SQL syntax; check the manual that corresponds to your MySQL server version for the right syntax to use near ') AND g.goods_gid=6' at line 1
[ 2016-06-09T10:30:29+08:00 ]NOTICE: in_array() expects parameter 2 to be array, null givenE:\wamp\www\Mall\App\Home\Controller\OrderController.php (41).
[ 2016-06-09T10:30:29+08:00 ]NOTICE: in_array() expects parameter 2 to be array, null givenE:\wamp\www\Mall\App\Home\Controller\OrderController.php (41).
[ 2016-06-09T10:30:29+08:00 ]NOTICE: in_array() expects parameter 2 to be array, null givenE:\wamp\www\Mall\App\Home\Controller\OrderController.php (41).
[ 2016-06-09T10:31:22+08:00 ]NOTICE: in_array() expects parameter 2 to be array, null givenE:\wamp\www\Mall\App\Home\Controller\OrderController.php (41).
[ 2016-06-09T10:31:22+08:00 ]NOTICE: in_array() expects parameter 2 to be array, null givenE:\wamp\www\Mall\App\Home\Controller\OrderController.php (41).
[ 2016-06-09T10:31:22+08:00 ]NOTICE: in_array() expects parameter 2 to be array, null givenE:\wamp\www\Mall\App\Home\Controller\OrderController.php (41).
[ 2016-06-09T10:31:25+08:00 ]NOTICE: in_array() expects parameter 2 to be array, null givenE:\wamp\www\Mall\App\Home\Controller\OrderController.php (41).
[ 2016-06-09T10:31:25+08:00 ]NOTICE: in_array() expects parameter 2 to be array, null givenE:\wamp\www\Mall\App\Home\Controller\OrderController.php (41).
[ 2016-06-09T10:31:25+08:00 ]NOTICE: in_array() expects parameter 2 to be array, null givenE:\wamp\www\Mall\App\Home\Controller\OrderController.php (41).
[ 2016-06-09T10:31:50+08:00 ]NOTICE: in_array() expects parameter 2 to be array, null givenE:\wamp\www\Mall\App\Home\Controller\OrderController.php (41).
[ 2016-06-09T10:31:50+08:00 ]NOTICE: in_array() expects parameter 2 to be array, null givenE:\wamp\www\Mall\App\Home\Controller\OrderController.php (41).
[ 2016-06-09T10:31:50+08:00 ]NOTICE: in_array() expects parameter 2 to be array, null givenE:\wamp\www\Mall\App\Home\Controller\OrderController.php (41).
[ 2016-06-09T10:33:53+08:00 ]NOTICE: Undefined index: cartE:\wamp\www\Mall\Storage\view\compile\9c5abaaa6f02cf73c9209d43230d6294.php (51).
[ 2016-06-09T10:34:32+08:00 ]NOTICE: Undefined index: cartE:\wamp\www\Mall\Storage\view\compile\9c5abaaa6f02cf73c9209d43230d6294.php (51).
[ 2016-06-09T10:40:30+08:00 ]NOTICE: in_array() expects parameter 2 to be array, null givenE:\wamp\www\Mall\App\Home\Controller\OrderController.php (41).
[ 2016-06-09T10:40:30+08:00 ]NOTICE: in_array() expects parameter 2 to be array, null givenE:\wamp\www\Mall\App\Home\Controller\OrderController.php (41).
[ 2016-06-09T10:40:34+08:00 ]NOTICE: in_array() expects parameter 2 to be array, null givenE:\wamp\www\Mall\App\Home\Controller\OrderController.php (41).
[ 2016-06-09T10:40:34+08:00 ]NOTICE: in_array() expects parameter 2 to be array, null givenE:\wamp\www\Mall\App\Home\Controller\OrderController.php (41).
[ 2016-06-09T10:40:38+08:00 ]NOTICE: in_array() expects parameter 2 to be array, null givenE:\wamp\www\Mall\App\Home\Controller\OrderController.php (41).
[ 2016-06-09T10:40:38+08:00 ]NOTICE: in_array() expects parameter 2 to be array, null givenE:\wamp\www\Mall\App\Home\Controller\OrderController.php (41).
[ 2016-06-09T10:42:48+08:00 ]NOTICE: in_array() expects parameter 2 to be array, null givenE:\wamp\www\Mall\App\Home\Controller\OrderController.php (41).
[ 2016-06-09T10:42:48+08:00 ]NOTICE: in_array() expects parameter 2 to be array, null givenE:\wamp\www\Mall\App\Home\Controller\OrderController.php (41).
[ 2016-06-09T12:27:44+08:00 ]NOTICE: Undefined index: cartE:\wamp\www\Mall\App\Home\Controller\OrderController.php (38).
[ 2016-06-09T12:27:44+08:00 ]NOTICE: Invalid argument supplied for foreach()E:\wamp\www\Mall\App\Home\Controller\OrderController.php (38).
[ 2016-06-09T12:27:44+08:00 ]NOTICE: Invalid argument supplied for foreach()E:\wamp\www\Mall\Hdphp\Cart\Cart.php (147).
[ 2016-06-09T12:27:44+08:00 ]NOTICE: Undefined index: nicknameE:\wamp\www\Mall\Storage\view\compile\27dfbd60d443b92731eb83c8a7886759.php (21).
[ 2016-06-09T12:27:44+08:00 ]NOTICE: Undefined index: clidE:\wamp\www\Mall\Storage\view\compile\27dfbd60d443b92731eb83c8a7886759.php (195).
[ 2016-06-09T12:29:17+08:00 ]NOTICE: Undefined variable: kE:\wamp\www\Mall\Storage\view\compile\27dfbd60d443b92731eb83c8a7886759.php (267).
[ 2016-06-09T12:29:17+08:00 ]NOTICE: Undefined index: E:\wamp\www\Mall\Storage\view\compile\27dfbd60d443b92731eb83c8a7886759.php (267).
[ 2016-06-09T12:29:17+08:00 ]NOTICE: Undefined variable: kE:\wamp\www\Mall\Storage\view\compile\27dfbd60d443b92731eb83c8a7886759.php (267).
[ 2016-06-09T12:29:17+08:00 ]NOTICE: Undefined index: E:\wamp\www\Mall\Storage\view\compile\27dfbd60d443b92731eb83c8a7886759.php (267).
[ 2016-06-09T12:29:39+08:00 ]NOTICE: Undefined offset: 334E:\wamp\www\Mall\Storage\view\compile\27dfbd60d443b92731eb83c8a7886759.php (267).
[ 2016-06-09T12:29:39+08:00 ]NOTICE: Undefined offset: 334E:\wamp\www\Mall\Storage\view\compile\27dfbd60d443b92731eb83c8a7886759.php (267).
[ 2016-06-09T14:26:54+08:00 ]NOTICE: Undefined index: cartE:\wamp\www\Mall\App\Home\Controller\OrderController.php (39).
[ 2016-06-09T14:26:54+08:00 ]NOTICE: Invalid argument supplied for foreach()E:\wamp\www\Mall\App\Home\Controller\OrderController.php (39).
[ 2016-06-09T14:26:54+08:00 ]NOTICE: Invalid argument supplied for foreach()E:\wamp\www\Mall\Hdphp\Cart\Cart.php (147).
[ 2016-06-09T14:26:54+08:00 ]NOTICE: Undefined index: nicknameE:\wamp\www\Mall\Storage\view\compile\27dfbd60d443b92731eb83c8a7886759.php (21).
[ 2016-06-09T14:26:54+08:00 ]NOTICE: Undefined index: clidE:\wamp\www\Mall\Storage\view\compile\27dfbd60d443b92731eb83c8a7886759.php (195).
[ 2016-06-09T14:33:06+08:00 ]NOTICE: Undefined variable: newDataE:\wamp\www\Mall\Storage\view\compile\27dfbd60d443b92731eb83c8a7886759.php (114).
[ 2016-06-09T14:43:42+08:00 ]EXCEPTION: SELECT  *  FROM receiptaddress WHERE client_clid= ;BindParams:array (
)42000;1064;You have an error in your SQL syntax; check the manual that corresponds to your MySQL server version for the right syntax to use near '' at line 1
[ 2016-06-09T15:06:59+08:00 ]NOTICE: Undefined index: cartE:\wamp\www\Mall\Storage\view\compile\9c5abaaa6f02cf73c9209d43230d6294.php (51).
[ 2016-06-09T15:27:44+08:00 ]NOTICE: Undefined index: cartE:\wamp\www\Mall\Storage\view\compile\9c5abaaa6f02cf73c9209d43230d6294.php (56).
[ 2016-06-09T15:28:21+08:00 ]NOTICE: Undefined index: cartE:\wamp\www\Mall\Storage\view\compile\9c5abaaa6f02cf73c9209d43230d6294.php (56).
[ 2016-06-09T15:37:08+08:00 ]NOTICE: Undefined offset: 0E:\wamp\www\Mall\App\Home\Controller\ContentController.php (49).
[ 2016-06-09T15:37:08+08:00 ]NOTICE: Undefined index: listpicE:\wamp\www\Mall\App\Home\Controller\ContentController.php (51).
[ 2016-06-09T15:37:08+08:00 ]NOTICE: Undefined index: gnameE:\wamp\www\Mall\Storage\view\compile\2285f5ecd290c2ae060f2c24a56dc0d2.php (237).
[ 2016-06-09T15:37:08+08:00 ]NOTICE: Undefined index: gidE:\wamp\www\Mall\Storage\view\compile\2285f5ecd290c2ae060f2c24a56dc0d2.php (237).
[ 2016-06-09T15:37:08+08:00 ]NOTICE: Undefined index: gnameE:\wamp\www\Mall\Storage\view\compile\2285f5ecd290c2ae060f2c24a56dc0d2.php (238).
[ 2016-06-09T15:37:08+08:00 ]NOTICE: Undefined index: mpriceE:\wamp\www\Mall\Storage\view\compile\2285f5ecd290c2ae060f2c24a56dc0d2.php (247).
[ 2016-06-09T15:37:08+08:00 ]NOTICE: Undefined index: mpriceE:\wamp\www\Mall\Storage\view\compile\2285f5ecd290c2ae060f2c24a56dc0d2.php (247).
[ 2016-06-09T15:37:08+08:00 ]NOTICE: Undefined index: detailE:\wamp\www\Mall\Storage\view\compile\2285f5ecd290c2ae060f2c24a56dc0d2.php (692).
[ 2016-06-09T15:38:10+08:00 ]NOTICE: Undefined offset: 0E:\wamp\www\Mall\App\Home\Controller\ContentController.php (49).
[ 2016-06-09T15:38:10+08:00 ]NOTICE: Undefined index: listpicE:\wamp\www\Mall\App\Home\Controller\ContentController.php (51).
[ 2016-06-09T15:38:11+08:00 ]NOTICE: Undefined index: gnameE:\wamp\www\Mall\Storage\view\compile\2285f5ecd290c2ae060f2c24a56dc0d2.php (237).
[ 2016-06-09T15:38:11+08:00 ]NOTICE: Undefined index: gidE:\wamp\www\Mall\Storage\view\compile\2285f5ecd290c2ae060f2c24a56dc0d2.php (237).
[ 2016-06-09T15:38:11+08:00 ]NOTICE: Undefined index: gnameE:\wamp\www\Mall\Storage\view\compile\2285f5ecd290c2ae060f2c24a56dc0d2.php (238).
[ 2016-06-09T15:38:11+08:00 ]NOTICE: Undefined index: mpriceE:\wamp\www\Mall\Storage\view\compile\2285f5ecd290c2ae060f2c24a56dc0d2.php (247).
[ 2016-06-09T15:38:11+08:00 ]NOTICE: Undefined index: mpriceE:\wamp\www\Mall\Storage\view\compile\2285f5ecd290c2ae060f2c24a56dc0d2.php (247).
[ 2016-06-09T15:38:11+08:00 ]NOTICE: Undefined index: detailE:\wamp\www\Mall\Storage\view\compile\2285f5ecd290c2ae060f2c24a56dc0d2.php (692).
[ 2016-06-09T15:39:16+08:00 ]NOTICE: Undefined offset: 0E:\wamp\www\Mall\App\Home\Controller\ContentController.php (49).
[ 2016-06-09T15:39:16+08:00 ]NOTICE: Undefined index: listpicE:\wamp\www\Mall\App\Home\Controller\ContentController.php (51).
[ 2016-06-09T15:39:16+08:00 ]NOTICE: Undefined index: gnameE:\wamp\www\Mall\Storage\view\compile\2285f5ecd290c2ae060f2c24a56dc0d2.php (241).
[ 2016-06-09T15:39:16+08:00 ]NOTICE: Undefined index: gidE:\wamp\www\Mall\Storage\view\compile\2285f5ecd290c2ae060f2c24a56dc0d2.php (241).
[ 2016-06-09T15:39:16+08:00 ]NOTICE: Undefined index: gnameE:\wamp\www\Mall\Storage\view\compile\2285f5ecd290c2ae060f2c24a56dc0d2.php (242).
[ 2016-06-09T15:39:16+08:00 ]NOTICE: Undefined index: mpriceE:\wamp\www\Mall\Storage\view\compile\2285f5ecd290c2ae060f2c24a56dc0d2.php (251).
[ 2016-06-09T15:39:16+08:00 ]NOTICE: Undefined index: mpriceE:\wamp\www\Mall\Storage\view\compile\2285f5ecd290c2ae060f2c24a56dc0d2.php (251).
[ 2016-06-09T15:39:16+08:00 ]NOTICE: Undefined index: detailE:\wamp\www\Mall\Storage\view\compile\2285f5ecd290c2ae060f2c24a56dc0d2.php (696).
[ 2016-06-09T15:39:44+08:00 ]NOTICE: Undefined offset: 0E:\wamp\www\Mall\App\Home\Controller\ContentController.php (49).
[ 2016-06-09T15:39:44+08:00 ]NOTICE: Undefined index: listpicE:\wamp\www\Mall\App\Home\Controller\ContentController.php (51).
[ 2016-06-09T15:39:44+08:00 ]NOTICE: Undefined index: gnameE:\wamp\www\Mall\Storage\view\compile\2285f5ecd290c2ae060f2c24a56dc0d2.php (241).
[ 2016-06-09T15:39:44+08:00 ]NOTICE: Undefined index: gidE:\wamp\www\Mall\Storage\view\compile\2285f5ecd290c2ae060f2c24a56dc0d2.php (241).
[ 2016-06-09T15:39:44+08:00 ]NOTICE: Undefined index: gnameE:\wamp\www\Mall\Storage\view\compile\2285f5ecd290c2ae060f2c24a56dc0d2.php (242).
[ 2016-06-09T15:39:44+08:00 ]NOTICE: Undefined index: mpriceE:\wamp\www\Mall\Storage\view\compile\2285f5ecd290c2ae060f2c24a56dc0d2.php (251).
[ 2016-06-09T15:39:44+08:00 ]NOTICE: Undefined index: mpriceE:\wamp\www\Mall\Storage\view\compile\2285f5ecd290c2ae060f2c24a56dc0d2.php (251).
[ 2016-06-09T15:39:44+08:00 ]NOTICE: Undefined index: detailE:\wamp\www\Mall\Storage\view\compile\2285f5ecd290c2ae060f2c24a56dc0d2.php (696).
[ 2016-06-09T15:39:48+08:00 ]NOTICE: Undefined offset: 0E:\wamp\www\Mall\App\Home\Controller\ContentController.php (49).
[ 2016-06-09T15:39:48+08:00 ]NOTICE: Undefined index: listpicE:\wamp\www\Mall\App\Home\Controller\ContentController.php (51).
[ 2016-06-09T15:39:48+08:00 ]NOTICE: Undefined index: gnameE:\wamp\www\Mall\Storage\view\compile\2285f5ecd290c2ae060f2c24a56dc0d2.php (241).
[ 2016-06-09T15:39:48+08:00 ]NOTICE: Undefined index: gidE:\wamp\www\Mall\Storage\view\compile\2285f5ecd290c2ae060f2c24a56dc0d2.php (241).
[ 2016-06-09T15:39:48+08:00 ]NOTICE: Undefined index: gnameE:\wamp\www\Mall\Storage\view\compile\2285f5ecd290c2ae060f2c24a56dc0d2.php (242).
[ 2016-06-09T15:39:48+08:00 ]NOTICE: Undefined index: mpriceE:\wamp\www\Mall\Storage\view\compile\2285f5ecd290c2ae060f2c24a56dc0d2.php (251).
[ 2016-06-09T15:39:48+08:00 ]NOTICE: Undefined index: mpriceE:\wamp\www\Mall\Storage\view\compile\2285f5ecd290c2ae060f2c24a56dc0d2.php (251).
[ 2016-06-09T15:39:48+08:00 ]NOTICE: Undefined index: detailE:\wamp\www\Mall\Storage\view\compile\2285f5ecd290c2ae060f2c24a56dc0d2.php (696).
[ 2016-06-09T15:39:52+08:00 ]NOTICE: Undefined offset: 0E:\wamp\www\Mall\App\Home\Controller\ContentController.php (49).
[ 2016-06-09T15:39:52+08:00 ]NOTICE: Undefined index: listpicE:\wamp\www\Mall\App\Home\Controller\ContentController.php (51).
[ 2016-06-09T15:39:52+08:00 ]NOTICE: Undefined index: gnameE:\wamp\www\Mall\Storage\view\compile\2285f5ecd290c2ae060f2c24a56dc0d2.php (241).
[ 2016-06-09T15:39:52+08:00 ]NOTICE: Undefined index: gidE:\wamp\www\Mall\Storage\view\compile\2285f5ecd290c2ae060f2c24a56dc0d2.php (241).
[ 2016-06-09T15:39:52+08:00 ]NOTICE: Undefined index: gnameE:\wamp\www\Mall\Storage\view\compile\2285f5ecd290c2ae060f2c24a56dc0d2.php (242).
[ 2016-06-09T15:39:52+08:00 ]NOTICE: Undefined index: mpriceE:\wamp\www\Mall\Storage\view\compile\2285f5ecd290c2ae060f2c24a56dc0d2.php (251).
[ 2016-06-09T15:39:52+08:00 ]NOTICE: Undefined index: mpriceE:\wamp\www\Mall\Storage\view\compile\2285f5ecd290c2ae060f2c24a56dc0d2.php (251).
[ 2016-06-09T15:39:52+08:00 ]NOTICE: Undefined index: detailE:\wamp\www\Mall\Storage\view\compile\2285f5ecd290c2ae060f2c24a56dc0d2.php (696).
[ 2016-06-09T15:40:54+08:00 ]NOTICE: Undefined offset: 0E:\wamp\www\Mall\App\Home\Controller\ContentController.php (49).
[ 2016-06-09T15:40:54+08:00 ]NOTICE: Undefined index: listpicE:\wamp\www\Mall\App\Home\Controller\ContentController.php (51).
[ 2016-06-09T15:40:54+08:00 ]NOTICE: Undefined index: gnameE:\wamp\www\Mall\Storage\view\compile\2285f5ecd290c2ae060f2c24a56dc0d2.php (241).
[ 2016-06-09T15:40:54+08:00 ]NOTICE: Undefined index: gidE:\wamp\www\Mall\Storage\view\compile\2285f5ecd290c2ae060f2c24a56dc0d2.php (241).
[ 2016-06-09T15:40:54+08:00 ]NOTICE: Undefined index: gnameE:\wamp\www\Mall\Storage\view\compile\2285f5ecd290c2ae060f2c24a56dc0d2.php (242).
[ 2016-06-09T15:40:54+08:00 ]NOTICE: Undefined index: mpriceE:\wamp\www\Mall\Storage\view\compile\2285f5ecd290c2ae060f2c24a56dc0d2.php (251).
[ 2016-06-09T15:40:54+08:00 ]NOTICE: Undefined index: mpriceE:\wamp\www\Mall\Storage\view\compile\2285f5ecd290c2ae060f2c24a56dc0d2.php (251).
[ 2016-06-09T15:40:54+08:00 ]NOTICE: Undefined index: detailE:\wamp\www\Mall\Storage\view\compile\2285f5ecd290c2ae060f2c24a56dc0d2.php (696).
[ 2016-06-09T15:41:08+08:00 ]NOTICE: Undefined offset: 0E:\wamp\www\Mall\App\Home\Controller\ContentController.php (49).
[ 2016-06-09T15:41:08+08:00 ]NOTICE: Undefined index: listpicE:\wamp\www\Mall\App\Home\Controller\ContentController.php (51).
[ 2016-06-09T15:41:08+08:00 ]NOTICE: Undefined index: gnameE:\wamp\www\Mall\Storage\view\compile\2285f5ecd290c2ae060f2c24a56dc0d2.php (241).
[ 2016-06-09T15:41:08+08:00 ]NOTICE: Undefined index: gidE:\wamp\www\Mall\Storage\view\compile\2285f5ecd290c2ae060f2c24a56dc0d2.php (241).
[ 2016-06-09T15:41:08+08:00 ]NOTICE: Undefined index: gnameE:\wamp\www\Mall\Storage\view\compile\2285f5ecd290c2ae060f2c24a56dc0d2.php (242).
[ 2016-06-09T15:41:08+08:00 ]NOTICE: Undefined index: mpriceE:\wamp\www\Mall\Storage\view\compile\2285f5ecd290c2ae060f2c24a56dc0d2.php (251).
[ 2016-06-09T15:41:08+08:00 ]NOTICE: Undefined index: mpriceE:\wamp\www\Mall\Storage\view\compile\2285f5ecd290c2ae060f2c24a56dc0d2.php (251).
[ 2016-06-09T15:41:08+08:00 ]NOTICE: Undefined index: detailE:\wamp\www\Mall\Storage\view\compile\2285f5ecd290c2ae060f2c24a56dc0d2.php (696).
[ 2016-06-09T15:41:10+08:00 ]NOTICE: Undefined offset: 0E:\wamp\www\Mall\App\Home\Controller\ContentController.php (49).
[ 2016-06-09T15:41:10+08:00 ]NOTICE: Undefined index: listpicE:\wamp\www\Mall\App\Home\Controller\ContentController.php (51).
[ 2016-06-09T15:41:11+08:00 ]NOTICE: Undefined index: gnameE:\wamp\www\Mall\Storage\view\compile\2285f5ecd290c2ae060f2c24a56dc0d2.php (241).
[ 2016-06-09T15:41:11+08:00 ]NOTICE: Undefined index: gidE:\wamp\www\Mall\Storage\view\compile\2285f5ecd290c2ae060f2c24a56dc0d2.php (241).
[ 2016-06-09T15:41:11+08:00 ]NOTICE: Undefined index: gnameE:\wamp\www\Mall\Storage\view\compile\2285f5ecd290c2ae060f2c24a56dc0d2.php (242).
[ 2016-06-09T15:41:11+08:00 ]NOTICE: Undefined index: mpriceE:\wamp\www\Mall\Storage\view\compile\2285f5ecd290c2ae060f2c24a56dc0d2.php (251).
[ 2016-06-09T15:41:11+08:00 ]NOTICE: Undefined index: mpriceE:\wamp\www\Mall\Storage\view\compile\2285f5ecd290c2ae060f2c24a56dc0d2.php (251).
[ 2016-06-09T15:41:11+08:00 ]NOTICE: Undefined index: detailE:\wamp\www\Mall\Storage\view\compile\2285f5ecd290c2ae060f2c24a56dc0d2.php (696).
[ 2016-06-09T15:41:34+08:00 ]NOTICE: Undefined offset: 0E:\wamp\www\Mall\App\Home\Controller\ContentController.php (49).
[ 2016-06-09T15:41:34+08:00 ]NOTICE: Undefined index: listpicE:\wamp\www\Mall\App\Home\Controller\ContentController.php (51).
[ 2016-06-09T15:41:34+08:00 ]NOTICE: Undefined index: gnameE:\wamp\www\Mall\Storage\view\compile\2285f5ecd290c2ae060f2c24a56dc0d2.php (241).
[ 2016-06-09T15:41:34+08:00 ]NOTICE: Undefined index: gidE:\wamp\www\Mall\Storage\view\compile\2285f5ecd290c2ae060f2c24a56dc0d2.php (241).
[ 2016-06-09T15:41:34+08:00 ]NOTICE: Undefined index: gnameE:\wamp\www\Mall\Storage\view\compile\2285f5ecd290c2ae060f2c24a56dc0d2.php (242).
[ 2016-06-09T15:41:34+08:00 ]NOTICE: Undefined index: mpriceE:\wamp\www\Mall\Storage\view\compile\2285f5ecd290c2ae060f2c24a56dc0d2.php (251).
[ 2016-06-09T15:41:34+08:00 ]NOTICE: Undefined index: mpriceE:\wamp\www\Mall\Storage\view\compile\2285f5ecd290c2ae060f2c24a56dc0d2.php (251).
[ 2016-06-09T15:41:34+08:00 ]NOTICE: Undefined index: detailE:\wamp\www\Mall\Storage\view\compile\2285f5ecd290c2ae060f2c24a56dc0d2.php (696).
[ 2016-06-09T16:27:55+08:00 ]NOTICE: Use of undefined constant clid - assumed 'clid'E:\wamp\www\Mall\Storage\view\compile\27dfbd60d443b92731eb83c8a7886759.php (130).
[ 2016-06-09T16:27:55+08:00 ]NOTICE: Undefined index: clidE:\wamp\www\Mall\Storage\view\compile\27dfbd60d443b92731eb83c8a7886759.php (130).
[ 2016-06-09T16:27:55+08:00 ]NOTICE: Use of undefined constant clid - assumed 'clid'E:\wamp\www\Mall\Storage\view\compile\27dfbd60d443b92731eb83c8a7886759.php (130).
[ 2016-06-09T16:27:55+08:00 ]NOTICE: Undefined index: clidE:\wamp\www\Mall\Storage\view\compile\27dfbd60d443b92731eb83c8a7886759.php (130).
[ 2016-06-09T16:27:55+08:00 ]NOTICE: Use of undefined constant clid - assumed 'clid'E:\wamp\www\Mall\Storage\view\compile\27dfbd60d443b92731eb83c8a7886759.php (130).
[ 2016-06-09T16:27:55+08:00 ]NOTICE: Undefined index: clidE:\wamp\www\Mall\Storage\view\compile\27dfbd60d443b92731eb83c8a7886759.php (130).
[ 2016-06-09T16:28:27+08:00 ]NOTICE: Use of undefined constant clid - assumed 'clid'E:\wamp\www\Mall\Storage\view\compile\27dfbd60d443b92731eb83c8a7886759.php (130).
[ 2016-06-09T16:28:27+08:00 ]NOTICE: Use of undefined constant clid - assumed 'clid'E:\wamp\www\Mall\Storage\view\compile\27dfbd60d443b92731eb83c8a7886759.php (130).
[ 2016-06-09T16:28:27+08:00 ]NOTICE: Use of undefined constant clid - assumed 'clid'E:\wamp\www\Mall\Storage\view\compile\27dfbd60d443b92731eb83c8a7886759.php (130).
[ 2016-06-09T16:28:45+08:00 ]NOTICE: Use of undefined constant client_clid - assumed 'client_clid'E:\wamp\www\Mall\Storage\view\compile\27dfbd60d443b92731eb83c8a7886759.php (130).
[ 2016-06-09T16:28:45+08:00 ]NOTICE: Use of undefined constant client_clid - assumed 'client_clid'E:\wamp\www\Mall\Storage\view\compile\27dfbd60d443b92731eb83c8a7886759.php (130).
[ 2016-06-09T16:28:45+08:00 ]NOTICE: Use of undefined constant client_clid - assumed 'client_clid'E:\wamp\www\Mall\Storage\view\compile\27dfbd60d443b92731eb83c8a7886759.php (130).
[ 2016-06-09T16:41:02+08:00 ]NOTICE: in_array() expects parameter 2 to be array, null givenE:\wamp\www\Mall\App\Home\Controller\OrderController.php (40).
[ 2016-06-09T16:41:02+08:00 ]NOTICE: in_array() expects parameter 2 to be array, null givenE:\wamp\www\Mall\App\Home\Controller\OrderController.php (40).
[ 2016-06-09T16:41:35+08:00 ]NOTICE: in_array() expects parameter 2 to be array, null givenE:\wamp\www\Mall\App\Home\Controller\OrderController.php (40).
[ 2016-06-09T16:41:35+08:00 ]NOTICE: in_array() expects parameter 2 to be array, null givenE:\wamp\www\Mall\App\Home\Controller\OrderController.php (40).
[ 2016-06-09T16:58:24+08:00 ]NOTICE: in_array() expects parameter 2 to be array, null givenE:\wamp\www\Mall\App\Home\Controller\OrderController.php (40).
[ 2016-06-09T16:58:24+08:00 ]NOTICE: in_array() expects parameter 2 to be array, null givenE:\wamp\www\Mall\App\Home\Controller\OrderController.php (40).
[ 2016-06-09T17:03:38+08:00 ]NOTICE: in_array() expects parameter 2 to be array, null givenE:\wamp\www\Mall\App\Home\Controller\OrderController.php (40).
[ 2016-06-09T17:03:38+08:00 ]NOTICE: in_array() expects parameter 2 to be array, null givenE:\wamp\www\Mall\App\Home\Controller\OrderController.php (40).
[ 2016-06-09T17:03:53+08:00 ]NOTICE: in_array() expects parameter 2 to be array, null givenE:\wamp\www\Mall\App\Home\Controller\OrderController.php (40).
[ 2016-06-09T17:03:53+08:00 ]NOTICE: in_array() expects parameter 2 to be array, null givenE:\wamp\www\Mall\App\Home\Controller\OrderController.php (40).
[ 2016-06-09T17:03:59+08:00 ]NOTICE: in_array() expects parameter 2 to be array, null givenE:\wamp\www\Mall\App\Home\Controller\OrderController.php (40).
[ 2016-06-09T17:03:59+08:00 ]NOTICE: in_array() expects parameter 2 to be array, null givenE:\wamp\www\Mall\App\Home\Controller\OrderController.php (40).
[ 2016-06-09T17:09:36+08:00 ]NOTICE: in_array() expects parameter 2 to be array, null givenE:\wamp\www\Mall\App\Home\Controller\OrderController.php (40).
[ 2016-06-09T17:09:36+08:00 ]NOTICE: in_array() expects parameter 2 to be array, null givenE:\wamp\www\Mall\App\Home\Controller\OrderController.php (40).
[ 2016-06-09T17:12:56+08:00 ]NOTICE: in_array() expects parameter 2 to be array, null givenE:\wamp\www\Mall\App\Home\Controller\OrderController.php (40).
[ 2016-06-09T17:12:56+08:00 ]NOTICE: in_array() expects parameter 2 to be array, null givenE:\wamp\www\Mall\App\Home\Controller\OrderController.php (40).
[ 2016-06-09T17:14:17+08:00 ]NOTICE: in_array() expects parameter 2 to be array, null givenE:\wamp\www\Mall\App\Home\Controller\OrderController.php (40).
[ 2016-06-09T17:14:17+08:00 ]NOTICE: in_array() expects parameter 2 to be array, null givenE:\wamp\www\Mall\App\Home\Controller\OrderController.php (40).
[ 2016-06-09T17:14:27+08:00 ]NOTICE: in_array() expects parameter 2 to be array, null givenE:\wamp\www\Mall\App\Home\Controller\OrderController.php (40).
[ 2016-06-09T17:14:27+08:00 ]NOTICE: in_array() expects parameter 2 to be array, null givenE:\wamp\www\Mall\App\Home\Controller\OrderController.php (40).
[ 2016-06-09T19:25:44+08:00 ]NOTICE: in_array() expects parameter 2 to be array, null givenE:\wamp\www\Mall\App\Home\Controller\OrderController.php (73).
[ 2016-06-09T19:25:44+08:00 ]NOTICE: in_array() expects parameter 2 to be array, null givenE:\wamp\www\Mall\App\Home\Controller\OrderController.php (73).
[ 2016-06-09T19:25:45+08:00 ]NOTICE: in_array() expects parameter 2 to be array, null givenE:\wamp\www\Mall\App\Home\Controller\OrderController.php (48).
[ 2016-06-09T19:25:45+08:00 ]NOTICE: in_array() expects parameter 2 to be array, null givenE:\wamp\www\Mall\App\Home\Controller\OrderController.php (48).
[ 2016-06-09T20:43:41+08:00 ]EXCEPTION: INSERT INTO order (`riseTime`)VALUES(?) ;BindParams:array (
  0 => 1465476221,
)42000;1064;You have an error in your SQL syntax; check the manual that corresponds to your MySQL server version for the right syntax to use near 'order (`riseTime`)VALUES('1465476221')' at line 1
[ 2016-06-09T20:45:12+08:00 ]EXCEPTION: INSERT INTO order (`riseTime`)VALUES(?) ;BindParams:array (
  0 => 1465476312,
)42000;1064;You have an error in your SQL syntax; check the manual that corresponds to your MySQL server version for the right syntax to use near 'order (`riseTime`)VALUES('1465476312')' at line 1
[ 2016-06-09T20:47:31+08:00 ]EXCEPTION: INSERT INTO order (`riseTime`)VALUES(?) ;BindParams:array (
  0 => 1465476451,
)42000;1064;You have an error in your SQL syntax; check the manual that corresponds to your MySQL server version for the right syntax to use near 'order (`riseTime`)VALUES('1465476451')' at line 1
[ 2016-06-09T21:06:49+08:00 ]NOTICE: Illegal offset typeE:\wamp\www\Mall\App\Common\Model\Order.php (24).
[ 2016-06-09T21:18:45+08:00 ]NOTICE: Illegal offset typeE:\wamp\www\Mall\App\Common\Model\Order.php (24).
[ 2016-06-09T21:24:21+08:00 ]NOTICE: Illegal offset typeE:\wamp\www\Mall\App\Common\Model\Order.php (24).
[ 2016-06-09T21:27:35+08:00 ]NOTICE: Illegal offset typeE:\wamp\www\Mall\App\Common\Model\Order.php (24).
[ 2016-06-09T21:28:11+08:00 ]NOTICE: Undefined index: $sidE:\wamp\www\Mall\App\Common\Model\Order.php (24).
[ 2016-06-09T21:28:47+08:00 ]NOTICE: Illegal offset typeE:\wamp\www\Mall\App\Common\Model\Order.php (25).
[ 2016-06-09T21:31:40+08:00 ]NOTICE: Invalid argument supplied for foreach()E:\wamp\www\Mall\Storage\view\compile\27dfbd60d443b92731eb83c8a7886759.php (274).
[ 2016-06-09T21:33:09+08:00 ]NOTICE: Undefined variable: dataE:\wamp\www\Mall\App\Home\Controller\OrderController.php (59).
[ 2016-06-09T21:33:09+08:00 ]NOTICE: Invalid argument supplied for foreach()E:\wamp\www\Mall\Storage\view\compile\27dfbd60d443b92731eb83c8a7886759.php (233).
[ 2016-06-09T21:33:51+08:00 ]NOTICE: Undefined variable: dataE:\wamp\www\Mall\Storage\view\compile\27dfbd60d443b92731eb83c8a7886759.php (233).
[ 2016-06-09T21:33:51+08:00 ]NOTICE: Invalid argument supplied for foreach()E:\wamp\www\Mall\Storage\view\compile\27dfbd60d443b92731eb83c8a7886759.php (233).
[ 2016-06-09T21:34:05+08:00 ]NOTICE: Undefined variable: dataE:\wamp\www\Mall\Storage\view\compile\27dfbd60d443b92731eb83c8a7886759.php (233).
[ 2016-06-09T21:34:05+08:00 ]NOTICE: Invalid argument supplied for foreach()E:\wamp\www\Mall\Storage\view\compile\27dfbd60d443b92731eb83c8a7886759.php (233).
[ 2016-06-09T21:35:56+08:00 ]NOTICE: Undefined variable: dataE:\wamp\www\Mall\Storage\view\compile\27dfbd60d443b92731eb83c8a7886759.php (233).
[ 2016-06-09T21:35:56+08:00 ]NOTICE: Invalid argument supplied for foreach()E:\wamp\www\Mall\Storage\view\compile\27dfbd60d443b92731eb83c8a7886759.php (233).
[ 2016-06-09T21:38:59+08:00 ]NOTICE: Undefined variable: dataE:\wamp\www\Mall\App\Home\Controller\OrderController.php (44).
[ 2016-06-09T21:38:59+08:00 ]NOTICE: Invalid argument supplied for foreach()E:\wamp\www\Mall\Storage\view\compile\27dfbd60d443b92731eb83c8a7886759.php (233).
[ 2016-06-09T21:39:16+08:00 ]NOTICE: Undefined variable: dataE:\wamp\www\Mall\App\Home\Controller\OrderController.php (44).
[ 2016-06-09T21:39:16+08:00 ]NOTICE: Invalid argument supplied for foreach()E:\wamp\www\Mall\Storage\view\compile\27dfbd60d443b92731eb83c8a7886759.php (233).
[ 2016-06-09T21:39:40+08:00 ]NOTICE: Undefined variable: dataE:\wamp\www\Mall\Storage\view\compile\27dfbd60d443b92731eb83c8a7886759.php (233).
[ 2016-06-09T21:39:40+08:00 ]NOTICE: Invalid argument supplied for foreach()E:\wamp\www\Mall\Storage\view\compile\27dfbd60d443b92731eb83c8a7886759.php (233).
[ 2016-06-09T21:47:13+08:00 ]NOTICE: Undefined variable: dataE:\wamp\www\Mall\Storage\view\compile\27dfbd60d443b92731eb83c8a7886759.php (233).
[ 2016-06-09T21:47:13+08:00 ]NOTICE: Invalid argument supplied for foreach()E:\wamp\www\Mall\Storage\view\compile\27dfbd60d443b92731eb83c8a7886759.php (233).
[ 2016-06-09T22:02:40+08:00 ]NOTICE: Undefined variable: dataE:\wamp\www\Mall\Storage\view\compile\27dfbd60d443b92731eb83c8a7886759.php (233).
[ 2016-06-09T22:02:40+08:00 ]NOTICE: Invalid argument supplied for foreach()E:\wamp\www\Mall\Storage\view\compile\27dfbd60d443b92731eb83c8a7886759.php (233).
[ 2016-06-09T22:04:44+08:00 ]NOTICE: Undefined variable: dataE:\wamp\www\Mall\Storage\view\compile\27dfbd60d443b92731eb83c8a7886759.php (233).
[ 2016-06-09T22:04:44+08:00 ]NOTICE: Invalid argument supplied for foreach()E:\wamp\www\Mall\Storage\view\compile\27dfbd60d443b92731eb83c8a7886759.php (233).
[ 2016-06-09T22:10:01+08:00 ]NOTICE: Undefined variable: dataE:\wamp\www\Mall\Storage\view\compile\27dfbd60d443b92731eb83c8a7886759.php (233).
[ 2016-06-09T22:10:01+08:00 ]NOTICE: Invalid argument supplied for foreach()E:\wamp\www\Mall\Storage\view\compile\27dfbd60d443b92731eb83c8a7886759.php (233).
[ 2016-06-09T22:20:13+08:00 ]NOTICE: Undefined variable: dataE:\wamp\www\Mall\Storage\view\compile\27dfbd60d443b92731eb83c8a7886759.php (233).
[ 2016-06-09T22:20:13+08:00 ]NOTICE: Invalid argument supplied for foreach()E:\wamp\www\Mall\Storage\view\compile\27dfbd60d443b92731eb83c8a7886759.php (233).
[ 2016-06-09T22:23:17+08:00 ]NOTICE: Undefined variable: dataE:\wamp\www\Mall\Storage\view\compile\27dfbd60d443b92731eb83c8a7886759.php (233).
[ 2016-06-09T22:23:17+08:00 ]NOTICE: Invalid argument supplied for foreach()E:\wamp\www\Mall\Storage\view\compile\27dfbd60d443b92731eb83c8a7886759.php (233).
[ 2016-06-09T22:43:35+08:00 ]EXCEPTION: INSERT INTO order (`orderNumber`,`gname`)VALUES(?,?) ;BindParams:array (
  0 => 'F0609834158287633',
  1 => '【顺丰包邮】戴尔 Inspiron 灵越 14 3000（INS14CD-4518B）',
)42000;1064;You have an error in your SQL syntax; check the manual that corresponds to your MySQL server version for the right syntax to use near 'order (`orderNumber`,`gname`)VALUES('F0609834158287633','【顺丰包邮】戴' at line 1
[ 2016-06-09T22:46:52+08:00 ]EXCEPTION: INSERT INTO order (`orderNumber`,`gname`)VALUES(?,?) ;BindParams:array (
  0 => 'F0609836121709760',
  1 => '【顺丰包邮】戴尔 Inspiron 灵越 14 3000（INS14CD-4518B）',
)42000;1064;You have an error in your SQL syntax; check the manual that corresponds to your MySQL server version for the right syntax to use near 'order (`orderNumber`,`gname`)VALUES('F0609836121709760','【顺丰包邮】戴' at line 1
[ 2016-06-09T22:48:19+08:00 ]EXCEPTION: INSERT INTO order (`orderNumber`,`gname`)VALUES(?,?) ;BindParams:array (
  0 => 2,
  1 => '【顺丰包邮】戴尔 Inspiron 灵越 14 3000（INS14CD-4518B）',
)42000;1064;You have an error in your SQL syntax; check the manual that corresponds to your MySQL server version for the right syntax to use near 'order (`orderNumber`,`gname`)VALUES('2','【顺丰包邮】戴尔 Inspiron 灵' at line 1
[ 2016-06-09T22:48:39+08:00 ]EXCEPTION: INSERT INTO order (`orderNumber`,`gname`)VALUES(?,?) ;BindParams:array (
  0 => 2,
  1 => 3,
)42000;1064;You have an error in your SQL syntax; check the manual that corresponds to your MySQL server version for the right syntax to use near 'order (`orderNumber`,`gname`)VALUES('2','3')' at line 1
[ 2016-06-09T22:48:59+08:00 ]EXCEPTION: INSERT INTO order (`orderNumber`,`gname`)VALUES(?,?) ;BindParams:array (
  0 => '2',
  1 => '3',
)42000;1064;You have an error in your SQL syntax; check the manual that corresponds to your MySQL server version for the right syntax to use near 'order (`orderNumber`,`gname`)VALUES('2','3')' at line 1
[ 2016-06-09T23:00:58+08:00 ]EXCEPTION: INSERT INTO orders (`orderNumber`,`gname`)VALUES(?,?) ;BindParams:array (
  0 => '2',
  1 => '3',
)42S22;1054;Unknown column 'gname' in 'field list'
