[ 2016-06-10T00:40:13+08:00 ]NOTICE: Invalid argument supplied for foreach()E:\wamp\www\Mall\Hdphp\Cart\Cart.php (147).
[ 2016-06-10T00:40:13+08:00 ]NOTICE: Undefined index: nicknameE:\wamp\www\Mall\Storage\view\compile\27dfbd60d443b92731eb83c8a7886759.php (21).
[ 2016-06-10T00:40:13+08:00 ]NOTICE: Undefined index: clidE:\wamp\www\Mall\Storage\view\compile\27dfbd60d443b92731eb83c8a7886759.php (203).
[ 2016-06-10T00:40:13+08:00 ]NOTICE: Undefined variable: dataE:\wamp\www\Mall\Storage\view\compile\27dfbd60d443b92731eb83c8a7886759.php (233).
[ 2016-06-10T00:40:13+08:00 ]NOTICE: Invalid argument supplied for foreach()E:\wamp\www\Mall\Storage\view\compile\27dfbd60d443b92731eb83c8a7886759.php (233).
[ 2016-06-10T00:49:01+08:00 ]NOTICE: Undefined variable: dataE:\wamp\www\Mall\Storage\view\compile\27dfbd60d443b92731eb83c8a7886759.php (233).
[ 2016-06-10T00:49:01+08:00 ]NOTICE: Invalid argument supplied for foreach()E:\wamp\www\Mall\Storage\view\compile\27dfbd60d443b92731eb83c8a7886759.php (233).
[ 2016-06-10T01:04:28+08:00 ]NOTICE: Undefined variable: dataE:\wamp\www\Mall\Storage\view\compile\27dfbd60d443b92731eb83c8a7886759.php (233).
[ 2016-06-10T01:04:28+08:00 ]NOTICE: Invalid argument supplied for foreach()E:\wamp\www\Mall\Storage\view\compile\27dfbd60d443b92731eb83c8a7886759.php (233).
[ 2016-06-10T01:05:52+08:00 ]NOTICE: Undefined variable: dataE:\wamp\www\Mall\Storage\view\compile\27dfbd60d443b92731eb83c8a7886759.php (233).
[ 2016-06-10T01:05:52+08:00 ]NOTICE: Invalid argument supplied for foreach()E:\wamp\www\Mall\Storage\view\compile\27dfbd60d443b92731eb83c8a7886759.php (233).
[ 2016-06-10T01:06:51+08:00 ]NOTICE: Undefined variable: dataE:\wamp\www\Mall\Storage\view\compile\27dfbd60d443b92731eb83c8a7886759.php (233).
[ 2016-06-10T01:06:51+08:00 ]NOTICE: Invalid argument supplied for foreach()E:\wamp\www\Mall\Storage\view\compile\27dfbd60d443b92731eb83c8a7886759.php (233).
[ 2016-06-10T08:51:05+08:00 ]NOTICE: Undefined variable: dataE:\wamp\www\Mall\Storage\view\compile\27dfbd60d443b92731eb83c8a7886759.php (233).
[ 2016-06-10T08:51:05+08:00 ]NOTICE: Invalid argument supplied for foreach()E:\wamp\www\Mall\Storage\view\compile\27dfbd60d443b92731eb83c8a7886759.php (233).
[ 2016-06-10T08:59:49+08:00 ]NOTICE: Undefined variable: dataE:\wamp\www\Mall\Storage\view\compile\27dfbd60d443b92731eb83c8a7886759.php (233).
[ 2016-06-10T08:59:49+08:00 ]NOTICE: Invalid argument supplied for foreach()E:\wamp\www\Mall\Storage\view\compile\27dfbd60d443b92731eb83c8a7886759.php (233).
[ 2016-06-10T09:00:38+08:00 ]NOTICE: Undefined variable: dataE:\wamp\www\Mall\Storage\view\compile\27dfbd60d443b92731eb83c8a7886759.php (233).
[ 2016-06-10T09:00:38+08:00 ]NOTICE: Invalid argument supplied for foreach()E:\wamp\www\Mall\Storage\view\compile\27dfbd60d443b92731eb83c8a7886759.php (233).
[ 2016-06-10T09:04:19+08:00 ]NOTICE: Undefined variable: dataE:\wamp\www\Mall\Storage\view\compile\27dfbd60d443b92731eb83c8a7886759.php (233).
[ 2016-06-10T09:04:19+08:00 ]NOTICE: Invalid argument supplied for foreach()E:\wamp\www\Mall\Storage\view\compile\27dfbd60d443b92731eb83c8a7886759.php (233).
[ 2016-06-10T09:05:00+08:00 ]NOTICE: Undefined variable: dataE:\wamp\www\Mall\Storage\view\compile\27dfbd60d443b92731eb83c8a7886759.php (233).
[ 2016-06-10T09:05:00+08:00 ]NOTICE: Invalid argument supplied for foreach()E:\wamp\www\Mall\Storage\view\compile\27dfbd60d443b92731eb83c8a7886759.php (233).
[ 2016-06-10T09:08:16+08:00 ]NOTICE: Use of undefined constant time - assumed 'time'E:\wamp\www\Mall\App\Common\Model\Order.php (46).
[ 2016-06-10T09:10:38+08:00 ]NOTICE: Undefined variable: dataE:\wamp\www\Mall\Storage\view\compile\27dfbd60d443b92731eb83c8a7886759.php (233).
[ 2016-06-10T09:10:38+08:00 ]NOTICE: Invalid argument supplied for foreach()E:\wamp\www\Mall\Storage\view\compile\27dfbd60d443b92731eb83c8a7886759.php (233).
[ 2016-06-10T09:11:43+08:00 ]NOTICE: Undefined variable: dataE:\wamp\www\Mall\Storage\view\compile\27dfbd60d443b92731eb83c8a7886759.php (233).
[ 2016-06-10T09:11:43+08:00 ]NOTICE: Invalid argument supplied for foreach()E:\wamp\www\Mall\Storage\view\compile\27dfbd60d443b92731eb83c8a7886759.php (233).
[ 2016-06-10T09:11:58+08:00 ]NOTICE: Undefined variable: dataE:\wamp\www\Mall\Storage\view\compile\27dfbd60d443b92731eb83c8a7886759.php (233).
[ 2016-06-10T09:11:58+08:00 ]NOTICE: Invalid argument supplied for foreach()E:\wamp\www\Mall\Storage\view\compile\27dfbd60d443b92731eb83c8a7886759.php (233).
[ 2016-06-10T09:12:22+08:00 ]NOTICE: Undefined variable: dataE:\wamp\www\Mall\Storage\view\compile\27dfbd60d443b92731eb83c8a7886759.php (233).
[ 2016-06-10T09:12:22+08:00 ]NOTICE: Invalid argument supplied for foreach()E:\wamp\www\Mall\Storage\view\compile\27dfbd60d443b92731eb83c8a7886759.php (233).
[ 2016-06-10T09:13:05+08:00 ]NOTICE: Undefined variable: dataE:\wamp\www\Mall\Storage\view\compile\27dfbd60d443b92731eb83c8a7886759.php (233).
[ 2016-06-10T09:13:05+08:00 ]NOTICE: Invalid argument supplied for foreach()E:\wamp\www\Mall\Storage\view\compile\27dfbd60d443b92731eb83c8a7886759.php (233).
[ 2016-06-10T09:13:25+08:00 ]NOTICE: Undefined variable: dataE:\wamp\www\Mall\Storage\view\compile\27dfbd60d443b92731eb83c8a7886759.php (233).
[ 2016-06-10T09:13:25+08:00 ]NOTICE: Invalid argument supplied for foreach()E:\wamp\www\Mall\Storage\view\compile\27dfbd60d443b92731eb83c8a7886759.php (233).
[ 2016-06-10T09:14:09+08:00 ]NOTICE: Undefined variable: dataE:\wamp\www\Mall\Storage\view\compile\27dfbd60d443b92731eb83c8a7886759.php (233).
[ 2016-06-10T09:14:09+08:00 ]NOTICE: Invalid argument supplied for foreach()E:\wamp\www\Mall\Storage\view\compile\27dfbd60d443b92731eb83c8a7886759.php (233).
[ 2016-06-10T09:15:39+08:00 ]NOTICE: Undefined variable: dataE:\wamp\www\Mall\Storage\view\compile\27dfbd60d443b92731eb83c8a7886759.php (233).
[ 2016-06-10T09:15:39+08:00 ]NOTICE: Invalid argument supplied for foreach()E:\wamp\www\Mall\Storage\view\compile\27dfbd60d443b92731eb83c8a7886759.php (233).
[ 2016-06-10T09:16:37+08:00 ]NOTICE: Undefined variable: dataE:\wamp\www\Mall\Storage\view\compile\27dfbd60d443b92731eb83c8a7886759.php (233).
[ 2016-06-10T09:16:37+08:00 ]NOTICE: Invalid argument supplied for foreach()E:\wamp\www\Mall\Storage\view\compile\27dfbd60d443b92731eb83c8a7886759.php (233).
[ 2016-06-10T09:39:31+08:00 ]NOTICE: Undefined variable: dataE:\wamp\www\Mall\Storage\view\compile\27dfbd60d443b92731eb83c8a7886759.php (233).
[ 2016-06-10T09:39:31+08:00 ]NOTICE: Invalid argument supplied for foreach()E:\wamp\www\Mall\Storage\view\compile\27dfbd60d443b92731eb83c8a7886759.php (233).
[ 2016-06-10T09:44:42+08:00 ]NOTICE: Undefined variable: dataE:\wamp\www\Mall\Storage\view\compile\27dfbd60d443b92731eb83c8a7886759.php (233).
[ 2016-06-10T09:44:42+08:00 ]NOTICE: Invalid argument supplied for foreach()E:\wamp\www\Mall\Storage\view\compile\27dfbd60d443b92731eb83c8a7886759.php (233).
[ 2016-06-10T09:54:04+08:00 ]NOTICE: Undefined variable: dataE:\wamp\www\Mall\Storage\view\compile\27dfbd60d443b92731eb83c8a7886759.php (233).
[ 2016-06-10T09:54:04+08:00 ]NOTICE: Invalid argument supplied for foreach()E:\wamp\www\Mall\Storage\view\compile\27dfbd60d443b92731eb83c8a7886759.php (233).
[ 2016-06-10T09:55:09+08:00 ]NOTICE: Undefined variable: dataE:\wamp\www\Mall\Storage\view\compile\27dfbd60d443b92731eb83c8a7886759.php (233).
[ 2016-06-10T09:55:09+08:00 ]NOTICE: Invalid argument supplied for foreach()E:\wamp\www\Mall\Storage\view\compile\27dfbd60d443b92731eb83c8a7886759.php (233).
[ 2016-06-10T09:55:56+08:00 ]NOTICE: Undefined variable: dataE:\wamp\www\Mall\Storage\view\compile\27dfbd60d443b92731eb83c8a7886759.php (233).
[ 2016-06-10T09:55:56+08:00 ]NOTICE: Invalid argument supplied for foreach()E:\wamp\www\Mall\Storage\view\compile\27dfbd60d443b92731eb83c8a7886759.php (233).
[ 2016-06-10T10:36:29+08:00 ]NOTICE: Undefined variable: dataE:\wamp\www\Mall\Storage\view\compile\27dfbd60d443b92731eb83c8a7886759.php (233).
[ 2016-06-10T10:36:29+08:00 ]NOTICE: Invalid argument supplied for foreach()E:\wamp\www\Mall\Storage\view\compile\27dfbd60d443b92731eb83c8a7886759.php (233).
[ 2016-06-10T10:36:56+08:00 ]NOTICE: Array to string conversionE:\wamp\www\Mall\Hdphp\Db\Mysql.php (204).
[ 2016-06-10T10:36:56+08:00 ]NOTICE: Array to string conversionE:\wamp\www\Mall\Hdphp\Db\Mysql.php (204).
[ 2016-06-10T10:36:57+08:00 ]EXCEPTION: INSERT INTO orderlist (`0`,`1`)VALUES(?,?) ;BindParams:array (
  0 => 
  array (
    'goods_gid' => 2,
    'amount' => 1,
    'subtotalPrice' => 4966,
    'order_orid' => '45',
    'goods_gname' => '【顺丰包邮】联想 IdeaPad 710S（i5/4GB/128GB）轻薄时尚 13.3英寸 高分屏',
    'goods_price' => '4966.00',
    'goods_listpic' => './Upload/Content/16/06/93801464868049.png',
    'goods_options' => '346,344',
  ),
  1 => 
  array (
    'goods_gid' => 7,
    'amount' => 1,
    'subtotalPrice' => 3349,
    'order_orid' => '45',
    'goods_gname' => '【顺丰包邮】戴尔 Inspiron 灵越 14 3000（INS14CD-4518B）',
    'goods_price' => '3349.00',
    'goods_listpic' => './Upload/Content/16/06/77431465011257.jpg',
    'goods_options' => '533,530',
  ),
)42S22;1054;Unknown column '0' in 'field list'
[ 2016-06-10T10:37:33+08:00 ]NOTICE: Undefined variable: dataE:\wamp\www\Mall\Storage\view\compile\27dfbd60d443b92731eb83c8a7886759.php (233).
[ 2016-06-10T10:37:33+08:00 ]NOTICE: Invalid argument supplied for foreach()E:\wamp\www\Mall\Storage\view\compile\27dfbd60d443b92731eb83c8a7886759.php (233).
[ 2016-06-10T10:39:55+08:00 ]NOTICE: Undefined variable: oneE:\wamp\www\Mall\App\Common\Model\Order.php (70).
[ 2016-06-10T10:39:55+08:00 ]NOTICE: Argument 1 passed to Hdphp\Model\Model::add() must be an array, null given, called in E:\wamp\www\Mall\App\Common\Model\Order.php on line 70 and definedE:\wamp\www\Mall\Hdphp\Model\Model.php (488).
[ 2016-06-10T10:39:55+08:00 ]NOTICE: Undefined variable: dataE:\wamp\www\Mall\Storage\view\compile\27dfbd60d443b92731eb83c8a7886759.php (233).
[ 2016-06-10T10:39:55+08:00 ]NOTICE: Invalid argument supplied for foreach()E:\wamp\www\Mall\Storage\view\compile\27dfbd60d443b92731eb83c8a7886759.php (233).
[ 2016-06-10T10:40:28+08:00 ]NOTICE: Undefined variable: dataE:\wamp\www\Mall\Storage\view\compile\27dfbd60d443b92731eb83c8a7886759.php (233).
[ 2016-06-10T10:40:28+08:00 ]NOTICE: Invalid argument supplied for foreach()E:\wamp\www\Mall\Storage\view\compile\27dfbd60d443b92731eb83c8a7886759.php (233).
[ 2016-06-10T10:41:02+08:00 ]NOTICE: Undefined variable: oneE:\wamp\www\Mall\App\Common\Model\Order.php (70).
[ 2016-06-10T10:41:02+08:00 ]NOTICE: Argument 1 passed to Hdphp\Model\Model::add() must be an array, null given, called in E:\wamp\www\Mall\App\Common\Model\Order.php on line 70 and definedE:\wamp\www\Mall\Hdphp\Model\Model.php (488).
[ 2016-06-10T10:41:02+08:00 ]NOTICE: Undefined variable: dataE:\wamp\www\Mall\Storage\view\compile\27dfbd60d443b92731eb83c8a7886759.php (233).
[ 2016-06-10T10:41:02+08:00 ]NOTICE: Invalid argument supplied for foreach()E:\wamp\www\Mall\Storage\view\compile\27dfbd60d443b92731eb83c8a7886759.php (233).
[ 2016-06-10T10:41:49+08:00 ]NOTICE: Undefined variable: dataE:\wamp\www\Mall\Storage\view\compile\27dfbd60d443b92731eb83c8a7886759.php (233).
[ 2016-06-10T10:41:49+08:00 ]NOTICE: Invalid argument supplied for foreach()E:\wamp\www\Mall\Storage\view\compile\27dfbd60d443b92731eb83c8a7886759.php (233).
[ 2016-06-10T10:43:07+08:00 ]NOTICE: Undefined variable: dataE:\wamp\www\Mall\Storage\view\compile\27dfbd60d443b92731eb83c8a7886759.php (233).
[ 2016-06-10T10:43:07+08:00 ]NOTICE: Invalid argument supplied for foreach()E:\wamp\www\Mall\Storage\view\compile\27dfbd60d443b92731eb83c8a7886759.php (233).
[ 2016-06-10T10:44:13+08:00 ]NOTICE: Undefined variable: dataE:\wamp\www\Mall\Storage\view\compile\27dfbd60d443b92731eb83c8a7886759.php (233).
[ 2016-06-10T10:44:13+08:00 ]NOTICE: Invalid argument supplied for foreach()E:\wamp\www\Mall\Storage\view\compile\27dfbd60d443b92731eb83c8a7886759.php (233).
[ 2016-06-10T10:44:32+08:00 ]NOTICE: Undefined variable: dataE:\wamp\www\Mall\Storage\view\compile\27dfbd60d443b92731eb83c8a7886759.php (233).
[ 2016-06-10T10:44:32+08:00 ]NOTICE: Invalid argument supplied for foreach()E:\wamp\www\Mall\Storage\view\compile\27dfbd60d443b92731eb83c8a7886759.php (233).
[ 2016-06-10T10:49:04+08:00 ]NOTICE: Undefined variable: dataE:\wamp\www\Mall\Storage\view\compile\27dfbd60d443b92731eb83c8a7886759.php (233).
[ 2016-06-10T10:49:04+08:00 ]NOTICE: Invalid argument supplied for foreach()E:\wamp\www\Mall\Storage\view\compile\27dfbd60d443b92731eb83c8a7886759.php (233).
[ 2016-06-10T10:49:22+08:00 ]NOTICE: Undefined variable: dataE:\wamp\www\Mall\Storage\view\compile\27dfbd60d443b92731eb83c8a7886759.php (233).
[ 2016-06-10T10:49:22+08:00 ]NOTICE: Invalid argument supplied for foreach()E:\wamp\www\Mall\Storage\view\compile\27dfbd60d443b92731eb83c8a7886759.php (233).
[ 2016-06-10T10:50:38+08:00 ]NOTICE: Undefined variable: dataE:\wamp\www\Mall\Storage\view\compile\27dfbd60d443b92731eb83c8a7886759.php (233).
[ 2016-06-10T10:50:38+08:00 ]NOTICE: Invalid argument supplied for foreach()E:\wamp\www\Mall\Storage\view\compile\27dfbd60d443b92731eb83c8a7886759.php (233).
[ 2016-06-10T10:57:12+08:00 ]NOTICE: Undefined variable: dataE:\wamp\www\Mall\Storage\view\compile\27dfbd60d443b92731eb83c8a7886759.php (233).
[ 2016-06-10T10:57:12+08:00 ]NOTICE: Invalid argument supplied for foreach()E:\wamp\www\Mall\Storage\view\compile\27dfbd60d443b92731eb83c8a7886759.php (233).
[ 2016-06-10T10:57:29+08:00 ]NOTICE: Undefined variable: dataE:\wamp\www\Mall\Storage\view\compile\27dfbd60d443b92731eb83c8a7886759.php (233).
[ 2016-06-10T10:57:29+08:00 ]NOTICE: Invalid argument supplied for foreach()E:\wamp\www\Mall\Storage\view\compile\27dfbd60d443b92731eb83c8a7886759.php (233).
[ 2016-06-10T10:58:12+08:00 ]NOTICE: Undefined variable: dataE:\wamp\www\Mall\Storage\view\compile\27dfbd60d443b92731eb83c8a7886759.php (233).
[ 2016-06-10T10:58:12+08:00 ]NOTICE: Invalid argument supplied for foreach()E:\wamp\www\Mall\Storage\view\compile\27dfbd60d443b92731eb83c8a7886759.php (233).
[ 2016-06-10T10:59:53+08:00 ]NOTICE: Undefined variable: dataE:\wamp\www\Mall\Storage\view\compile\27dfbd60d443b92731eb83c8a7886759.php (233).
[ 2016-06-10T10:59:53+08:00 ]NOTICE: Invalid argument supplied for foreach()E:\wamp\www\Mall\Storage\view\compile\27dfbd60d443b92731eb83c8a7886759.php (233).
[ 2016-06-10T11:00:11+08:00 ]NOTICE: Undefined variable: dataE:\wamp\www\Mall\Storage\view\compile\27dfbd60d443b92731eb83c8a7886759.php (233).
[ 2016-06-10T11:00:11+08:00 ]NOTICE: Invalid argument supplied for foreach()E:\wamp\www\Mall\Storage\view\compile\27dfbd60d443b92731eb83c8a7886759.php (233).
[ 2016-06-10T11:00:33+08:00 ]NOTICE: Undefined variable: dataE:\wamp\www\Mall\Storage\view\compile\27dfbd60d443b92731eb83c8a7886759.php (233).
[ 2016-06-10T11:00:33+08:00 ]NOTICE: Invalid argument supplied for foreach()E:\wamp\www\Mall\Storage\view\compile\27dfbd60d443b92731eb83c8a7886759.php (233).
[ 2016-06-10T11:00:41+08:00 ]NOTICE: Undefined variable: dataE:\wamp\www\Mall\Storage\view\compile\27dfbd60d443b92731eb83c8a7886759.php (233).
[ 2016-06-10T11:00:41+08:00 ]NOTICE: Invalid argument supplied for foreach()E:\wamp\www\Mall\Storage\view\compile\27dfbd60d443b92731eb83c8a7886759.php (233).
[ 2016-06-10T11:01:24+08:00 ]NOTICE: Undefined variable: dataE:\wamp\www\Mall\Storage\view\compile\27dfbd60d443b92731eb83c8a7886759.php (233).
[ 2016-06-10T11:01:24+08:00 ]NOTICE: Invalid argument supplied for foreach()E:\wamp\www\Mall\Storage\view\compile\27dfbd60d443b92731eb83c8a7886759.php (233).
[ 2016-06-10T11:02:06+08:00 ]NOTICE: Undefined variable: dataE:\wamp\www\Mall\Storage\view\compile\27dfbd60d443b92731eb83c8a7886759.php (233).
[ 2016-06-10T11:02:06+08:00 ]NOTICE: Invalid argument supplied for foreach()E:\wamp\www\Mall\Storage\view\compile\27dfbd60d443b92731eb83c8a7886759.php (233).
[ 2016-06-10T11:02:44+08:00 ]NOTICE: Undefined variable: dataE:\wamp\www\Mall\Storage\view\compile\27dfbd60d443b92731eb83c8a7886759.php (233).
[ 2016-06-10T11:02:44+08:00 ]NOTICE: Invalid argument supplied for foreach()E:\wamp\www\Mall\Storage\view\compile\27dfbd60d443b92731eb83c8a7886759.php (233).
[ 2016-06-10T11:03:43+08:00 ]NOTICE: Undefined variable: dataE:\wamp\www\Mall\Storage\view\compile\27dfbd60d443b92731eb83c8a7886759.php (233).
[ 2016-06-10T11:03:43+08:00 ]NOTICE: Invalid argument supplied for foreach()E:\wamp\www\Mall\Storage\view\compile\27dfbd60d443b92731eb83c8a7886759.php (233).
[ 2016-06-10T11:03:59+08:00 ]NOTICE: Undefined variable: dataE:\wamp\www\Mall\Storage\view\compile\27dfbd60d443b92731eb83c8a7886759.php (233).
[ 2016-06-10T11:03:59+08:00 ]NOTICE: Invalid argument supplied for foreach()E:\wamp\www\Mall\Storage\view\compile\27dfbd60d443b92731eb83c8a7886759.php (233).
[ 2016-06-10T11:07:44+08:00 ]NOTICE: Undefined variable: dataE:\wamp\www\Mall\Storage\view\compile\27dfbd60d443b92731eb83c8a7886759.php (233).
[ 2016-06-10T11:07:44+08:00 ]NOTICE: Invalid argument supplied for foreach()E:\wamp\www\Mall\Storage\view\compile\27dfbd60d443b92731eb83c8a7886759.php (233).
[ 2016-06-10T11:07:54+08:00 ]NOTICE: Undefined variable: dataE:\wamp\www\Mall\Storage\view\compile\27dfbd60d443b92731eb83c8a7886759.php (233).
[ 2016-06-10T11:07:54+08:00 ]NOTICE: Invalid argument supplied for foreach()E:\wamp\www\Mall\Storage\view\compile\27dfbd60d443b92731eb83c8a7886759.php (233).
[ 2016-06-10T11:08:08+08:00 ]NOTICE: Undefined variable: dataE:\wamp\www\Mall\Storage\view\compile\27dfbd60d443b92731eb83c8a7886759.php (233).
[ 2016-06-10T11:08:08+08:00 ]NOTICE: Invalid argument supplied for foreach()E:\wamp\www\Mall\Storage\view\compile\27dfbd60d443b92731eb83c8a7886759.php (233).
[ 2016-06-10T11:08:26+08:00 ]NOTICE: Undefined variable: dataE:\wamp\www\Mall\Storage\view\compile\27dfbd60d443b92731eb83c8a7886759.php (233).
[ 2016-06-10T11:08:26+08:00 ]NOTICE: Invalid argument supplied for foreach()E:\wamp\www\Mall\Storage\view\compile\27dfbd60d443b92731eb83c8a7886759.php (233).
[ 2016-06-10T11:09:39+08:00 ]NOTICE: Undefined variable: dataE:\wamp\www\Mall\Storage\view\compile\27dfbd60d443b92731eb83c8a7886759.php (233).
[ 2016-06-10T11:09:39+08:00 ]NOTICE: Invalid argument supplied for foreach()E:\wamp\www\Mall\Storage\view\compile\27dfbd60d443b92731eb83c8a7886759.php (233).
[ 2016-06-10T11:12:42+08:00 ]NOTICE: Undefined variable: dataE:\wamp\www\Mall\Storage\view\compile\27dfbd60d443b92731eb83c8a7886759.php (233).
[ 2016-06-10T11:12:42+08:00 ]NOTICE: Invalid argument supplied for foreach()E:\wamp\www\Mall\Storage\view\compile\27dfbd60d443b92731eb83c8a7886759.php (233).
[ 2016-06-10T11:17:56+08:00 ]NOTICE: Undefined variable: dataE:\wamp\www\Mall\Storage\view\compile\27dfbd60d443b92731eb83c8a7886759.php (233).
[ 2016-06-10T11:17:56+08:00 ]NOTICE: Invalid argument supplied for foreach()E:\wamp\www\Mall\Storage\view\compile\27dfbd60d443b92731eb83c8a7886759.php (233).
[ 2016-06-10T11:26:58+08:00 ]NOTICE: Undefined variable: dataE:\wamp\www\Mall\Storage\view\compile\27dfbd60d443b92731eb83c8a7886759.php (233).
[ 2016-06-10T11:26:58+08:00 ]NOTICE: Invalid argument supplied for foreach()E:\wamp\www\Mall\Storage\view\compile\27dfbd60d443b92731eb83c8a7886759.php (233).
[ 2016-06-10T11:30:15+08:00 ]NOTICE: Undefined variable: dataE:\wamp\www\Mall\Storage\view\compile\27dfbd60d443b92731eb83c8a7886759.php (233).
[ 2016-06-10T11:30:15+08:00 ]NOTICE: Invalid argument supplied for foreach()E:\wamp\www\Mall\Storage\view\compile\27dfbd60d443b92731eb83c8a7886759.php (233).
[ 2016-06-10T11:34:31+08:00 ]NOTICE: Undefined variable: listE:\wamp\www\Mall\Storage\view\compile\27dfbd60d443b92731eb83c8a7886759.php (233).
[ 2016-06-10T11:34:31+08:00 ]NOTICE: Invalid argument supplied for foreach()E:\wamp\www\Mall\Storage\view\compile\27dfbd60d443b92731eb83c8a7886759.php (233).
[ 2016-06-10T11:34:52+08:00 ]NOTICE: Undefined index: optionsE:\wamp\www\Mall\Storage\view\compile\27dfbd60d443b92731eb83c8a7886759.php (268).
[ 2016-06-10T11:34:52+08:00 ]NOTICE: Undefined index: idE:\wamp\www\Mall\Storage\view\compile\27dfbd60d443b92731eb83c8a7886759.php (268).
[ 2016-06-10T11:34:52+08:00 ]EXCEPTION: SELECT  gpid,gpvalue  FROM goodslist g INNER JOIN goods_property gp ON g.goods_gid = gp.goods_gid WHERE gpid in() AND g.goods_gid= ORDER BY  gpid ASC  ;BindParams:array (
)42000;1064;You have an error in your SQL syntax; check the manual that corresponds to your MySQL server version for the right syntax to use near ') AND g.goods_gid= ORDER BY  gpid ASC' at line 1
[ 2016-06-10T11:36:12+08:00 ]NOTICE: Invalid argument supplied for foreach()E:\wamp\www\Mall\Storage\view\compile\27dfbd60d443b92731eb83c8a7886759.php (274).
[ 2016-06-10T11:36:12+08:00 ]NOTICE: Invalid argument supplied for foreach()E:\wamp\www\Mall\Storage\view\compile\27dfbd60d443b92731eb83c8a7886759.php (274).
[ 2016-06-10T11:36:12+08:00 ]NOTICE: Invalid argument supplied for foreach()E:\wamp\www\Mall\Storage\view\compile\27dfbd60d443b92731eb83c8a7886759.php (274).
[ 2016-06-10T11:36:12+08:00 ]NOTICE: Invalid argument supplied for foreach()E:\wamp\www\Mall\Storage\view\compile\27dfbd60d443b92731eb83c8a7886759.php (274).
[ 2016-06-10T11:36:12+08:00 ]NOTICE: Invalid argument supplied for foreach()E:\wamp\www\Mall\Storage\view\compile\27dfbd60d443b92731eb83c8a7886759.php (274).
[ 2016-06-10T11:36:12+08:00 ]NOTICE: Invalid argument supplied for foreach()E:\wamp\www\Mall\Storage\view\compile\27dfbd60d443b92731eb83c8a7886759.php (274).
[ 2016-06-10T11:36:12+08:00 ]NOTICE: Invalid argument supplied for foreach()E:\wamp\www\Mall\Storage\view\compile\27dfbd60d443b92731eb83c8a7886759.php (274).
[ 2016-06-10T11:36:12+08:00 ]NOTICE: Invalid argument supplied for foreach()E:\wamp\www\Mall\Storage\view\compile\27dfbd60d443b92731eb83c8a7886759.php (274).
[ 2016-06-10T11:36:12+08:00 ]NOTICE: Invalid argument supplied for foreach()E:\wamp\www\Mall\Storage\view\compile\27dfbd60d443b92731eb83c8a7886759.php (274).
[ 2016-06-10T11:36:12+08:00 ]NOTICE: Invalid argument supplied for foreach()E:\wamp\www\Mall\Storage\view\compile\27dfbd60d443b92731eb83c8a7886759.php (274).
[ 2016-06-10T11:36:12+08:00 ]NOTICE: Invalid argument supplied for foreach()E:\wamp\www\Mall\Storage\view\compile\27dfbd60d443b92731eb83c8a7886759.php (274).
[ 2016-06-10T11:36:12+08:00 ]NOTICE: Invalid argument supplied for foreach()E:\wamp\www\Mall\Storage\view\compile\27dfbd60d443b92731eb83c8a7886759.php (274).
[ 2016-06-10T11:36:12+08:00 ]NOTICE: Invalid argument supplied for foreach()E:\wamp\www\Mall\Storage\view\compile\27dfbd60d443b92731eb83c8a7886759.php (274).
[ 2016-06-10T11:36:12+08:00 ]NOTICE: Invalid argument supplied for foreach()E:\wamp\www\Mall\Storage\view\compile\27dfbd60d443b92731eb83c8a7886759.php (274).
[ 2016-06-10T11:36:12+08:00 ]NOTICE: Invalid argument supplied for foreach()E:\wamp\www\Mall\Storage\view\compile\27dfbd60d443b92731eb83c8a7886759.php (274).
[ 2016-06-10T11:44:13+08:00 ]NOTICE: Invalid argument supplied for foreach()E:\wamp\www\Mall\Storage\view\compile\27dfbd60d443b92731eb83c8a7886759.php (275).
[ 2016-06-10T11:44:13+08:00 ]NOTICE: Invalid argument supplied for foreach()E:\wamp\www\Mall\Storage\view\compile\27dfbd60d443b92731eb83c8a7886759.php (275).
[ 2016-06-10T11:44:13+08:00 ]NOTICE: Invalid argument supplied for foreach()E:\wamp\www\Mall\Storage\view\compile\27dfbd60d443b92731eb83c8a7886759.php (275).
[ 2016-06-10T11:44:13+08:00 ]NOTICE: Invalid argument supplied for foreach()E:\wamp\www\Mall\Storage\view\compile\27dfbd60d443b92731eb83c8a7886759.php (275).
[ 2016-06-10T11:44:13+08:00 ]NOTICE: Invalid argument supplied for foreach()E:\wamp\www\Mall\Storage\view\compile\27dfbd60d443b92731eb83c8a7886759.php (275).
[ 2016-06-10T11:44:13+08:00 ]NOTICE: Invalid argument supplied for foreach()E:\wamp\www\Mall\Storage\view\compile\27dfbd60d443b92731eb83c8a7886759.php (275).
[ 2016-06-10T11:44:13+08:00 ]NOTICE: Invalid argument supplied for foreach()E:\wamp\www\Mall\Storage\view\compile\27dfbd60d443b92731eb83c8a7886759.php (275).
[ 2016-06-10T11:44:13+08:00 ]NOTICE: Invalid argument supplied for foreach()E:\wamp\www\Mall\Storage\view\compile\27dfbd60d443b92731eb83c8a7886759.php (275).
[ 2016-06-10T11:44:13+08:00 ]NOTICE: Invalid argument supplied for foreach()E:\wamp\www\Mall\Storage\view\compile\27dfbd60d443b92731eb83c8a7886759.php (275).
[ 2016-06-10T11:44:13+08:00 ]NOTICE: Invalid argument supplied for foreach()E:\wamp\www\Mall\Storage\view\compile\27dfbd60d443b92731eb83c8a7886759.php (275).
[ 2016-06-10T11:44:13+08:00 ]NOTICE: Invalid argument supplied for foreach()E:\wamp\www\Mall\Storage\view\compile\27dfbd60d443b92731eb83c8a7886759.php (275).
[ 2016-06-10T11:44:13+08:00 ]NOTICE: Invalid argument supplied for foreach()E:\wamp\www\Mall\Storage\view\compile\27dfbd60d443b92731eb83c8a7886759.php (275).
[ 2016-06-10T11:44:13+08:00 ]NOTICE: Invalid argument supplied for foreach()E:\wamp\www\Mall\Storage\view\compile\27dfbd60d443b92731eb83c8a7886759.php (275).
[ 2016-06-10T11:44:13+08:00 ]NOTICE: Invalid argument supplied for foreach()E:\wamp\www\Mall\Storage\view\compile\27dfbd60d443b92731eb83c8a7886759.php (275).
[ 2016-06-10T11:44:13+08:00 ]NOTICE: Invalid argument supplied for foreach()E:\wamp\www\Mall\Storage\view\compile\27dfbd60d443b92731eb83c8a7886759.php (275).
[ 2016-06-10T11:44:34+08:00 ]NOTICE: Invalid argument supplied for foreach()E:\wamp\www\Mall\Storage\view\compile\27dfbd60d443b92731eb83c8a7886759.php (275).
[ 2016-06-10T11:44:34+08:00 ]NOTICE: Invalid argument supplied for foreach()E:\wamp\www\Mall\Storage\view\compile\27dfbd60d443b92731eb83c8a7886759.php (275).
[ 2016-06-10T11:44:34+08:00 ]NOTICE: Invalid argument supplied for foreach()E:\wamp\www\Mall\Storage\view\compile\27dfbd60d443b92731eb83c8a7886759.php (275).
[ 2016-06-10T11:44:34+08:00 ]NOTICE: Invalid argument supplied for foreach()E:\wamp\www\Mall\Storage\view\compile\27dfbd60d443b92731eb83c8a7886759.php (275).
[ 2016-06-10T11:44:34+08:00 ]NOTICE: Invalid argument supplied for foreach()E:\wamp\www\Mall\Storage\view\compile\27dfbd60d443b92731eb83c8a7886759.php (275).
[ 2016-06-10T11:44:34+08:00 ]NOTICE: Invalid argument supplied for foreach()E:\wamp\www\Mall\Storage\view\compile\27dfbd60d443b92731eb83c8a7886759.php (275).
[ 2016-06-10T11:44:34+08:00 ]NOTICE: Invalid argument supplied for foreach()E:\wamp\www\Mall\Storage\view\compile\27dfbd60d443b92731eb83c8a7886759.php (275).
[ 2016-06-10T11:44:34+08:00 ]NOTICE: Invalid argument supplied for foreach()E:\wamp\www\Mall\Storage\view\compile\27dfbd60d443b92731eb83c8a7886759.php (275).
[ 2016-06-10T11:44:34+08:00 ]NOTICE: Invalid argument supplied for foreach()E:\wamp\www\Mall\Storage\view\compile\27dfbd60d443b92731eb83c8a7886759.php (275).
[ 2016-06-10T11:44:34+08:00 ]NOTICE: Invalid argument supplied for foreach()E:\wamp\www\Mall\Storage\view\compile\27dfbd60d443b92731eb83c8a7886759.php (275).
[ 2016-06-10T11:44:34+08:00 ]NOTICE: Invalid argument supplied for foreach()E:\wamp\www\Mall\Storage\view\compile\27dfbd60d443b92731eb83c8a7886759.php (275).
[ 2016-06-10T11:44:34+08:00 ]NOTICE: Invalid argument supplied for foreach()E:\wamp\www\Mall\Storage\view\compile\27dfbd60d443b92731eb83c8a7886759.php (275).
[ 2016-06-10T11:44:34+08:00 ]NOTICE: Invalid argument supplied for foreach()E:\wamp\www\Mall\Storage\view\compile\27dfbd60d443b92731eb83c8a7886759.php (275).
[ 2016-06-10T11:44:34+08:00 ]NOTICE: Invalid argument supplied for foreach()E:\wamp\www\Mall\Storage\view\compile\27dfbd60d443b92731eb83c8a7886759.php (275).
[ 2016-06-10T11:44:34+08:00 ]NOTICE: Invalid argument supplied for foreach()E:\wamp\www\Mall\Storage\view\compile\27dfbd60d443b92731eb83c8a7886759.php (275).
[ 2016-06-10T11:45:26+08:00 ]NOTICE: Invalid argument supplied for foreach()E:\wamp\www\Mall\Storage\view\compile\27dfbd60d443b92731eb83c8a7886759.php (275).
[ 2016-06-10T11:45:26+08:00 ]NOTICE: Invalid argument supplied for foreach()E:\wamp\www\Mall\Storage\view\compile\27dfbd60d443b92731eb83c8a7886759.php (275).
[ 2016-06-10T11:45:27+08:00 ]NOTICE: Invalid argument supplied for foreach()E:\wamp\www\Mall\Storage\view\compile\27dfbd60d443b92731eb83c8a7886759.php (275).
[ 2016-06-10T11:45:27+08:00 ]NOTICE: Invalid argument supplied for foreach()E:\wamp\www\Mall\Storage\view\compile\27dfbd60d443b92731eb83c8a7886759.php (275).
[ 2016-06-10T11:45:27+08:00 ]NOTICE: Invalid argument supplied for foreach()E:\wamp\www\Mall\Storage\view\compile\27dfbd60d443b92731eb83c8a7886759.php (275).
[ 2016-06-10T11:45:27+08:00 ]NOTICE: Invalid argument supplied for foreach()E:\wamp\www\Mall\Storage\view\compile\27dfbd60d443b92731eb83c8a7886759.php (275).
[ 2016-06-10T11:45:27+08:00 ]NOTICE: Invalid argument supplied for foreach()E:\wamp\www\Mall\Storage\view\compile\27dfbd60d443b92731eb83c8a7886759.php (275).
[ 2016-06-10T11:45:27+08:00 ]NOTICE: Invalid argument supplied for foreach()E:\wamp\www\Mall\Storage\view\compile\27dfbd60d443b92731eb83c8a7886759.php (275).
[ 2016-06-10T11:45:27+08:00 ]NOTICE: Invalid argument supplied for foreach()E:\wamp\www\Mall\Storage\view\compile\27dfbd60d443b92731eb83c8a7886759.php (275).
[ 2016-06-10T11:45:27+08:00 ]NOTICE: Invalid argument supplied for foreach()E:\wamp\www\Mall\Storage\view\compile\27dfbd60d443b92731eb83c8a7886759.php (275).
[ 2016-06-10T11:45:27+08:00 ]NOTICE: Invalid argument supplied for foreach()E:\wamp\www\Mall\Storage\view\compile\27dfbd60d443b92731eb83c8a7886759.php (275).
[ 2016-06-10T11:45:27+08:00 ]NOTICE: Invalid argument supplied for foreach()E:\wamp\www\Mall\Storage\view\compile\27dfbd60d443b92731eb83c8a7886759.php (275).
[ 2016-06-10T11:45:27+08:00 ]NOTICE: Invalid argument supplied for foreach()E:\wamp\www\Mall\Storage\view\compile\27dfbd60d443b92731eb83c8a7886759.php (275).
[ 2016-06-10T11:45:27+08:00 ]NOTICE: Invalid argument supplied for foreach()E:\wamp\www\Mall\Storage\view\compile\27dfbd60d443b92731eb83c8a7886759.php (275).
[ 2016-06-10T11:45:27+08:00 ]NOTICE: Invalid argument supplied for foreach()E:\wamp\www\Mall\Storage\view\compile\27dfbd60d443b92731eb83c8a7886759.php (275).
[ 2016-06-10T11:53:27+08:00 ]NOTICE: Invalid argument supplied for foreach()E:\wamp\www\Mall\Storage\view\compile\27dfbd60d443b92731eb83c8a7886759.php (275).
[ 2016-06-10T11:53:27+08:00 ]NOTICE: Invalid argument supplied for foreach()E:\wamp\www\Mall\Storage\view\compile\27dfbd60d443b92731eb83c8a7886759.php (275).
[ 2016-06-10T11:53:27+08:00 ]NOTICE: Invalid argument supplied for foreach()E:\wamp\www\Mall\Storage\view\compile\27dfbd60d443b92731eb83c8a7886759.php (275).
[ 2016-06-10T11:53:27+08:00 ]NOTICE: Invalid argument supplied for foreach()E:\wamp\www\Mall\Storage\view\compile\27dfbd60d443b92731eb83c8a7886759.php (275).
[ 2016-06-10T11:53:27+08:00 ]NOTICE: Invalid argument supplied for foreach()E:\wamp\www\Mall\Storage\view\compile\27dfbd60d443b92731eb83c8a7886759.php (275).
[ 2016-06-10T11:53:27+08:00 ]NOTICE: Invalid argument supplied for foreach()E:\wamp\www\Mall\Storage\view\compile\27dfbd60d443b92731eb83c8a7886759.php (275).
[ 2016-06-10T11:55:51+08:00 ]NOTICE: Invalid argument supplied for foreach()E:\wamp\www\Mall\Storage\view\compile\27dfbd60d443b92731eb83c8a7886759.php (275).
[ 2016-06-10T11:55:51+08:00 ]NOTICE: Invalid argument supplied for foreach()E:\wamp\www\Mall\Storage\view\compile\27dfbd60d443b92731eb83c8a7886759.php (275).
[ 2016-06-10T11:55:51+08:00 ]NOTICE: Invalid argument supplied for foreach()E:\wamp\www\Mall\Storage\view\compile\27dfbd60d443b92731eb83c8a7886759.php (275).
[ 2016-06-10T11:55:51+08:00 ]NOTICE: Invalid argument supplied for foreach()E:\wamp\www\Mall\Storage\view\compile\27dfbd60d443b92731eb83c8a7886759.php (275).
[ 2016-06-10T11:55:51+08:00 ]NOTICE: Invalid argument supplied for foreach()E:\wamp\www\Mall\Storage\view\compile\27dfbd60d443b92731eb83c8a7886759.php (275).
[ 2016-06-10T11:55:51+08:00 ]NOTICE: Invalid argument supplied for foreach()E:\wamp\www\Mall\Storage\view\compile\27dfbd60d443b92731eb83c8a7886759.php (275).
[ 2016-06-10T11:59:50+08:00 ]NOTICE: Invalid argument supplied for foreach()E:\wamp\www\Mall\Storage\view\compile\27dfbd60d443b92731eb83c8a7886759.php (274).
[ 2016-06-10T11:59:50+08:00 ]NOTICE: Invalid argument supplied for foreach()E:\wamp\www\Mall\Storage\view\compile\27dfbd60d443b92731eb83c8a7886759.php (274).
[ 2016-06-10T12:09:26+08:00 ]NOTICE: Undefined variable: vE:\wamp\www\Mall\Storage\view\compile\27dfbd60d443b92731eb83c8a7886759.php (378).
[ 2016-06-10T12:09:26+08:00 ]NOTICE: Undefined variable: vE:\wamp\www\Mall\Storage\view\compile\27dfbd60d443b92731eb83c8a7886759.php (380).
[ 2016-06-10T15:41:22+08:00 ]NOTICE: Invalid argument supplied for foreach()E:\wamp\www\Mall\Hdphp\Cart\Cart.php (147).
[ 2016-06-10T15:41:23+08:00 ]NOTICE: Undefined index: nicknameE:\wamp\www\Mall\Storage\view\compile\27dfbd60d443b92731eb83c8a7886759.php (21).
[ 2016-06-10T15:41:23+08:00 ]NOTICE: Undefined index: clidE:\wamp\www\Mall\Storage\view\compile\27dfbd60d443b92731eb83c8a7886759.php (203).
[ 2016-06-10T16:04:04+08:00 ]NOTICE: Undefined variable: vE:\wamp\www\Mall\Storage\view\compile\27dfbd60d443b92731eb83c8a7886759.php (378).
[ 2016-06-10T16:04:04+08:00 ]NOTICE: Undefined variable: vE:\wamp\www\Mall\Storage\view\compile\27dfbd60d443b92731eb83c8a7886759.php (380).
[ 2016-06-10T16:04:17+08:00 ]NOTICE: Undefined index: clicE:\wamp\www\Mall\App\Common\Model\Order.php (76).
[ 2016-06-10T16:04:17+08:00 ]EXCEPTION: INSERT INTO orderlist (`goods_gid`,`amount`,`subtotalPrice`,`order_orid`,`goods_gname`,`goods_price`,`goods_listpic`,`goods_options`,`goods_totalprice`,`client_clid`)VALUES(?,?,?,?,?,?,?,?,?,?) ;BindParams:array (
  0 => 2,
  1 => 1,
  2 => 4966,
  3 => '8',
  4 => '【顺丰包邮】联想 IdeaPad 710S（i5/4GB/128GB）轻薄时尚 13.3英寸 高分屏',
  5 => '4966.00',
  6 => './Upload/Content/16/06/93801464868049.png',
  7 => '347,344',
  8 => 8315,
  9 => NULL,
)23000;1048;Column 'client_clid' cannot be null
[ 2016-06-10T16:09:04+08:00 ]NOTICE: Invalid argument supplied for foreach()E:\wamp\www\Mall\Storage\view\compile\27dfbd60d443b92731eb83c8a7886759.php (275).
[ 2016-06-10T16:09:17+08:00 ]NOTICE: in_array() expects parameter 2 to be array, null givenE:\wamp\www\Mall\App\Common\Model\Order.php (36).
[ 2016-06-10T16:09:17+08:00 ]NOTICE: Undefined variable: newE:\wamp\www\Mall\App\Common\Model\Order.php (50).
[ 2016-06-10T16:09:17+08:00 ]NOTICE: Argument 1 passed to Hdphp\Model\Model::add() must be an array, null given, called in E:\wamp\www\Mall\App\Common\Model\Order.php on line 50 and definedE:\wamp\www\Mall\Hdphp\Model\Model.php (488).
[ 2016-06-10T16:09:17+08:00 ]NOTICE: Invalid argument supplied for foreach()E:\wamp\www\Mall\Storage\view\compile\27dfbd60d443b92731eb83c8a7886759.php (275).
[ 2016-06-10T16:26:08+08:00 ]NOTICE: in_array() expects parameter 2 to be array, null givenE:\wamp\www\Mall\App\Home\Controller\OrderController.php (90).
[ 2016-06-10T16:51:28+08:00 ]NOTICE: in_array() expects parameter 2 to be array, null givenE:\wamp\www\Mall\App\Home\Controller\OrderController.php (91).
[ 2016-06-10T16:56:24+08:00 ]NOTICE: in_array() expects parameter 2 to be array, null givenE:\wamp\www\Mall\App\Home\Controller\OrderController.php (91).
[ 2016-06-10T18:00:25+08:00 ]EXCEPTION: DELETE FROM receiptaddress WHERE rid= ;BindParams:array (
)42000;1064;You have an error in your SQL syntax; check the manual that corresponds to your MySQL server version for the right syntax to use near '' at line 1
[ 2016-06-10T18:00:25+08:00 ]EXCEPTION: DELETE FROM receiptaddress WHERE rid= ;BindParams:array (
)42000;1064;You have an error in your SQL syntax; check the manual that corresponds to your MySQL server version for the right syntax to use near '' at line 1
[ 2016-06-10T18:24:26+08:00 ]EXCEPTION: Method Home\Controller\OrderController::edit() does not exist
[ 2016-06-10T18:24:36+08:00 ]EXCEPTION: Method Home\Controller\OrderController::edit() does not exist
[ 2016-06-10T18:24:53+08:00 ]EXCEPTION: Method Home\Controller\OrderController::edit() does not exist
[ 2016-06-10T18:26:14+08:00 ]EXCEPTION: Method Home\Controller\OrderController::edit() does not exist
[ 2016-06-10T18:26:20+08:00 ]EXCEPTION: Method Home\Controller\OrderController::edit() does not exist
[ 2016-06-10T18:26:23+08:00 ]EXCEPTION: Method Home\Controller\OrderController::edit() does not exist
[ 2016-06-10T18:28:52+08:00 ]EXCEPTION: Method Home\Controller\OrderController::edit() does not exist
[ 2016-06-10T18:37:15+08:00 ]EXCEPTION: Method Home\Controller\OrderController::edit() does not exist
[ 2016-06-10T18:38:09+08:00 ]EXCEPTION: Method Home\Controller\OrderController::edit() does not exist
[ 2016-06-10T19:45:57+08:00 ]NOTICE: Undefined variable: vE:\wamp\www\Mall\Storage\view\compile\27dfbd60d443b92731eb83c8a7886759.php (381).
[ 2016-06-10T19:45:57+08:00 ]NOTICE: Undefined variable: vE:\wamp\www\Mall\Storage\view\compile\27dfbd60d443b92731eb83c8a7886759.php (383).
[ 2016-06-10T21:14:34+08:00 ]NOTICE: Undefined variable: vE:\wamp\www\Mall\Storage\view\compile\27dfbd60d443b92731eb83c8a7886759.php (387).
[ 2016-06-10T21:14:34+08:00 ]NOTICE: Undefined variable: vE:\wamp\www\Mall\Storage\view\compile\27dfbd60d443b92731eb83c8a7886759.php (389).
[ 2016-06-10T21:16:27+08:00 ]NOTICE: Undefined index: order_oidE:\wamp\www\Mall\Storage\view\compile\27dfbd60d443b92731eb83c8a7886759.php (403).
[ 2016-06-10T21:17:35+08:00 ]NOTICE: Undefined index: order_oidE:\wamp\www\Mall\Storage\view\compile\27dfbd60d443b92731eb83c8a7886759.php (404).
[ 2016-06-10T21:23:29+08:00 ]NOTICE: Undefined variable: orModelE:\wamp\www\Mall\App\Home\Controller\OrderController.php (12).
[ 2016-06-10T21:36:02+08:00 ]NOTICE: Undefined variable: orDataE:\wamp\www\Mall\App\Home\Controller\OrderController.php (14).
[ 2016-06-10T21:36:02+08:00 ]NOTICE: Invalid argument supplied for foreach()E:\wamp\www\Mall\App\Home\Controller\OrderController.php (14).
[ 2016-06-10T21:36:19+08:00 ]NOTICE: Undefined variable: oridE:\wamp\www\Mall\App\Home\Controller\OrderController.php (12).
[ 2016-06-10T21:36:19+08:00 ]EXCEPTION: SELECT  *  FROM orders WHERE orid= ;BindParams:array (
)42000;1064;You have an error in your SQL syntax; check the manual that corresponds to your MySQL server version for the right syntax to use near '' at line 1
[ 2016-06-10T21:36:38+08:00 ]NOTICE: Undefined variable: oridE:\wamp\www\Mall\App\Home\Controller\OrderController.php (12).
[ 2016-06-10T21:36:38+08:00 ]EXCEPTION: SELECT  *  FROM orders WHERE orid= ;BindParams:array (
)42000;1064;You have an error in your SQL syntax; check the manual that corresponds to your MySQL server version for the right syntax to use near '' at line 1
[ 2016-06-10T21:37:24+08:00 ]NOTICE: Undefined variable: orDataE:\wamp\www\Mall\App\Home\Controller\OrderController.php (15).
[ 2016-06-10T21:37:24+08:00 ]NOTICE: Invalid argument supplied for foreach()E:\wamp\www\Mall\App\Home\Controller\OrderController.php (15).
[ 2016-06-10T21:51:17+08:00 ]NOTICE: Undefined variable: pE:\wamp\www\Mall\App\Home\Controller\OrderController.php (18).
[ 2016-06-10T22:41:58+08:00 ]NOTICE: Missing argument 1 for Hdphp\Db\Mysql::update()E:\wamp\www\Mall\Hdphp\Db\Mysql.php (379).
[ 2016-06-10T22:41:58+08:00 ]NOTICE: Undefined variable: sqlE:\wamp\www\Mall\Hdphp\Db\Mysql.php (381).
[ 2016-06-10T22:41:58+08:00 ]NOTICE: Undefined variable: sqlE:\wamp\www\Mall\Hdphp\Db\Mysql.php (396).
[ 2016-06-10T22:41:58+08:00 ]EXCEPTION:  ;BindParams:array (
)42000;1065;Query was empty
[ 2016-06-10T23:26:31+08:00 ]NOTICE: Undefined index: goods_totalpriceE:\wamp\www\Mall\App\Home\Controller\OrderController.php (22).
[ 2016-06-10T23:27:15+08:00 ]NOTICE: Undefined index: goods_totalpriceE:\wamp\www\Mall\App\Home\Controller\OrderController.php (23).
[ 2016-06-10T23:27:41+08:00 ]NOTICE: Undefined index: goods_totalpriceE:\wamp\www\Mall\App\Home\Controller\OrderController.php (23).
