[ 2016-06-11T00:31:28+08:00 ]EXCEPTION: SELECT  *  FROM receiptaddress WHERE  ;BindParams:array (
)42000;1064;You have an error in your SQL syntax; check the manual that corresponds to your MySQL server version for the right syntax to use near '' at line 1
[ 2016-06-11T00:32:09+08:00 ]EXCEPTION: SELECT  *  FROM receiptaddress WHERE rid= ;BindParams:array (
)42000;1064;You have an error in your SQL syntax; check the manual that corresponds to your MySQL server version for the right syntax to use near '' at line 1
[ 2016-06-11T01:27:17+08:00 ]NOTICE: Undefined variable: dataE:\wamp\www\Mall\Storage\view\compile\b0cef37a0386a1faffd967a594ec1e7e.php (157).
[ 2016-06-11T01:27:17+08:00 ]NOTICE: Invalid argument supplied for foreach()E:\wamp\www\Mall\Storage\view\compile\b0cef37a0386a1faffd967a594ec1e7e.php (157).
[ 2016-06-11T10:00:56+08:00 ]NOTICE: Undefined index: nicknameE:\wamp\www\Mall\Storage\view\compile\52448bb8646e4362e75378161f50bbe9.php (18).
[ 2016-06-11T10:01:52+08:00 ]NOTICE: Undefined index: nicknameE:\wamp\www\Mall\Storage\view\compile\52448bb8646e4362e75378161f50bbe9.php (18).
[ 2016-06-11T10:31:24+08:00 ]EXCEPTION: DELETE FROM receiptaddress WHERE rid= ;BindParams:array (
)42000;1064;You have an error in your SQL syntax; check the manual that corresponds to your MySQL server version for the right syntax to use near '' at line 1
[ 2016-06-11T10:31:24+08:00 ]EXCEPTION: DELETE FROM receiptaddress WHERE rid= ;BindParams:array (
)42000;1064;You have an error in your SQL syntax; check the manual that corresponds to your MySQL server version for the right syntax to use near '' at line 1
[ 2016-06-11T10:31:25+08:00 ]EXCEPTION: DELETE FROM receiptaddress WHERE rid= ;BindParams:array (
)42000;1064;You have an error in your SQL syntax; check the manual that corresponds to your MySQL server version for the right syntax to use near '' at line 1
[ 2016-06-11T10:31:26+08:00 ]EXCEPTION: DELETE FROM receiptaddress WHERE rid= ;BindParams:array (
)42000;1064;You have an error in your SQL syntax; check the manual that corresponds to your MySQL server version for the right syntax to use near '' at line 1
[ 2016-06-11T10:31:28+08:00 ]EXCEPTION: DELETE FROM receiptaddress WHERE rid= ;BindParams:array (
)42000;1064;You have an error in your SQL syntax; check the manual that corresponds to your MySQL server version for the right syntax to use near '' at line 1
[ 2016-06-11T10:31:28+08:00 ]EXCEPTION: DELETE FROM receiptaddress WHERE rid= ;BindParams:array (
)42000;1064;You have an error in your SQL syntax; check the manual that corresponds to your MySQL server version for the right syntax to use near '' at line 1
[ 2016-06-11T10:31:55+08:00 ]EXCEPTION: DELETE FROM receiptaddress WHERE rid= ;BindParams:array (
)42000;1064;You have an error in your SQL syntax; check the manual that corresponds to your MySQL server version for the right syntax to use near '' at line 1
[ 2016-06-11T10:37:30+08:00 ]NOTICE: Undefined variable: vE:\wamp\www\Mall\Storage\view\compile\52448bb8646e4362e75378161f50bbe9.php (149).
[ 2016-06-11T10:37:49+08:00 ]NOTICE: Undefined variable: vE:\wamp\www\Mall\Storage\view\compile\52448bb8646e4362e75378161f50bbe9.php (149).
[ 2016-06-11T10:38:21+08:00 ]NOTICE: Undefined variable: vE:\wamp\www\Mall\Storage\view\compile\52448bb8646e4362e75378161f50bbe9.php (149).
[ 2016-06-11T10:54:02+08:00 ]NOTICE: in_array() expects parameter 2 to be array, null givenE:\wamp\www\Mall\App\Home\Controller\OrderController.php (159).
[ 2016-06-11T10:54:02+08:00 ]NOTICE: in_array() expects parameter 2 to be array, null givenE:\wamp\www\Mall\App\Home\Controller\OrderController.php (159).
[ 2016-06-11T10:54:04+08:00 ]NOTICE: in_array() expects parameter 2 to be array, null givenE:\wamp\www\Mall\App\Home\Controller\OrderController.php (159).
[ 2016-06-11T10:54:04+08:00 ]NOTICE: in_array() expects parameter 2 to be array, null givenE:\wamp\www\Mall\App\Home\Controller\OrderController.php (159).
[ 2016-06-11T10:54:05+08:00 ]NOTICE: Undefined offset: 0E:\wamp\www\Mall\Storage\view\compile\27dfbd60d443b92731eb83c8a7886759.php (407).
[ 2016-06-11T11:34:53+08:00 ]EXCEPTION: SELECT  *  FROM receiptaddress WHERE rid= ;BindParams:array (
)42000;1064;You have an error in your SQL syntax; check the manual that corresponds to your MySQL server version for the right syntax to use near '' at line 1
[ 2016-06-11T11:37:42+08:00 ]EXCEPTION: SELECT  *  FROM receiptaddress WHERE rid= ;BindParams:array (
)42000;1064;You have an error in your SQL syntax; check the manual that corresponds to your MySQL server version for the right syntax to use near '' at line 1
[ 2016-06-11T11:39:00+08:00 ]EXCEPTION: SELECT  *  FROM receiptaddress WHERE rid= ;BindParams:array (
)42000;1064;You have an error in your SQL syntax; check the manual that corresponds to your MySQL server version for the right syntax to use near '' at line 1
[ 2016-06-11T11:39:14+08:00 ]EXCEPTION: SELECT  *  FROM receiptaddress WHERE rid= ;BindParams:array (
)42000;1064;You have an error in your SQL syntax; check the manual that corresponds to your MySQL server version for the right syntax to use near '' at line 1
[ 2016-06-11T11:40:44+08:00 ]NOTICE: array_merge() [<a href='function.array-merge'>function.array-merge</a>]: Argument #2 is not an arrayE:\wamp\www\Mall\Hdphp\Kernel\Functions.php (36).
[ 2016-06-11T11:40:44+08:00 ]NOTICE: http_build_query() [<a href='function.http-build-query'>function.http-build-query</a>]: Parameter 1 expected to be Array or Object.  Incorrect value givenE:\wamp\www\Mall\Hdphp\Kernel\Functions.php (36).
[ 2016-06-11T11:40:58+08:00 ]NOTICE: array_merge() [<a href='function.array-merge'>function.array-merge</a>]: Argument #2 is not an arrayE:\wamp\www\Mall\Hdphp\Kernel\Functions.php (36).
[ 2016-06-11T11:40:58+08:00 ]NOTICE: http_build_query() [<a href='function.http-build-query'>function.http-build-query</a>]: Parameter 1 expected to be Array or Object.  Incorrect value givenE:\wamp\www\Mall\Hdphp\Kernel\Functions.php (36).
[ 2016-06-11T11:44:22+08:00 ]NOTICE: Missing argument 1 for Home\Controller\OrderController::pay()E:\wamp\www\Mall\App\Home\Controller\OrderController.php (43).
[ 2016-06-11T11:44:22+08:00 ]NOTICE: Undefined variable: ridE:\wamp\www\Mall\App\Home\Controller\OrderController.php (48).
[ 2016-06-11T11:44:22+08:00 ]EXCEPTION: SELECT  *  FROM receiptaddress WHERE rid= ;BindParams:array (
)42000;1064;You have an error in your SQL syntax; check the manual that corresponds to your MySQL server version for the right syntax to use near '' at line 1
[ 2016-06-11T12:29:52+08:00 ]EXCEPTION: Home\Controller\MyOrderController 不存在
[ 2016-06-11T16:32:36+08:00 ]NOTICE: Use of undefined constant goods_price - assumed 'goods_price'E:\wamp\www\Mall\Storage\view\compile\6754ec6ae09ce74cb710e80400c253f2.php (291).
[ 2016-06-11T16:32:36+08:00 ]NOTICE: Use of undefined constant goods_price - assumed 'goods_price'E:\wamp\www\Mall\Storage\view\compile\6754ec6ae09ce74cb710e80400c253f2.php (291).
[ 2016-06-11T16:46:34+08:00 ]NOTICE: Use of undefined constant Index - assumed 'Index'E:\wamp\www\Mall\Storage\view\compile\6754ec6ae09ce74cb710e80400c253f2.php (28).
[ 2016-06-11T16:46:34+08:00 ]NOTICE: Use of undefined constant out - assumed 'out'E:\wamp\www\Mall\Storage\view\compile\6754ec6ae09ce74cb710e80400c253f2.php (28).
[ 2016-06-11T16:46:34+08:00 ]NOTICE: Division by zeroE:\wamp\www\Mall\Storage\view\compile\6754ec6ae09ce74cb710e80400c253f2.php (28).
[ 2016-06-11T17:09:48+08:00 ]NOTICE: Invalid argument supplied for foreach()E:\wamp\www\Mall\Hdphp\Cart\Cart.php (147).
[ 2016-06-11T17:10:07+08:00 ]NOTICE: Invalid argument supplied for foreach()E:\wamp\www\Mall\Hdphp\Cart\Cart.php (147).
[ 2016-06-11T17:31:43+08:00 ]NOTICE: Invalid argument supplied for foreach()E:\wamp\www\Mall\Hdphp\Cart\Cart.php (147).
