[ 2016-06-13T00:17:00+08:00 ]NOTICE: Invalid argument supplied for foreach()E:\wamp\www\Mall\Hdphp\Cart\Cart.php (147).
[ 2016-06-13T01:19:02+08:00 ]EXCEPTION: DELETE FROM receiptaddress WHERE rid= ;BindParams:array (
)42000;1064;You have an error in your SQL syntax; check the manual that corresponds to your MySQL server version for the right syntax to use near '' at line 1
[ 2016-06-13T01:19:25+08:00 ]EXCEPTION: DELETE FROM receiptaddress WHERE rid= ;BindParams:array (
)42000;1064;You have an error in your SQL syntax; check the manual that corresponds to your MySQL server version for the right syntax to use near '' at line 1
[ 2016-06-13T06:56:33+08:00 ]NOTICE: Undefined index: clidE:\wamp\www\Mall\App\Home\Controller\OrderController.php (142).
[ 2016-06-13T06:56:33+08:00 ]EXCEPTION: SELECT  *  FROM orderlist WHERE client_clid= ;BindParams:array (
)42000;1064;You have an error in your SQL syntax; check the manual that corresponds to your MySQL server version for the right syntax to use near '' at line 1
[ 2016-06-13T07:00:17+08:00 ]EXCEPTION: DELETE FROM receiptaddress WHERE rid= ;BindParams:array (
)42000;1064;You have an error in your SQL syntax; check the manual that corresponds to your MySQL server version for the right syntax to use near '' at line 1
[ 2016-06-13T07:00:19+08:00 ]EXCEPTION: DELETE FROM receiptaddress WHERE rid= ;BindParams:array (
)42000;1064;You have an error in your SQL syntax; check the manual that corresponds to your MySQL server version for the right syntax to use near '' at line 1
[ 2016-06-13T07:00:20+08:00 ]EXCEPTION: DELETE FROM receiptaddress WHERE rid= ;BindParams:array (
)42000;1064;You have an error in your SQL syntax; check the manual that corresponds to your MySQL server version for the right syntax to use near '' at line 1
[ 2016-06-13T07:00:24+08:00 ]EXCEPTION: DELETE FROM receiptaddress WHERE rid= ;BindParams:array (
)42000;1064;You have an error in your SQL syntax; check the manual that corresponds to your MySQL server version for the right syntax to use near '' at line 1
[ 2016-06-13T07:00:28+08:00 ]EXCEPTION: DELETE FROM receiptaddress WHERE rid= ;BindParams:array (
)42000;1064;You have an error in your SQL syntax; check the manual that corresponds to your MySQL server version for the right syntax to use near '' at line 1
[ 2016-06-13T08:27:48+08:00 ]NOTICE: Invalid argument supplied for foreach()E:\wamp\www\Mall\Storage\view\compile\0c28e7150ba5d668f4a1564650d3d0d8.php (187).
[ 2016-06-13T08:27:48+08:00 ]NOTICE: Invalid argument supplied for foreach()E:\wamp\www\Mall\Storage\view\compile\0c28e7150ba5d668f4a1564650d3d0d8.php (187).
[ 2016-06-13T08:27:48+08:00 ]NOTICE: Invalid argument supplied for foreach()E:\wamp\www\Mall\Storage\view\compile\0c28e7150ba5d668f4a1564650d3d0d8.php (187).
[ 2016-06-13T08:27:48+08:00 ]NOTICE: Invalid argument supplied for foreach()E:\wamp\www\Mall\Storage\view\compile\0c28e7150ba5d668f4a1564650d3d0d8.php (187).
[ 2016-06-13T08:27:48+08:00 ]NOTICE: Invalid argument supplied for foreach()E:\wamp\www\Mall\Storage\view\compile\0c28e7150ba5d668f4a1564650d3d0d8.php (187).
[ 2016-06-13T08:27:48+08:00 ]NOTICE: Invalid argument supplied for foreach()E:\wamp\www\Mall\Storage\view\compile\0c28e7150ba5d668f4a1564650d3d0d8.php (187).
[ 2016-06-13T08:27:48+08:00 ]NOTICE: Invalid argument supplied for foreach()E:\wamp\www\Mall\Storage\view\compile\0c28e7150ba5d668f4a1564650d3d0d8.php (187).
[ 2016-06-13T08:27:48+08:00 ]NOTICE: Invalid argument supplied for foreach()E:\wamp\www\Mall\Storage\view\compile\0c28e7150ba5d668f4a1564650d3d0d8.php (187).
[ 2016-06-13T08:27:48+08:00 ]NOTICE: Invalid argument supplied for foreach()E:\wamp\www\Mall\Storage\view\compile\0c28e7150ba5d668f4a1564650d3d0d8.php (187).
[ 2016-06-13T08:27:48+08:00 ]NOTICE: Invalid argument supplied for foreach()E:\wamp\www\Mall\Storage\view\compile\0c28e7150ba5d668f4a1564650d3d0d8.php (187).
[ 2016-06-13T08:27:48+08:00 ]NOTICE: Invalid argument supplied for foreach()E:\wamp\www\Mall\Storage\view\compile\0c28e7150ba5d668f4a1564650d3d0d8.php (187).
[ 2016-06-13T08:27:48+08:00 ]NOTICE: Invalid argument supplied for foreach()E:\wamp\www\Mall\Storage\view\compile\0c28e7150ba5d668f4a1564650d3d0d8.php (187).
[ 2016-06-13T08:27:48+08:00 ]NOTICE: Invalid argument supplied for foreach()E:\wamp\www\Mall\Storage\view\compile\0c28e7150ba5d668f4a1564650d3d0d8.php (187).
[ 2016-06-13T08:27:48+08:00 ]NOTICE: Invalid argument supplied for foreach()E:\wamp\www\Mall\Storage\view\compile\0c28e7150ba5d668f4a1564650d3d0d8.php (187).
[ 2016-06-13T08:27:48+08:00 ]NOTICE: Invalid argument supplied for foreach()E:\wamp\www\Mall\Storage\view\compile\0c28e7150ba5d668f4a1564650d3d0d8.php (187).
[ 2016-06-13T08:27:48+08:00 ]NOTICE: Invalid argument supplied for foreach()E:\wamp\www\Mall\Storage\view\compile\0c28e7150ba5d668f4a1564650d3d0d8.php (187).
[ 2016-06-13T08:27:48+08:00 ]NOTICE: Invalid argument supplied for foreach()E:\wamp\www\Mall\Storage\view\compile\0c28e7150ba5d668f4a1564650d3d0d8.php (187).
[ 2016-06-13T08:27:48+08:00 ]NOTICE: Invalid argument supplied for foreach()E:\wamp\www\Mall\Storage\view\compile\0c28e7150ba5d668f4a1564650d3d0d8.php (187).
[ 2016-06-13T08:27:48+08:00 ]NOTICE: Invalid argument supplied for foreach()E:\wamp\www\Mall\Storage\view\compile\0c28e7150ba5d668f4a1564650d3d0d8.php (187).
[ 2016-06-13T08:27:48+08:00 ]NOTICE: Invalid argument supplied for foreach()E:\wamp\www\Mall\Storage\view\compile\0c28e7150ba5d668f4a1564650d3d0d8.php (187).
[ 2016-06-13T10:49:34+08:00 ]EXCEPTION: SELECT  *  FROM adminuser WHERE username='admin' ;BindParams:array (
)42S02;1146;Table 'mall.adminuser' doesn't exist
[ 2016-06-13T11:27:58+08:00 ]NOTICE: Undefined variable: dataE:\wamp\www\Mall\Storage\view\compile\b0cef37a0386a1faffd967a594ec1e7e.php (157).
[ 2016-06-13T11:27:58+08:00 ]NOTICE: Invalid argument supplied for foreach()E:\wamp\www\Mall\Storage\view\compile\b0cef37a0386a1faffd967a594ec1e7e.php (157).
[ 2016-06-13T11:42:21+08:00 ]EXCEPTION: Login\Controller\IndexController 不存在
[ 2016-06-13T11:45:58+08:00 ]NOTICE: Undefined variable: dataE:\wamp\www\Mall\Storage\view\compile\b0cef37a0386a1faffd967a594ec1e7e.php (157).
[ 2016-06-13T11:45:58+08:00 ]NOTICE: Invalid argument supplied for foreach()E:\wamp\www\Mall\Storage\view\compile\b0cef37a0386a1faffd967a594ec1e7e.php (157).
[ 2016-06-13T11:46:10+08:00 ]NOTICE: Undefined variable: dataE:\wamp\www\Mall\Storage\view\compile\b0cef37a0386a1faffd967a594ec1e7e.php (157).
[ 2016-06-13T11:46:10+08:00 ]NOTICE: Invalid argument supplied for foreach()E:\wamp\www\Mall\Storage\view\compile\b0cef37a0386a1faffd967a594ec1e7e.php (157).
[ 2016-06-13T11:53:03+08:00 ]NOTICE: Undefined variable: dataE:\wamp\www\Mall\Storage\view\compile\b0cef37a0386a1faffd967a594ec1e7e.php (157).
[ 2016-06-13T11:53:03+08:00 ]NOTICE: Invalid argument supplied for foreach()E:\wamp\www\Mall\Storage\view\compile\b0cef37a0386a1faffd967a594ec1e7e.php (157).
[ 2016-06-13T11:53:07+08:00 ]NOTICE: Undefined variable: dataE:\wamp\www\Mall\Storage\view\compile\b0cef37a0386a1faffd967a594ec1e7e.php (157).
[ 2016-06-13T11:53:07+08:00 ]NOTICE: Invalid argument supplied for foreach()E:\wamp\www\Mall\Storage\view\compile\b0cef37a0386a1faffd967a594ec1e7e.php (157).
[ 2016-06-13T13:44:21+08:00 ]NOTICE: Undefined variable: dataE:\wamp\www\Mall\Storage\view\compile\b0cef37a0386a1faffd967a594ec1e7e.php (157).
[ 2016-06-13T13:44:21+08:00 ]NOTICE: Invalid argument supplied for foreach()E:\wamp\www\Mall\Storage\view\compile\b0cef37a0386a1faffd967a594ec1e7e.php (157).
[ 2016-06-13T13:44:49+08:00 ]NOTICE: Undefined variable: dataE:\wamp\www\Mall\Storage\view\compile\b0cef37a0386a1faffd967a594ec1e7e.php (157).
[ 2016-06-13T13:44:49+08:00 ]NOTICE: Invalid argument supplied for foreach()E:\wamp\www\Mall\Storage\view\compile\b0cef37a0386a1faffd967a594ec1e7e.php (157).
[ 2016-06-13T13:48:27+08:00 ]EXCEPTION: DELETE FROM receiptaddress WHERE rid= ;BindParams:array (
)42000;1064;You have an error in your SQL syntax; check the manual that corresponds to your MySQL server version for the right syntax to use near '' at line 1
[ 2016-06-13T13:48:29+08:00 ]EXCEPTION: DELETE FROM receiptaddress WHERE rid= ;BindParams:array (
)42000;1064;You have an error in your SQL syntax; check the manual that corresponds to your MySQL server version for the right syntax to use near '' at line 1
[ 2016-06-13T13:48:31+08:00 ]EXCEPTION: DELETE FROM receiptaddress WHERE rid= ;BindParams:array (
)42000;1064;You have an error in your SQL syntax; check the manual that corresponds to your MySQL server version for the right syntax to use near '' at line 1
[ 2016-06-13T13:51:29+08:00 ]EXCEPTION: DELETE FROM receiptaddress WHERE rid= ;BindParams:array (
)42000;1064;You have an error in your SQL syntax; check the manual that corresponds to your MySQL server version for the right syntax to use near '' at line 1
[ 2016-06-13T14:06:07+08:00 ]EXCEPTION: Method Home\Controller\OrderController::magic() does not exist
[ 2016-06-13T14:19:59+08:00 ]EXCEPTION: DELETE FROM receiptaddress WHERE rid= ;BindParams:array (
)42000;1064;You have an error in your SQL syntax; check the manual that corresponds to your MySQL server version for the right syntax to use near '' at line 1
[ 2016-06-13T14:20:54+08:00 ]EXCEPTION: DELETE FROM receiptaddress WHERE rid= ;BindParams:array (
)42000;1064;You have an error in your SQL syntax; check the manual that corresponds to your MySQL server version for the right syntax to use near '' at line 1
[ 2016-06-13T14:21:01+08:00 ]EXCEPTION: DELETE FROM receiptaddress WHERE rid= ;BindParams:array (
)42000;1064;You have an error in your SQL syntax; check the manual that corresponds to your MySQL server version for the right syntax to use near '' at line 1
[ 2016-06-13T14:31:57+08:00 ]EXCEPTION: DELETE FROM receiptaddress WHERE rid= ;BindParams:array (
)42000;1064;You have an error in your SQL syntax; check the manual that corresponds to your MySQL server version for the right syntax to use near '' at line 1
[ 2016-06-13T15:36:37+08:00 ]NOTICE: Undefined offset: 0E:\wamp\www\Mall\Storage\view\compile\27dfbd60d443b92731eb83c8a7886759.php (157).
[ 2016-06-13T15:36:37+08:00 ]NOTICE: Undefined variable: vE:\wamp\www\Mall\Storage\view\compile\27dfbd60d443b92731eb83c8a7886759.php (391).
[ 2016-06-13T15:36:37+08:00 ]NOTICE: Undefined variable: vE:\wamp\www\Mall\Storage\view\compile\27dfbd60d443b92731eb83c8a7886759.php (393).
[ 2016-06-13T15:36:37+08:00 ]NOTICE: Undefined offset: 0E:\wamp\www\Mall\Storage\view\compile\27dfbd60d443b92731eb83c8a7886759.php (407).
[ 2016-06-13T15:36:37+08:00 ]NOTICE: Undefined offset: 0E:\wamp\www\Mall\Storage\view\compile\27dfbd60d443b92731eb83c8a7886759.php (408).
[ 2016-06-13T15:41:50+08:00 ]NOTICE: Undefined variable: dataE:\wamp\www\Mall\Storage\view\compile\b0cef37a0386a1faffd967a594ec1e7e.php (157).
[ 2016-06-13T15:41:50+08:00 ]NOTICE: Invalid argument supplied for foreach()E:\wamp\www\Mall\Storage\view\compile\b0cef37a0386a1faffd967a594ec1e7e.php (157).
[ 2016-06-13T15:44:00+08:00 ]NOTICE: Undefined variable: dataE:\wamp\www\Mall\Storage\view\compile\b0cef37a0386a1faffd967a594ec1e7e.php (157).
[ 2016-06-13T15:44:00+08:00 ]NOTICE: Invalid argument supplied for foreach()E:\wamp\www\Mall\Storage\view\compile\b0cef37a0386a1faffd967a594ec1e7e.php (157).
[ 2016-06-13T15:49:11+08:00 ]NOTICE: Undefined variable: dataE:\wamp\www\Mall\Storage\view\compile\b0cef37a0386a1faffd967a594ec1e7e.php (157).
[ 2016-06-13T15:49:11+08:00 ]NOTICE: Invalid argument supplied for foreach()E:\wamp\www\Mall\Storage\view\compile\b0cef37a0386a1faffd967a594ec1e7e.php (157).
[ 2016-06-13T15:49:39+08:00 ]NOTICE: Undefined variable: dataE:\wamp\www\Mall\Storage\view\compile\b0cef37a0386a1faffd967a594ec1e7e.php (157).
[ 2016-06-13T15:49:39+08:00 ]NOTICE: Invalid argument supplied for foreach()E:\wamp\www\Mall\Storage\view\compile\b0cef37a0386a1faffd967a594ec1e7e.php (157).
[ 2016-06-13T16:56:54+08:00 ]NOTICE: Undefined offset: 0E:\wamp\www\Mall\Storage\view\compile\27dfbd60d443b92731eb83c8a7886759.php (157).
[ 2016-06-13T16:56:54+08:00 ]NOTICE: Undefined variable: vE:\wamp\www\Mall\Storage\view\compile\27dfbd60d443b92731eb83c8a7886759.php (391).
[ 2016-06-13T16:56:54+08:00 ]NOTICE: Undefined variable: vE:\wamp\www\Mall\Storage\view\compile\27dfbd60d443b92731eb83c8a7886759.php (393).
[ 2016-06-13T16:56:54+08:00 ]NOTICE: Undefined offset: 0E:\wamp\www\Mall\Storage\view\compile\27dfbd60d443b92731eb83c8a7886759.php (407).
[ 2016-06-13T16:56:54+08:00 ]NOTICE: Undefined offset: 0E:\wamp\www\Mall\Storage\view\compile\27dfbd60d443b92731eb83c8a7886759.php (408).
[ 2016-06-13T19:51:32+08:00 ]NOTICE: Undefined offset: 0E:\wamp\www\Mall\Storage\view\compile\0c28e7150ba5d668f4a1564650d3d0d8.php (192).
[ 2016-06-13T19:51:32+08:00 ]NOTICE: Undefined offset: 0E:\wamp\www\Mall\Storage\view\compile\0c28e7150ba5d668f4a1564650d3d0d8.php (192).
[ 2016-06-13T19:51:32+08:00 ]NOTICE: Undefined offset: 0E:\wamp\www\Mall\Storage\view\compile\0c28e7150ba5d668f4a1564650d3d0d8.php (192).
[ 2016-06-13T19:51:32+08:00 ]NOTICE: Undefined offset: 0E:\wamp\www\Mall\Storage\view\compile\0c28e7150ba5d668f4a1564650d3d0d8.php (192).
[ 2016-06-13T19:51:32+08:00 ]NOTICE: Undefined offset: 0E:\wamp\www\Mall\Storage\view\compile\0c28e7150ba5d668f4a1564650d3d0d8.php (192).
[ 2016-06-13T19:51:32+08:00 ]NOTICE: Undefined offset: 0E:\wamp\www\Mall\Storage\view\compile\0c28e7150ba5d668f4a1564650d3d0d8.php (192).
[ 2016-06-13T19:57:35+08:00 ]NOTICE: Undefined offset: 0E:\wamp\www\Mall\Storage\view\compile\0c28e7150ba5d668f4a1564650d3d0d8.php (192).
[ 2016-06-13T19:57:35+08:00 ]NOTICE: Undefined offset: 0E:\wamp\www\Mall\Storage\view\compile\0c28e7150ba5d668f4a1564650d3d0d8.php (192).
[ 2016-06-13T19:57:35+08:00 ]NOTICE: Undefined offset: 0E:\wamp\www\Mall\Storage\view\compile\0c28e7150ba5d668f4a1564650d3d0d8.php (192).
[ 2016-06-13T19:57:35+08:00 ]NOTICE: Undefined offset: 0E:\wamp\www\Mall\Storage\view\compile\0c28e7150ba5d668f4a1564650d3d0d8.php (192).
[ 2016-06-13T19:57:35+08:00 ]NOTICE: Undefined offset: 0E:\wamp\www\Mall\Storage\view\compile\0c28e7150ba5d668f4a1564650d3d0d8.php (192).
[ 2016-06-13T19:57:35+08:00 ]NOTICE: Undefined offset: 0E:\wamp\www\Mall\Storage\view\compile\0c28e7150ba5d668f4a1564650d3d0d8.php (192).
[ 2016-06-13T21:20:55+08:00 ]NOTICE: Undefined variable: dataE:\wamp\www\Mall\Storage\view\compile\b0cef37a0386a1faffd967a594ec1e7e.php (157).
[ 2016-06-13T21:20:55+08:00 ]NOTICE: Invalid argument supplied for foreach()E:\wamp\www\Mall\Storage\view\compile\b0cef37a0386a1faffd967a594ec1e7e.php (157).
[ 2016-06-13T21:24:07+08:00 ]NOTICE: Undefined variable: dataE:\wamp\www\Mall\Storage\view\compile\b0cef37a0386a1faffd967a594ec1e7e.php (157).
[ 2016-06-13T21:24:07+08:00 ]NOTICE: Invalid argument supplied for foreach()E:\wamp\www\Mall\Storage\view\compile\b0cef37a0386a1faffd967a594ec1e7e.php (157).
[ 2016-06-13T21:24:08+08:00 ]NOTICE: Undefined variable: dataE:\wamp\www\Mall\Storage\view\compile\b0cef37a0386a1faffd967a594ec1e7e.php (157).
[ 2016-06-13T21:24:08+08:00 ]NOTICE: Invalid argument supplied for foreach()E:\wamp\www\Mall\Storage\view\compile\b0cef37a0386a1faffd967a594ec1e7e.php (157).
