[ 2016-06-14T07:15:41+08:00 ]NOTICE: Undefined variable: dataE:\wamp\www\Mall\Storage\view\compile\b0cef37a0386a1faffd967a594ec1e7e.php (157).
[ 2016-06-14T07:15:41+08:00 ]NOTICE: Invalid argument supplied for foreach()E:\wamp\www\Mall\Storage\view\compile\b0cef37a0386a1faffd967a594ec1e7e.php (157).
[ 2016-06-14T07:16:55+08:00 ]NOTICE: Undefined variable: dataE:\wamp\www\Mall\Storage\view\compile\b0cef37a0386a1faffd967a594ec1e7e.php (157).
[ 2016-06-14T07:16:55+08:00 ]NOTICE: Invalid argument supplied for foreach()E:\wamp\www\Mall\Storage\view\compile\b0cef37a0386a1faffd967a594ec1e7e.php (157).
[ 2016-06-14T07:42:11+08:00 ]NOTICE: Undefined variable: dataE:\wamp\www\Mall\Storage\view\compile\b0cef37a0386a1faffd967a594ec1e7e.php (157).
[ 2016-06-14T07:42:11+08:00 ]NOTICE: Invalid argument supplied for foreach()E:\wamp\www\Mall\Storage\view\compile\b0cef37a0386a1faffd967a594ec1e7e.php (157).
[ 2016-06-14T08:19:46+08:00 ]NOTICE: Undefined variable: dataE:\wamp\www\Mall\Storage\view\compile\b0cef37a0386a1faffd967a594ec1e7e.php (157).
[ 2016-06-14T08:19:46+08:00 ]NOTICE: Invalid argument supplied for foreach()E:\wamp\www\Mall\Storage\view\compile\b0cef37a0386a1faffd967a594ec1e7e.php (157).
[ 2016-06-14T14:42:15+08:00 ]EXCEPTION: Admin\Controller\OrderController 不存在
[ 2016-06-14T14:42:35+08:00 ]NOTICE: Undefined variable: dataE:\wamp\www\Mall\Storage\view\compile\8dfdb98d796f22a49c5b0dbec9c67207.php (32).
[ 2016-06-14T14:42:35+08:00 ]NOTICE: Invalid argument supplied for foreach()E:\wamp\www\Mall\Storage\view\compile\8dfdb98d796f22a49c5b0dbec9c67207.php (32).
[ 2016-06-14T14:46:37+08:00 ]NOTICE: md5() expects parameter 1 to be string, array givenE:\wamp\www\Mall\Hdphp\Cache\File.php (49).
[ 2016-06-14T14:46:37+08:00 ]NOTICE: Undefined variable: dataE:\wamp\www\Mall\Storage\view\compile\8dfdb98d796f22a49c5b0dbec9c67207.php (32).
[ 2016-06-14T14:46:37+08:00 ]NOTICE: Invalid argument supplied for foreach()E:\wamp\www\Mall\Storage\view\compile\8dfdb98d796f22a49c5b0dbec9c67207.php (32).
[ 2016-06-14T14:46:54+08:00 ]NOTICE: Undefined variable: dataE:\wamp\www\Mall\Storage\view\compile\8dfdb98d796f22a49c5b0dbec9c67207.php (32).
[ 2016-06-14T14:46:54+08:00 ]NOTICE: Invalid argument supplied for foreach()E:\wamp\www\Mall\Storage\view\compile\8dfdb98d796f22a49c5b0dbec9c67207.php (32).
[ 2016-06-14T17:18:47+08:00 ]EXCEPTION: SELECT  gid  FROM goods WHERE cid in(23,71,72,73,24,74,75,76,22) ;BindParams:array (
)42S22;1054;Unknown column 'cid' in 'where clause'
[ 2016-06-14T19:23:37+08:00 ]EXCEPTION: SELECT  *  FROM goods_property WHERE gid in (60,61,62,18) GROUP BY gpvalue ;BindParams:array (
)42S22;1054;Unknown column 'gid' in 'where clause'
[ 2016-06-14T19:28:25+08:00 ]NOTICE: implode() [<a href='function.implode'>function.implode</a>]: Invalid arguments passedE:\wamp\www\Mall\App\Home\Controller\ListController.php (38).
[ 2016-06-14T19:28:25+08:00 ]EXCEPTION: SELECT  *  FROM goods_property WHERE goods_gid in () GROUP BY gpvalue ;BindParams:array (
)42000;1064;You have an error in your SQL syntax; check the manual that corresponds to your MySQL server version for the right syntax to use near ') GROUP BY gpvalue' at line 1
[ 2016-06-14T19:30:41+08:00 ]NOTICE: Undefined variable: goModelE:\wamp\www\Mall\App\Home\Controller\ListController.php (38).
[ 2016-06-14T19:31:01+08:00 ]NOTICE: implode() [<a href='function.implode'>function.implode</a>]: Invalid arguments passedE:\wamp\www\Mall\App\Home\Controller\ListController.php (38).
[ 2016-06-14T19:31:01+08:00 ]EXCEPTION: SELECT  *  FROM goods_property WHERE goods_gid in() GROUP BY gpvalue ;BindParams:array (
)42000;1064;You have an error in your SQL syntax; check the manual that corresponds to your MySQL server version for the right syntax to use near ') GROUP BY gpvalue' at line 1
[ 2016-06-14T19:33:07+08:00 ]NOTICE: implode() [<a href='function.implode'>function.implode</a>]: Invalid arguments passedE:\wamp\www\Mall\App\Home\Controller\ListController.php (38).
[ 2016-06-14T19:33:07+08:00 ]EXCEPTION: SELECT  *  FROM goods_property WHERE goods_gid in() ;BindParams:array (
)42000;1064;You have an error in your SQL syntax; check the manual that corresponds to your MySQL server version for the right syntax to use near ')' at line 1
[ 2016-06-14T19:34:04+08:00 ]NOTICE: implode() [<a href='function.implode'>function.implode</a>]: Invalid arguments passedE:\wamp\www\Mall\App\Home\Controller\ListController.php (38).
[ 2016-06-14T19:34:04+08:00 ]EXCEPTION: SELECT  *  FROM goods_property WHERE goods_gid in() ;BindParams:array (
)42000;1064;You have an error in your SQL syntax; check the manual that corresponds to your MySQL server version for the right syntax to use near ')' at line 1
[ 2016-06-14T19:36:36+08:00 ]NOTICE: implode() [<a href='function.implode'>function.implode</a>]: Invalid arguments passedE:\wamp\www\Mall\App\Home\Controller\ListController.php (37).
[ 2016-06-14T19:36:36+08:00 ]EXCEPTION: SELECT  *  FROM goods_property WHERE goods_gid in() ;BindParams:array (
)42000;1064;You have an error in your SQL syntax; check the manual that corresponds to your MySQL server version for the right syntax to use near ')' at line 1
[ 2016-06-14T19:36:51+08:00 ]NOTICE: implode() [<a href='function.implode'>function.implode</a>]: Invalid arguments passedE:\wamp\www\Mall\App\Home\Controller\ListController.php (37).
[ 2016-06-14T19:36:51+08:00 ]EXCEPTION: SELECT  *  FROM goods_property WHERE goods_gid in() ;BindParams:array (
)42000;1064;You have an error in your SQL syntax; check the manual that corresponds to your MySQL server version for the right syntax to use near ')' at line 1
[ 2016-06-14T20:02:30+08:00 ]NOTICE: Undefined index: pnameE:\wamp\www\Mall\Hdphp\Db\Mysql.php (1060).
[ 2016-06-14T20:02:30+08:00 ]NOTICE: Undefined index: pnameE:\wamp\www\Mall\Hdphp\Db\Mysql.php (1060).
[ 2016-06-14T20:02:30+08:00 ]NOTICE: Undefined index: pnameE:\wamp\www\Mall\Hdphp\Db\Mysql.php (1060).
[ 2016-06-14T20:02:30+08:00 ]NOTICE: Undefined index: pnameE:\wamp\www\Mall\Hdphp\Db\Mysql.php (1060).
[ 2016-06-14T20:02:30+08:00 ]NOTICE: Undefined index: pnameE:\wamp\www\Mall\Hdphp\Db\Mysql.php (1060).
[ 2016-06-14T20:02:30+08:00 ]NOTICE: Undefined index: pnameE:\wamp\www\Mall\Hdphp\Db\Mysql.php (1060).
[ 2016-06-14T20:02:30+08:00 ]NOTICE: Undefined index: pnameE:\wamp\www\Mall\Hdphp\Db\Mysql.php (1060).
[ 2016-06-14T20:02:30+08:00 ]NOTICE: Undefined index: pnameE:\wamp\www\Mall\Hdphp\Db\Mysql.php (1060).
[ 2016-06-14T20:02:30+08:00 ]NOTICE: Undefined index: pnameE:\wamp\www\Mall\Hdphp\Db\Mysql.php (1060).
[ 2016-06-14T20:02:30+08:00 ]NOTICE: Undefined index: pnameE:\wamp\www\Mall\Hdphp\Db\Mysql.php (1060).
[ 2016-06-14T20:02:30+08:00 ]NOTICE: Undefined index: pnameE:\wamp\www\Mall\Hdphp\Db\Mysql.php (1060).
[ 2016-06-14T20:02:31+08:00 ]NOTICE: Undefined index: pnameE:\wamp\www\Mall\Hdphp\Db\Mysql.php (1060).
[ 2016-06-14T20:02:31+08:00 ]NOTICE: Undefined index: pnameE:\wamp\www\Mall\Hdphp\Db\Mysql.php (1060).
[ 2016-06-14T20:02:31+08:00 ]NOTICE: Undefined index: pnameE:\wamp\www\Mall\Hdphp\Db\Mysql.php (1060).
[ 2016-06-14T20:02:31+08:00 ]NOTICE: Undefined index: pnameE:\wamp\www\Mall\Hdphp\Db\Mysql.php (1060).
[ 2016-06-14T20:02:31+08:00 ]NOTICE: Undefined index: pnameE:\wamp\www\Mall\Hdphp\Db\Mysql.php (1060).
[ 2016-06-14T20:02:31+08:00 ]NOTICE: Undefined index: pnameE:\wamp\www\Mall\Hdphp\Db\Mysql.php (1060).
[ 2016-06-14T20:02:31+08:00 ]NOTICE: Undefined index: pnameE:\wamp\www\Mall\Hdphp\Db\Mysql.php (1060).
[ 2016-06-14T20:02:31+08:00 ]NOTICE: Undefined index: pnameE:\wamp\www\Mall\Hdphp\Db\Mysql.php (1060).
[ 2016-06-14T20:02:31+08:00 ]NOTICE: Undefined index: pnameE:\wamp\www\Mall\Hdphp\Db\Mysql.php (1060).
[ 2016-06-14T20:02:31+08:00 ]NOTICE: Undefined index: pnameE:\wamp\www\Mall\Hdphp\Db\Mysql.php (1060).
[ 2016-06-14T20:02:31+08:00 ]NOTICE: Undefined index: pnameE:\wamp\www\Mall\Hdphp\Db\Mysql.php (1060).
[ 2016-06-14T20:02:31+08:00 ]NOTICE: Undefined index: pnameE:\wamp\www\Mall\Hdphp\Db\Mysql.php (1060).
[ 2016-06-14T20:02:31+08:00 ]NOTICE: Undefined index: pnameE:\wamp\www\Mall\Hdphp\Db\Mysql.php (1060).
[ 2016-06-14T20:02:31+08:00 ]NOTICE: Undefined index: pnameE:\wamp\www\Mall\Hdphp\Db\Mysql.php (1060).
[ 2016-06-14T20:02:31+08:00 ]NOTICE: Undefined index: pnameE:\wamp\www\Mall\Hdphp\Db\Mysql.php (1060).
[ 2016-06-14T20:02:31+08:00 ]NOTICE: Undefined index: pnameE:\wamp\www\Mall\Hdphp\Db\Mysql.php (1060).
[ 2016-06-14T20:02:31+08:00 ]NOTICE: Undefined index: pnameE:\wamp\www\Mall\Hdphp\Db\Mysql.php (1060).
[ 2016-06-14T20:02:31+08:00 ]NOTICE: Undefined index: pnameE:\wamp\www\Mall\Hdphp\Db\Mysql.php (1060).
[ 2016-06-14T20:02:31+08:00 ]NOTICE: Undefined index: pnameE:\wamp\www\Mall\Hdphp\Db\Mysql.php (1060).
[ 2016-06-14T20:02:31+08:00 ]NOTICE: Undefined index: pnameE:\wamp\www\Mall\Hdphp\Db\Mysql.php (1060).
[ 2016-06-14T20:10:01+08:00 ]EXCEPTION: SELECT  *  FROM property WHERE gpid=378 LIMIT 1 ;BindParams:array (
)42S22;1054;Unknown column 'gpid' in 'where clause'
[ 2016-06-14T20:14:10+08:00 ]EXCEPTION: SELECT  *  FROM property WHERE property_pid=378 LIMIT 1 ;BindParams:array (
)42S22;1054;Unknown column 'property_pid' in 'where clause'
[ 2016-06-14T20:21:41+08:00 ]NOTICE: Undefined variable: gpidE:\wamp\www\Mall\App\Home\Controller\ListController.php (49).
[ 2016-06-14T20:21:41+08:00 ]EXCEPTION: SELECT  *  FROM property WHERE pid= LIMIT 1 ;BindParams:array (
)42000;1064;You have an error in your SQL syntax; check the manual that corresponds to your MySQL server version for the right syntax to use near 'LIMIT 1' at line 1
[ 2016-06-14T20:25:28+08:00 ]NOTICE: Undefined variable: gpidE:\wamp\www\Mall\App\Home\Controller\ListController.php (47).
[ 2016-06-14T20:25:28+08:00 ]EXCEPTION: SELECT  *  FROM property WHERE pid= LIMIT 1 ;BindParams:array (
)42000;1064;You have an error in your SQL syntax; check the manual that corresponds to your MySQL server version for the right syntax to use near 'LIMIT 1' at line 1
[ 2016-06-14T20:42:38+08:00 ]NOTICE: Undefined index: gpvalueE:\wamp\www\Mall\Storage\view\compile\9c5abaaa6f02cf73c9209d43230d6294.php (847).
[ 2016-06-14T20:42:38+08:00 ]NOTICE: Undefined index: gpvalueE:\wamp\www\Mall\Storage\view\compile\9c5abaaa6f02cf73c9209d43230d6294.php (847).
[ 2016-06-14T20:42:38+08:00 ]NOTICE: Undefined index: gpvalueE:\wamp\www\Mall\Storage\view\compile\9c5abaaa6f02cf73c9209d43230d6294.php (847).
[ 2016-06-14T20:42:38+08:00 ]NOTICE: Undefined index: gpvalueE:\wamp\www\Mall\Storage\view\compile\9c5abaaa6f02cf73c9209d43230d6294.php (847).
[ 2016-06-14T20:42:38+08:00 ]NOTICE: Undefined index: gpvalueE:\wamp\www\Mall\Storage\view\compile\9c5abaaa6f02cf73c9209d43230d6294.php (847).
[ 2016-06-14T20:42:38+08:00 ]NOTICE: Undefined index: gpvalueE:\wamp\www\Mall\Storage\view\compile\9c5abaaa6f02cf73c9209d43230d6294.php (847).
[ 2016-06-14T20:42:38+08:00 ]NOTICE: Undefined index: gpvalueE:\wamp\www\Mall\Storage\view\compile\9c5abaaa6f02cf73c9209d43230d6294.php (847).
[ 2016-06-14T20:42:38+08:00 ]NOTICE: Undefined index: gpvalueE:\wamp\www\Mall\Storage\view\compile\9c5abaaa6f02cf73c9209d43230d6294.php (847).
[ 2016-06-14T20:42:38+08:00 ]NOTICE: Undefined index: gpvalueE:\wamp\www\Mall\Storage\view\compile\9c5abaaa6f02cf73c9209d43230d6294.php (847).
[ 2016-06-14T20:42:38+08:00 ]NOTICE: Undefined index: gpvalueE:\wamp\www\Mall\Storage\view\compile\9c5abaaa6f02cf73c9209d43230d6294.php (847).
[ 2016-06-14T20:42:38+08:00 ]NOTICE: Undefined index: gpvalueE:\wamp\www\Mall\Storage\view\compile\9c5abaaa6f02cf73c9209d43230d6294.php (847).
[ 2016-06-14T20:42:38+08:00 ]NOTICE: Undefined index: gpvalueE:\wamp\www\Mall\Storage\view\compile\9c5abaaa6f02cf73c9209d43230d6294.php (847).
[ 2016-06-14T20:43:49+08:00 ]NOTICE: implode() [<a href='function.implode'>function.implode</a>]: Invalid arguments passedE:\wamp\www\Mall\App\Home\Controller\ListController.php (39).
[ 2016-06-14T20:43:49+08:00 ]EXCEPTION: SELECT  *  FROM goods_property WHERE goods_gid in() GROUP BY gpvalue ;BindParams:array (
)42000;1064;You have an error in your SQL syntax; check the manual that corresponds to your MySQL server version for the right syntax to use near ') GROUP BY gpvalue' at line 1
[ 2016-06-14T20:46:24+08:00 ]NOTICE: implode() [<a href='function.implode'>function.implode</a>]: Invalid arguments passedE:\wamp\www\Mall\App\Home\Controller\ListController.php (39).
[ 2016-06-14T20:46:24+08:00 ]EXCEPTION: SELECT  *  FROM goods_property WHERE goods_gid in() GROUP BY gpvalue ;BindParams:array (
)42000;1064;You have an error in your SQL syntax; check the manual that corresponds to your MySQL server version for the right syntax to use near ') GROUP BY gpvalue' at line 1
[ 2016-06-14T20:55:49+08:00 ]NOTICE: implode() [<a href='function.implode'>function.implode</a>]: Invalid arguments passedE:\wamp\www\Mall\App\Home\Controller\ListController.php (38).
[ 2016-06-14T20:55:49+08:00 ]EXCEPTION: SELECT  *  FROM goods_property WHERE goods_gid in() GROUP BY gpvalue ;BindParams:array (
)42000;1064;You have an error in your SQL syntax; check the manual that corresponds to your MySQL server version for the right syntax to use near ') GROUP BY gpvalue' at line 1
[ 2016-06-14T21:42:30+08:00 ]EXCEPTION: Method Admin\Controller\OrderController::edit() does not exist
[ 2016-06-14T21:42:52+08:00 ]NOTICE: Missing argument 1 for Hdphp\Db\Mysql::update()E:\wamp\www\Mall\Hdphp\Db\Mysql.php (379).
[ 2016-06-14T21:42:52+08:00 ]NOTICE: Undefined variable: sqlE:\wamp\www\Mall\Hdphp\Db\Mysql.php (381).
[ 2016-06-14T21:42:52+08:00 ]NOTICE: Undefined variable: sqlE:\wamp\www\Mall\Hdphp\Db\Mysql.php (396).
[ 2016-06-14T21:42:52+08:00 ]EXCEPTION:  ;BindParams:array (
)42000;1065;Query was empty
[ 2016-06-14T21:43:11+08:00 ]EXCEPTION: Method Admin\Controller\OrderController::show() does not exist
[ 2016-06-14T22:34:01+08:00 ]EXCEPTION: SELECT  *  FROM orders INNER JOIN orderlist ON order_orid = orid WHERE client_clid=2 GROUP BY orid ;BindParams:array (
)23000;1052;Column 'client_clid' in where clause is ambiguous
[ 2016-06-14T22:37:14+08:00 ]EXCEPTION: SELECT  *  FROM orders INNER JOIN orderlist ON order_orid = orid WHERE client_clid=2 GROUP BY orid ;BindParams:array (
)23000;1052;Column 'client_clid' in where clause is ambiguous
[ 2016-06-14T22:46:12+08:00 ]NOTICE: Undefined variable: dataE:\wamp\www\Mall\Storage\view\compile\b0cef37a0386a1faffd967a594ec1e7e.php (157).
[ 2016-06-14T22:46:12+08:00 ]NOTICE: Invalid argument supplied for foreach()E:\wamp\www\Mall\Storage\view\compile\b0cef37a0386a1faffd967a594ec1e7e.php (157).
[ 2016-06-14T22:48:29+08:00 ]NOTICE: Undefined variable: dataE:\wamp\www\Mall\Storage\view\compile\b0cef37a0386a1faffd967a594ec1e7e.php (157).
[ 2016-06-14T22:48:29+08:00 ]NOTICE: Invalid argument supplied for foreach()E:\wamp\www\Mall\Storage\view\compile\b0cef37a0386a1faffd967a594ec1e7e.php (157).
[ 2016-06-14T23:00:32+08:00 ]NOTICE: implode() [<a href='function.implode'>function.implode</a>]: Invalid arguments passedE:\wamp\www\Mall\App\Home\Controller\ListController.php (38).
[ 2016-06-14T23:00:32+08:00 ]EXCEPTION: SELECT  *  FROM goods_property WHERE goods_gid in() GROUP BY gpvalue ;BindParams:array (
)42000;1064;You have an error in your SQL syntax; check the manual that corresponds to your MySQL server version for the right syntax to use near ') GROUP BY gpvalue' at line 1
[ 2016-06-14T23:19:40+08:00 ]NOTICE: Undefined variable: dataE:\wamp\www\Mall\Storage\view\compile\b0cef37a0386a1faffd967a594ec1e7e.php (157).
[ 2016-06-14T23:19:40+08:00 ]NOTICE: Invalid argument supplied for foreach()E:\wamp\www\Mall\Storage\view\compile\b0cef37a0386a1faffd967a594ec1e7e.php (157).
[ 2016-06-14T23:27:08+08:00 ]NOTICE: Undefined variable: dataE:\wamp\www\Mall\Storage\view\compile\b0cef37a0386a1faffd967a594ec1e7e.php (157).
[ 2016-06-14T23:27:08+08:00 ]NOTICE: Invalid argument supplied for foreach()E:\wamp\www\Mall\Storage\view\compile\b0cef37a0386a1faffd967a594ec1e7e.php (157).
[ 2016-06-14T23:47:33+08:00 ]NOTICE: implode() [<a href='function.implode'>function.implode</a>]: Invalid arguments passedE:\wamp\www\Mall\App\Home\Controller\ListController.php (38).
[ 2016-06-14T23:47:33+08:00 ]EXCEPTION: SELECT  *  FROM goods_property WHERE goods_gid in() GROUP BY gpvalue ;BindParams:array (
)42000;1064;You have an error in your SQL syntax; check the manual that corresponds to your MySQL server version for the right syntax to use near ') GROUP BY gpvalue' at line 1
[ 2016-06-14T23:50:04+08:00 ]NOTICE: Undefined variable: dataE:\wamp\www\Mall\Storage\view\compile\b0cef37a0386a1faffd967a594ec1e7e.php (157).
[ 2016-06-14T23:50:04+08:00 ]NOTICE: Invalid argument supplied for foreach()E:\wamp\www\Mall\Storage\view\compile\b0cef37a0386a1faffd967a594ec1e7e.php (157).
[ 2016-06-14T23:57:55+08:00 ]NOTICE: implode() [<a href='function.implode'>function.implode</a>]: Invalid arguments passedE:\wamp\www\Mall\App\Home\Controller\ListController.php (38).
[ 2016-06-14T23:57:56+08:00 ]EXCEPTION: SELECT  *  FROM goods_property WHERE goods_gid in() GROUP BY gpvalue ;BindParams:array (
)42000;1064;You have an error in your SQL syntax; check the manual that corresponds to your MySQL server version for the right syntax to use near ') GROUP BY gpvalue' at line 1
