[ 2016-06-16T05:43:01+08:00 ]NOTICE: Undefined index: cartE:\wamp\www\Mall\Storage\view\compile\2285f5ecd290c2ae060f2c24a56dc0d2.php (392).
[ 2016-06-16T05:43:01+08:00 ]NOTICE: Undefined index: cartE:\wamp\www\Mall\Storage\view\compile\2285f5ecd290c2ae060f2c24a56dc0d2.php (392).
[ 2016-06-16T05:43:10+08:00 ]NOTICE: Undefined index: cartE:\wamp\www\Mall\Storage\view\compile\2285f5ecd290c2ae060f2c24a56dc0d2.php (392).
[ 2016-06-16T05:43:10+08:00 ]NOTICE: Undefined index: cartE:\wamp\www\Mall\Storage\view\compile\2285f5ecd290c2ae060f2c24a56dc0d2.php (392).
[ 2016-06-16T05:43:36+08:00 ]NOTICE: Undefined index: cartE:\wamp\www\Mall\Storage\view\compile\2285f5ecd290c2ae060f2c24a56dc0d2.php (392).
[ 2016-06-16T05:43:36+08:00 ]NOTICE: Undefined index: cartE:\wamp\www\Mall\Storage\view\compile\2285f5ecd290c2ae060f2c24a56dc0d2.php (392).
[ 2016-06-16T05:45:23+08:00 ]NOTICE: Undefined offset: 0E:\wamp\www\Mall\App\Home\Controller\ContentController.php (57).
[ 2016-06-16T05:45:23+08:00 ]NOTICE: Undefined index: listpicE:\wamp\www\Mall\App\Home\Controller\ContentController.php (59).
[ 2016-06-16T05:45:23+08:00 ]NOTICE: Undefined index: gnameE:\wamp\www\Mall\Storage\view\compile\2285f5ecd290c2ae060f2c24a56dc0d2.php (242).
[ 2016-06-16T05:45:23+08:00 ]NOTICE: Undefined index: gidE:\wamp\www\Mall\Storage\view\compile\2285f5ecd290c2ae060f2c24a56dc0d2.php (242).
[ 2016-06-16T05:45:23+08:00 ]NOTICE: Undefined index: gnameE:\wamp\www\Mall\Storage\view\compile\2285f5ecd290c2ae060f2c24a56dc0d2.php (243).
[ 2016-06-16T05:45:23+08:00 ]NOTICE: Undefined index: mpriceE:\wamp\www\Mall\Storage\view\compile\2285f5ecd290c2ae060f2c24a56dc0d2.php (252).
[ 2016-06-16T05:45:23+08:00 ]NOTICE: Undefined index: mpriceE:\wamp\www\Mall\Storage\view\compile\2285f5ecd290c2ae060f2c24a56dc0d2.php (252).
[ 2016-06-16T05:45:23+08:00 ]NOTICE: Undefined index: detailE:\wamp\www\Mall\Storage\view\compile\2285f5ecd290c2ae060f2c24a56dc0d2.php (733).
[ 2016-06-16T05:46:40+08:00 ]NOTICE: Undefined index: cartE:\wamp\www\Mall\Storage\view\compile\2285f5ecd290c2ae060f2c24a56dc0d2.php (392).
[ 2016-06-16T05:46:40+08:00 ]NOTICE: Undefined index: cartE:\wamp\www\Mall\Storage\view\compile\2285f5ecd290c2ae060f2c24a56dc0d2.php (392).
[ 2016-06-16T06:01:44+08:00 ]NOTICE: Undefined index: pnameE:\wamp\www\Mall\Storage\view\compile\2285f5ecd290c2ae060f2c24a56dc0d2.php (345).
[ 2016-06-16T06:01:45+08:00 ]NOTICE: Undefined index: pnameE:\wamp\www\Mall\Storage\view\compile\2285f5ecd290c2ae060f2c24a56dc0d2.php (345).
[ 2016-06-16T06:01:45+08:00 ]NOTICE: Undefined index: pnameE:\wamp\www\Mall\Storage\view\compile\2285f5ecd290c2ae060f2c24a56dc0d2.php (345).
[ 2016-06-16T06:01:45+08:00 ]NOTICE: Undefined index: pnameE:\wamp\www\Mall\Storage\view\compile\2285f5ecd290c2ae060f2c24a56dc0d2.php (345).
[ 2016-06-16T06:11:46+08:00 ]NOTICE: Undefined offset: 0E:\wamp\www\Mall\App\Home\Controller\ContentController.php (57).
[ 2016-06-16T06:11:46+08:00 ]NOTICE: Undefined index: listpicE:\wamp\www\Mall\App\Home\Controller\ContentController.php (59).
[ 2016-06-16T06:11:46+08:00 ]NOTICE: Undefined index: gnameE:\wamp\www\Mall\Storage\view\compile\2285f5ecd290c2ae060f2c24a56dc0d2.php (243).
[ 2016-06-16T06:11:46+08:00 ]NOTICE: Undefined index: gidE:\wamp\www\Mall\Storage\view\compile\2285f5ecd290c2ae060f2c24a56dc0d2.php (243).
[ 2016-06-16T06:11:46+08:00 ]NOTICE: Undefined index: gnameE:\wamp\www\Mall\Storage\view\compile\2285f5ecd290c2ae060f2c24a56dc0d2.php (244).
[ 2016-06-16T06:11:46+08:00 ]NOTICE: Undefined index: gnameE:\wamp\www\Mall\Storage\view\compile\2285f5ecd290c2ae060f2c24a56dc0d2.php (245).
[ 2016-06-16T06:11:46+08:00 ]NOTICE: Undefined index: mpriceE:\wamp\www\Mall\Storage\view\compile\2285f5ecd290c2ae060f2c24a56dc0d2.php (254).
[ 2016-06-16T06:11:46+08:00 ]NOTICE: Undefined index: mpriceE:\wamp\www\Mall\Storage\view\compile\2285f5ecd290c2ae060f2c24a56dc0d2.php (254).
[ 2016-06-16T06:11:46+08:00 ]NOTICE: Undefined index: mpriceE:\wamp\www\Mall\Storage\view\compile\2285f5ecd290c2ae060f2c24a56dc0d2.php (255).
[ 2016-06-16T06:11:46+08:00 ]NOTICE: Undefined index: detailE:\wamp\www\Mall\Storage\view\compile\2285f5ecd290c2ae060f2c24a56dc0d2.php (737).
[ 2016-06-16T14:42:51+08:00 ]NOTICE: Use of undefined constant Cart - assumed 'Cart'E:\wamp\www\Mall\App\Home\Controller\ContentController.php (18).
[ 2016-06-16T14:42:51+08:00 ]NOTICE: Undefined index: clidE:\wamp\www\Mall\App\Home\Controller\ContentController.php (29).
[ 2016-06-16T14:48:41+08:00 ]NOTICE: Use of undefined constant Cart - assumed 'Cart'E:\wamp\www\Mall\App\Home\Controller\ContentController.php (18).
[ 2016-06-16T14:48:41+08:00 ]NOTICE: Undefined index: clidE:\wamp\www\Mall\App\Home\Controller\ContentController.php (29).
[ 2016-06-16T14:52:47+08:00 ]NOTICE: Use of undefined constant Cart - assumed 'Cart'E:\wamp\www\Mall\App\Home\Controller\ContentController.php (18).
[ 2016-06-16T14:52:47+08:00 ]NOTICE: Undefined index: clidE:\wamp\www\Mall\App\Home\Controller\ContentController.php (29).
[ 2016-06-16T14:54:07+08:00 ]NOTICE: Use of undefined constant Cart - assumed 'Cart'E:\wamp\www\Mall\App\Home\Controller\ContentController.php (18).
[ 2016-06-16T14:54:07+08:00 ]NOTICE: Undefined index: clidE:\wamp\www\Mall\App\Home\Controller\ContentController.php (29).
[ 2016-06-16T15:10:48+08:00 ]NOTICE: Use of undefined constant Cart - assumed 'Cart'E:\wamp\www\Mall\App\Home\Controller\ContentController.php (18).
[ 2016-06-16T15:11:02+08:00 ]NOTICE: Undefined offset: 0E:\wamp\www\Mall\App\Home\Controller\ContentController.php (79).
[ 2016-06-16T15:11:02+08:00 ]NOTICE: Undefined index: listpicE:\wamp\www\Mall\App\Home\Controller\ContentController.php (81).
[ 2016-06-16T15:11:02+08:00 ]NOTICE: Undefined index: gnameE:\wamp\www\Mall\Storage\view\compile\2285f5ecd290c2ae060f2c24a56dc0d2.php (245).
[ 2016-06-16T15:11:02+08:00 ]NOTICE: Undefined index: gidE:\wamp\www\Mall\Storage\view\compile\2285f5ecd290c2ae060f2c24a56dc0d2.php (245).
[ 2016-06-16T15:11:02+08:00 ]NOTICE: Undefined index: gnameE:\wamp\www\Mall\Storage\view\compile\2285f5ecd290c2ae060f2c24a56dc0d2.php (246).
[ 2016-06-16T15:11:02+08:00 ]NOTICE: Undefined index: gnameE:\wamp\www\Mall\Storage\view\compile\2285f5ecd290c2ae060f2c24a56dc0d2.php (247).
[ 2016-06-16T15:11:02+08:00 ]NOTICE: Undefined index: mpriceE:\wamp\www\Mall\Storage\view\compile\2285f5ecd290c2ae060f2c24a56dc0d2.php (256).
[ 2016-06-16T15:11:02+08:00 ]NOTICE: Undefined index: mpriceE:\wamp\www\Mall\Storage\view\compile\2285f5ecd290c2ae060f2c24a56dc0d2.php (256).
[ 2016-06-16T15:11:02+08:00 ]NOTICE: Undefined index: mpriceE:\wamp\www\Mall\Storage\view\compile\2285f5ecd290c2ae060f2c24a56dc0d2.php (257).
[ 2016-06-16T15:11:02+08:00 ]NOTICE: Undefined index: detailE:\wamp\www\Mall\Storage\view\compile\2285f5ecd290c2ae060f2c24a56dc0d2.php (741).
[ 2016-06-16T15:31:42+08:00 ]NOTICE: Use of undefined constant Cart - assumed 'Cart'E:\wamp\www\Mall\App\Home\Controller\ContentController.php (18).
[ 2016-06-16T15:31:42+08:00 ]NOTICE: Use of undefined constant Cart - assumed 'Cart'E:\wamp\www\Mall\App\Home\Controller\ContentController.php (18).
[ 2016-06-16T15:31:43+08:00 ]NOTICE: Use of undefined constant Cart - assumed 'Cart'E:\wamp\www\Mall\App\Home\Controller\ContentController.php (18).
[ 2016-06-16T15:31:57+08:00 ]NOTICE: Use of undefined constant Cart - assumed 'Cart'E:\wamp\www\Mall\App\Home\Controller\ContentController.php (18).
[ 2016-06-16T15:34:51+08:00 ]NOTICE: Undefined offset: 0E:\wamp\www\Mall\App\Home\Controller\ContentController.php (78).
[ 2016-06-16T15:34:51+08:00 ]NOTICE: Undefined index: listpicE:\wamp\www\Mall\App\Home\Controller\ContentController.php (80).
[ 2016-06-16T15:34:51+08:00 ]NOTICE: Undefined index: gnameE:\wamp\www\Mall\Storage\view\compile\2285f5ecd290c2ae060f2c24a56dc0d2.php (244).
[ 2016-06-16T15:34:51+08:00 ]NOTICE: Undefined index: gidE:\wamp\www\Mall\Storage\view\compile\2285f5ecd290c2ae060f2c24a56dc0d2.php (244).
[ 2016-06-16T15:34:51+08:00 ]NOTICE: Undefined index: gnameE:\wamp\www\Mall\Storage\view\compile\2285f5ecd290c2ae060f2c24a56dc0d2.php (245).
[ 2016-06-16T15:34:51+08:00 ]NOTICE: Undefined index: gnameE:\wamp\www\Mall\Storage\view\compile\2285f5ecd290c2ae060f2c24a56dc0d2.php (246).
[ 2016-06-16T15:34:51+08:00 ]NOTICE: Undefined index: mpriceE:\wamp\www\Mall\Storage\view\compile\2285f5ecd290c2ae060f2c24a56dc0d2.php (255).
[ 2016-06-16T15:34:51+08:00 ]NOTICE: Undefined index: mpriceE:\wamp\www\Mall\Storage\view\compile\2285f5ecd290c2ae060f2c24a56dc0d2.php (255).
[ 2016-06-16T15:34:51+08:00 ]NOTICE: Undefined index: mpriceE:\wamp\www\Mall\Storage\view\compile\2285f5ecd290c2ae060f2c24a56dc0d2.php (256).
[ 2016-06-16T15:34:51+08:00 ]NOTICE: Undefined index: detailE:\wamp\www\Mall\Storage\view\compile\2285f5ecd290c2ae060f2c24a56dc0d2.php (740).
[ 2016-06-16T15:34:57+08:00 ]NOTICE: Undefined offset: 0E:\wamp\www\Mall\App\Home\Controller\ContentController.php (78).
[ 2016-06-16T15:34:57+08:00 ]NOTICE: Undefined index: listpicE:\wamp\www\Mall\App\Home\Controller\ContentController.php (80).
[ 2016-06-16T15:34:57+08:00 ]NOTICE: Undefined index: gnameE:\wamp\www\Mall\Storage\view\compile\2285f5ecd290c2ae060f2c24a56dc0d2.php (244).
[ 2016-06-16T15:34:57+08:00 ]NOTICE: Undefined index: gidE:\wamp\www\Mall\Storage\view\compile\2285f5ecd290c2ae060f2c24a56dc0d2.php (244).
[ 2016-06-16T15:34:57+08:00 ]NOTICE: Undefined index: gnameE:\wamp\www\Mall\Storage\view\compile\2285f5ecd290c2ae060f2c24a56dc0d2.php (245).
[ 2016-06-16T15:34:57+08:00 ]NOTICE: Undefined index: gnameE:\wamp\www\Mall\Storage\view\compile\2285f5ecd290c2ae060f2c24a56dc0d2.php (246).
[ 2016-06-16T15:34:57+08:00 ]NOTICE: Undefined index: mpriceE:\wamp\www\Mall\Storage\view\compile\2285f5ecd290c2ae060f2c24a56dc0d2.php (255).
[ 2016-06-16T15:34:57+08:00 ]NOTICE: Undefined index: mpriceE:\wamp\www\Mall\Storage\view\compile\2285f5ecd290c2ae060f2c24a56dc0d2.php (255).
[ 2016-06-16T15:34:57+08:00 ]NOTICE: Undefined index: mpriceE:\wamp\www\Mall\Storage\view\compile\2285f5ecd290c2ae060f2c24a56dc0d2.php (256).
[ 2016-06-16T15:34:57+08:00 ]NOTICE: Undefined index: detailE:\wamp\www\Mall\Storage\view\compile\2285f5ecd290c2ae060f2c24a56dc0d2.php (740).
[ 2016-06-16T16:04:09+08:00 ]NOTICE: Undefined offset: 0E:\wamp\www\Mall\App\Home\Controller\ContentController.php (79).
[ 2016-06-16T16:04:09+08:00 ]NOTICE: Undefined index: listpicE:\wamp\www\Mall\App\Home\Controller\ContentController.php (81).
[ 2016-06-16T16:04:09+08:00 ]NOTICE: Undefined index: gnameE:\wamp\www\Mall\Storage\view\compile\2285f5ecd290c2ae060f2c24a56dc0d2.php (244).
[ 2016-06-16T16:04:09+08:00 ]NOTICE: Undefined index: gidE:\wamp\www\Mall\Storage\view\compile\2285f5ecd290c2ae060f2c24a56dc0d2.php (244).
[ 2016-06-16T16:04:09+08:00 ]NOTICE: Undefined index: gnameE:\wamp\www\Mall\Storage\view\compile\2285f5ecd290c2ae060f2c24a56dc0d2.php (245).
[ 2016-06-16T16:04:09+08:00 ]NOTICE: Undefined index: gnameE:\wamp\www\Mall\Storage\view\compile\2285f5ecd290c2ae060f2c24a56dc0d2.php (246).
[ 2016-06-16T16:04:09+08:00 ]NOTICE: Undefined index: mpriceE:\wamp\www\Mall\Storage\view\compile\2285f5ecd290c2ae060f2c24a56dc0d2.php (255).
[ 2016-06-16T16:04:09+08:00 ]NOTICE: Undefined index: mpriceE:\wamp\www\Mall\Storage\view\compile\2285f5ecd290c2ae060f2c24a56dc0d2.php (255).
[ 2016-06-16T16:04:09+08:00 ]NOTICE: Undefined index: mpriceE:\wamp\www\Mall\Storage\view\compile\2285f5ecd290c2ae060f2c24a56dc0d2.php (256).
[ 2016-06-16T16:04:09+08:00 ]NOTICE: Undefined index: detailE:\wamp\www\Mall\Storage\view\compile\2285f5ecd290c2ae060f2c24a56dc0d2.php (740).
[ 2016-06-16T16:11:16+08:00 ]NOTICE: Undefined index: clidE:\wamp\www\Mall\App\Home\Controller\ContentController.php (29).
[ 2016-06-16T16:12:09+08:00 ]NOTICE: Undefined index: clidE:\wamp\www\Mall\App\Home\Controller\ContentController.php (15).
[ 2016-06-16T16:14:24+08:00 ]NOTICE: Undefined index: clidE:\wamp\www\Mall\App\Home\Controller\ContentController.php (15).
[ 2016-06-16T16:17:54+08:00 ]NOTICE: Missing argument 1 for Common\Model\Order::addData(), called in E:\wamp\www\Mall\App\Home\Controller\ContentController.php on line 20 and definedE:\wamp\www\Mall\App\Common\Model\Order.php (29).
[ 2016-06-16T16:17:54+08:00 ]NOTICE: Undefined index: cartE:\wamp\www\Mall\App\Common\Model\Order.php (37).
[ 2016-06-16T16:17:54+08:00 ]NOTICE: Invalid argument supplied for foreach()E:\wamp\www\Mall\App\Common\Model\Order.php (37).
[ 2016-06-16T16:17:54+08:00 ]NOTICE: Undefined variable: newE:\wamp\www\Mall\App\Common\Model\Order.php (54).
[ 2016-06-16T16:17:54+08:00 ]NOTICE: Argument 1 passed to Hdphp\Model\Model::add() must be an array, null given, called in E:\wamp\www\Mall\App\Common\Model\Order.php on line 54 and definedE:\wamp\www\Mall\Hdphp\Model\Model.php (488).
[ 2016-06-16T16:18:27+08:00 ]NOTICE: Missing argument 1 for Common\Model\Order::addData(), called in E:\wamp\www\Mall\App\Home\Controller\ContentController.php on line 20 and definedE:\wamp\www\Mall\App\Common\Model\Order.php (29).
[ 2016-06-16T16:18:27+08:00 ]NOTICE: Undefined index: cartE:\wamp\www\Mall\App\Common\Model\Order.php (37).
[ 2016-06-16T16:18:27+08:00 ]NOTICE: Invalid argument supplied for foreach()E:\wamp\www\Mall\App\Common\Model\Order.php (37).
[ 2016-06-16T16:18:27+08:00 ]NOTICE: Undefined variable: newE:\wamp\www\Mall\App\Common\Model\Order.php (54).
[ 2016-06-16T16:18:27+08:00 ]NOTICE: Argument 1 passed to Hdphp\Model\Model::add() must be an array, null given, called in E:\wamp\www\Mall\App\Common\Model\Order.php on line 54 and definedE:\wamp\www\Mall\Hdphp\Model\Model.php (488).
[ 2016-06-16T17:11:38+08:00 ]NOTICE: Invalid argument supplied for foreach()E:\wamp\www\Mall\Hdphp\Cart\Cart.php (147).
[ 2016-06-16T17:12:40+08:00 ]NOTICE: Undefined offset: 0E:\wamp\www\Mall\Storage\view\compile\27dfbd60d443b92731eb83c8a7886759.php (157).
[ 2016-06-16T17:12:40+08:00 ]NOTICE: Undefined variable: vE:\wamp\www\Mall\Storage\view\compile\27dfbd60d443b92731eb83c8a7886759.php (391).
[ 2016-06-16T17:12:40+08:00 ]NOTICE: Undefined variable: vE:\wamp\www\Mall\Storage\view\compile\27dfbd60d443b92731eb83c8a7886759.php (393).
[ 2016-06-16T17:12:40+08:00 ]NOTICE: Undefined offset: 0E:\wamp\www\Mall\Storage\view\compile\27dfbd60d443b92731eb83c8a7886759.php (407).
[ 2016-06-16T17:12:40+08:00 ]NOTICE: Undefined offset: 0E:\wamp\www\Mall\Storage\view\compile\27dfbd60d443b92731eb83c8a7886759.php (408).
[ 2016-06-16T17:14:48+08:00 ]EXCEPTION: DELETE FROM receiptaddress WHERE rid= ;BindParams:array (
)42000;1064;You have an error in your SQL syntax; check the manual that corresponds to your MySQL server version for the right syntax to use near '' at line 1
[ 2016-06-16T17:43:01+08:00 ]NOTICE: implode() [<a href='function.implode'>function.implode</a>]: Invalid arguments passedE:\wamp\www\Mall\App\Home\Controller\ListController.php (41).
[ 2016-06-16T17:43:01+08:00 ]EXCEPTION: SELECT  *  FROM goods_property WHERE goods_gid in() GROUP BY gpvalue ;BindParams:array (
)42000;1064;You have an error in your SQL syntax; check the manual that corresponds to your MySQL server version for the right syntax to use near ') GROUP BY gpvalue' at line 1
[ 2016-06-16T17:43:28+08:00 ]NOTICE: implode() [<a href='function.implode'>function.implode</a>]: Invalid arguments passedE:\wamp\www\Mall\App\Home\Controller\ListController.php (41).
[ 2016-06-16T17:43:28+08:00 ]EXCEPTION: SELECT  *  FROM goods_property WHERE goods_gid in() GROUP BY gpvalue ;BindParams:array (
)42000;1064;You have an error in your SQL syntax; check the manual that corresponds to your MySQL server version for the right syntax to use near ') GROUP BY gpvalue' at line 1
[ 2016-06-16T17:44:04+08:00 ]NOTICE: Undefined index: category_cidE:\wamp\www\Mall\Storage\view\compile\2285f5ecd290c2ae060f2c24a56dc0d2.php (159).
[ 2016-06-16T17:44:04+08:00 ]NOTICE: Undefined index: category_cidE:\wamp\www\Mall\Storage\view\compile\2285f5ecd290c2ae060f2c24a56dc0d2.php (159).
[ 2016-06-16T17:44:04+08:00 ]NOTICE: Undefined index: category_cidE:\wamp\www\Mall\Storage\view\compile\2285f5ecd290c2ae060f2c24a56dc0d2.php (159).
[ 2016-06-16T17:44:04+08:00 ]NOTICE: Undefined index: category_cidE:\wamp\www\Mall\Storage\view\compile\2285f5ecd290c2ae060f2c24a56dc0d2.php (159).
[ 2016-06-16T17:44:04+08:00 ]NOTICE: Undefined index: category_cidE:\wamp\www\Mall\Storage\view\compile\2285f5ecd290c2ae060f2c24a56dc0d2.php (159).
[ 2016-06-16T17:44:04+08:00 ]NOTICE: Undefined index: category_cidE:\wamp\www\Mall\Storage\view\compile\2285f5ecd290c2ae060f2c24a56dc0d2.php (159).
[ 2016-06-16T17:44:04+08:00 ]NOTICE: Undefined index: category_cidE:\wamp\www\Mall\Storage\view\compile\2285f5ecd290c2ae060f2c24a56dc0d2.php (159).
[ 2016-06-16T17:44:04+08:00 ]NOTICE: Undefined index: category_cidE:\wamp\www\Mall\Storage\view\compile\2285f5ecd290c2ae060f2c24a56dc0d2.php (159).
[ 2016-06-16T17:46:03+08:00 ]NOTICE: implode() [<a href='function.implode'>function.implode</a>]: Invalid arguments passedE:\wamp\www\Mall\App\Home\Controller\ListController.php (41).
[ 2016-06-16T17:46:03+08:00 ]EXCEPTION: SELECT  *  FROM goods_property WHERE goods_gid in() GROUP BY gpvalue ;BindParams:array (
)42000;1064;You have an error in your SQL syntax; check the manual that corresponds to your MySQL server version for the right syntax to use near ') GROUP BY gpvalue' at line 1
[ 2016-06-16T17:46:52+08:00 ]NOTICE: implode() [<a href='function.implode'>function.implode</a>]: Invalid arguments passedE:\wamp\www\Mall\App\Home\Controller\ListController.php (41).
[ 2016-06-16T17:46:52+08:00 ]EXCEPTION: SELECT  *  FROM goods_property WHERE goods_gid in() GROUP BY gpvalue ;BindParams:array (
)42000;1064;You have an error in your SQL syntax; check the manual that corresponds to your MySQL server version for the right syntax to use near ') GROUP BY gpvalue' at line 1
[ 2016-06-16T19:12:53+08:00 ]NOTICE: implode() [<a href='function.implode'>function.implode</a>]: Invalid arguments passedE:\wamp\www\Mall\App\Home\Controller\ListController.php (41).
[ 2016-06-16T19:12:54+08:00 ]EXCEPTION: SELECT  *  FROM goods_property WHERE goods_gid in() GROUP BY gpvalue ;BindParams:array (
)42000;1064;You have an error in your SQL syntax; check the manual that corresponds to your MySQL server version for the right syntax to use near ') GROUP BY gpvalue' at line 1
[ 2016-06-16T19:16:36+08:00 ]NOTICE: implode() [<a href='function.implode'>function.implode</a>]: Invalid arguments passedE:\wamp\www\Mall\App\Home\Controller\ListController.php (41).
[ 2016-06-16T19:16:36+08:00 ]EXCEPTION: SELECT  *  FROM goods_property WHERE goods_gid in() GROUP BY gpvalue ;BindParams:array (
)42000;1064;You have an error in your SQL syntax; check the manual that corresponds to your MySQL server version for the right syntax to use near ') GROUP BY gpvalue' at line 1
[ 2016-06-16T19:19:20+08:00 ]EXCEPTION: SELECT  *  FROM goods WHERE  cate_cid IN (?,?,?,?,?,?,?,?,?,?,?,?,?,?,?,?) AND  gid IN (?,?,?,?,?,?) ORDER BY  gid ASC  ;BindParams:array (
  0 => '16',
  1 => '51',
  2 => '52',
  3 => '53',
  4 => '54',
  5 => '55',
  6 => '56',
  7 => '17',
  8 => '57',
  9 => '58',
  10 => '59',
  11 => '18',
  12 => '60',
  13 => '61',
  14 => '62',
  15 => 15,
  16 => '2',
  17 => '7',
  18 => '3',
  19 => '4',
  20 => '5',
  21 => '6',
)42S22;1054;Unknown column 'cate_cid' in 'where clause'
[ 2016-06-16T19:19:26+08:00 ]EXCEPTION: SELECT  *  FROM goods WHERE  cate_cid IN (?,?,?,?,?,?,?,?,?,?,?,?) AND  gid IN (?,?,?,?,?,?,?,?,?,?,?) ORDER BY  gid ASC  ;BindParams:array (
  0 => '13',
  1 => '40',
  2 => '41',
  3 => '42',
  4 => '43',
  5 => '44',
  6 => '14',
  7 => '46',
  8 => '47',
  9 => '49',
  10 => '50',
  11 => 12,
  12 => '8',
  13 => '9',
  14 => '10',
  15 => '11',
  16 => '12',
  17 => '13',
  18 => '14',
  19 => '15',
  20 => '16',
  21 => '17',
  22 => '18',
)42S22;1054;Unknown column 'cate_cid' in 'where clause'
[ 2016-06-16T19:20:18+08:00 ]EXCEPTION: SELECT  *  FROM goods WHERE  cate_cid IN (?,?,?,?,?,?,?,?,?,?,?,?) AND  gid IN (?,?,?,?,?,?,?,?,?,?,?) ORDER BY  gid ASC  ;BindParams:array (
  0 => '13',
  1 => '40',
  2 => '41',
  3 => '42',
  4 => '43',
  5 => '44',
  6 => '14',
  7 => '46',
  8 => '47',
  9 => '49',
  10 => '50',
  11 => 12,
  12 => '8',
  13 => '9',
  14 => '10',
  15 => '11',
  16 => '12',
  17 => '13',
  18 => '14',
  19 => '15',
  20 => '16',
  21 => '17',
  22 => '18',
)42S22;1054;Unknown column 'cate_cid' in 'where clause'
[ 2016-06-16T19:20:58+08:00 ]EXCEPTION: SELECT  *  FROM goods WHERE  cate_cid IN (?,?,?,?,?,?,?,?,?,?,?,?,?,?,?,?) AND  gid IN (?,?,?,?,?,?) ORDER BY  gid ASC  ;BindParams:array (
  0 => '16',
  1 => '51',
  2 => '52',
  3 => '53',
  4 => '54',
  5 => '55',
  6 => '56',
  7 => '17',
  8 => '57',
  9 => '58',
  10 => '59',
  11 => '18',
  12 => '60',
  13 => '61',
  14 => '62',
  15 => 15,
  16 => '2',
  17 => '7',
  18 => '3',
  19 => '4',
  20 => '5',
  21 => '6',
)42S22;1054;Unknown column 'cate_cid' in 'where clause'
[ 2016-06-16T19:21:01+08:00 ]EXCEPTION: SELECT  *  FROM goods WHERE  cate_cid IN (?,?,?,?,?,?,?,?,?,?,?,?) AND  gid IN (?,?,?,?,?,?,?,?,?,?,?) ORDER BY  gid ASC  ;BindParams:array (
  0 => '13',
  1 => '40',
  2 => '41',
  3 => '42',
  4 => '43',
  5 => '44',
  6 => '14',
  7 => '46',
  8 => '47',
  9 => '49',
  10 => '50',
  11 => 12,
  12 => '8',
  13 => '9',
  14 => '10',
  15 => '11',
  16 => '12',
  17 => '13',
  18 => '14',
  19 => '15',
  20 => '16',
  21 => '17',
  22 => '18',
)42S22;1054;Unknown column 'cate_cid' in 'where clause'
[ 2016-06-16T19:21:04+08:00 ]NOTICE: array_fill() [<a href='function.array-fill'>function.array-fill</a>]: Number of elements must be positiveE:\wamp\www\Mall\App\Home\Controller\ListController.php (67).
[ 2016-06-16T19:21:04+08:00 ]NOTICE: Invalid argument supplied for foreach()E:\wamp\www\Mall\App\Home\Controller\ListController.php (101).
[ 2016-06-16T19:21:04+08:00 ]EXCEPTION: SELECT  *  FROM goods WHERE  cate_cid IN (?,?,?,?,?,?,?,?,?) AND  gid IN (?) ORDER BY  gid ASC  ;BindParams:array (
  0 => '23',
  1 => '71',
  2 => '72',
  3 => '73',
  4 => '24',
  5 => '74',
  6 => '75',
  7 => '76',
  8 => 22,
  9 => 0,
)42S22;1054;Unknown column 'cate_cid' in 'where clause'
[ 2016-06-16T19:21:11+08:00 ]NOTICE: array_fill() [<a href='function.array-fill'>function.array-fill</a>]: Number of elements must be positiveE:\wamp\www\Mall\App\Home\Controller\ListController.php (67).
[ 2016-06-16T19:21:11+08:00 ]NOTICE: Invalid argument supplied for foreach()E:\wamp\www\Mall\App\Home\Controller\ListController.php (101).
[ 2016-06-16T19:21:11+08:00 ]EXCEPTION: SELECT  *  FROM goods WHERE  cate_cid IN (?,?,?,?,?,?,?,?,?,?,?,?,?) AND  gid IN (?) ORDER BY  gid ASC  ;BindParams:array (
  0 => '26',
  1 => '77',
  2 => '78',
  3 => '79',
  4 => '80',
  5 => '27',
  6 => '81',
  7 => '82',
  8 => '83',
  9 => '28',
  10 => '84',
  11 => '85',
  12 => 25,
  13 => 0,
)42S22;1054;Unknown column 'cate_cid' in 'where clause'
[ 2016-06-16T19:22:49+08:00 ]EXCEPTION: SELECT  *  FROM goods WHERE  cate_cid IN (?,?,?,?,?,?,?,?,?,?,?,?) AND  gid IN (?,?,?,?,?,?,?,?,?,?,?) ORDER BY  gid ASC  ;BindParams:array (
  0 => '13',
  1 => '40',
  2 => '41',
  3 => '42',
  4 => '43',
  5 => '44',
  6 => '14',
  7 => '46',
  8 => '47',
  9 => '49',
  10 => '50',
  11 => 12,
  12 => '8',
  13 => '9',
  14 => '10',
  15 => '11',
  16 => '12',
  17 => '13',
  18 => '14',
  19 => '15',
  20 => '16',
  21 => '17',
  22 => '18',
)42S22;1054;Unknown column 'cate_cid' in 'where clause'
[ 2016-06-16T19:22:53+08:00 ]NOTICE: array_fill() [<a href='function.array-fill'>function.array-fill</a>]: Number of elements must be positiveE:\wamp\www\Mall\App\Home\Controller\ListController.php (64).
[ 2016-06-16T19:22:53+08:00 ]NOTICE: Invalid argument supplied for foreach()E:\wamp\www\Mall\App\Home\Controller\ListController.php (98).
[ 2016-06-16T19:22:53+08:00 ]EXCEPTION: SELECT  *  FROM goods WHERE  cate_cid IN (?,?,?,?,?,?,?,?,?,?,?) AND  gid IN (?) ORDER BY  gid ASC  ;BindParams:array (
  0 => '20',
  1 => '63',
  2 => '64',
  3 => '65',
  4 => '66',
  5 => '21',
  6 => '67',
  7 => '68',
  8 => '69',
  9 => '70',
  10 => 19,
  11 => 0,
)42S22;1054;Unknown column 'cate_cid' in 'where clause'
[ 2016-06-16T19:23:03+08:00 ]EXCEPTION: SELECT  *  FROM goods WHERE  cate_cid IN (?,?,?,?,?,?,?,?,?,?,?,?,?,?,?,?) AND  gid IN (?,?,?,?,?,?) ORDER BY  gid ASC  ;BindParams:array (
  0 => '16',
  1 => '51',
  2 => '52',
  3 => '53',
  4 => '54',
  5 => '55',
  6 => '56',
  7 => '17',
  8 => '57',
  9 => '58',
  10 => '59',
  11 => '18',
  12 => '60',
  13 => '61',
  14 => '62',
  15 => 15,
  16 => '2',
  17 => '7',
  18 => '3',
  19 => '4',
  20 => '5',
  21 => '6',
)42S22;1054;Unknown column 'cate_cid' in 'where clause'
[ 2016-06-16T19:24:15+08:00 ]NOTICE: array_fill() [<a href='function.array-fill'>function.array-fill</a>]: Number of elements must be positiveE:\wamp\www\Mall\App\Home\Controller\ListController.php (64).
[ 2016-06-16T19:24:15+08:00 ]NOTICE: Invalid argument supplied for foreach()E:\wamp\www\Mall\App\Home\Controller\ListController.php (98).
[ 2016-06-16T19:24:15+08:00 ]EXCEPTION: SELECT  *  FROM goods WHERE  cate_cid IN (?,?,?,?,?,?,?,?,?,?,?) AND  gid IN (?) ORDER BY  gid ASC  ;BindParams:array (
  0 => '20',
  1 => '63',
  2 => '64',
  3 => '65',
  4 => '66',
  5 => '21',
  6 => '67',
  7 => '68',
  8 => '69',
  9 => '70',
  10 => 19,
  11 => 0,
)42S22;1054;Unknown column 'cate_cid' in 'where clause'
[ 2016-06-16T19:26:42+08:00 ]NOTICE: array_fill() [<a href='function.array-fill'>function.array-fill</a>]: Number of elements must be positiveE:\wamp\www\Mall\App\Home\Controller\ListController.php (64).
[ 2016-06-16T19:26:42+08:00 ]NOTICE: Invalid argument supplied for foreach()E:\wamp\www\Mall\App\Home\Controller\ListController.php (98).
[ 2016-06-16T19:26:53+08:00 ]NOTICE: array_fill() [<a href='function.array-fill'>function.array-fill</a>]: Number of elements must be positiveE:\wamp\www\Mall\App\Home\Controller\ListController.php (64).
[ 2016-06-16T19:26:53+08:00 ]NOTICE: Invalid argument supplied for foreach()E:\wamp\www\Mall\App\Home\Controller\ListController.php (98).
[ 2016-06-16T19:38:40+08:00 ]NOTICE: array_fill() [<a href='function.array-fill'>function.array-fill</a>]: Number of elements must be positiveE:\wamp\www\Mall\App\Home\Controller\ListController.php (64).
[ 2016-06-16T19:38:40+08:00 ]NOTICE: Invalid argument supplied for foreach()E:\wamp\www\Mall\App\Home\Controller\ListController.php (93).
[ 2016-06-16T19:42:08+08:00 ]NOTICE: array_fill() [<a href='function.array-fill'>function.array-fill</a>]: Number of elements must be positiveE:\wamp\www\Mall\App\Home\Controller\ListController.php (64).
[ 2016-06-16T19:42:08+08:00 ]NOTICE: Invalid argument supplied for foreach()E:\wamp\www\Mall\App\Home\Controller\ListController.php (93).
[ 2016-06-16T19:44:48+08:00 ]NOTICE: array_fill() [<a href='function.array-fill'>function.array-fill</a>]: Number of elements must be positiveE:\wamp\www\Mall\App\Home\Controller\ListController.php (64).
[ 2016-06-16T19:44:48+08:00 ]NOTICE: Invalid argument supplied for foreach()E:\wamp\www\Mall\App\Home\Controller\ListController.php (94).
[ 2016-06-16T19:49:23+08:00 ]NOTICE: array_fill() [<a href='function.array-fill'>function.array-fill</a>]: Number of elements must be positiveE:\wamp\www\Mall\App\Home\Controller\ListController.php (64).
[ 2016-06-16T19:49:23+08:00 ]NOTICE: Invalid argument supplied for foreach()E:\wamp\www\Mall\App\Home\Controller\ListController.php (93).
[ 2016-06-16T19:58:04+08:00 ]NOTICE: array_fill() [<a href='function.array-fill'>function.array-fill</a>]: Number of elements must be positiveE:\wamp\www\Mall\App\Home\Controller\ListController.php (65).
[ 2016-06-16T19:58:04+08:00 ]NOTICE: Invalid argument supplied for foreach()E:\wamp\www\Mall\App\Home\Controller\ListController.php (95).
[ 2016-06-16T19:58:11+08:00 ]NOTICE: array_fill() [<a href='function.array-fill'>function.array-fill</a>]: Number of elements must be positiveE:\wamp\www\Mall\App\Home\Controller\ListController.php (65).
[ 2016-06-16T19:58:11+08:00 ]NOTICE: Invalid argument supplied for foreach()E:\wamp\www\Mall\App\Home\Controller\ListController.php (95).
[ 2016-06-16T19:58:16+08:00 ]NOTICE: array_fill() [<a href='function.array-fill'>function.array-fill</a>]: Number of elements must be positiveE:\wamp\www\Mall\App\Home\Controller\ListController.php (65).
[ 2016-06-16T19:58:16+08:00 ]NOTICE: Invalid argument supplied for foreach()E:\wamp\www\Mall\App\Home\Controller\ListController.php (95).
[ 2016-06-16T19:59:13+08:00 ]NOTICE: array_fill() [<a href='function.array-fill'>function.array-fill</a>]: Number of elements must be positiveE:\wamp\www\Mall\App\Home\Controller\ListController.php (66).
[ 2016-06-16T19:59:13+08:00 ]NOTICE: Invalid argument supplied for foreach()E:\wamp\www\Mall\App\Home\Controller\ListController.php (96).
[ 2016-06-16T20:35:08+08:00 ]NOTICE: Invalid argument supplied for foreach()E:\wamp\www\Mall\Hdphp\Cart\Cart.php (147).
[ 2016-06-16T22:34:59+08:00 ]NOTICE: Undefined index: clidE:\wamp\www\Mall\App\Home\Controller\OrderController.php (164).
[ 2016-06-16T22:34:59+08:00 ]EXCEPTION: SELECT  *  FROM orderlist WHERE client_clid= ;BindParams:array (
)42000;1064;You have an error in your SQL syntax; check the manual that corresponds to your MySQL server version for the right syntax to use near '' at line 1
[ 2016-06-16T22:35:08+08:00 ]NOTICE: Undefined index: clidE:\wamp\www\Mall\App\Home\Controller\OrderController.php (164).
[ 2016-06-16T22:35:08+08:00 ]EXCEPTION: SELECT  *  FROM orderlist WHERE client_clid= ;BindParams:array (
)42000;1064;You have an error in your SQL syntax; check the manual that corresponds to your MySQL server version for the right syntax to use near '' at line 1
[ 2016-06-16T23:02:48+08:00 ]NOTICE: array_fill() [<a href='function.array-fill'>function.array-fill</a>]: Number of elements must be positiveE:\wamp\www\Mall\App\Home\Controller\ListController.php (66).
[ 2016-06-16T23:02:48+08:00 ]NOTICE: Invalid argument supplied for foreach()E:\wamp\www\Mall\App\Home\Controller\ListController.php (96).
[ 2016-06-16T23:06:00+08:00 ]NOTICE: Invalid argument supplied for foreach()E:\wamp\www\Mall\Hdphp\Cart\Cart.php (147).
[ 2016-06-16T23:17:39+08:00 ]NOTICE: Undefined variable: dataE:\wamp\www\Mall\Storage\view\compile\b0cef37a0386a1faffd967a594ec1e7e.php (157).
[ 2016-06-16T23:17:39+08:00 ]NOTICE: Invalid argument supplied for foreach()E:\wamp\www\Mall\Storage\view\compile\b0cef37a0386a1faffd967a594ec1e7e.php (157).
[ 2016-06-16T23:26:45+08:00 ]NOTICE: Undefined variable: dataE:\wamp\www\Mall\Storage\view\compile\b0cef37a0386a1faffd967a594ec1e7e.php (157).
[ 2016-06-16T23:26:45+08:00 ]NOTICE: Invalid argument supplied for foreach()E:\wamp\www\Mall\Storage\view\compile\b0cef37a0386a1faffd967a594ec1e7e.php (157).
[ 2016-06-16T23:33:44+08:00 ]NOTICE: Undefined variable: dataE:\wamp\www\Mall\Storage\view\compile\b0cef37a0386a1faffd967a594ec1e7e.php (157).
[ 2016-06-16T23:33:44+08:00 ]NOTICE: Invalid argument supplied for foreach()E:\wamp\www\Mall\Storage\view\compile\b0cef37a0386a1faffd967a594ec1e7e.php (157).
[ 2016-06-16T23:46:21+08:00 ]NOTICE: Undefined variable: dataE:\wamp\www\Mall\Storage\view\compile\b0cef37a0386a1faffd967a594ec1e7e.php (157).
[ 2016-06-16T23:46:21+08:00 ]NOTICE: Invalid argument supplied for foreach()E:\wamp\www\Mall\Storage\view\compile\b0cef37a0386a1faffd967a594ec1e7e.php (157).
[ 2016-06-16T23:59:00+08:00 ]NOTICE: Undefined variable: dataE:\wamp\www\Mall\Storage\view\compile\b0cef37a0386a1faffd967a594ec1e7e.php (157).
[ 2016-06-16T23:59:00+08:00 ]NOTICE: Invalid argument supplied for foreach()E:\wamp\www\Mall\Storage\view\compile\b0cef37a0386a1faffd967a594ec1e7e.php (157).
