[ 2016-06-17T00:05:38+08:00 ]NOTICE: Undefined variable: dataE:\wamp\www\Mall\Storage\view\compile\b0cef37a0386a1faffd967a594ec1e7e.php (157).
[ 2016-06-17T00:05:38+08:00 ]NOTICE: Invalid argument supplied for foreach()E:\wamp\www\Mall\Storage\view\compile\b0cef37a0386a1faffd967a594ec1e7e.php (157).
[ 2016-06-17T00:14:05+08:00 ]NOTICE: Undefined variable: dataE:\wamp\www\Mall\Storage\view\compile\b0cef37a0386a1faffd967a594ec1e7e.php (157).
[ 2016-06-17T00:14:05+08:00 ]NOTICE: Invalid argument supplied for foreach()E:\wamp\www\Mall\Storage\view\compile\b0cef37a0386a1faffd967a594ec1e7e.php (157).
[ 2016-06-17T00:26:37+08:00 ]NOTICE: Undefined variable: dataE:\wamp\www\Mall\Storage\view\compile\b0cef37a0386a1faffd967a594ec1e7e.php (157).
[ 2016-06-17T00:26:37+08:00 ]NOTICE: Invalid argument supplied for foreach()E:\wamp\www\Mall\Storage\view\compile\b0cef37a0386a1faffd967a594ec1e7e.php (157).
[ 2016-06-17T00:41:15+08:00 ]NOTICE: Undefined variable: dataE:\wamp\www\Mall\Storage\view\compile\b0cef37a0386a1faffd967a594ec1e7e.php (157).
[ 2016-06-17T00:41:15+08:00 ]NOTICE: Invalid argument supplied for foreach()E:\wamp\www\Mall\Storage\view\compile\b0cef37a0386a1faffd967a594ec1e7e.php (157).
[ 2016-06-17T00:43:32+08:00 ]NOTICE: Undefined variable: dataE:\wamp\www\Mall\Storage\view\compile\b0cef37a0386a1faffd967a594ec1e7e.php (157).
[ 2016-06-17T00:43:32+08:00 ]NOTICE: Invalid argument supplied for foreach()E:\wamp\www\Mall\Storage\view\compile\b0cef37a0386a1faffd967a594ec1e7e.php (157).
[ 2016-06-17T00:52:38+08:00 ]NOTICE: Undefined variable: dataE:\wamp\www\Mall\Storage\view\compile\b0cef37a0386a1faffd967a594ec1e7e.php (157).
[ 2016-06-17T00:52:38+08:00 ]NOTICE: Invalid argument supplied for foreach()E:\wamp\www\Mall\Storage\view\compile\b0cef37a0386a1faffd967a594ec1e7e.php (157).
[ 2016-06-17T07:29:58+08:00 ]NOTICE: Undefined variable: dataE:\wamp\www\Mall\Storage\view\compile\b0cef37a0386a1faffd967a594ec1e7e.php (157).
[ 2016-06-17T07:29:58+08:00 ]NOTICE: Invalid argument supplied for foreach()E:\wamp\www\Mall\Storage\view\compile\b0cef37a0386a1faffd967a594ec1e7e.php (157).
[ 2016-06-17T07:42:03+08:00 ]NOTICE: Undefined variable: dataE:\wamp\www\Mall\Storage\view\compile\b0cef37a0386a1faffd967a594ec1e7e.php (157).
[ 2016-06-17T07:42:03+08:00 ]NOTICE: Invalid argument supplied for foreach()E:\wamp\www\Mall\Storage\view\compile\b0cef37a0386a1faffd967a594ec1e7e.php (157).
[ 2016-06-17T07:52:00+08:00 ]NOTICE: Undefined variable: dataE:\wamp\www\Mall\Storage\view\compile\b0cef37a0386a1faffd967a594ec1e7e.php (157).
[ 2016-06-17T07:52:00+08:00 ]NOTICE: Invalid argument supplied for foreach()E:\wamp\www\Mall\Storage\view\compile\b0cef37a0386a1faffd967a594ec1e7e.php (157).
[ 2016-06-17T07:54:47+08:00 ]NOTICE: Undefined variable: dataE:\wamp\www\Mall\Storage\view\compile\b0cef37a0386a1faffd967a594ec1e7e.php (157).
[ 2016-06-17T07:54:47+08:00 ]NOTICE: Invalid argument supplied for foreach()E:\wamp\www\Mall\Storage\view\compile\b0cef37a0386a1faffd967a594ec1e7e.php (157).
[ 2016-06-17T08:02:49+08:00 ]NOTICE: Undefined variable: dataE:\wamp\www\Mall\Storage\view\compile\b0cef37a0386a1faffd967a594ec1e7e.php (157).
[ 2016-06-17T08:02:49+08:00 ]NOTICE: Invalid argument supplied for foreach()E:\wamp\www\Mall\Storage\view\compile\b0cef37a0386a1faffd967a594ec1e7e.php (157).
[ 2016-06-17T08:36:06+08:00 ]NOTICE: Undefined variable: dataE:\wamp\www\Mall\Storage\view\compile\b0cef37a0386a1faffd967a594ec1e7e.php (157).
[ 2016-06-17T08:36:06+08:00 ]NOTICE: Invalid argument supplied for foreach()E:\wamp\www\Mall\Storage\view\compile\b0cef37a0386a1faffd967a594ec1e7e.php (157).
[ 2016-06-17T08:39:33+08:00 ]NOTICE: Undefined variable: dataE:\wamp\www\Mall\Storage\view\compile\b0cef37a0386a1faffd967a594ec1e7e.php (157).
[ 2016-06-17T08:39:33+08:00 ]NOTICE: Invalid argument supplied for foreach()E:\wamp\www\Mall\Storage\view\compile\b0cef37a0386a1faffd967a594ec1e7e.php (157).
[ 2016-06-17T08:53:36+08:00 ]NOTICE: Undefined variable: dataE:\wamp\www\Mall\Storage\view\compile\b0cef37a0386a1faffd967a594ec1e7e.php (157).
[ 2016-06-17T08:53:36+08:00 ]NOTICE: Invalid argument supplied for foreach()E:\wamp\www\Mall\Storage\view\compile\b0cef37a0386a1faffd967a594ec1e7e.php (157).
[ 2016-06-17T09:09:44+08:00 ]NOTICE: array_fill() [<a href='function.array-fill'>function.array-fill</a>]: Number of elements must be positiveE:\wamp\www\Mall\App\Home\Controller\ListController.php (64).
[ 2016-06-17T09:09:44+08:00 ]NOTICE: Invalid argument supplied for foreach()E:\wamp\www\Mall\App\Home\Controller\ListController.php (94).
[ 2016-06-17T09:27:02+08:00 ]NOTICE: Undefined variable: dataE:\wamp\www\Mall\Storage\view\compile\b0cef37a0386a1faffd967a594ec1e7e.php (157).
[ 2016-06-17T09:27:02+08:00 ]NOTICE: Invalid argument supplied for foreach()E:\wamp\www\Mall\Storage\view\compile\b0cef37a0386a1faffd967a594ec1e7e.php (157).
[ 2016-06-17T09:40:36+08:00 ]NOTICE: Undefined variable: dataE:\wamp\www\Mall\Storage\view\compile\b0cef37a0386a1faffd967a594ec1e7e.php (157).
[ 2016-06-17T09:40:36+08:00 ]NOTICE: Invalid argument supplied for foreach()E:\wamp\www\Mall\Storage\view\compile\b0cef37a0386a1faffd967a594ec1e7e.php (157).
[ 2016-06-17T10:01:07+08:00 ]NOTICE: Undefined variable: dataE:\wamp\www\Mall\Storage\view\compile\b0cef37a0386a1faffd967a594ec1e7e.php (157).
[ 2016-06-17T10:01:07+08:00 ]NOTICE: Invalid argument supplied for foreach()E:\wamp\www\Mall\Storage\view\compile\b0cef37a0386a1faffd967a594ec1e7e.php (157).
[ 2016-06-17T10:18:50+08:00 ]NOTICE: Undefined variable: dataE:\wamp\www\Mall\Storage\view\compile\b0cef37a0386a1faffd967a594ec1e7e.php (157).
[ 2016-06-17T10:18:50+08:00 ]NOTICE: Invalid argument supplied for foreach()E:\wamp\www\Mall\Storage\view\compile\b0cef37a0386a1faffd967a594ec1e7e.php (157).
[ 2016-06-17T10:39:28+08:00 ]NOTICE: Undefined variable: dataE:\wamp\www\Mall\Storage\view\compile\b0cef37a0386a1faffd967a594ec1e7e.php (157).
[ 2016-06-17T10:39:28+08:00 ]NOTICE: Invalid argument supplied for foreach()E:\wamp\www\Mall\Storage\view\compile\b0cef37a0386a1faffd967a594ec1e7e.php (157).
[ 2016-06-17T10:51:17+08:00 ]NOTICE: Undefined variable: dataE:\wamp\www\Mall\Storage\view\compile\b0cef37a0386a1faffd967a594ec1e7e.php (157).
[ 2016-06-17T10:51:17+08:00 ]NOTICE: Invalid argument supplied for foreach()E:\wamp\www\Mall\Storage\view\compile\b0cef37a0386a1faffd967a594ec1e7e.php (157).
[ 2016-06-17T11:01:08+08:00 ]NOTICE: array_fill() [<a href='function.array-fill'>function.array-fill</a>]: Number of elements must be positiveE:\wamp\www\Mall\App\Home\Controller\ListController.php (64).
[ 2016-06-17T11:01:08+08:00 ]NOTICE: Invalid argument supplied for foreach()E:\wamp\www\Mall\App\Home\Controller\ListController.php (94).
[ 2016-06-17T11:12:24+08:00 ]NOTICE: Undefined variable: dataE:\wamp\www\Mall\Storage\view\compile\b0cef37a0386a1faffd967a594ec1e7e.php (157).
[ 2016-06-17T11:12:24+08:00 ]NOTICE: Invalid argument supplied for foreach()E:\wamp\www\Mall\Storage\view\compile\b0cef37a0386a1faffd967a594ec1e7e.php (157).
[ 2016-06-17T11:21:47+08:00 ]NOTICE: Undefined variable: dataE:\wamp\www\Mall\Storage\view\compile\b0cef37a0386a1faffd967a594ec1e7e.php (157).
[ 2016-06-17T11:21:47+08:00 ]NOTICE: Invalid argument supplied for foreach()E:\wamp\www\Mall\Storage\view\compile\b0cef37a0386a1faffd967a594ec1e7e.php (157).
[ 2016-06-17T11:34:21+08:00 ]NOTICE: array_fill() [<a href='function.array-fill'>function.array-fill</a>]: Number of elements must be positiveE:\wamp\www\Mall\App\Home\Controller\ListController.php (64).
[ 2016-06-17T11:34:21+08:00 ]NOTICE: Invalid argument supplied for foreach()E:\wamp\www\Mall\App\Home\Controller\ListController.php (94).
[ 2016-06-17T11:34:26+08:00 ]NOTICE: array_fill() [<a href='function.array-fill'>function.array-fill</a>]: Number of elements must be positiveE:\wamp\www\Mall\App\Home\Controller\ListController.php (64).
[ 2016-06-17T11:34:26+08:00 ]NOTICE: Invalid argument supplied for foreach()E:\wamp\www\Mall\App\Home\Controller\ListController.php (94).
[ 2016-06-17T11:34:36+08:00 ]NOTICE: array_fill() [<a href='function.array-fill'>function.array-fill</a>]: Number of elements must be positiveE:\wamp\www\Mall\App\Home\Controller\ListController.php (64).
[ 2016-06-17T11:34:36+08:00 ]NOTICE: Invalid argument supplied for foreach()E:\wamp\www\Mall\App\Home\Controller\ListController.php (94).
[ 2016-06-17T11:37:44+08:00 ]NOTICE: array_fill() [<a href='function.array-fill'>function.array-fill</a>]: Number of elements must be positiveE:\wamp\www\Mall\App\Home\Controller\ListController.php (64).
[ 2016-06-17T11:37:44+08:00 ]NOTICE: Invalid argument supplied for foreach()E:\wamp\www\Mall\App\Home\Controller\ListController.php (94).
[ 2016-06-17T11:41:09+08:00 ]NOTICE: Undefined variable: dataE:\wamp\www\Mall\Storage\view\compile\b0cef37a0386a1faffd967a594ec1e7e.php (157).
[ 2016-06-17T11:41:09+08:00 ]NOTICE: Invalid argument supplied for foreach()E:\wamp\www\Mall\Storage\view\compile\b0cef37a0386a1faffd967a594ec1e7e.php (157).
[ 2016-06-17T11:51:46+08:00 ]NOTICE: Undefined variable: dataE:\wamp\www\Mall\Storage\view\compile\b0cef37a0386a1faffd967a594ec1e7e.php (157).
[ 2016-06-17T11:51:46+08:00 ]NOTICE: Invalid argument supplied for foreach()E:\wamp\www\Mall\Storage\view\compile\b0cef37a0386a1faffd967a594ec1e7e.php (157).
[ 2016-06-17T12:04:04+08:00 ]NOTICE: array_fill() [<a href='function.array-fill'>function.array-fill</a>]: Number of elements must be positiveE:\wamp\www\Mall\App\Home\Controller\ListController.php (64).
[ 2016-06-17T12:04:04+08:00 ]NOTICE: Invalid argument supplied for foreach()E:\wamp\www\Mall\App\Home\Controller\ListController.php (94).
[ 2016-06-17T12:25:44+08:00 ]EXCEPTION: SELECT  *  FROM orderlist INNER JOIN orders as o ON order_orid = orid WHERE client_clid=4 ;BindParams:array (
)23000;1052;Column 'client_clid' in where clause is ambiguous
[ 2016-06-17T12:29:27+08:00 ]EXCEPTION: SELECT  *  FROM orderlist as or INNER JOIN orders as o ON or.order_orid = o.orid WHERE or.client_clid=4 ;BindParams:array (
)42000;1064;You have an error in your SQL syntax; check the manual that corresponds to your MySQL server version for the right syntax to use near 'or INNER JOIN orders as o ON or.order_orid = o.orid WHERE or.client_clid=4' at line 1
[ 2016-06-17T12:30:55+08:00 ]EXCEPTION: SELECT  *  FROM orderlist or INNER JOIN orders o ON or.order_orid = o.orid WHERE or.client_clid=4 ;BindParams:array (
)42000;1064;You have an error in your SQL syntax; check the manual that corresponds to your MySQL server version for the right syntax to use near 'or INNER JOIN orders o ON or.order_orid = o.orid WHERE or.client_clid=4' at line 1
[ 2016-06-17T13:28:53+08:00 ]EXCEPTION: SELECT  *  FROM orderlist or INNER JOIN orders o ON or.order_orid = o.orid WHERE or.client_clid=4 ;BindParams:array (
)42000;1064;You have an error in your SQL syntax; check the manual that corresponds to your MySQL server version for the right syntax to use near 'or INNER JOIN orders o ON or.order_orid = o.orid WHERE or.client_clid=4' at line 1
[ 2016-06-17T13:30:19+08:00 ]EXCEPTION: SELECT  *  FROM orderlist INNER JOIN orders ON order_orid = orid WHERE client_clid=4 ;BindParams:array (
)23000;1052;Column 'client_clid' in where clause is ambiguous
[ 2016-06-17T13:30:47+08:00 ]EXCEPTION: SELECT  *  FROM orderlist as or INNER JOIN orders ON order_orid = orid WHERE or.client_clid=4 ;BindParams:array (
)42000;1064;You have an error in your SQL syntax; check the manual that corresponds to your MySQL server version for the right syntax to use near 'or INNER JOIN orders ON order_orid = orid WHERE or.client_clid=4' at line 1
[ 2016-06-17T13:31:15+08:00 ]EXCEPTION: SELECT  *  FROM orderlist as or INNER JOIN orders ON order_orid = orid ;BindParams:array (
)42000;1064;You have an error in your SQL syntax; check the manual that corresponds to your MySQL server version for the right syntax to use near 'or INNER JOIN orders ON order_orid = orid' at line 1
[ 2016-06-17T13:32:01+08:00 ]EXCEPTION: SELECT  *  FROM orderlist INNER JOIN orders ON order_orid = orid WHERE client_clid=4 ;BindParams:array (
)23000;1052;Column 'client_clid' in where clause is ambiguous
[ 2016-06-17T13:34:25+08:00 ]EXCEPTION: SELECT  *  FROM orderlist INNER JOIN orders ON order_orid = orid WHERE client_clid=4 ;BindParams:array (
)23000;1052;Column 'client_clid' in where clause is ambiguous
[ 2016-06-17T13:34:27+08:00 ]EXCEPTION: SELECT  *  FROM orderlist INNER JOIN orders ON order_orid = orid WHERE client_clid=4 ;BindParams:array (
)23000;1052;Column 'client_clid' in where clause is ambiguous
[ 2016-06-17T13:34:34+08:00 ]EXCEPTION: SELECT  *  FROM orderlist INNER JOIN orders ON order_orid = orid WHERE client_clid=4 ;BindParams:array (
)23000;1052;Column 'client_clid' in where clause is ambiguous
[ 2016-06-17T13:37:45+08:00 ]NOTICE: array_fill() [<a href='function.array-fill'>function.array-fill</a>]: Number of elements must be positiveE:\wamp\www\Mall\App\Home\Controller\ListController.php (64).
[ 2016-06-17T13:37:45+08:00 ]NOTICE: Invalid argument supplied for foreach()E:\wamp\www\Mall\App\Home\Controller\ListController.php (94).
[ 2016-06-17T13:38:56+08:00 ]NOTICE: array_fill() [<a href='function.array-fill'>function.array-fill</a>]: Number of elements must be positiveE:\wamp\www\Mall\App\Home\Controller\ListController.php (64).
[ 2016-06-17T13:38:56+08:00 ]NOTICE: Invalid argument supplied for foreach()E:\wamp\www\Mall\App\Home\Controller\ListController.php (94).
[ 2016-06-17T13:40:46+08:00 ]NOTICE: array_fill() expects parameter 2 to be long, array givenE:\wamp\www\Mall\App\Home\Controller\ListController.php (67).
[ 2016-06-17T13:40:46+08:00 ]NOTICE: Invalid argument supplied for foreach()E:\wamp\www\Mall\App\Home\Controller\ListController.php (97).
[ 2016-06-17T13:42:59+08:00 ]NOTICE: Undefined variable: finalGidsE:\wamp\www\Mall\App\Home\Controller\ListController.php (75).
[ 2016-06-17T13:44:50+08:00 ]NOTICE: Undefined variable: finalGidsE:\wamp\www\Mall\App\Home\Controller\ListController.php (85).
[ 2016-06-17T13:44:50+08:00 ]NOTICE: Invalid argument supplied for foreach()E:\wamp\www\Mall\Hdphp\Db\Mysql.php (690).
[ 2016-06-17T13:44:50+08:00 ]EXCEPTION: SELECT  *  FROM goods WHERE  category_cid IN (?,?,?,?,?,?,?,?,?,?,?) AND  gid IN () ORDER BY  gid ASC  ;BindParams:array (
  0 => '30',
  1 => '86',
  2 => '87',
  3 => '88',
  4 => '31',
  5 => '89',
  6 => '90',
  7 => '32',
  8 => '91',
  9 => '92',
  10 => 29,
)42000;1064;You have an error in your SQL syntax; check the manual that corresponds to your MySQL server version for the right syntax to use near ') ORDER BY  gid ASC' at line 1
[ 2016-06-17T13:46:31+08:00 ]NOTICE: Undefined variable: goodsDataE:\wamp\www\Mall\Storage\view\compile\9c5abaaa6f02cf73c9209d43230d6294.php (1010).
[ 2016-06-17T13:46:31+08:00 ]NOTICE: Invalid argument supplied for foreach()E:\wamp\www\Mall\Storage\view\compile\9c5abaaa6f02cf73c9209d43230d6294.php (1010).
[ 2016-06-17T13:47:24+08:00 ]NOTICE: Undefined variable: goodsDataE:\wamp\www\Mall\App\Home\Controller\ListController.php (86).
[ 2016-06-17T13:47:24+08:00 ]NOTICE: Invalid argument supplied for foreach()E:\wamp\www\Mall\Storage\view\compile\9c5abaaa6f02cf73c9209d43230d6294.php (1010).
[ 2016-06-17T19:27:00+08:00 ]NOTICE: Undefined variable: dataE:\wamp\www\Mall\Storage\view\compile\b0cef37a0386a1faffd967a594ec1e7e.php (157).
[ 2016-06-17T19:27:00+08:00 ]NOTICE: Invalid argument supplied for foreach()E:\wamp\www\Mall\Storage\view\compile\b0cef37a0386a1faffd967a594ec1e7e.php (157).
[ 2016-06-17T19:33:33+08:00 ]NOTICE: Undefined variable: dataE:\wamp\www\Mall\Storage\view\compile\b0cef37a0386a1faffd967a594ec1e7e.php (157).
[ 2016-06-17T19:33:33+08:00 ]NOTICE: Invalid argument supplied for foreach()E:\wamp\www\Mall\Storage\view\compile\b0cef37a0386a1faffd967a594ec1e7e.php (157).
[ 2016-06-17T19:36:40+08:00 ]NOTICE: Undefined variable: dataE:\wamp\www\Mall\Storage\view\compile\b0cef37a0386a1faffd967a594ec1e7e.php (157).
[ 2016-06-17T19:36:40+08:00 ]NOTICE: Invalid argument supplied for foreach()E:\wamp\www\Mall\Storage\view\compile\b0cef37a0386a1faffd967a594ec1e7e.php (157).
[ 2016-06-17T19:51:25+08:00 ]NOTICE: Undefined variable: dataE:\wamp\www\Mall\Storage\view\compile\b0cef37a0386a1faffd967a594ec1e7e.php (157).
[ 2016-06-17T19:51:25+08:00 ]NOTICE: Invalid argument supplied for foreach()E:\wamp\www\Mall\Storage\view\compile\b0cef37a0386a1faffd967a594ec1e7e.php (157).
[ 2016-06-17T19:58:16+08:00 ]NOTICE: Undefined variable: dataE:\wamp\www\Mall\Storage\view\compile\b0cef37a0386a1faffd967a594ec1e7e.php (157).
[ 2016-06-17T19:58:17+08:00 ]NOTICE: Invalid argument supplied for foreach()E:\wamp\www\Mall\Storage\view\compile\b0cef37a0386a1faffd967a594ec1e7e.php (157).
[ 2016-06-17T20:02:17+08:00 ]NOTICE: Undefined variable: dataE:\wamp\www\Mall\Storage\view\compile\b0cef37a0386a1faffd967a594ec1e7e.php (157).
[ 2016-06-17T20:02:17+08:00 ]NOTICE: Invalid argument supplied for foreach()E:\wamp\www\Mall\Storage\view\compile\b0cef37a0386a1faffd967a594ec1e7e.php (157).
[ 2016-06-17T20:04:52+08:00 ]NOTICE: Undefined variable: dataE:\wamp\www\Mall\Storage\view\compile\b0cef37a0386a1faffd967a594ec1e7e.php (157).
[ 2016-06-17T20:04:52+08:00 ]NOTICE: Invalid argument supplied for foreach()E:\wamp\www\Mall\Storage\view\compile\b0cef37a0386a1faffd967a594ec1e7e.php (157).
[ 2016-06-17T20:10:11+08:00 ]NOTICE: Undefined variable: dataE:\wamp\www\Mall\Storage\view\compile\b0cef37a0386a1faffd967a594ec1e7e.php (157).
[ 2016-06-17T20:10:13+08:00 ]NOTICE: Invalid argument supplied for foreach()E:\wamp\www\Mall\Storage\view\compile\b0cef37a0386a1faffd967a594ec1e7e.php (157).
[ 2016-06-17T22:08:10+08:00 ]NOTICE: Undefined variable: dataE:\wamp\www\Mall\Storage\view\compile\b0cef37a0386a1faffd967a594ec1e7e.php (157).
[ 2016-06-17T22:08:10+08:00 ]NOTICE: Invalid argument supplied for foreach()E:\wamp\www\Mall\Storage\view\compile\b0cef37a0386a1faffd967a594ec1e7e.php (157).
[ 2016-06-17T22:12:22+08:00 ]NOTICE: Undefined variable: dataE:\wamp\www\Mall\Storage\view\compile\b0cef37a0386a1faffd967a594ec1e7e.php (157).
[ 2016-06-17T22:12:22+08:00 ]NOTICE: Invalid argument supplied for foreach()E:\wamp\www\Mall\Storage\view\compile\b0cef37a0386a1faffd967a594ec1e7e.php (157).
[ 2016-06-17T22:26:36+08:00 ]NOTICE: Undefined variable: dataE:\wamp\www\Mall\Storage\view\compile\b0cef37a0386a1faffd967a594ec1e7e.php (157).
[ 2016-06-17T22:26:36+08:00 ]NOTICE: Invalid argument supplied for foreach()E:\wamp\www\Mall\Storage\view\compile\b0cef37a0386a1faffd967a594ec1e7e.php (157).
[ 2016-06-17T22:31:43+08:00 ]NOTICE: Undefined variable: dataE:\wamp\www\Mall\Storage\view\compile\b0cef37a0386a1faffd967a594ec1e7e.php (157).
[ 2016-06-17T22:31:43+08:00 ]NOTICE: Invalid argument supplied for foreach()E:\wamp\www\Mall\Storage\view\compile\b0cef37a0386a1faffd967a594ec1e7e.php (157).
[ 2016-06-17T22:35:54+08:00 ]NOTICE: Undefined variable: dataE:\wamp\www\Mall\Storage\view\compile\b0cef37a0386a1faffd967a594ec1e7e.php (157).
[ 2016-06-17T22:35:54+08:00 ]NOTICE: Invalid argument supplied for foreach()E:\wamp\www\Mall\Storage\view\compile\b0cef37a0386a1faffd967a594ec1e7e.php (157).
[ 2016-06-17T22:48:37+08:00 ]NOTICE: Undefined variable: dataE:\wamp\www\Mall\Storage\view\compile\b0cef37a0386a1faffd967a594ec1e7e.php (157).
[ 2016-06-17T22:48:37+08:00 ]NOTICE: Invalid argument supplied for foreach()E:\wamp\www\Mall\Storage\view\compile\b0cef37a0386a1faffd967a594ec1e7e.php (157).
[ 2016-06-17T23:03:48+08:00 ]NOTICE: Undefined variable: dataE:\wamp\www\Mall\Storage\view\compile\b0cef37a0386a1faffd967a594ec1e7e.php (157).
[ 2016-06-17T23:03:48+08:00 ]NOTICE: Invalid argument supplied for foreach()E:\wamp\www\Mall\Storage\view\compile\b0cef37a0386a1faffd967a594ec1e7e.php (157).
[ 2016-06-17T23:06:18+08:00 ]NOTICE: Undefined variable: dataE:\wamp\www\Mall\Storage\view\compile\b0cef37a0386a1faffd967a594ec1e7e.php (157).
[ 2016-06-17T23:06:18+08:00 ]NOTICE: Invalid argument supplied for foreach()E:\wamp\www\Mall\Storage\view\compile\b0cef37a0386a1faffd967a594ec1e7e.php (157).
[ 2016-06-17T23:14:32+08:00 ]NOTICE: Undefined variable: dataE:\wamp\www\Mall\Storage\view\compile\b0cef37a0386a1faffd967a594ec1e7e.php (157).
[ 2016-06-17T23:14:32+08:00 ]NOTICE: Invalid argument supplied for foreach()E:\wamp\www\Mall\Storage\view\compile\b0cef37a0386a1faffd967a594ec1e7e.php (157).
