[ 2016-06-27T08:12:34+08:00 ]EXCEPTION: DELETE FROM receiptaddress WHERE rid= ;BindParams:array (
)42000;1064;You have an error in your SQL syntax; check the manual that corresponds to your MySQL server version for the right syntax to use near '' at line 1
[ 2016-06-27T08:26:31+08:00 ]EXCEPTION: INSERT INTO receiptaddress (`consignee`,`province`,`city`,`area`,`FullAddress`,`rfixphone`,`rphone`,`rid`)VALUES(?,?,?,?,?,?,?,?) ;BindParams:array (
  0 => '444444444',
  1 => '河北',
  2 => '石家庄',
  3 => '新华区',
  4 => '555555555555544444',
  5 => '555555',
  6 => '55555555555',
  7 => '206',
)23000;1062;Duplicate entry '206' for key 'PRIMARY'
[ 2016-06-27T08:27:25+08:00 ]EXCEPTION: INSERT INTO receiptaddress (`consignee`,`province`,`city`,`area`,`FullAddress`,`rfixphone`,`rphone`,`rid`)VALUES(?,?,?,?,?,?,?,?) ;BindParams:array (
  0 => '1111444444',
  1 => '河北',
  2 => '石家庄',
  3 => '新华区',
  4 => '111111',
  5 => '111111',
  6 => '1111111111',
  7 => '207',
)23000;1062;Duplicate entry '207' for key 'PRIMARY'
[ 2016-06-27T09:12:37+08:00 ]EXCEPTION: INSERT INTO receiptaddress (`rid`,`consignee`,`order_orid`,`province`,`city`,`area`,`FullAddress`,`rphone`,`rfixphone`,`client_clid`)VALUES(?,?,?,?,?,?,?,?,?,?) ;BindParams:array (
  0 => '210',
  1 => '阿斯蒂芬',
  2 => '56',
  3 => '海南',
  4 => '石家庄',
  5 => '新华区',
  6 => '龙华文化广场',
  7 => '15830112603',
  8 => '87724753',
  9 => '2',
)23000;1062;Duplicate entry '210' for key 'PRIMARY'
[ 2016-06-27T09:13:01+08:00 ]EXCEPTION: INSERT INTO receiptaddress (`rid`,`consignee`,`order_orid`,`province`,`city`,`area`,`FullAddress`,`rphone`,`rfixphone`,`client_clid`)VALUES(?,?,?,?,?,?,?,?,?,?) ;BindParams:array (
  0 => '210',
  1 => '',
  2 => '56',
  3 => '河北',
  4 => '石家庄',
  5 => '新华区',
  6 => '',
  7 => '',
  8 => '',
  9 => '2',
)23000;1062;Duplicate entry '210' for key 'PRIMARY'
[ 2016-06-27T09:18:34+08:00 ]EXCEPTION: INSERT INTO receiptaddress (`rid`,`consignee`,`order_orid`,`province`,`city`,`area`,`FullAddress`,`rphone`,`rfixphone`,`client_clid`)VALUES(?,?,?,?,?,?,?,?,?,?) ;BindParams:array (
  0 => '210',
  1 => '景甜',
  2 => '56',
  3 => '河北',
  4 => '石家庄',
  5 => '新华区',
  6 => '裕华区恒大华府7-1-1803',
  7 => '15830112603',
  8 => '86959876',
  9 => '2',
)23000;1062;Duplicate entry '210' for key 'PRIMARY'
[ 2016-06-27T09:18:42+08:00 ]EXCEPTION: INSERT INTO receiptaddress (`rid`,`consignee`,`order_orid`,`province`,`city`,`area`,`FullAddress`,`rphone`,`rfixphone`,`client_clid`)VALUES(?,?,?,?,?,?,?,?,?,?) ;BindParams:array (
  0 => '210',
  1 => '',
  2 => '56',
  3 => '河北',
  4 => '石家庄',
  5 => '新华区',
  6 => '',
  7 => '',
  8 => '',
  9 => '2',
)23000;1062;Duplicate entry '210' for key 'PRIMARY'
