[ 2016-06-29T00:04:49+08:00 ]EXCEPTION: DELETE FROM receiptaddress WHERE rid= ;BindParams:array (
)42000;1064;You have an error in your SQL syntax; check the manual that corresponds to your MySQL server version for the right syntax to use near '' at line 1
[ 2016-06-29T00:04:59+08:00 ]EXCEPTION: DELETE FROM receiptaddress WHERE rid= ;BindParams:array (
)42000;1064;You have an error in your SQL syntax; check the manual that corresponds to your MySQL server version for the right syntax to use near '' at line 1
[ 2016-06-29T00:38:58+08:00 ]EXCEPTION: DELETE FROM receiptaddress WHERE rid= ;BindParams:array (
)42000;1064;You have an error in your SQL syntax; check the manual that corresponds to your MySQL server version for the right syntax to use near '' at line 1
[ 2016-06-29T00:39:08+08:00 ]EXCEPTION: DELETE FROM receiptaddress WHERE rid= ;BindParams:array (
)42000;1064;You have an error in your SQL syntax; check the manual that corresponds to your MySQL server version for the right syntax to use near '' at line 1
[ 2016-06-29T00:40:26+08:00 ]EXCEPTION: DELETE FROM receiptaddress WHERE rid= ;BindParams:array (
)42000;1064;You have an error in your SQL syntax; check the manual that corresponds to your MySQL server version for the right syntax to use near '' at line 1
[ 2016-06-29T00:40:29+08:00 ]EXCEPTION: DELETE FROM receiptaddress WHERE rid= ;BindParams:array (
)42000;1064;You have an error in your SQL syntax; check the manual that corresponds to your MySQL server version for the right syntax to use near '' at line 1
[ 2016-06-29T00:46:23+08:00 ]EXCEPTION: INSERT INTO receiptaddress (`rid`,`consignee`,`order_orid`,`province`,`city`,`area`,`FullAddress`,`rphone`,`rfixphone`,`client_clid`)VALUES(?,?,?,?,?,?,?,?,?,?) ;BindParams:array (
  0 => '210',
  1 => '111',
  2 => '56',
  3 => '河北',
  4 => '石家庄',
  5 => '新华区',
  6 => '11',
  7 => '1',
  8 => '',
  9 => '2',
)23000;1062;Duplicate entry '210' for key 'PRIMARY'
[ 2016-06-29T00:46:38+08:00 ]EXCEPTION: INSERT INTO receiptaddress (`rid`,`consignee`,`order_orid`,`province`,`city`,`area`,`FullAddress`,`rphone`,`rfixphone`,`client_clid`)VALUES(?,?,?,?,?,?,?,?,?,?) ;BindParams:array (
  0 => '210',
  1 => 'dsad',
  2 => '56',
  3 => '河北',
  4 => '石家庄',
  5 => '新华区',
  6 => '',
  7 => '',
  8 => '',
  9 => '2',
)23000;1062;Duplicate entry '210' for key 'PRIMARY'
[ 2016-06-29T00:50:26+08:00 ]EXCEPTION: DELETE FROM receiptaddress WHERE rid= ;BindParams:array (
)42000;1064;You have an error in your SQL syntax; check the manual that corresponds to your MySQL server version for the right syntax to use near '' at line 1
[ 2016-06-29T00:57:49+08:00 ]EXCEPTION: INSERT INTO receiptaddress (`rid`,`consignee`,`order_orid`,`province`,`city`,`area`,`FullAddress`,`rphone`,`rfixphone`,`client_clid`)VALUES(?,?,?,?,?,?,?,?,?,?) ;BindParams:array (
  0 => '210',
  1 => 'qq',
  2 => '56',
  3 => '北京市',
  4 => '石家庄',
  5 => '新华区',
  6 => '1',
  7 => '1',
  8 => '1',
  9 => '2',
)23000;1062;Duplicate entry '210' for key 'PRIMARY'
[ 2016-06-29T00:58:06+08:00 ]EXCEPTION: INSERT INTO receiptaddress (`rid`,`consignee`,`order_orid`,`province`,`city`,`area`,`FullAddress`,`rphone`,`rfixphone`,`client_clid`)VALUES(?,?,?,?,?,?,?,?,?,?) ;BindParams:array (
  0 => '210',
  1 => 'qq',
  2 => '56',
  3 => '河北',
  4 => '石家庄',
  5 => '新华区',
  6 => 'qq',
  7 => '111',
  8 => '',
  9 => '2',
)23000;1062;Duplicate entry '210' for key 'PRIMARY'
[ 2016-06-29T00:58:21+08:00 ]EXCEPTION: INSERT INTO receiptaddress (`rid`,`consignee`,`order_orid`,`province`,`city`,`area`,`FullAddress`,`rphone`,`rfixphone`,`client_clid`)VALUES(?,?,?,?,?,?,?,?,?,?) ;BindParams:array (
  0 => '210',
  1 => '21323',
  2 => '56',
  3 => '安徽',
  4 => '石家庄',
  5 => '新华区',
  6 => '131',
  7 => '12313',
  8 => '',
  9 => '2',
)23000;1062;Duplicate entry '210' for key 'PRIMARY'
[ 2016-06-29T00:59:40+08:00 ]EXCEPTION: INSERT INTO receiptaddress (`rid`,`consignee`,`order_orid`,`province`,`city`,`area`,`FullAddress`,`rphone`,`rfixphone`,`client_clid`)VALUES(?,?,?,?,?,?,?,?,?,?) ;BindParams:array (
  0 => '224',
  1 => '2',
  2 => '56',
  3 => '河北',
  4 => '石家庄',
  5 => '新华区',
  6 => '',
  7 => '',
  8 => '',
  9 => '2',
)23000;1062;Duplicate entry '224' for key 'PRIMARY'
